-------------------- SESSION - 2018-08-16 18:42 -------------------------
C0 - background: 0.7936566144314868
C2 - bicycle: 0.001520362609329446
C18 - sofa: 0.00010705174927113703
C8 - cat: 1.024963556851312e-05
C12 - dog: 0.0008154154518950437
C10 - cow: 0.00046692784256559765
C1 - aeroplane: 0.000283573250728863
C5 - bottle: 0.0004464285714285714
C17 - sheep: 0.0003017948250728863
C3 - bird: 0.0007174744897959184
C7 - car: 0.004488201530612245
C9 - chair: 0.015978043002915453
C13 - horse: 0.00013096756559766764
C15 - person: 0.18107689504373178
Red: 0.7362700437317784 - 10
Yellow: 0.0027241253644314867 - 5
Green: 0.05494032434402332 - 2
Cyan: 0.1712087736880467 - 8
Blue: 9.110787172011662e-05 - 1
Magenta: 0.034765624999999994 - 7
