-------------------- SESSION - 2018-09-19 01:17 -------------------------
Checking time.txt file if empty...
time.txt not empty...
Reading time.txt file...
Fetched Elapsed Time Iteration list...
Fetched Time Passed list...
Checking scores.txt file if empty...
Initializing scores.txt file...
Done initializing scores.txt
Reading scores.txt file...
Fetched Best Test Scores list...
Fetched Best Cross-Validation Scores list...
Fetched Out-of-bag Scores list...
---------- Start Time - 2018-09-19 01:19:43.642222 ----------
Total number of models: 18000
Current number of models: 0
Remaining number of models: 18000
Saving model...
Test set score: 0.30
Best parameters: {'criterion': 'gini', 'max_depth': 2, 'max_features': 0.9, 'min_samples_leaf': 1, 'n_estimators': 200, 'n_jobs': -1, 'oob_score': True, 'random_state': 42}
Best cross-validation score: 0.42
Out-of-Bag Prediction Score: 0.39
Checking time.txt file if empty...
time.txt not empty...
Reading time.txt file...
Fetched Elapsed Time Iteration list...
Fetched Time Passed list...
Checking scores.txt file if empty...
scores.txt not empty...
Reading scores.txt file...
Fetched Best Test Scores list...
Fetched Best Cross-Validation Scores list...
Fetched Out-of-bag Scores list...
---------- Start Time - 2018-09-19 01:26:28.746271 ----------
Total number of models: 18000
Current number of models: 0
Remaining number of models: 18000
Loading model...
Saving model...
Test set score: 0.30
Best parameters: {'criterion': 'gini', 'max_depth': 2, 'max_features': 0.9, 'min_samples_leaf': 1, 'n_estimators': 200, 'n_jobs': -1, 'oob_score': True, 'random_state': 42}
Best cross-validation score: 0.42
Out-of-Bag Prediction Score: 0.39
Saving scores...
Saving scores...
Saving scores...
Saved scores...
['joy', 'AMBIGUOUS', 'AMBIGUOUS', 'AMBIGUOUS', 'AMBIGUOUS', 'AMBIGUOUS', 'AMBIGUOUS', 'AMBIGUOUS', 'joy', 'AMBIGUOUS', 'AMBIGUOUS', 'joy', 'AMBIGUOUS', 'AMBIGUOUS', 'joy', 'AMBIGUOUS', 'joy', 'AMBIGUOUS', 'AMBIGUOUS', 'AMBIGUOUS', 'AMBIGUOUS', 'AMBIGUOUS', 'AMBIGUOUS', 'joy', 'AMBIGUOUS', 'AMBIGUOUS', 'AMBIGUOUS', 'AMBIGUOUS', 'AMBIGUOUS', 'AMBIGUOUS', 'AMBIGUOUS', 'joy', 'AMBIGUOUS', 'AMBIGUOUS']
Saving time data...
Saving time data...
Saved time data...
Accuracy 1 elapsed time: 0:05:51.969893
Time passed: 0:05:51.972664

Current number of models: 180
Remaining number of models: 17820
Loading model...
Saving model...
Test set score: 0.43
Best parameters: {'criterion': 'gini', 'max_depth': 2, 'max_features': 'auto', 'min_samples_leaf': 1, 'n_estimators': 100, 'n_jobs': -1, 'oob_score': True, 'random_state': 42}
Best cross-validation score: 0.44
Out-of-Bag Prediction Score: 0.45
Saving scores...
Saving scores...
Saving scores...
Saved scores...
['AMBIGUOUS', 'AMBIGUOUS', 'AMBIGUOUS', 'AMBIGUOUS', 'AMBIGUOUS', 'joy', 'AMBIGUOUS', 'AMBIGUOUS', 'AMBIGUOUS', 'AMBIGUOUS', 'AMBIGUOUS', 'AMBIGUOUS', 'AMBIGUOUS', 'AMBIGUOUS', 'AMBIGUOUS', 'AMBIGUOUS', 'AMBIGUOUS', 'AMBIGUOUS', 'joy', 'AMBIGUOUS', 'AMBIGUOUS', 'AMBIGUOUS', 'AMBIGUOUS', 'AMBIGUOUS', 'AMBIGUOUS', 'AMBIGUOUS', 'AMBIGUOUS', 'AMBIGUOUS', 'AMBIGUOUS', 'AMBIGUOUS', 'AMBIGUOUS', 'joy']
Saving time data...
Saving time data...
Saved time data...
Accuracy 2 elapsed time: 0:06:01.266661
Time passed: 0:11:53.283794

Current number of models: 360
Remaining number of models: 17640
Loading model...
Saving model...
Test set score: 0.43
Best parameters: {'criterion': 'gini', 'max_depth': 2, 'max_features': 'auto', 'min_samples_leaf': 1, 'n_estimators': 200, 'n_jobs': -1, 'oob_score': True, 'random_state': 42}
Best cross-validation score: 0.53
Out-of-Bag Prediction Score: 0.52
Saving scores...
Saving scores...
Saving scores...
Saved scores...
['AMBIGUOUS', 'AMBIGUOUS', 'AMBIGUOUS', 'AMBIGUOUS', 'AMBIGUOUS', 'AMBIGUOUS', 'AMBIGUOUS', 'AMBIGUOUS', 'AMBIGUOUS', 'AMBIGUOUS', 'AMBIGUOUS', 'AMBIGUOUS', 'AMBIGUOUS', 'AMBIGUOUS', 'AMBIGUOUS', 'AMBIGUOUS', 'AMBIGUOUS', 'AMBIGUOUS', 'AMBIGUOUS', 'AMBIGUOUS', 'AMBIGUOUS', 'AMBIGUOUS', 'AMBIGUOUS', 'AMBIGUOUS', 'AMBIGUOUS', 'AMBIGUOUS', 'AMBIGUOUS', 'AMBIGUOUS', 'AMBIGUOUS', 'AMBIGUOUS', 'AMBIGUOUS']
Saving time data...
Saving time data...
Saved time data...
Accuracy 3 elapsed time: 0:06:07.858135
Time passed: 0:18:01.189921

Current number of models: 540
Remaining number of models: 17460
Loading model...
Saving model...
Test set score: 0.50
Best parameters: {'criterion': 'gini', 'max_depth': 2, 'max_features': 0.9, 'min_samples_leaf': 1, 'n_estimators': 200, 'n_jobs': -1, 'oob_score': True, 'random_state': 42}
Best cross-validation score: 0.57
Out-of-Bag Prediction Score: 0.55
Saving scores...
Saving scores...
Saving scores...
Saved scores...
['AMBIGUOUS', 'AMBIGUOUS', 'AMBIGUOUS', 'AMBIGUOUS', 'AMBIGUOUS', 'AMBIGUOUS', 'AMBIGUOUS', 'AMBIGUOUS', 'AMBIGUOUS', 'AMBIGUOUS', 'AMBIGUOUS', 'AMBIGUOUS', 'AMBIGUOUS', 'AMBIGUOUS', 'joy', 'AMBIGUOUS', 'AMBIGUOUS', 'AMBIGUOUS', 'joy', 'joy', 'joy', 'AMBIGUOUS', 'joy', 'joy', 'joy', 'joy', 'AMBIGUOUS', 'AMBIGUOUS', 'joy']
Saving time data...
Saving time data...
Saved time data...
Accuracy 4 elapsed time: 0:06:06.113913
Time passed: 0:24:07.351792

Current number of models: 720
Remaining number of models: 17280
Checking time.txt file if empty...
time.txt not empty...
Reading time.txt file...
Fetched Elapsed Time Iteration  list...
Fetched Time Passed  list...
Checking scores.txt file if empty...
scores.txt not empty...
Reading scores.txt file...
Fetched Best Test Scores  list...
Fetched Best Cross-Validation Scores  list...
Fetched Out-of-bag Scores  list...
---------- Start Time - 2018-09-19 01:58:27.258767 ----------
Total number of models: 17280
Current number of models: 720
Remaining number of models: 16560
