
-------------------- SESSION - 2018-09-30 04:31 -------------------------
Checking time.txt file if empty...
Initializing time.txt file...
Done initializing time.txt
Reading time.txt file...
Fetched Elapsed Time Iteration list...
Fetched Time Passed list...
Checking scores.txt file if empty...
Initializing scores.txt file...
Done initializing scores.txt
Reading scores.txt file...
Fetched Best Test Scores list...
Fetched Best Cross-Validation Scores list...
Fetched Out-of-bag Scores list...
---------- Start Time - 2018-09-30 04:31:15.063295 ----------
Number of iterations: 124
Total number of models: 22320
Checking iteration_counter.txt file if empty...
iteration_counter.txt not empty...
Current number of models: 0
Remaining number of models: 22320
Doing grid search...
Saving gs model...
Using best hyperparameters...
Saving model...
Test set score: 0.16
Best parameters: {'criterion': 'gini', 'max_depth': 2, 'max_features': 'auto', 'min_samples_leaf': 1, 'n_estimators': 200, 'n_jobs': -1, 'oob_score': True, 'random_state': 42}
Best cross-validation score: 0.42
Out-of-Bag Prediction Score: 0.40
Saving scores...
Saving scores...
Saving scores...
Saved scores...
Saving time data...
Saving time data...
Saved time data...
Accuracy 1 elapsed time: 0:36:34.016260
Time passed: 0:36:34.026116

Current number of models: 180
Remaining number of models: 22140
Loading ssl gs model...
Saving gs model...
Loading model...
Saving model...
Test set score: 0.38
Best parameters: {'criterion': 'gini', 'max_depth': 2, 'max_features': 'auto', 'min_samples_leaf': 1, 'n_estimators': 200, 'n_jobs': -1, 'oob_score': True, 'random_state': 42}
Best cross-validation score: 0.42
Out-of-Bag Prediction Score: 0.40
Saving scores...
Saving scores...
Saving scores...
Saved scores...
Saving time data...
Saving time data...
Saved time data...
Accuracy 2 elapsed time: 0:00:01.764025
Time passed: 0:36:35.911633

Current number of models: 360
Remaining number of models: 21960
Loading ssl gs model...
Saving gs model...
Loading model...
Saving model...
Test set score: 0.43
Best parameters: {'criterion': 'gini', 'max_depth': 2, 'max_features': 'auto', 'min_samples_leaf': 1, 'n_estimators': 200, 'n_jobs': -1, 'oob_score': True, 'random_state': 42}
Best cross-validation score: 0.42
Out-of-Bag Prediction Score: 0.40
Saving scores...
Saving scores...
Saving scores...
Saved scores...
Saving time data...
Saving time data...
Saved time data...
Accuracy 3 elapsed time: 0:00:01.748439
Time passed: 0:36:37.766570

Current number of models: 540
Remaining number of models: 21780
Loading ssl gs model...
Saving gs model...
Loading model...
Saving model...
Test set score: 0.49
Best parameters: {'criterion': 'gini', 'max_depth': 2, 'max_features': 'auto', 'min_samples_leaf': 1, 'n_estimators': 200, 'n_jobs': -1, 'oob_score': True, 'random_state': 42}
Best cross-validation score: 0.42
Out-of-Bag Prediction Score: 0.40
Saving scores...
Saving scores...
Saving scores...
Saved scores...
Saving time data...
Saving time data...
Saved time data...
Accuracy 4 elapsed time: 0:00:01.813288
Time passed: 0:36:39.707603

Current number of models: 720
Remaining number of models: 21600
Loading ssl gs model...
Saving gs model...
Loading model...
Saving model...
Test set score: 0.56
Best parameters: {'criterion': 'gini', 'max_depth': 2, 'max_features': 'auto', 'min_samples_leaf': 1, 'n_estimators': 200, 'n_jobs': -1, 'oob_score': True, 'random_state': 42}
Best cross-validation score: 0.42
Out-of-Bag Prediction Score: 0.40
Saving scores...
Saving scores...
Saving scores...
Saved scores...
Saving time data...
Saving time data...
Saved time data...
Accuracy 5 elapsed time: 0:00:01.965579
Time passed: 0:36:41.786611

Current number of models: 900
Remaining number of models: 21420
Loading ssl gs model...
Saving gs model...
Loading model...
Saving model...
Test set score: 0.63
Best parameters: {'criterion': 'gini', 'max_depth': 2, 'max_features': 'auto', 'min_samples_leaf': 1, 'n_estimators': 200, 'n_jobs': -1, 'oob_score': True, 'random_state': 42}
Best cross-validation score: 0.42
Out-of-Bag Prediction Score: 0.40
Saving scores...
Saving scores...
Saving scores...
Saved scores...
Saving time data...
Saving time data...
Saved time data...
Accuracy 6 elapsed time: 0:00:01.635467
Time passed: 0:36:43.527040

Current number of models: 1080
Remaining number of models: 21240
Loading ssl gs model...
Saving gs model...
Loading model...
Saving model...
Test set score: 0.63
Best parameters: {'criterion': 'gini', 'max_depth': 2, 'max_features': 'auto', 'min_samples_leaf': 1, 'n_estimators': 200, 'n_jobs': -1, 'oob_score': True, 'random_state': 42}
Best cross-validation score: 0.42
Out-of-Bag Prediction Score: 0.40
Saving scores...
Saving scores...
Saving scores...
Saved scores...
Saving time data...
Saving time data...
Saved time data...
Accuracy 7 elapsed time: 0:00:01.520242
Time passed: 0:36:45.151008

Current number of models: 1260
Remaining number of models: 21060
Loading ssl gs model...
Saving gs model...
Loading model...
Saving model...
Test set score: 0.66
Best parameters: {'criterion': 'gini', 'max_depth': 2, 'max_features': 'auto', 'min_samples_leaf': 1, 'n_estimators': 200, 'n_jobs': -1, 'oob_score': True, 'random_state': 42}
Best cross-validation score: 0.42
Out-of-Bag Prediction Score: 0.40
Saving scores...
Saving scores...
Saving scores...
Saved scores...
Saving time data...
Saving time data...
Saved time data...
Accuracy 8 elapsed time: 0:00:01.712073
Time passed: 0:36:46.967149

Current number of models: 1440
Remaining number of models: 20880
Loading ssl gs model...
Saving gs model...
Loading model...
Saving model...
Test set score: 0.67
Best parameters: {'criterion': 'gini', 'max_depth': 2, 'max_features': 'auto', 'min_samples_leaf': 1, 'n_estimators': 200, 'n_jobs': -1, 'oob_score': True, 'random_state': 42}
Best cross-validation score: 0.42
Out-of-Bag Prediction Score: 0.40
Saving scores...
Saving scores...
Saving scores...
Saved scores...
Saving time data...
Saving time data...
Saved time data...
Accuracy 9 elapsed time: 0:00:01.621259
Time passed: 0:36:48.691767

Current number of models: 1620
Remaining number of models: 20700
Loading ssl gs model...
Saving gs model...
Loading model...
Saving model...
Test set score: 0.68
Best parameters: {'criterion': 'gini', 'max_depth': 2, 'max_features': 'auto', 'min_samples_leaf': 1, 'n_estimators': 200, 'n_jobs': -1, 'oob_score': True, 'random_state': 42}
Best cross-validation score: 0.42
Out-of-Bag Prediction Score: 0.40
Saving scores...
Saving scores...
Saving scores...
Saved scores...
Saving time data...
Saving time data...
Saved time data...
Accuracy 10 elapsed time: 0:00:01.474868
Time passed: 0:36:50.275278

Current number of models: 1800
Remaining number of models: 20520
Loading ssl gs model...
Saving gs model...
Loading model...
Saving model...
Test set score: 0.70
Best parameters: {'criterion': 'gini', 'max_depth': 2, 'max_features': 'auto', 'min_samples_leaf': 1, 'n_estimators': 200, 'n_jobs': -1, 'oob_score': True, 'random_state': 42}
Best cross-validation score: 0.42
Out-of-Bag Prediction Score: 0.40
Saving scores...
Saving scores...
Saving scores...
Saved scores...
Saving time data...
Saving time data...
Saved time data...
Accuracy 11 elapsed time: 0:00:01.398025
Time passed: 0:36:51.775665

Current number of models: 1980
Remaining number of models: 20340
Loading ssl gs model...
Saving gs model...
Loading model...
Saving model...
Test set score: 0.70
Best parameters: {'criterion': 'gini', 'max_depth': 2, 'max_features': 'auto', 'min_samples_leaf': 1, 'n_estimators': 200, 'n_jobs': -1, 'oob_score': True, 'random_state': 42}
Best cross-validation score: 0.42
Out-of-Bag Prediction Score: 0.40
Saving scores...
Saving scores...
Saving scores...
Saved scores...
Saving time data...
Saving time data...
Saved time data...
Accuracy 12 elapsed time: 0:00:01.545450
Time passed: 0:36:53.429254

Current number of models: 2160
Remaining number of models: 20160
Loading ssl gs model...
Saving gs model...
Loading model...
Saving model...
Test set score: 0.71
Best parameters: {'criterion': 'gini', 'max_depth': 2, 'max_features': 'auto', 'min_samples_leaf': 1, 'n_estimators': 200, 'n_jobs': -1, 'oob_score': True, 'random_state': 42}
Best cross-validation score: 0.42
Out-of-Bag Prediction Score: 0.40
Saving scores...
Saving scores...
Saving scores...
Saved scores...
Saving time data...
Saving time data...
Saved time data...
Accuracy 13 elapsed time: 0:00:01.499007
Time passed: 0:36:55.034033

Current number of models: 2340
Remaining number of models: 19980
Loading ssl gs model...
Saving gs model...
Loading model...
Saving model...
Test set score: 0.71
Best parameters: {'criterion': 'gini', 'max_depth': 2, 'max_features': 'auto', 'min_samples_leaf': 1, 'n_estimators': 200, 'n_jobs': -1, 'oob_score': True, 'random_state': 42}
Best cross-validation score: 0.42
Out-of-Bag Prediction Score: 0.40
Saving scores...
Saving scores...
Saving scores...
Saved scores...
Saving time data...
Saving time data...
Saved time data...
Accuracy 14 elapsed time: 0:00:01.802187
Time passed: 0:36:56.939843

Current number of models: 2520
Remaining number of models: 19800
Loading ssl gs model...
Saving gs model...
Loading model...
Saving model...
Test set score: 0.73
Best parameters: {'criterion': 'gini', 'max_depth': 2, 'max_features': 'auto', 'min_samples_leaf': 1, 'n_estimators': 200, 'n_jobs': -1, 'oob_score': True, 'random_state': 42}
Best cross-validation score: 0.42
Out-of-Bag Prediction Score: 0.40
Saving scores...
Saving scores...
Saving scores...
Saved scores...
Saving time data...
Saving time data...
Saved time data...
Accuracy 15 elapsed time: 0:00:01.724493
Time passed: 0:36:58.861619

Current number of models: 2700
Remaining number of models: 19620
Loading ssl gs model...
Saving gs model...
Loading model...
Saving model...
Test set score: 0.72
Best parameters: {'criterion': 'gini', 'max_depth': 2, 'max_features': 'auto', 'min_samples_leaf': 1, 'n_estimators': 200, 'n_jobs': -1, 'oob_score': True, 'random_state': 42}
Best cross-validation score: 0.42
Out-of-Bag Prediction Score: 0.40
Saving scores...
Saving scores...
Saving scores...
Saved scores...
Saving time data...
Saving time data...
Saved time data...
Accuracy 16 elapsed time: 0:00:01.295563
Time passed: 0:37:00.277785

Current number of models: 2880
Remaining number of models: 19440
Loading ssl gs model...
Saving gs model...
Loading model...
Saving model...
Test set score: 0.73
Best parameters: {'criterion': 'gini', 'max_depth': 2, 'max_features': 'auto', 'min_samples_leaf': 1, 'n_estimators': 200, 'n_jobs': -1, 'oob_score': True, 'random_state': 42}
Best cross-validation score: 0.42
Out-of-Bag Prediction Score: 0.40
Saving scores...
Saving scores...
Saving scores...
Saved scores...
Saving time data...
Saving time data...
Saved time data...
Accuracy 17 elapsed time: 0:00:01.556547
Time passed: 0:37:01.939058

Current number of models: 3060
Remaining number of models: 19260
Loading ssl gs model...
Saving gs model...
Loading model...
Saving model...
Test set score: 0.73
Best parameters: {'criterion': 'gini', 'max_depth': 2, 'max_features': 'auto', 'min_samples_leaf': 1, 'n_estimators': 200, 'n_jobs': -1, 'oob_score': True, 'random_state': 42}
Best cross-validation score: 0.42
Out-of-Bag Prediction Score: 0.40
Saving scores...
Saving scores...
Saving scores...
Saved scores...
Saving time data...
Saving time data...
Saved time data...
Accuracy 18 elapsed time: 0:00:01.425220
Time passed: 0:37:03.478321

Current number of models: 3240
Remaining number of models: 19080
Loading ssl gs model...
Saving gs model...
Loading model...
Saving model...
Test set score: 0.74
Best parameters: {'criterion': 'gini', 'max_depth': 2, 'max_features': 'auto', 'min_samples_leaf': 1, 'n_estimators': 200, 'n_jobs': -1, 'oob_score': True, 'random_state': 42}
Best cross-validation score: 0.42
Out-of-Bag Prediction Score: 0.40
Saving scores...
Saving scores...
Saving scores...
Saved scores...
Saving time data...
Saving time data...
Saved time data...
Accuracy 19 elapsed time: 0:00:01.457349
Time passed: 0:37:05.046041

Current number of models: 3420
Remaining number of models: 18900
Loading ssl gs model...
Saving gs model...
Loading model...
Saving model...
Test set score: 0.75
Best parameters: {'criterion': 'gini', 'max_depth': 2, 'max_features': 'auto', 'min_samples_leaf': 1, 'n_estimators': 200, 'n_jobs': -1, 'oob_score': True, 'random_state': 42}
Best cross-validation score: 0.42
Out-of-Bag Prediction Score: 0.40
Saving scores...
Saving scores...
Saving scores...
Saved scores...
Saving time data...
Saving time data...
Saved time data...
Accuracy 20 elapsed time: 0:00:01.274952
Time passed: 0:37:06.435732

Current number of models: 3600
Remaining number of models: 18720
Loading ssl gs model...
Saving gs model...
Loading model...
Saving model...
Test set score: 0.75
Best parameters: {'criterion': 'gini', 'max_depth': 2, 'max_features': 'auto', 'min_samples_leaf': 1, 'n_estimators': 200, 'n_jobs': -1, 'oob_score': True, 'random_state': 42}
Best cross-validation score: 0.42
Out-of-Bag Prediction Score: 0.40
Saving scores...
Saving scores...
Saving scores...
Saved scores...
Saving time data...
Saving time data...
Saved time data...
Accuracy 21 elapsed time: 0:00:01.250534
Time passed: 0:37:07.793572

Current number of models: 3780
Remaining number of models: 18540
Loading ssl gs model...
Saving gs model...
Loading model...
Saving model...
Test set score: 0.76
Best parameters: {'criterion': 'gini', 'max_depth': 2, 'max_features': 'auto', 'min_samples_leaf': 1, 'n_estimators': 200, 'n_jobs': -1, 'oob_score': True, 'random_state': 42}
Best cross-validation score: 0.42
Out-of-Bag Prediction Score: 0.40
Saving scores...
Saving scores...
Saving scores...
Saved scores...
Saving time data...
Saving time data...
Saved time data...
Accuracy 22 elapsed time: 0:00:01.324435
Time passed: 0:37:09.221821

Current number of models: 3960
Remaining number of models: 18360
Loading ssl gs model...
Saving gs model...
Loading model...
Saving model...
Test set score: 0.76
Best parameters: {'criterion': 'gini', 'max_depth': 2, 'max_features': 'auto', 'min_samples_leaf': 1, 'n_estimators': 200, 'n_jobs': -1, 'oob_score': True, 'random_state': 42}
Best cross-validation score: 0.42
Out-of-Bag Prediction Score: 0.40
Saving scores...
Saving scores...
Saving scores...
Saved scores...
Saving time data...
Saving time data...
Saved time data...
Accuracy 23 elapsed time: 0:00:01.308096
Time passed: 0:37:10.640581

Current number of models: 4140
Remaining number of models: 18180
Loading ssl gs model...
Saving gs model...
Loading model...
Saving model...
Test set score: 0.76
Best parameters: {'criterion': 'gini', 'max_depth': 2, 'max_features': 'auto', 'min_samples_leaf': 1, 'n_estimators': 200, 'n_jobs': -1, 'oob_score': True, 'random_state': 42}
Best cross-validation score: 0.42
Out-of-Bag Prediction Score: 0.40
Saving scores...
Saving scores...
Saving scores...
Saved scores...
Saving time data...
Saving time data...
Saved time data...
Accuracy 24 elapsed time: 0:00:01.348563
Time passed: 0:37:12.098950

Current number of models: 4320
Remaining number of models: 18000
Loading ssl gs model...
Saving gs model...
Loading model...
Saving model...
Test set score: 0.77
Best parameters: {'criterion': 'gini', 'max_depth': 2, 'max_features': 'auto', 'min_samples_leaf': 1, 'n_estimators': 200, 'n_jobs': -1, 'oob_score': True, 'random_state': 42}
Best cross-validation score: 0.42
Out-of-Bag Prediction Score: 0.40
Saving scores...
Saving scores...
Saving scores...
Saved scores...
Saving time data...
Saving time data...
Saved time data...
Accuracy 25 elapsed time: 0:00:01.185738
Time passed: 0:37:13.401026

Current number of models: 4500
Remaining number of models: 17820
Loading ssl gs model...
Saving gs model...
Loading model...
Saving model...
Test set score: 0.77
Best parameters: {'criterion': 'gini', 'max_depth': 2, 'max_features': 'auto', 'min_samples_leaf': 1, 'n_estimators': 200, 'n_jobs': -1, 'oob_score': True, 'random_state': 42}
Best cross-validation score: 0.42
Out-of-Bag Prediction Score: 0.40
Saving scores...
Saving scores...
Saving scores...
Saved scores...
Saving time data...
Saving time data...
Saved time data...
Accuracy 26 elapsed time: 0:00:01.075339
Time passed: 0:37:14.582449

Current number of models: 4680
Remaining number of models: 17640
Loading ssl gs model...
Saving gs model...
Loading model...
Saving model...
Test set score: 0.79
Best parameters: {'criterion': 'gini', 'max_depth': 2, 'max_features': 'auto', 'min_samples_leaf': 1, 'n_estimators': 200, 'n_jobs': -1, 'oob_score': True, 'random_state': 42}
Best cross-validation score: 0.42
Out-of-Bag Prediction Score: 0.40
Saving scores...
Saving scores...
Saving scores...
Saved scores...
Saving time data...
Saving time data...
Saved time data...
Accuracy 27 elapsed time: 0:00:01.244326
Time passed: 0:37:15.934913

Current number of models: 4860
Remaining number of models: 17460
Loading ssl gs model...
Saving gs model...
Loading model...
Saving model...
Test set score: 0.79
Best parameters: {'criterion': 'gini', 'max_depth': 2, 'max_features': 'auto', 'min_samples_leaf': 1, 'n_estimators': 200, 'n_jobs': -1, 'oob_score': True, 'random_state': 42}
Best cross-validation score: 0.42
Out-of-Bag Prediction Score: 0.40
Saving scores...
Saving scores...
Saving scores...
Saved scores...
Saving time data...
Saving time data...
Saved time data...
Accuracy 28 elapsed time: 0:00:01.239601
Time passed: 0:37:17.287467

Current number of models: 5040
Remaining number of models: 17280
Loading ssl gs model...
Saving gs model...
Loading model...
Saving model...
Test set score: 0.80
Best parameters: {'criterion': 'gini', 'max_depth': 2, 'max_features': 'auto', 'min_samples_leaf': 1, 'n_estimators': 200, 'n_jobs': -1, 'oob_score': True, 'random_state': 42}
Best cross-validation score: 0.42
Out-of-Bag Prediction Score: 0.40
Saving scores...
Saving scores...
Saving scores...
Saved scores...
Saving time data...
Saving time data...
Saved time data...
Accuracy 29 elapsed time: 0:00:01.307488
Time passed: 0:37:18.709965

Current number of models: 5220
Remaining number of models: 17100
Loading ssl gs model...
Saving gs model...
Loading model...
Saving model...
Test set score: 0.80
Best parameters: {'criterion': 'gini', 'max_depth': 2, 'max_features': 'auto', 'min_samples_leaf': 1, 'n_estimators': 200, 'n_jobs': -1, 'oob_score': True, 'random_state': 42}
Best cross-validation score: 0.42
Out-of-Bag Prediction Score: 0.40
Saving scores...
Saving scores...
Saving scores...
Saved scores...
Saving time data...
Saving time data...
Saved time data...
Accuracy 30 elapsed time: 0:00:01.099962
Time passed: 0:37:19.920308

Current number of models: 5400
Remaining number of models: 16920
Loading ssl gs model...
Saving gs model...
Loading model...
Saving model...
Test set score: 0.80
Best parameters: {'criterion': 'gini', 'max_depth': 2, 'max_features': 'auto', 'min_samples_leaf': 1, 'n_estimators': 200, 'n_jobs': -1, 'oob_score': True, 'random_state': 42}
Best cross-validation score: 0.42
Out-of-Bag Prediction Score: 0.40
Saving scores...
Saving scores...
Saving scores...
Saved scores...
Saving time data...
Saving time data...
Saved time data...
Accuracy 31 elapsed time: 0:00:01.307040
Time passed: 0:37:21.330689

Current number of models: 5580
Remaining number of models: 16740
Loading ssl gs model...
Saving gs model...
Loading model...
Saving model...
Test set score: 0.82
Best parameters: {'criterion': 'gini', 'max_depth': 2, 'max_features': 'auto', 'min_samples_leaf': 1, 'n_estimators': 200, 'n_jobs': -1, 'oob_score': True, 'random_state': 42}
Best cross-validation score: 0.42
Out-of-Bag Prediction Score: 0.40
Saving scores...
Saving scores...
Saving scores...
Saved scores...
Saving time data...
Saving time data...
Saved time data...
Accuracy 32 elapsed time: 0:00:01.174065
Time passed: 0:37:22.607831

Current number of models: 5760
Remaining number of models: 16560
Loading ssl gs model...
Saving gs model...
Loading model...
Saving model...
Test set score: 0.82
Best parameters: {'criterion': 'gini', 'max_depth': 2, 'max_features': 'auto', 'min_samples_leaf': 1, 'n_estimators': 200, 'n_jobs': -1, 'oob_score': True, 'random_state': 42}
Best cross-validation score: 0.42
Out-of-Bag Prediction Score: 0.40
Saving scores...
Saving scores...
Saving scores...
Saved scores...
Saving time data...
Saving time data...
Saved time data...
Accuracy 33 elapsed time: 0:00:00.865943
Time passed: 0:37:23.582206

Current number of models: 5940
Remaining number of models: 16380
Loading ssl gs model...
Saving gs model...
Loading model...
Saving model...
Test set score: 0.82
Best parameters: {'criterion': 'gini', 'max_depth': 2, 'max_features': 'auto', 'min_samples_leaf': 1, 'n_estimators': 200, 'n_jobs': -1, 'oob_score': True, 'random_state': 42}
Best cross-validation score: 0.42
Out-of-Bag Prediction Score: 0.40
Saving scores...
Saving scores...
Saving scores...
Saved scores...
Saving time data...
Saving time data...
Saved time data...
Accuracy 34 elapsed time: 0:00:01.262735
Time passed: 0:37:24.948378

Current number of models: 6120
Remaining number of models: 16200
Loading ssl gs model...
Saving gs model...
Loading model...
Saving model...
Test set score: 0.82
Best parameters: {'criterion': 'gini', 'max_depth': 2, 'max_features': 'auto', 'min_samples_leaf': 1, 'n_estimators': 200, 'n_jobs': -1, 'oob_score': True, 'random_state': 42}
Best cross-validation score: 0.42
Out-of-Bag Prediction Score: 0.40
Saving scores...
Saving scores...
Saving scores...
Saved scores...
Saving time data...
Saving time data...
Saved time data...
Accuracy 35 elapsed time: 0:00:01.378502
Time passed: 0:37:26.449814

Current number of models: 6300
Remaining number of models: 16020
Loading ssl gs model...
Saving gs model...
Loading model...
Saving model...
Test set score: 0.82
Best parameters: {'criterion': 'gini', 'max_depth': 2, 'max_features': 'auto', 'min_samples_leaf': 1, 'n_estimators': 200, 'n_jobs': -1, 'oob_score': True, 'random_state': 42}
Best cross-validation score: 0.42
Out-of-Bag Prediction Score: 0.40
Saving scores...
Saving scores...
Saving scores...
Saved scores...
Saving time data...
Saving time data...
Saved time data...
Accuracy 36 elapsed time: 0:00:01.152911
Time passed: 0:37:27.790464

Current number of models: 6480
Remaining number of models: 15840
Loading ssl gs model...
Saving gs model...
Loading model...
Saving model...
Test set score: 0.82
Best parameters: {'criterion': 'gini', 'max_depth': 2, 'max_features': 'auto', 'min_samples_leaf': 1, 'n_estimators': 200, 'n_jobs': -1, 'oob_score': True, 'random_state': 42}
Best cross-validation score: 0.42
Out-of-Bag Prediction Score: 0.40
Saving scores...
Saving scores...
Saving scores...
Saved scores...
Saving time data...
Saving time data...
Saved time data...
Accuracy 37 elapsed time: 0:00:01.249605
Time passed: 0:37:29.155532

Current number of models: 6660
Remaining number of models: 15660
Loading ssl gs model...
Saving gs model...
Loading model...
Saving model...
Test set score: 0.82
Best parameters: {'criterion': 'gini', 'max_depth': 2, 'max_features': 'auto', 'min_samples_leaf': 1, 'n_estimators': 200, 'n_jobs': -1, 'oob_score': True, 'random_state': 42}
Best cross-validation score: 0.42
Out-of-Bag Prediction Score: 0.40
Saving scores...
Saving scores...
Saving scores...
Saved scores...
Saving time data...
Saving time data...
Saved time data...
Accuracy 38 elapsed time: 0:00:01.127041
Time passed: 0:37:30.423054

Current number of models: 6840
Remaining number of models: 15480
Loading ssl gs model...
Saving gs model...
Loading model...
Saving model...
Test set score: 0.82
Best parameters: {'criterion': 'gini', 'max_depth': 2, 'max_features': 'auto', 'min_samples_leaf': 1, 'n_estimators': 200, 'n_jobs': -1, 'oob_score': True, 'random_state': 42}
Best cross-validation score: 0.42
Out-of-Bag Prediction Score: 0.40
Saving scores...
Saving scores...
Saving scores...
Saved scores...
Saving time data...
Saving time data...
Saved time data...
Accuracy 39 elapsed time: 0:00:01.003886
Time passed: 0:37:31.549016

Current number of models: 7020
Remaining number of models: 15300
Loading ssl gs model...
Saving gs model...
Loading model...
Saving model...
Test set score: 0.82
Best parameters: {'criterion': 'gini', 'max_depth': 2, 'max_features': 'auto', 'min_samples_leaf': 1, 'n_estimators': 200, 'n_jobs': -1, 'oob_score': True, 'random_state': 42}
Best cross-validation score: 0.42
Out-of-Bag Prediction Score: 0.40
Saving scores...
Saving scores...
Saving scores...
Saved scores...
Saving time data...
Saving time data...
Saved time data...
Accuracy 40 elapsed time: 0:00:01.037134
Time passed: 0:37:32.704385

Current number of models: 7200
Remaining number of models: 15120
Loading ssl gs model...
Saving gs model...
Loading model...
Saving model...
Test set score: 0.82
Best parameters: {'criterion': 'gini', 'max_depth': 2, 'max_features': 'auto', 'min_samples_leaf': 1, 'n_estimators': 200, 'n_jobs': -1, 'oob_score': True, 'random_state': 42}
Best cross-validation score: 0.42
Out-of-Bag Prediction Score: 0.40
Saving scores...
Saving scores...
Saving scores...
Saved scores...
Saving time data...
Saving time data...
Saved time data...
Accuracy 41 elapsed time: 0:00:00.934348
Time passed: 0:37:33.748338

Current number of models: 7380
Remaining number of models: 14940
Loading ssl gs model...
Saving gs model...
Loading model...
Saving model...
Test set score: 0.82
Best parameters: {'criterion': 'gini', 'max_depth': 2, 'max_features': 'auto', 'min_samples_leaf': 1, 'n_estimators': 200, 'n_jobs': -1, 'oob_score': True, 'random_state': 42}
Best cross-validation score: 0.42
Out-of-Bag Prediction Score: 0.40
Saving scores...
Saving scores...
Saving scores...
Saved scores...
Saving time data...
Saving time data...
Saved time data...
Accuracy 42 elapsed time: 0:00:01.044227
Time passed: 0:37:34.903206

Current number of models: 7560
Remaining number of models: 14760
Loading ssl gs model...
Saving gs model...
Loading model...
Saving model...
Test set score: 0.82
Best parameters: {'criterion': 'gini', 'max_depth': 2, 'max_features': 'auto', 'min_samples_leaf': 1, 'n_estimators': 200, 'n_jobs': -1, 'oob_score': True, 'random_state': 42}
Best cross-validation score: 0.42
Out-of-Bag Prediction Score: 0.40
Saving scores...
Saving scores...
Saving scores...
Saved scores...
Saving time data...
Saving time data...
Saved time data...
Accuracy 43 elapsed time: 0:00:00.834561
Time passed: 0:37:35.845993

Current number of models: 7740
Remaining number of models: 14580
Loading ssl gs model...
Saving gs model...
Loading model...
Saving model...
Test set score: 0.82
Best parameters: {'criterion': 'gini', 'max_depth': 2, 'max_features': 'auto', 'min_samples_leaf': 1, 'n_estimators': 200, 'n_jobs': -1, 'oob_score': True, 'random_state': 42}
Best cross-validation score: 0.42
Out-of-Bag Prediction Score: 0.40
Saving scores...
Saving scores...
Saving scores...
Saved scores...
Saving time data...
Saving time data...
Saved time data...
Accuracy 44 elapsed time: 0:00:01.112185
Time passed: 0:37:37.064412

Current number of models: 7920
Remaining number of models: 14400
Loading ssl gs model...
Saving gs model...
Loading model...
Saving model...
Test set score: 0.82
Best parameters: {'criterion': 'gini', 'max_depth': 2, 'max_features': 'auto', 'min_samples_leaf': 1, 'n_estimators': 200, 'n_jobs': -1, 'oob_score': True, 'random_state': 42}
Best cross-validation score: 0.42
Out-of-Bag Prediction Score: 0.40
Saving scores...
Saving scores...
Saving scores...
Saved scores...
Saving time data...
Saving time data...
Saved time data...
Accuracy 45 elapsed time: 0:00:00.817703
Time passed: 0:37:38.286063

Current number of models: 8100
Remaining number of models: 14220
Loading ssl gs model...
Saving gs model...
Loading model...
Saving model...
Test set score: 0.82
Best parameters: {'criterion': 'gini', 'max_depth': 2, 'max_features': 'auto', 'min_samples_leaf': 1, 'n_estimators': 200, 'n_jobs': -1, 'oob_score': True, 'random_state': 42}
Best cross-validation score: 0.42
Out-of-Bag Prediction Score: 0.40
Saving scores...
Saving scores...
Saving scores...
Saved scores...
Saving time data...
Saving time data...
Saved time data...
Accuracy 46 elapsed time: 0:00:01.206423
Time passed: 0:37:39.605455

Current number of models: 8280
Remaining number of models: 14040
Loading ssl gs model...
Saving gs model...
Loading model...
Saving model...
Test set score: 0.83
Best parameters: {'criterion': 'gini', 'max_depth': 2, 'max_features': 'auto', 'min_samples_leaf': 1, 'n_estimators': 200, 'n_jobs': -1, 'oob_score': True, 'random_state': 42}
Best cross-validation score: 0.42
Out-of-Bag Prediction Score: 0.40
Saving scores...
Saving scores...
Saving scores...
Saved scores...
Saving time data...
Saving time data...
Saved time data...
Accuracy 47 elapsed time: 0:00:01.086644
Time passed: 0:37:40.805386

Current number of models: 8460
Remaining number of models: 13860
Loading ssl gs model...
Saving gs model...
Loading model...
Saving model...
Test set score: 0.82
Best parameters: {'criterion': 'gini', 'max_depth': 2, 'max_features': 'auto', 'min_samples_leaf': 1, 'n_estimators': 200, 'n_jobs': -1, 'oob_score': True, 'random_state': 42}
Best cross-validation score: 0.42
Out-of-Bag Prediction Score: 0.40
Saving scores...
Saving scores...
Saving scores...
Saved scores...
Saving time data...
Saving time data...
Saved time data...
Accuracy 48 elapsed time: 0:00:00.884439
Time passed: 0:37:41.796629

Current number of models: 8640
Remaining number of models: 13680
Loading ssl gs model...
Saving gs model...
Loading model...
Saving model...
Test set score: 0.82
Best parameters: {'criterion': 'gini', 'max_depth': 2, 'max_features': 'auto', 'min_samples_leaf': 1, 'n_estimators': 200, 'n_jobs': -1, 'oob_score': True, 'random_state': 42}
Best cross-validation score: 0.42
Out-of-Bag Prediction Score: 0.40
Saving scores...
Saving scores...
Saving scores...
Saved scores...
Saving time data...
Saving time data...
Saved time data...
Accuracy 49 elapsed time: 0:00:01.091442
Time passed: 0:37:43.003806

Current number of models: 8820
Remaining number of models: 13500
Loading ssl gs model...
Saving gs model...
Loading model...
Saving model...
Test set score: 0.82
Best parameters: {'criterion': 'gini', 'max_depth': 2, 'max_features': 'auto', 'min_samples_leaf': 1, 'n_estimators': 200, 'n_jobs': -1, 'oob_score': True, 'random_state': 42}
Best cross-validation score: 0.42
Out-of-Bag Prediction Score: 0.40
Saving scores...
Saving scores...
Saving scores...
Saved scores...
Saving time data...
Saving time data...
Saved time data...
Accuracy 50 elapsed time: 0:00:01.072316
Time passed: 0:37:44.182430

Current number of models: 9000
Remaining number of models: 13320
Loading ssl gs model...
Saving gs model...
Loading model...
Saving model...
Test set score: 0.82
Best parameters: {'criterion': 'gini', 'max_depth': 2, 'max_features': 'auto', 'min_samples_leaf': 1, 'n_estimators': 200, 'n_jobs': -1, 'oob_score': True, 'random_state': 42}
Best cross-validation score: 0.42
Out-of-Bag Prediction Score: 0.40
Saving scores...
Saving scores...
Saving scores...
Saved scores...
Saving time data...
Saving time data...
Saved time data...
Accuracy 51 elapsed time: 0:00:01.078399
Time passed: 0:37:45.365062

Current number of models: 9180
Remaining number of models: 13140
Loading ssl gs model...
Saving gs model...
Loading model...
Saving model...
Test set score: 0.82
Best parameters: {'criterion': 'gini', 'max_depth': 2, 'max_features': 'auto', 'min_samples_leaf': 1, 'n_estimators': 200, 'n_jobs': -1, 'oob_score': True, 'random_state': 42}
Best cross-validation score: 0.42
Out-of-Bag Prediction Score: 0.40
Saving scores...
Saving scores...
Saving scores...
Saved scores...
Saving time data...
Saving time data...
Saved time data...
Accuracy 52 elapsed time: 0:00:00.861149
Time passed: 0:37:46.335634

Current number of models: 9360
Remaining number of models: 12960
Loading ssl gs model...
Saving gs model...
Loading model...
Saving model...
Test set score: 0.82
Best parameters: {'criterion': 'gini', 'max_depth': 2, 'max_features': 'auto', 'min_samples_leaf': 1, 'n_estimators': 200, 'n_jobs': -1, 'oob_score': True, 'random_state': 42}
Best cross-validation score: 0.42
Out-of-Bag Prediction Score: 0.40
Saving scores...
Saving scores...
Saving scores...
Saved scores...
Saving time data...
Saving time data...
Saved time data...
Accuracy 53 elapsed time: 0:00:01.050855
Time passed: 0:37:47.492450

Current number of models: 9540
Remaining number of models: 12780
Loading ssl gs model...
Saving gs model...
Loading model...
Saving model...
Test set score: 0.82
Best parameters: {'criterion': 'gini', 'max_depth': 2, 'max_features': 'auto', 'min_samples_leaf': 1, 'n_estimators': 200, 'n_jobs': -1, 'oob_score': True, 'random_state': 42}
Best cross-validation score: 0.42
Out-of-Bag Prediction Score: 0.40
Saving scores...
Saving scores...
Saving scores...
Saved scores...
Saving time data...
Saving time data...
Saved time data...
Accuracy 54 elapsed time: 0:00:01.064130
Time passed: 0:37:48.662750

Current number of models: 9720
Remaining number of models: 12600
Loading ssl gs model...
Saving gs model...
Loading model...
Saving model...
Test set score: 0.82
Best parameters: {'criterion': 'gini', 'max_depth': 2, 'max_features': 'auto', 'min_samples_leaf': 1, 'n_estimators': 200, 'n_jobs': -1, 'oob_score': True, 'random_state': 42}
Best cross-validation score: 0.42
Out-of-Bag Prediction Score: 0.40
Saving scores...
Saving scores...
Saving scores...
Saved scores...
Saving time data...
Saving time data...
Saved time data...
Accuracy 55 elapsed time: 0:00:01.043891
Time passed: 0:37:49.811091

Current number of models: 9900
Remaining number of models: 12420
Loading ssl gs model...
Saving gs model...
Loading model...
Saving model...
Test set score: 0.82
Best parameters: {'criterion': 'gini', 'max_depth': 2, 'max_features': 'auto', 'min_samples_leaf': 1, 'n_estimators': 200, 'n_jobs': -1, 'oob_score': True, 'random_state': 42}
Best cross-validation score: 0.42
Out-of-Bag Prediction Score: 0.40
Saving scores...
Saving scores...
Saving scores...
Saved scores...
Saving time data...
Saving time data...
Saved time data...
Accuracy 56 elapsed time: 0:00:01.044282
Time passed: 0:37:50.963537

Current number of models: 10080
Remaining number of models: 12240
Loading ssl gs model...
Saving gs model...
Loading model...
Saving model...
Test set score: 0.82
Best parameters: {'criterion': 'gini', 'max_depth': 2, 'max_features': 'auto', 'min_samples_leaf': 1, 'n_estimators': 200, 'n_jobs': -1, 'oob_score': True, 'random_state': 42}
Best cross-validation score: 0.42
Out-of-Bag Prediction Score: 0.40
Saving scores...
Saving scores...
Saving scores...
Saved scores...
Saving time data...
Saving time data...
Saved time data...
Accuracy 57 elapsed time: 0:00:01.078214
Time passed: 0:37:52.146780

Current number of models: 10260
Remaining number of models: 12060
Loading ssl gs model...
Saving gs model...
Loading model...
Saving model...
Test set score: 0.82
Best parameters: {'criterion': 'gini', 'max_depth': 2, 'max_features': 'auto', 'min_samples_leaf': 1, 'n_estimators': 200, 'n_jobs': -1, 'oob_score': True, 'random_state': 42}
Best cross-validation score: 0.42
Out-of-Bag Prediction Score: 0.40
Saving scores...
Saving scores...
Saving scores...
Saved scores...
Saving time data...
Saving time data...
Saved time data...
Accuracy 58 elapsed time: 0:00:01.035378
Time passed: 0:37:53.285545

Current number of models: 10440
Remaining number of models: 11880
Loading ssl gs model...
Saving gs model...
Loading model...
Saving model...
Test set score: 0.82
Best parameters: {'criterion': 'gini', 'max_depth': 2, 'max_features': 'auto', 'min_samples_leaf': 1, 'n_estimators': 200, 'n_jobs': -1, 'oob_score': True, 'random_state': 42}
Best cross-validation score: 0.42
Out-of-Bag Prediction Score: 0.40
Saving scores...
Saving scores...
Saving scores...
Saved scores...
Saving time data...
Saving time data...
Saved time data...
Accuracy 59 elapsed time: 0:00:01.039974
Time passed: 0:37:54.428579

Current number of models: 10620
Remaining number of models: 11700
Loading ssl gs model...
Saving gs model...
Loading model...
Saving model...
Test set score: 0.82
Best parameters: {'criterion': 'gini', 'max_depth': 2, 'max_features': 'auto', 'min_samples_leaf': 1, 'n_estimators': 200, 'n_jobs': -1, 'oob_score': True, 'random_state': 42}
Best cross-validation score: 0.42
Out-of-Bag Prediction Score: 0.40
Saving scores...
Saving scores...
Saving scores...
Saved scores...
Saving time data...
Saving time data...
Saved time data...
Accuracy 60 elapsed time: 0:00:01.045880
Time passed: 0:37:55.578927

Current number of models: 10800
Remaining number of models: 11520
Loading ssl gs model...
Saving gs model...
Loading model...
Saving model...
Test set score: 0.81
Best parameters: {'criterion': 'gini', 'max_depth': 2, 'max_features': 'auto', 'min_samples_leaf': 1, 'n_estimators': 200, 'n_jobs': -1, 'oob_score': True, 'random_state': 42}
Best cross-validation score: 0.42
Out-of-Bag Prediction Score: 0.40
Saving scores...
Saving scores...
Saving scores...
Saved scores...
Saving time data...
Saving time data...
Saved time data...
Accuracy 61 elapsed time: 0:00:00.911605
Time passed: 0:37:56.619165

Current number of models: 10980
Remaining number of models: 11340
Loading ssl gs model...
Saving gs model...
Loading model...
Saving model...
Test set score: 0.81
Best parameters: {'criterion': 'gini', 'max_depth': 2, 'max_features': 'auto', 'min_samples_leaf': 1, 'n_estimators': 200, 'n_jobs': -1, 'oob_score': True, 'random_state': 42}
Best cross-validation score: 0.42
Out-of-Bag Prediction Score: 0.40
Saving scores...
Saving scores...
Saving scores...
Saved scores...
Saving time data...
Saving time data...
Saved time data...
Accuracy 62 elapsed time: 0:00:00.981202
Time passed: 0:37:57.727908

Current number of models: 11160
Remaining number of models: 11160
Loading ssl gs model...
Saving gs model...
Loading model...
Saving model...
Test set score: 0.81
Best parameters: {'criterion': 'gini', 'max_depth': 2, 'max_features': 'auto', 'min_samples_leaf': 1, 'n_estimators': 200, 'n_jobs': -1, 'oob_score': True, 'random_state': 42}
Best cross-validation score: 0.42
Out-of-Bag Prediction Score: 0.40
Saving scores...
Saving scores...
Saving scores...
Saved scores...
Saving time data...
Saving time data...
Saved time data...
Accuracy 63 elapsed time: 0:00:01.094338
Time passed: 0:37:58.942637

Current number of models: 11340
Remaining number of models: 10980
Loading ssl gs model...
Saving gs model...
Loading model...
Saving model...
Test set score: 0.81
Best parameters: {'criterion': 'gini', 'max_depth': 2, 'max_features': 'auto', 'min_samples_leaf': 1, 'n_estimators': 200, 'n_jobs': -1, 'oob_score': True, 'random_state': 42}
Best cross-validation score: 0.42
Out-of-Bag Prediction Score: 0.40
Saving scores...
Saving scores...
Saving scores...
Saved scores...
Saving time data...
Saving time data...
Saved time data...
Accuracy 64 elapsed time: 0:00:00.988437
Time passed: 0:38:00.051207

Current number of models: 11520
Remaining number of models: 10800
Loading ssl gs model...
Saving gs model...
Loading model...
Saving model...
Test set score: 0.81
Best parameters: {'criterion': 'gini', 'max_depth': 2, 'max_features': 'auto', 'min_samples_leaf': 1, 'n_estimators': 200, 'n_jobs': -1, 'oob_score': True, 'random_state': 42}
Best cross-validation score: 0.42
Out-of-Bag Prediction Score: 0.40
Saving scores...
Saving scores...
Saving scores...
Saved scores...
Saving time data...
Saving time data...
Saved time data...
Accuracy 65 elapsed time: 0:00:00.937669
Time passed: 0:38:01.104639

Current number of models: 11700
Remaining number of models: 10620
Loading ssl gs model...
Saving gs model...
Loading model...
Saving model...
Test set score: 0.81
Best parameters: {'criterion': 'gini', 'max_depth': 2, 'max_features': 'auto', 'min_samples_leaf': 1, 'n_estimators': 200, 'n_jobs': -1, 'oob_score': True, 'random_state': 42}
Best cross-validation score: 0.42
Out-of-Bag Prediction Score: 0.40
Saving scores...
Saving scores...
Saving scores...
Saved scores...
Saving time data...
Saving time data...
Saved time data...
Accuracy 66 elapsed time: 0:00:00.751899
Time passed: 0:38:01.973731

Current number of models: 11880
Remaining number of models: 10440
Loading ssl gs model...
Saving gs model...
Loading model...
Saving model...
Test set score: 0.81
Best parameters: {'criterion': 'gini', 'max_depth': 2, 'max_features': 'auto', 'min_samples_leaf': 1, 'n_estimators': 200, 'n_jobs': -1, 'oob_score': True, 'random_state': 42}
Best cross-validation score: 0.42
Out-of-Bag Prediction Score: 0.40
Saving scores...
Saving scores...
Saving scores...
Saved scores...
Saving time data...
Saving time data...
Saved time data...
Accuracy 67 elapsed time: 0:00:00.951430
Time passed: 0:38:03.040726

Current number of models: 12060
Remaining number of models: 10260
Loading ssl gs model...
Saving gs model...
Loading model...
Saving model...
Test set score: 0.81
Best parameters: {'criterion': 'gini', 'max_depth': 2, 'max_features': 'auto', 'min_samples_leaf': 1, 'n_estimators': 200, 'n_jobs': -1, 'oob_score': True, 'random_state': 42}
Best cross-validation score: 0.42
Out-of-Bag Prediction Score: 0.40
Saving scores...
Saving scores...
Saving scores...
Saved scores...
Saving time data...
Saving time data...
Saved time data...
Accuracy 68 elapsed time: 0:00:00.732152
Time passed: 0:38:03.894434

Current number of models: 12240
Remaining number of models: 10080
Loading ssl gs model...
Saving gs model...
Loading model...
Saving model...
Test set score: 0.81
Best parameters: {'criterion': 'gini', 'max_depth': 2, 'max_features': 'auto', 'min_samples_leaf': 1, 'n_estimators': 200, 'n_jobs': -1, 'oob_score': True, 'random_state': 42}
Best cross-validation score: 0.42
Out-of-Bag Prediction Score: 0.40
Saving scores...
Saving scores...
Saving scores...
Saved scores...
Saving time data...
Saving time data...
Saved time data...
Accuracy 69 elapsed time: 0:00:00.941275
Time passed: 0:38:04.956954

Current number of models: 12420
Remaining number of models: 9900
Loading ssl gs model...
Saving gs model...
Loading model...
Saving model...
Test set score: 0.82
Best parameters: {'criterion': 'gini', 'max_depth': 2, 'max_features': 'auto', 'min_samples_leaf': 1, 'n_estimators': 200, 'n_jobs': -1, 'oob_score': True, 'random_state': 42}
Best cross-validation score: 0.42
Out-of-Bag Prediction Score: 0.40
Saving scores...
Saving scores...
Saving scores...
Saved scores...
Saving time data...
Saving time data...
Saved time data...
Accuracy 70 elapsed time: 0:00:01.049725
Time passed: 0:38:06.115821

Current number of models: 12600
Remaining number of models: 9720
Loading ssl gs model...
Saving gs model...
Loading model...
Saving model...
Test set score: 0.82
Best parameters: {'criterion': 'gini', 'max_depth': 2, 'max_features': 'auto', 'min_samples_leaf': 1, 'n_estimators': 200, 'n_jobs': -1, 'oob_score': True, 'random_state': 42}
Best cross-validation score: 0.42
Out-of-Bag Prediction Score: 0.40
Saving scores...
Saving scores...
Saving scores...
Saved scores...
Saving time data...
Saving time data...
Saved time data...
Accuracy 71 elapsed time: 0:00:00.837059
Time passed: 0:38:07.101305

Current number of models: 12780
Remaining number of models: 9540
Loading ssl gs model...
Saving gs model...
Loading model...
Saving model...
Test set score: 0.82
Best parameters: {'criterion': 'gini', 'max_depth': 2, 'max_features': 'auto', 'min_samples_leaf': 1, 'n_estimators': 200, 'n_jobs': -1, 'oob_score': True, 'random_state': 42}
Best cross-validation score: 0.42
Out-of-Bag Prediction Score: 0.40
Saving scores...
Saving scores...
Saving scores...
Saved scores...
Saving time data...
Saving time data...
Saved time data...
Accuracy 72 elapsed time: 0:00:00.838023
Time passed: 0:38:08.046237

Current number of models: 12960
Remaining number of models: 9360
Loading ssl gs model...
Saving gs model...
Loading model...
Saving model...
Test set score: 0.82
Best parameters: {'criterion': 'gini', 'max_depth': 2, 'max_features': 'auto', 'min_samples_leaf': 1, 'n_estimators': 200, 'n_jobs': -1, 'oob_score': True, 'random_state': 42}
Best cross-validation score: 0.42
Out-of-Bag Prediction Score: 0.40
Saving scores...
Saving scores...
Saving scores...
Saved scores...
Saving time data...
Saving time data...
Saved time data...
Accuracy 73 elapsed time: 0:00:01.070328
Time passed: 0:38:09.224843

Current number of models: 13140
Remaining number of models: 9180
Loading ssl gs model...
Saving gs model...
Loading model...
Saving model...
Test set score: 0.82
Best parameters: {'criterion': 'gini', 'max_depth': 2, 'max_features': 'auto', 'min_samples_leaf': 1, 'n_estimators': 200, 'n_jobs': -1, 'oob_score': True, 'random_state': 42}
Best cross-validation score: 0.42
Out-of-Bag Prediction Score: 0.40
Saving scores...
Saving scores...
Saving scores...
Saved scores...
Saving time data...
Saving time data...
Saved time data...
Accuracy 74 elapsed time: 0:00:01.035362
Time passed: 0:38:10.366951

Current number of models: 13320
Remaining number of models: 9000
Loading ssl gs model...
Saving gs model...
Loading model...
Saving model...
Test set score: 0.82
Best parameters: {'criterion': 'gini', 'max_depth': 2, 'max_features': 'auto', 'min_samples_leaf': 1, 'n_estimators': 200, 'n_jobs': -1, 'oob_score': True, 'random_state': 42}
Best cross-validation score: 0.42
Out-of-Bag Prediction Score: 0.40
Saving scores...
Saving scores...
Saving scores...
Saved scores...
Saving time data...
Saving time data...
Saved time data...
Accuracy 75 elapsed time: 0:00:00.822471
Time passed: 0:38:11.292899

Current number of models: 13500
Remaining number of models: 8820
Loading ssl gs model...
Saving gs model...
Loading model...
Saving model...
Test set score: 0.82
Best parameters: {'criterion': 'gini', 'max_depth': 2, 'max_features': 'auto', 'min_samples_leaf': 1, 'n_estimators': 200, 'n_jobs': -1, 'oob_score': True, 'random_state': 42}
Best cross-validation score: 0.42
Out-of-Bag Prediction Score: 0.40
Saving scores...
Saving scores...
Saving scores...
Saved scores...
Saving time data...
Saving time data...
Saved time data...
Accuracy 76 elapsed time: 0:00:01.017854
Time passed: 0:38:12.421810

Current number of models: 13680
Remaining number of models: 8640
Loading ssl gs model...
Saving gs model...
Loading model...
Saving model...
Test set score: 0.82
Best parameters: {'criterion': 'gini', 'max_depth': 2, 'max_features': 'auto', 'min_samples_leaf': 1, 'n_estimators': 200, 'n_jobs': -1, 'oob_score': True, 'random_state': 42}
Best cross-validation score: 0.42
Out-of-Bag Prediction Score: 0.40
Saving scores...
Saving scores...
Saving scores...
Saved scores...
Saving time data...
Saving time data...
Saved time data...
Accuracy 77 elapsed time: 0:00:01.017387
Time passed: 0:38:13.545344

Current number of models: 13860
Remaining number of models: 8460
Loading ssl gs model...
Saving gs model...
Loading model...
Saving model...
Test set score: 0.82
Best parameters: {'criterion': 'gini', 'max_depth': 2, 'max_features': 'auto', 'min_samples_leaf': 1, 'n_estimators': 200, 'n_jobs': -1, 'oob_score': True, 'random_state': 42}
Best cross-validation score: 0.42
Out-of-Bag Prediction Score: 0.40
Saving scores...
Saving scores...
Saving scores...
Saved scores...
Saving time data...
Saving time data...
Saved time data...
Accuracy 78 elapsed time: 0:00:00.907350
Time passed: 0:38:14.560218

Current number of models: 14040
Remaining number of models: 8280
Loading ssl gs model...
Saving gs model...
Loading model...
Saving model...
Test set score: 0.82
Best parameters: {'criterion': 'gini', 'max_depth': 2, 'max_features': 'auto', 'min_samples_leaf': 1, 'n_estimators': 200, 'n_jobs': -1, 'oob_score': True, 'random_state': 42}
Best cross-validation score: 0.42
Out-of-Bag Prediction Score: 0.40
Saving scores...
Saving scores...
Saving scores...
Saved scores...
Saving time data...
Saving time data...
Saved time data...
Accuracy 79 elapsed time: 0:00:00.961970
Time passed: 0:38:15.637077

Current number of models: 14220
Remaining number of models: 8100
Loading ssl gs model...
Saving gs model...
Loading model...
Saving model...
Test set score: 0.82
Best parameters: {'criterion': 'gini', 'max_depth': 2, 'max_features': 'auto', 'min_samples_leaf': 1, 'n_estimators': 200, 'n_jobs': -1, 'oob_score': True, 'random_state': 42}
Best cross-validation score: 0.42
Out-of-Bag Prediction Score: 0.40
Saving scores...
Saving scores...
Saving scores...
Saved scores...
Saving time data...
Saving time data...
Saved time data...
Accuracy 80 elapsed time: 0:00:00.943485
Time passed: 0:38:16.729364

Current number of models: 14400
Remaining number of models: 7920
Loading ssl gs model...
Saving gs model...
Loading model...
Saving model...
Test set score: 0.82
Best parameters: {'criterion': 'gini', 'max_depth': 2, 'max_features': 'auto', 'min_samples_leaf': 1, 'n_estimators': 200, 'n_jobs': -1, 'oob_score': True, 'random_state': 42}
Best cross-validation score: 0.42
Out-of-Bag Prediction Score: 0.40
Saving scores...
Saving scores...
Saving scores...
Saved scores...
Saving time data...
Saving time data...
Saved time data...
Accuracy 81 elapsed time: 0:00:00.788626
Time passed: 0:38:17.657299

Current number of models: 14580
Remaining number of models: 7740
Loading ssl gs model...
Saving gs model...
Loading model...
Saving model...
Test set score: 0.82
Best parameters: {'criterion': 'gini', 'max_depth': 2, 'max_features': 'auto', 'min_samples_leaf': 1, 'n_estimators': 200, 'n_jobs': -1, 'oob_score': True, 'random_state': 42}
Best cross-validation score: 0.42
Out-of-Bag Prediction Score: 0.40
Saving scores...
Saving scores...
Saving scores...
Saved scores...
Saving time data...
Saving time data...
Saved time data...
Accuracy 82 elapsed time: 0:00:00.951574
Time passed: 0:38:18.733483

Current number of models: 14760
Remaining number of models: 7560
Loading ssl gs model...
Saving gs model...
Loading model...
Saving model...
Test set score: 0.82
Best parameters: {'criterion': 'gini', 'max_depth': 2, 'max_features': 'auto', 'min_samples_leaf': 1, 'n_estimators': 200, 'n_jobs': -1, 'oob_score': True, 'random_state': 42}
Best cross-validation score: 0.42
Out-of-Bag Prediction Score: 0.40
Saving scores...
Saving scores...
Saving scores...
Saved scores...
Saving time data...
Saving time data...
Saved time data...
Accuracy 83 elapsed time: 0:00:00.967532
Time passed: 0:38:19.817418

Current number of models: 14940
Remaining number of models: 7380
Loading ssl gs model...
Saving gs model...
Loading model...
Saving model...
Test set score: 0.82
Best parameters: {'criterion': 'gini', 'max_depth': 2, 'max_features': 'auto', 'min_samples_leaf': 1, 'n_estimators': 200, 'n_jobs': -1, 'oob_score': True, 'random_state': 42}
Best cross-validation score: 0.42
Out-of-Bag Prediction Score: 0.40
Saving scores...
Saving scores...
Saving scores...
Saved scores...
Saving time data...
Saving time data...
Saved time data...
Accuracy 84 elapsed time: 0:00:00.956226
Time passed: 0:38:20.910098

Current number of models: 15120
Remaining number of models: 7200
Loading ssl gs model...
Saving gs model...
Loading model...
Saving model...
Test set score: 0.82
Best parameters: {'criterion': 'gini', 'max_depth': 2, 'max_features': 'auto', 'min_samples_leaf': 1, 'n_estimators': 200, 'n_jobs': -1, 'oob_score': True, 'random_state': 42}
Best cross-validation score: 0.42
Out-of-Bag Prediction Score: 0.40
Saving scores...
Saving scores...
Saving scores...
Saved scores...
Saving time data...
Saving time data...
Saved time data...
Accuracy 85 elapsed time: 0:00:00.725869
Time passed: 0:38:21.753856

Current number of models: 15300
Remaining number of models: 7020
Loading ssl gs model...
Saving gs model...
Loading model...
Saving model...
Test set score: 0.82
Best parameters: {'criterion': 'gini', 'max_depth': 2, 'max_features': 'auto', 'min_samples_leaf': 1, 'n_estimators': 200, 'n_jobs': -1, 'oob_score': True, 'random_state': 42}
Best cross-validation score: 0.42
Out-of-Bag Prediction Score: 0.40
Saving scores...
Saving scores...
Saving scores...
Saved scores...
Saving time data...
Saving time data...
Saved time data...
Accuracy 86 elapsed time: 0:00:01.026005
Time passed: 0:38:22.898285

Current number of models: 15480
Remaining number of models: 6840
Loading ssl gs model...
Saving gs model...
Loading model...
Saving model...
Test set score: 0.82
Best parameters: {'criterion': 'gini', 'max_depth': 2, 'max_features': 'auto', 'min_samples_leaf': 1, 'n_estimators': 200, 'n_jobs': -1, 'oob_score': True, 'random_state': 42}
Best cross-validation score: 0.42
Out-of-Bag Prediction Score: 0.40
Saving scores...
Saving scores...
Saving scores...
Saved scores...
Saving time data...
Saving time data...
Saved time data...
Accuracy 87 elapsed time: 0:00:00.937249
Time passed: 0:38:23.940336

Current number of models: 15660
Remaining number of models: 6660
Loading ssl gs model...
Saving gs model...
Loading model...
Saving model...
Test set score: 0.82
Best parameters: {'criterion': 'gini', 'max_depth': 2, 'max_features': 'auto', 'min_samples_leaf': 1, 'n_estimators': 200, 'n_jobs': -1, 'oob_score': True, 'random_state': 42}
Best cross-validation score: 0.42
Out-of-Bag Prediction Score: 0.40
Saving scores...
Saving scores...
Saving scores...
Saved scores...
Saving time data...
Saving time data...
Saved time data...
Accuracy 88 elapsed time: 0:00:00.713878
Time passed: 0:38:24.769107

Current number of models: 15840
Remaining number of models: 6480
Loading ssl gs model...
Saving gs model...
Loading model...
Saving model...
Test set score: 0.82
Best parameters: {'criterion': 'gini', 'max_depth': 2, 'max_features': 'auto', 'min_samples_leaf': 1, 'n_estimators': 200, 'n_jobs': -1, 'oob_score': True, 'random_state': 42}
Best cross-validation score: 0.42
Out-of-Bag Prediction Score: 0.40
Saving scores...
Saving scores...
Saving scores...
Saved scores...
Saving time data...
Saving time data...
Saved time data...
Accuracy 89 elapsed time: 0:00:01.018541
Time passed: 0:38:25.903311

Current number of models: 16020
Remaining number of models: 6300
Loading ssl gs model...
Saving gs model...
Loading model...
Saving model...
Test set score: 0.82
Best parameters: {'criterion': 'gini', 'max_depth': 2, 'max_features': 'auto', 'min_samples_leaf': 1, 'n_estimators': 200, 'n_jobs': -1, 'oob_score': True, 'random_state': 42}
Best cross-validation score: 0.42
Out-of-Bag Prediction Score: 0.40
Saving scores...
Saving scores...
Saving scores...
Saved scores...
Saving time data...
Saving time data...
Saved time data...
Accuracy 90 elapsed time: 0:00:01.015445
Time passed: 0:38:27.024308

Current number of models: 16200
Remaining number of models: 6120
Loading ssl gs model...
Saving gs model...
Loading model...
Saving model...
Test set score: 0.82
Best parameters: {'criterion': 'gini', 'max_depth': 2, 'max_features': 'auto', 'min_samples_leaf': 1, 'n_estimators': 200, 'n_jobs': -1, 'oob_score': True, 'random_state': 42}
Best cross-validation score: 0.42
Out-of-Bag Prediction Score: 0.40
Saving scores...
Saving scores...
Saving scores...
Saved scores...
Saving time data...
Saving time data...
Saved time data...
Accuracy 91 elapsed time: 0:00:00.976853
Time passed: 0:38:28.119576

Current number of models: 16380
Remaining number of models: 5940
Loading ssl gs model...
Saving gs model...
Loading model...
Saving model...
Test set score: 0.82
Best parameters: {'criterion': 'gini', 'max_depth': 2, 'max_features': 'auto', 'min_samples_leaf': 1, 'n_estimators': 200, 'n_jobs': -1, 'oob_score': True, 'random_state': 42}
Best cross-validation score: 0.42
Out-of-Bag Prediction Score: 0.40
Saving scores...
Saving scores...
Saving scores...
Saved scores...
Saving time data...
Saving time data...
Saved time data...
Accuracy 92 elapsed time: 0:00:00.919157
Time passed: 0:38:29.148543

Current number of models: 16560
Remaining number of models: 5760
Loading ssl gs model...
Saving gs model...
Loading model...
Saving model...
Test set score: 0.82
Best parameters: {'criterion': 'gini', 'max_depth': 2, 'max_features': 'auto', 'min_samples_leaf': 1, 'n_estimators': 200, 'n_jobs': -1, 'oob_score': True, 'random_state': 42}
Best cross-validation score: 0.42
Out-of-Bag Prediction Score: 0.40
Saving scores...
Saving scores...
Saving scores...
Saved scores...
Saving time data...
Saving time data...
Saved time data...
Accuracy 93 elapsed time: 0:00:01.024630
Time passed: 0:38:30.287631

Current number of models: 16740
Remaining number of models: 5580
Loading ssl gs model...
Saving gs model...
Loading model...
Saving model...
Test set score: 0.82
Best parameters: {'criterion': 'gini', 'max_depth': 2, 'max_features': 'auto', 'min_samples_leaf': 1, 'n_estimators': 200, 'n_jobs': -1, 'oob_score': True, 'random_state': 42}
Best cross-validation score: 0.42
Out-of-Bag Prediction Score: 0.40
Saving scores...
Saving scores...
Saving scores...
Saved scores...
Saving time data...
Saving time data...
Saved time data...
Accuracy 94 elapsed time: 0:00:01.017480
Time passed: 0:38:31.410022

Current number of models: 16920
Remaining number of models: 5400
Loading ssl gs model...
Saving gs model...
Loading model...
Saving model...
Test set score: 0.82
Best parameters: {'criterion': 'gini', 'max_depth': 2, 'max_features': 'auto', 'min_samples_leaf': 1, 'n_estimators': 200, 'n_jobs': -1, 'oob_score': True, 'random_state': 42}
Best cross-validation score: 0.42
Out-of-Bag Prediction Score: 0.40
Saving scores...
Saving scores...
Saving scores...
Saved scores...
Saving time data...
Saving time data...
Saved time data...
Accuracy 95 elapsed time: 0:00:01.073812
Time passed: 0:38:32.591745

Current number of models: 17100
Remaining number of models: 5220
Loading ssl gs model...
Saving gs model...
Loading model...
Saving model...
Test set score: 0.82
Best parameters: {'criterion': 'gini', 'max_depth': 2, 'max_features': 'auto', 'min_samples_leaf': 1, 'n_estimators': 200, 'n_jobs': -1, 'oob_score': True, 'random_state': 42}
Best cross-validation score: 0.42
Out-of-Bag Prediction Score: 0.40
Saving scores...
Saving scores...
Saving scores...
Saved scores...
Saving time data...
Saving time data...
Saved time data...
Accuracy 96 elapsed time: 0:00:00.991667
Time passed: 0:38:33.689298

Current number of models: 17280
Remaining number of models: 5040
Loading ssl gs model...
Saving gs model...
Loading model...
Saving model...
Test set score: 0.82
Best parameters: {'criterion': 'gini', 'max_depth': 2, 'max_features': 'auto', 'min_samples_leaf': 1, 'n_estimators': 200, 'n_jobs': -1, 'oob_score': True, 'random_state': 42}
Best cross-validation score: 0.42
Out-of-Bag Prediction Score: 0.40
Saving scores...
Saving scores...
Saving scores...
Saved scores...
Saving time data...
Saving time data...
Saved time data...
Accuracy 97 elapsed time: 0:00:00.821896
Time passed: 0:38:34.623638

Current number of models: 17460
Remaining number of models: 4860
Loading ssl gs model...
Saving gs model...
Loading model...
Saving model...
Test set score: 0.82
Best parameters: {'criterion': 'gini', 'max_depth': 2, 'max_features': 'auto', 'min_samples_leaf': 1, 'n_estimators': 200, 'n_jobs': -1, 'oob_score': True, 'random_state': 42}
Best cross-validation score: 0.42
Out-of-Bag Prediction Score: 0.40
Saving scores...
Saving scores...
Saving scores...
Saved scores...
Saving time data...
Saving time data...
Saved time data...
Accuracy 98 elapsed time: 0:00:00.999642
Time passed: 0:38:35.736302

Current number of models: 17640
Remaining number of models: 4680
Loading ssl gs model...
Saving gs model...
Loading model...
Saving model...
Test set score: 0.82
Best parameters: {'criterion': 'gini', 'max_depth': 2, 'max_features': 'auto', 'min_samples_leaf': 1, 'n_estimators': 200, 'n_jobs': -1, 'oob_score': True, 'random_state': 42}
Best cross-validation score: 0.42
Out-of-Bag Prediction Score: 0.40
Saving scores...
Saving scores...
Saving scores...
Saved scores...
Saving time data...
Saving time data...
Saved time data...
Accuracy 99 elapsed time: 0:00:00.892117
Time passed: 0:38:36.735844

Current number of models: 17820
Remaining number of models: 4500
Loading ssl gs model...
Saving gs model...
Loading model...
Saving model...
Test set score: 0.82
Best parameters: {'criterion': 'gini', 'max_depth': 2, 'max_features': 'auto', 'min_samples_leaf': 1, 'n_estimators': 200, 'n_jobs': -1, 'oob_score': True, 'random_state': 42}
Best cross-validation score: 0.42
Out-of-Bag Prediction Score: 0.40
Saving scores...
Saving scores...
Saving scores...
Saved scores...
Saving time data...
Saving time data...
Saved time data...
Accuracy 100 elapsed time: 0:00:00.891979
Time passed: 0:38:37.744246

Current number of models: 18000
Remaining number of models: 4320
Loading ssl gs model...
Saving gs model...
Loading model...
Saving model...
Test set score: 0.82
Best parameters: {'criterion': 'gini', 'max_depth': 2, 'max_features': 'auto', 'min_samples_leaf': 1, 'n_estimators': 200, 'n_jobs': -1, 'oob_score': True, 'random_state': 42}
Best cross-validation score: 0.42
Out-of-Bag Prediction Score: 0.40
Saving scores...
Saving scores...
Saving scores...
Saved scores...
Saving time data...
Saving time data...
Saved time data...
Accuracy 101 elapsed time: 0:00:01.000736
Time passed: 0:38:38.854655

Current number of models: 18180
Remaining number of models: 4140
Loading ssl gs model...
Saving gs model...
Loading model...
Saving model...
Test set score: 0.82
Best parameters: {'criterion': 'gini', 'max_depth': 2, 'max_features': 'auto', 'min_samples_leaf': 1, 'n_estimators': 200, 'n_jobs': -1, 'oob_score': True, 'random_state': 42}
Best cross-validation score: 0.42
Out-of-Bag Prediction Score: 0.40
Saving scores...
Saving scores...
Saving scores...
Saved scores...
Saving time data...
Saving time data...
Saved time data...
Accuracy 102 elapsed time: 0:00:00.978513
Time passed: 0:38:39.937314

Current number of models: 18360
Remaining number of models: 3960
Loading ssl gs model...
Saving gs model...
Loading model...
Saving model...
Test set score: 0.82
Best parameters: {'criterion': 'gini', 'max_depth': 2, 'max_features': 'auto', 'min_samples_leaf': 1, 'n_estimators': 200, 'n_jobs': -1, 'oob_score': True, 'random_state': 42}
Best cross-validation score: 0.42
Out-of-Bag Prediction Score: 0.40
Saving scores...
Saving scores...
Saving scores...
Saved scores...
Saving time data...
Saving time data...
Saved time data...
Accuracy 103 elapsed time: 0:00:01.004052
Time passed: 0:38:41.067808

Current number of models: 18540
Remaining number of models: 3780
Loading ssl gs model...
Saving gs model...
Loading model...
Saving model...
Test set score: 0.82
Best parameters: {'criterion': 'gini', 'max_depth': 2, 'max_features': 'auto', 'min_samples_leaf': 1, 'n_estimators': 200, 'n_jobs': -1, 'oob_score': True, 'random_state': 42}
Best cross-validation score: 0.42
Out-of-Bag Prediction Score: 0.40
Saving scores...
Saving scores...
Saving scores...
Saved scores...
Saving time data...
Saving time data...
Saved time data...
Accuracy 104 elapsed time: 0:00:01.008671
Time passed: 0:38:42.182825

Current number of models: 18720
Remaining number of models: 3600
Loading ssl gs model...
Saving gs model...
Loading model...
Saving model...
Test set score: 0.82
Best parameters: {'criterion': 'gini', 'max_depth': 2, 'max_features': 'auto', 'min_samples_leaf': 1, 'n_estimators': 200, 'n_jobs': -1, 'oob_score': True, 'random_state': 42}
Best cross-validation score: 0.42
Out-of-Bag Prediction Score: 0.40
Saving scores...
Saving scores...
Saving scores...
Saved scores...
Saving time data...
Saving time data...
Saved time data...
Accuracy 105 elapsed time: 0:00:01.009491
Time passed: 0:38:43.300819

Current number of models: 18900
Remaining number of models: 3420
Loading ssl gs model...
Saving gs model...
Loading model...
Saving model...
Test set score: 0.82
Best parameters: {'criterion': 'gini', 'max_depth': 2, 'max_features': 'auto', 'min_samples_leaf': 1, 'n_estimators': 200, 'n_jobs': -1, 'oob_score': True, 'random_state': 42}
Best cross-validation score: 0.42
Out-of-Bag Prediction Score: 0.40
Saving scores...
Saving scores...
Saving scores...
Saved scores...
Saving time data...
Saving time data...
Saved time data...
Accuracy 106 elapsed time: 0:00:01.012617
Time passed: 0:38:44.416376

Current number of models: 19080
Remaining number of models: 3240
Loading ssl gs model...
Saving gs model...
Loading model...
Saving model...
Test set score: 0.82
Best parameters: {'criterion': 'gini', 'max_depth': 2, 'max_features': 'auto', 'min_samples_leaf': 1, 'n_estimators': 200, 'n_jobs': -1, 'oob_score': True, 'random_state': 42}
Best cross-validation score: 0.42
Out-of-Bag Prediction Score: 0.40
Saving scores...
Saving scores...
Saving scores...
Saved scores...
Saving time data...
Saving time data...
Saved time data...
Accuracy 107 elapsed time: 0:00:00.997921
Time passed: 0:38:45.519081

Current number of models: 19260
Remaining number of models: 3060
Loading ssl gs model...
Saving gs model...
Loading model...
Saving model...
Test set score: 0.82
Best parameters: {'criterion': 'gini', 'max_depth': 2, 'max_features': 'auto', 'min_samples_leaf': 1, 'n_estimators': 200, 'n_jobs': -1, 'oob_score': True, 'random_state': 42}
Best cross-validation score: 0.42
Out-of-Bag Prediction Score: 0.40
Saving scores...
Saving scores...
Saving scores...
Saved scores...
Saving time data...
Saving time data...
Saved time data...
Accuracy 108 elapsed time: 0:00:01.046884
Time passed: 0:38:46.699090

Current number of models: 19440
Remaining number of models: 2880
Loading ssl gs model...
Saving gs model...
Loading model...
Saving model...
Test set score: 0.82
Best parameters: {'criterion': 'gini', 'max_depth': 2, 'max_features': 'auto', 'min_samples_leaf': 1, 'n_estimators': 200, 'n_jobs': -1, 'oob_score': True, 'random_state': 42}
Best cross-validation score: 0.42
Out-of-Bag Prediction Score: 0.40
Saving scores...
Saving scores...
Saving scores...
Saved scores...
Saving time data...
Saving time data...
Saved time data...
Accuracy 109 elapsed time: 0:00:00.723312
Time passed: 0:38:47.559899

Current number of models: 19620
Remaining number of models: 2700
Loading ssl gs model...
Saving gs model...
Loading model...
Saving model...
Test set score: 0.82
Best parameters: {'criterion': 'gini', 'max_depth': 2, 'max_features': 'auto', 'min_samples_leaf': 1, 'n_estimators': 200, 'n_jobs': -1, 'oob_score': True, 'random_state': 42}
Best cross-validation score: 0.42
Out-of-Bag Prediction Score: 0.40
Saving scores...
Saving scores...
Saving scores...
Saved scores...
Saving time data...
Saving time data...
Saved time data...
Accuracy 110 elapsed time: 0:00:00.943879
Time passed: 0:38:48.641395

Current number of models: 19800
Remaining number of models: 2520
Loading ssl gs model...
Saving gs model...
Loading model...
Saving model...
Test set score: 0.82
Best parameters: {'criterion': 'gini', 'max_depth': 2, 'max_features': 'auto', 'min_samples_leaf': 1, 'n_estimators': 200, 'n_jobs': -1, 'oob_score': True, 'random_state': 42}
Best cross-validation score: 0.42
Out-of-Bag Prediction Score: 0.40
Saving scores...
Saving scores...
Saving scores...
Saved scores...
Saving time data...
Saving time data...
Saved time data...
Accuracy 111 elapsed time: 0:00:00.883425
Time passed: 0:38:49.648501

Current number of models: 19980
Remaining number of models: 2340
Loading ssl gs model...
Saving gs model...
Loading model...
Saving model...
Test set score: 0.82
Best parameters: {'criterion': 'gini', 'max_depth': 2, 'max_features': 'auto', 'min_samples_leaf': 1, 'n_estimators': 200, 'n_jobs': -1, 'oob_score': True, 'random_state': 42}
Best cross-validation score: 0.42
Out-of-Bag Prediction Score: 0.40
Saving scores...
Saving scores...
Saving scores...
Saved scores...
Saving time data...
Saving time data...
Saved time data...
Accuracy 112 elapsed time: 0:00:00.734395
Time passed: 0:38:50.502787

Current number of models: 20160
Remaining number of models: 2160
Loading ssl gs model...
Saving gs model...
Loading model...
Saving model...
Test set score: 0.82
Best parameters: {'criterion': 'gini', 'max_depth': 2, 'max_features': 'auto', 'min_samples_leaf': 1, 'n_estimators': 200, 'n_jobs': -1, 'oob_score': True, 'random_state': 42}
Best cross-validation score: 0.42
Out-of-Bag Prediction Score: 0.40
Saving scores...
Saving scores...
Saving scores...
Saved scores...
Saving time data...
Saving time data...
Saved time data...
Accuracy 113 elapsed time: 0:00:00.926756
Time passed: 0:38:51.545590

Current number of models: 20340
Remaining number of models: 1980
Loading ssl gs model...
Saving gs model...
Loading model...
Saving model...
Test set score: 0.82
Best parameters: {'criterion': 'gini', 'max_depth': 2, 'max_features': 'auto', 'min_samples_leaf': 1, 'n_estimators': 200, 'n_jobs': -1, 'oob_score': True, 'random_state': 42}
Best cross-validation score: 0.42
Out-of-Bag Prediction Score: 0.40
Saving scores...
Saving scores...
Saving scores...
Saved scores...
Saving time data...
Saving time data...
Saved time data...
Accuracy 114 elapsed time: 0:00:00.822521
Time passed: 0:38:52.480690

Current number of models: 20520
Remaining number of models: 1800
Loading ssl gs model...
Saving gs model...
Loading model...
Saving model...
Test set score: 0.82
Best parameters: {'criterion': 'gini', 'max_depth': 2, 'max_features': 'auto', 'min_samples_leaf': 1, 'n_estimators': 200, 'n_jobs': -1, 'oob_score': True, 'random_state': 42}
Best cross-validation score: 0.42
Out-of-Bag Prediction Score: 0.40
Saving scores...
Saving scores...
Saving scores...
Saved scores...
Saving time data...
Saving time data...
Saved time data...
Accuracy 115 elapsed time: 0:00:00.935790
Time passed: 0:38:53.529559

Current number of models: 20700
Remaining number of models: 1620
Loading ssl gs model...
Saving gs model...
Loading model...
Saving model...
Test set score: 0.82
Best parameters: {'criterion': 'gini', 'max_depth': 2, 'max_features': 'auto', 'min_samples_leaf': 1, 'n_estimators': 200, 'n_jobs': -1, 'oob_score': True, 'random_state': 42}
Best cross-validation score: 0.42
Out-of-Bag Prediction Score: 0.40
Saving scores...
Saving scores...
Saving scores...
Saved scores...
Saving time data...
Saving time data...
Saved time data...
Accuracy 116 elapsed time: 0:00:00.832584
Time passed: 0:38:54.476141

Current number of models: 20880
Remaining number of models: 1440
Loading ssl gs model...
Saving gs model...
Loading model...
Saving model...
Test set score: 0.82
Best parameters: {'criterion': 'gini', 'max_depth': 2, 'max_features': 'auto', 'min_samples_leaf': 1, 'n_estimators': 200, 'n_jobs': -1, 'oob_score': True, 'random_state': 42}
Best cross-validation score: 0.42
Out-of-Bag Prediction Score: 0.40
Saving scores...
Saving scores...
Saving scores...
Saved scores...
Saving time data...
Saving time data...
Saved time data...
Accuracy 117 elapsed time: 0:00:00.912530
Time passed: 0:38:55.507588

Current number of models: 21060
Remaining number of models: 1260
Loading ssl gs model...
Saving gs model...
Loading model...
Saving model...
Test set score: 0.82
Best parameters: {'criterion': 'gini', 'max_depth': 2, 'max_features': 'auto', 'min_samples_leaf': 1, 'n_estimators': 200, 'n_jobs': -1, 'oob_score': True, 'random_state': 42}
Best cross-validation score: 0.42
Out-of-Bag Prediction Score: 0.40
Saving scores...
Saving scores...
Saving scores...
Saved scores...
Saving time data...
Saving time data...
Saved time data...
Accuracy 118 elapsed time: 0:00:00.822661
Time passed: 0:38:56.436103

Current number of models: 21240
Remaining number of models: 1080
Loading ssl gs model...
Saving gs model...
Loading model...
Saving model...
Test set score: 0.82
Best parameters: {'criterion': 'gini', 'max_depth': 2, 'max_features': 'auto', 'min_samples_leaf': 1, 'n_estimators': 200, 'n_jobs': -1, 'oob_score': True, 'random_state': 42}
Best cross-validation score: 0.42
Out-of-Bag Prediction Score: 0.40
Saving scores...
Saving scores...
Saving scores...
Saved scores...
Saving time data...
Saving time data...
Saved time data...
Accuracy 119 elapsed time: 0:00:00.815563
Time passed: 0:38:57.360352

Current number of models: 21420
Remaining number of models: 900
Loading ssl gs model...
Saving gs model...
Loading model...
Saving model...
Test set score: 0.82
Best parameters: {'criterion': 'gini', 'max_depth': 2, 'max_features': 'auto', 'min_samples_leaf': 1, 'n_estimators': 200, 'n_jobs': -1, 'oob_score': True, 'random_state': 42}
Best cross-validation score: 0.42
Out-of-Bag Prediction Score: 0.40
Saving scores...
Saving scores...
Saving scores...
Saved scores...
Saving time data...
Saving time data...
Saved time data...
Accuracy 120 elapsed time: 0:00:00.904016
Time passed: 0:38:58.373667

Current number of models: 21600
Remaining number of models: 720
Loading ssl gs model...
Saving gs model...
Loading model...
Saving model...
Test set score: 0.82
Best parameters: {'criterion': 'gini', 'max_depth': 2, 'max_features': 'auto', 'min_samples_leaf': 1, 'n_estimators': 200, 'n_jobs': -1, 'oob_score': True, 'random_state': 42}
Best cross-validation score: 0.42
Out-of-Bag Prediction Score: 0.40
Saving scores...
Saving scores...
Saving scores...
Saved scores...
Saving time data...
Saving time data...
Saved time data...
Accuracy 121 elapsed time: 0:00:01.027780
Time passed: 0:38:59.507296

Current number of models: 21780
Remaining number of models: 540
Loading ssl gs model...
Saving gs model...
Loading model...
Saving model...
Test set score: 0.82
Best parameters: {'criterion': 'gini', 'max_depth': 2, 'max_features': 'auto', 'min_samples_leaf': 1, 'n_estimators': 200, 'n_jobs': -1, 'oob_score': True, 'random_state': 42}
Best cross-validation score: 0.42
Out-of-Bag Prediction Score: 0.40
Saving scores...
Saving scores...
Saving scores...
Saved scores...
Saving time data...
Saving time data...
Saved time data...
Accuracy 122 elapsed time: 0:00:01.229480
Time passed: 0:39:00.840476

Current number of models: 21960
Remaining number of models: 360
Loading ssl gs model...
Saving gs model...
Loading model...
Saving model...
Test set score: 0.82
Best parameters: {'criterion': 'gini', 'max_depth': 2, 'max_features': 'auto', 'min_samples_leaf': 1, 'n_estimators': 200, 'n_jobs': -1, 'oob_score': True, 'random_state': 42}
Best cross-validation score: 0.42
Out-of-Bag Prediction Score: 0.40
Saving scores...
Saving scores...
Saving scores...
Saved scores...
Saving time data...
Saving time data...
Saved time data...
Accuracy 123 elapsed time: 0:00:00.917360
Time passed: 0:39:01.869767

Current number of models: 22140
Remaining number of models: 180
Loading ssl gs model...
Saving gs model...
Loading model...
Saving model...
Test set score: 0.82
Best parameters: {'criterion': 'gini', 'max_depth': 2, 'max_features': 'auto', 'min_samples_leaf': 1, 'n_estimators': 200, 'n_jobs': -1, 'oob_score': True, 'random_state': 42}
Best cross-validation score: 0.42
Out-of-Bag Prediction Score: 0.40
Saving scores...
Saving scores...
Saving scores...
Saved scores...
Saving time data...
Saving time data...
Saved time data...
Accuracy 124 elapsed time: 0:00:00.903683
Time passed: 0:39:02.878873

---------- End Time - 2018-09-30 04:31:15.063295 ----------
Elapsed time: 0:39:02.988386
Loading model...
Number of AMBIGUOUS: 100
Number of anger: 455
Number of anticipation: 81
Number of disgust: 259
Number of fear: 117
Number of joy: 523
Number of sadness: 692
Number of surprise: 436
Number of trust: 337
Start time: 2018-09-30 05:10:49.430771
Saving final rfc model...
Saving final grid search model...
Loading model...
Number of AMBIGUOUS: 0
Number of anger: 822
Number of anticipation: 0
Number of disgust: 52
Number of fear: 0
Number of joy: 210
Number of sadness: 1416
Number of surprise: 319
Number of trust: 181

-------------------- SESSION - 2018-09-30 09:20 -------------------------
Checking time.txt file if empty...
time.txt not empty...
Reading time.txt file...
Fetched Elapsed Time Iteration  list...
Fetched Time Passed  list...
Checking scores.txt file if empty...
scores.txt not empty...
Reading scores.txt file...
Fetched Best Test Scores  list...
Fetched Best Cross-Validation Scores  list...
Fetched Out-of-bag Scores  list...
---------- Start Time - 2018-09-30 09:20:29.351049 ----------
Number of iterations: 0
Total number of models: 0
Checking iteration_counter.txt file if empty...
iteration_counter.txt not empty...
---------- End Time - 2018-09-30 09:20:29.351049 ----------
Elapsed time: 0:00:00.299873
Loading model...
Number of AMBIGUOUS: 100
Number of anger: 455
Number of anticipation: 81
Number of disgust: 259
Number of fear: 117
Number of joy: 523
Number of sadness: 692
Number of surprise: 436
Number of trust: 337
Start time: 2018-09-30 09:20:31.267313
Loading final rfc model...
Loading final grid search model...
Loading model...
Number of AMBIGUOUS: 0
Number of anger: 822
Number of anticipation: 0
Number of disgust: 52
Number of fear: 0
Number of joy: 210
Number of sadness: 1416
Number of surprise: 319
Number of trust: 181
