
-------------------- SESSION - 2018-09-29 20:42 -------------------------
Checking time.txt file if empty...
Initializing time.txt file...
Done initializing time.txt
Reading time.txt file...
Fetched Elapsed Time Iteration list...
Fetched Time Passed list...
Checking scores.txt file if empty...
Initializing scores.txt file...
Done initializing scores.txt
Reading scores.txt file...
Fetched Best Test Scores list...
Fetched Best Cross-Validation Scores list...
Fetched Out-of-bag Scores list...
---------- Start Time - 2018-09-29 20:42:23.056054 ----------
Number of iterations: 124
Total number of models: 22320
Checking iteration_counter.txt file if empty...
iteration_counter.txt not empty...
Current number of models: 0
Remaining number of models: 22320
Doing grid search...
Saving gs model...
Using best hyperparameters...
Saving model...
Test set score: 0.20
Best parameters: {'criterion': 'gini', 'max_depth': 2, 'max_features': 'auto', 'min_samples_leaf': 1, 'n_estimators': 100, 'n_jobs': -1, 'oob_score': True, 'random_state': 42}
Best cross-validation score: 0.42
Out-of-Bag Prediction Score: 0.40
Saving scores...
Saving scores...
Saving scores...
Saved scores...
Saving time data...
Saving time data...
Saved time data...
Accuracy 1 elapsed time: 0:27:07.274708
Time passed: 0:27:07.280389

Current number of models: 180
Remaining number of models: 22140
Loading ssl gs model...
Doing grid search...
Saving gs model...
Loading model...
Using best hyperparameters...
Saving model...
Test set score: 0.33
Best parameters: {'criterion': 'gini', 'max_depth': 2, 'max_features': 'auto', 'min_samples_leaf': 1, 'n_estimators': 500, 'n_jobs': -1, 'oob_score': True, 'random_state': 42}
Best cross-validation score: 0.41
Out-of-Bag Prediction Score: 0.40
Saving scores...
Saving scores...
Saving scores...
Saved scores...
Saving time data...
Saving time data...
Saved time data...
Accuracy 2 elapsed time: 0:27:18.175628
Time passed: 0:54:26.264278

Current number of models: 360
Remaining number of models: 21960
Loading ssl gs model...
Doing grid search...
Saving gs model...
Loading model...
Using best hyperparameters...
Saving model...
Test set score: 0.36
Best parameters: {'criterion': 'gini', 'max_depth': 2, 'max_features': 'auto', 'min_samples_leaf': 1, 'n_estimators': 200, 'n_jobs': -1, 'oob_score': True, 'random_state': 42}
Best cross-validation score: 0.42
Out-of-Bag Prediction Score: 0.39
Saving scores...
Saving scores...
Saving scores...
Saved scores...
Saving time data...
Saving time data...
Saved time data...
Accuracy 3 elapsed time: 0:27:21.112222
Time passed: 1:21:47.479306

Current number of models: 540
Remaining number of models: 21780
Loading ssl gs model...
Doing grid search...
Saving gs model...
Loading model...
Using best hyperparameters...
Saving model...
Test set score: 0.44
Best parameters: {'criterion': 'gini', 'max_depth': 2, 'max_features': 0.2, 'min_samples_leaf': 1, 'n_estimators': 500, 'n_jobs': -1, 'oob_score': True, 'random_state': 42}
Best cross-validation score: 0.43
Out-of-Bag Prediction Score: 0.42
Saving scores...
Saving scores...
Saving scores...
Saved scores...
Saving time data...
Saving time data...
Saved time data...
Accuracy 4 elapsed time: 0:27:25.739278
Time passed: 1:49:13.313970

Current number of models: 720
Remaining number of models: 21600
Loading ssl gs model...
Doing grid search...
Saving gs model...
Loading model...
Using best hyperparameters...
Saving model...
Test set score: 0.51
Best parameters: {'criterion': 'entropy', 'max_depth': 2, 'max_features': 'auto', 'min_samples_leaf': 1, 'n_estimators': 200, 'n_jobs': -1, 'oob_score': True, 'random_state': 42}
Best cross-validation score: 0.40
Out-of-Bag Prediction Score: 0.40
Saving scores...
Saving scores...
Saving scores...
Saved scores...
Saving time data...
Saving time data...
Saved time data...
Accuracy 5 elapsed time: 0:28:06.617908
Time passed: 2:17:20.023977

Current number of models: 900
Remaining number of models: 21420
Loading ssl gs model...
Doing grid search...
Saving gs model...
Loading model...
Using best hyperparameters...
Saving model...
Test set score: 0.55
Best parameters: {'criterion': 'gini', 'max_depth': 2, 'max_features': 'auto', 'min_samples_leaf': 1, 'n_estimators': 200, 'n_jobs': -1, 'oob_score': True, 'random_state': 42}
Best cross-validation score: 0.43
Out-of-Bag Prediction Score: 0.42
Saving scores...
Saving scores...
Saving scores...
Saved scores...
Saving time data...
Saving time data...
Saved time data...
Accuracy 6 elapsed time: 0:28:32.379122
Time passed: 2:45:52.496262

Current number of models: 1080
Remaining number of models: 21240
Loading ssl gs model...
Doing grid search...
Saving gs model...
Loading model...
Using best hyperparameters...
Saving model...
Test set score: 0.56
Best parameters: {'criterion': 'entropy', 'max_depth': 2, 'max_features': 0.2, 'min_samples_leaf': 1, 'n_estimators': 500, 'n_jobs': -1, 'oob_score': True, 'random_state': 42}
Best cross-validation score: 0.45
Out-of-Bag Prediction Score: 0.45
Saving scores...
Saving scores...
Saving scores...
Saved scores...
Saving time data...
Saving time data...
Saved time data...
Accuracy 7 elapsed time: 0:29:10.930149
Time passed: 3:15:03.519733

Current number of models: 1260
Remaining number of models: 21060
Loading ssl gs model...
Doing grid search...
Saving gs model...
Loading model...
Using best hyperparameters...
Saving model...
Test set score: 0.56
Best parameters: {'criterion': 'gini', 'max_depth': 2, 'max_features': 'auto', 'min_samples_leaf': 1, 'n_estimators': 200, 'n_jobs': -1, 'oob_score': True, 'random_state': 42}
Best cross-validation score: 0.45
Out-of-Bag Prediction Score: 0.43
Saving scores...
Saving scores...
Saving scores...
Saved scores...
Saving time data...
Saving time data...
Saved time data...
Accuracy 8 elapsed time: 0:29:30.051484
Time passed: 3:44:33.664714

Current number of models: 1440
Remaining number of models: 20880
Loading ssl gs model...
Doing grid search...
Saving gs model...
Loading model...
Using best hyperparameters...
Saving model...
Test set score: 0.54
Best parameters: {'criterion': 'entropy', 'max_depth': 2, 'max_features': 0.2, 'min_samples_leaf': 1, 'n_estimators': 500, 'n_jobs': -1, 'oob_score': True, 'random_state': 42}
Best cross-validation score: 0.44
Out-of-Bag Prediction Score: 0.43
Saving scores...
Saving scores...
Saving scores...
Saved scores...
Saving time data...
Saving time data...
Saved time data...
Accuracy 9 elapsed time: 0:29:56.887370
Time passed: 4:14:30.645450

Current number of models: 1620
Remaining number of models: 20700
Loading ssl gs model...
Doing grid search...
Saving gs model...
Loading model...
Using best hyperparameters...
Saving model...
Test set score: 0.54
Best parameters: {'criterion': 'gini', 'max_depth': 2, 'max_features': 'auto', 'min_samples_leaf': 1, 'n_estimators': 100, 'n_jobs': -1, 'oob_score': True, 'random_state': 42}
Best cross-validation score: 0.44
Out-of-Bag Prediction Score: 0.42
Saving scores...
Saving scores...
Saving scores...
Saved scores...
Saving time data...
Saving time data...
Saved time data...
Accuracy 10 elapsed time: 0:29:56.301561
Time passed: 4:44:27.040678

Current number of models: 1800
Remaining number of models: 20520
Loading ssl gs model...
Doing grid search...
Saving gs model...
Loading model...
Using best hyperparameters...
Saving model...
Test set score: 0.58
Best parameters: {'criterion': 'gini', 'max_depth': 2, 'max_features': 'auto', 'min_samples_leaf': 1, 'n_estimators': 500, 'n_jobs': -1, 'oob_score': True, 'random_state': 42}
Best cross-validation score: 0.43
Out-of-Bag Prediction Score: 0.43
Saving scores...
Saving scores...
Saving scores...
Saved scores...
Saving time data...
Saving time data...
Saved time data...
Accuracy 11 elapsed time: 0:30:29.495340
Time passed: 5:14:56.629471

Current number of models: 1980
Remaining number of models: 20340
Loading ssl gs model...
Doing grid search...
Saving gs model...
Loading model...
Using best hyperparameters...
Saving model...
Test set score: 0.57
Best parameters: {'criterion': 'gini', 'max_depth': 2, 'max_features': 0.2, 'min_samples_leaf': 1, 'n_estimators': 100, 'n_jobs': -1, 'oob_score': True, 'random_state': 42}
Best cross-validation score: 0.43
Out-of-Bag Prediction Score: 0.42
Saving scores...
Saving scores...
Saving scores...
Saved scores...
Saving time data...
Saving time data...
Saved time data...
Accuracy 12 elapsed time: 0:30:27.196373
Time passed: 5:45:23.918180

Current number of models: 2160
Remaining number of models: 20160
Loading ssl gs model...
Doing grid search...
Saving gs model...
Loading model...
Using best hyperparameters...
Saving model...
Test set score: 0.58
Best parameters: {'criterion': 'gini', 'max_depth': 2, 'max_features': 'auto', 'min_samples_leaf': 1, 'n_estimators': 200, 'n_jobs': -1, 'oob_score': True, 'random_state': 42}
Best cross-validation score: 0.44
Out-of-Bag Prediction Score: 0.42
Saving scores...
Saving scores...
Saving scores...
Saved scores...
Saving time data...
Saving time data...
Saved time data...
Accuracy 13 elapsed time: 0:30:15.013236
Time passed: 6:15:39.024169

Current number of models: 2340
Remaining number of models: 19980
Loading ssl gs model...
Doing grid search...
Saving gs model...
Loading model...
Using best hyperparameters...
Saving model...
Test set score: 0.60
Best parameters: {'criterion': 'gini', 'max_depth': 2, 'max_features': 'auto', 'min_samples_leaf': 1, 'n_estimators': 500, 'n_jobs': -1, 'oob_score': True, 'random_state': 42}
Best cross-validation score: 0.44
Out-of-Bag Prediction Score: 0.42
Saving scores...
Saving scores...
Saving scores...
Saved scores...
Saving time data...
Saving time data...
Saved time data...
Accuracy 14 elapsed time: 0:30:24.501146
Time passed: 6:46:03.619129

Current number of models: 2520
Remaining number of models: 19800
Loading ssl gs model...
Doing grid search...
Saving gs model...
Loading model...
Using best hyperparameters...
Saving model...
Test set score: 0.60
Best parameters: {'criterion': 'gini', 'max_depth': 2, 'max_features': 'auto', 'min_samples_leaf': 1, 'n_estimators': 500, 'n_jobs': -1, 'oob_score': True, 'random_state': 42}
Best cross-validation score: 0.43
Out-of-Bag Prediction Score: 0.43
Saving scores...
Saving scores...
Saving scores...
Saved scores...
Saving time data...
Saving time data...
Saved time data...
Accuracy 15 elapsed time: 0:30:40.926639
Time passed: 7:16:44.637496

Current number of models: 2700
Remaining number of models: 19620
Loading ssl gs model...
Doing grid search...
Saving gs model...
Loading model...
Using best hyperparameters...
Saving model...
Test set score: 0.57
Best parameters: {'criterion': 'gini', 'max_depth': 2, 'max_features': 0.2, 'min_samples_leaf': 1, 'n_estimators': 100, 'n_jobs': -1, 'oob_score': True, 'random_state': 42}
Best cross-validation score: 0.44
Out-of-Bag Prediction Score: 0.43
Saving scores...
Saving scores...
Saving scores...
Saved scores...
Saving time data...
Saving time data...
Saved time data...
Accuracy 16 elapsed time: 0:31:38.197352
Time passed: 7:48:22.927944

Current number of models: 2880
Remaining number of models: 19440
Loading ssl gs model...
Doing grid search...
Saving gs model...
Loading model...
Using best hyperparameters...
Saving model...
Test set score: 0.59
Best parameters: {'criterion': 'gini', 'max_depth': 2, 'max_features': 0.2, 'min_samples_leaf': 1, 'n_estimators': 100, 'n_jobs': -1, 'oob_score': True, 'random_state': 42}
Best cross-validation score: 0.45
Out-of-Bag Prediction Score: 0.44
Saving scores...
Saving scores...
Saving scores...
Saved scores...
Saving time data...
Saving time data...
Saved time data...
Accuracy 17 elapsed time: 0:32:03.833110
Time passed: 8:20:26.864330

Current number of models: 3060
Remaining number of models: 19260
Loading ssl gs model...
Doing grid search...
Saving gs model...
Loading model...
Using best hyperparameters...
Saving model...
Test set score: 0.60
Best parameters: {'criterion': 'gini', 'max_depth': 2, 'max_features': 'auto', 'min_samples_leaf': 1, 'n_estimators': 100, 'n_jobs': -1, 'oob_score': True, 'random_state': 42}
Best cross-validation score: 0.46
Out-of-Bag Prediction Score: 0.45
Saving scores...
Saving scores...
Saving scores...
Saved scores...
Saving time data...
Saving time data...
Saved time data...
Accuracy 18 elapsed time: 0:32:34.556399
Time passed: 8:53:01.517161

Current number of models: 3240
Remaining number of models: 19080
Loading ssl gs model...
Doing grid search...
Saving gs model...
Loading model...
Using best hyperparameters...
Saving model...
Test set score: 0.60
Best parameters: {'criterion': 'gini', 'max_depth': 2, 'max_features': 'auto', 'min_samples_leaf': 1, 'n_estimators': 500, 'n_jobs': -1, 'oob_score': True, 'random_state': 42}
Best cross-validation score: 0.46
Out-of-Bag Prediction Score: 0.45
Saving scores...
Saving scores...
Saving scores...
Saved scores...
Saving time data...
Saving time data...
Saved time data...
Accuracy 19 elapsed time: 0:32:31.969513
Time passed: 9:25:33.580632

Current number of models: 3420
Remaining number of models: 18900
Loading ssl gs model...
Doing grid search...
Saving gs model...
Loading model...
Using best hyperparameters...
Saving model...
Test set score: 0.62
Best parameters: {'criterion': 'gini', 'max_depth': 2, 'max_features': 'auto', 'min_samples_leaf': 1, 'n_estimators': 100, 'n_jobs': -1, 'oob_score': True, 'random_state': 42}
Best cross-validation score: 0.43
Out-of-Bag Prediction Score: 0.42
Saving scores...
Saving scores...
Saving scores...
Saved scores...
Saving time data...
Saving time data...
Saved time data...
Accuracy 20 elapsed time: 0:32:24.953724
Time passed: 9:57:58.635907

Current number of models: 3600
Remaining number of models: 18720
Loading ssl gs model...
Doing grid search...
Saving gs model...
Loading model...
Using best hyperparameters...
Saving model...
Test set score: 0.62
Best parameters: {'criterion': 'gini', 'max_depth': 2, 'max_features': 0.2, 'min_samples_leaf': 1, 'n_estimators': 500, 'n_jobs': -1, 'oob_score': True, 'random_state': 42}
Best cross-validation score: 0.42
Out-of-Bag Prediction Score: 0.42
Saving scores...
Saving scores...
Saving scores...
Saved scores...
Saving time data...
Saving time data...
Saved time data...
Accuracy 21 elapsed time: 0:32:40.271814
Time passed: 10:30:39.001479

Current number of models: 3780
Remaining number of models: 18540
Loading ssl gs model...
Doing grid search...
Saving gs model...
Loading model...
Using best hyperparameters...
Saving model...
Test set score: 0.61
Best parameters: {'criterion': 'entropy', 'max_depth': 2, 'max_features': 'auto', 'min_samples_leaf': 1, 'n_estimators': 100, 'n_jobs': -1, 'oob_score': True, 'random_state': 42}
Best cross-validation score: 0.42
Out-of-Bag Prediction Score: 0.41
Saving scores...
Saving scores...
Saving scores...
Saved scores...
Saving time data...
Saving time data...
Saved time data...
Accuracy 22 elapsed time: 0:32:41.867963
Time passed: 11:03:20.971796

Current number of models: 3960
Remaining number of models: 18360
Loading ssl gs model...
Doing grid search...
Saving gs model...
Loading model...
Using best hyperparameters...
Saving model...
Test set score: 0.62
Best parameters: {'criterion': 'gini', 'max_depth': 2, 'max_features': 'auto', 'min_samples_leaf': 1, 'n_estimators': 500, 'n_jobs': -1, 'oob_score': True, 'random_state': 42}
Best cross-validation score: 0.41
Out-of-Bag Prediction Score: 0.41
Saving scores...
Saving scores...
Saving scores...
Saved scores...
Saving time data...
Saving time data...
Saved time data...
Accuracy 23 elapsed time: 0:32:44.922275
Time passed: 11:36:05.989041

Current number of models: 4140
Remaining number of models: 18180
Loading ssl gs model...
Doing grid search...
Saving gs model...
Loading model...
Using best hyperparameters...
Saving model...
Test set score: 0.64
Best parameters: {'criterion': 'gini', 'max_depth': 2, 'max_features': 'auto', 'min_samples_leaf': 1, 'n_estimators': 500, 'n_jobs': -1, 'oob_score': True, 'random_state': 42}
Best cross-validation score: 0.42
Out-of-Bag Prediction Score: 0.42
Saving scores...
Saving scores...
Saving scores...
Saved scores...
Saving time data...
Saving time data...
Saved time data...
Accuracy 24 elapsed time: 0:33:11.775034
Time passed: 12:09:17.931375

Current number of models: 4320
Remaining number of models: 18000
Loading ssl gs model...
Doing grid search...
Saving gs model...
Loading model...
Using best hyperparameters...
Saving model...
Test set score: 0.64
Best parameters: {'criterion': 'gini', 'max_depth': 2, 'max_features': 'auto', 'min_samples_leaf': 1, 'n_estimators': 100, 'n_jobs': -1, 'oob_score': True, 'random_state': 42}
Best cross-validation score: 0.40
Out-of-Bag Prediction Score: 0.39
Saving scores...
Saving scores...
Saving scores...
Saved scores...
Saving time data...
Saving time data...
Saved time data...
Accuracy 25 elapsed time: 0:33:07.291049
Time passed: 12:42:25.316540

Current number of models: 4500
Remaining number of models: 17820
Loading ssl gs model...
Doing grid search...
Saving gs model...
Loading model...
Using best hyperparameters...
Saving model...
Test set score: 0.65
Best parameters: {'criterion': 'gini', 'max_depth': 2, 'max_features': 'auto', 'min_samples_leaf': 1, 'n_estimators': 100, 'n_jobs': -1, 'oob_score': True, 'random_state': 42}
Best cross-validation score: 0.42
Out-of-Bag Prediction Score: 0.41
Saving scores...
Saving scores...
Saving scores...
Saved scores...
Saving time data...
Saving time data...
Saved time data...
Accuracy 26 elapsed time: 0:35:11.185238
Time passed: 13:17:36.599064

Current number of models: 4680
Remaining number of models: 17640
Loading ssl gs model...
Doing grid search...
Saving gs model...
Loading model...
Using best hyperparameters...
Saving model...
Test set score: 0.68
Best parameters: {'criterion': 'gini', 'max_depth': 2, 'max_features': 'auto', 'min_samples_leaf': 1, 'n_estimators': 500, 'n_jobs': -1, 'oob_score': True, 'random_state': 42}
Best cross-validation score: 0.41
Out-of-Bag Prediction Score: 0.41
Saving scores...
Saving scores...
Saving scores...
Saved scores...
Saving time data...
Saving time data...
Saved time data...
Accuracy 27 elapsed time: 0:35:20.919763
Time passed: 13:52:57.647013

Current number of models: 4860
Remaining number of models: 17460
Loading ssl gs model...
Doing grid search...
Saving gs model...
Loading model...
Using best hyperparameters...
Saving model...
Test set score: 0.66
Best parameters: {'criterion': 'gini', 'max_depth': 2, 'max_features': 'auto', 'min_samples_leaf': 1, 'n_estimators': 100, 'n_jobs': -1, 'oob_score': True, 'random_state': 42}
Best cross-validation score: 0.41
Out-of-Bag Prediction Score: 0.40
Saving scores...
Saving scores...
Saving scores...
Saved scores...
Saving time data...
Saving time data...
Saved time data...
Accuracy 28 elapsed time: 0:35:21.320330
Time passed: 14:28:19.063501

Current number of models: 5040
Remaining number of models: 17280
Loading ssl gs model...
Doing grid search...
Saving gs model...
Loading model...
Using best hyperparameters...
Saving model...
Test set score: 0.66
Best parameters: {'criterion': 'gini', 'max_depth': 2, 'max_features': 'auto', 'min_samples_leaf': 1, 'n_estimators': 200, 'n_jobs': -1, 'oob_score': True, 'random_state': 42}
Best cross-validation score: 0.43
Out-of-Bag Prediction Score: 0.42
Saving scores...
Saving scores...
Saving scores...
Saved scores...
Saving time data...
Saving time data...
Saved time data...
Accuracy 29 elapsed time: 0:35:27.769919
Time passed: 15:03:46.933553

Current number of models: 5220
Remaining number of models: 17100
Loading ssl gs model...
Doing grid search...
Saving gs model...
Loading model...
Using best hyperparameters...
Saving model...
Test set score: 0.68
Best parameters: {'criterion': 'gini', 'max_depth': 2, 'max_features': 'auto', 'min_samples_leaf': 1, 'n_estimators': 100, 'n_jobs': -1, 'oob_score': True, 'random_state': 42}
Best cross-validation score: 0.43
Out-of-Bag Prediction Score: 0.42
Saving scores...
Saving scores...
Saving scores...
Saved scores...
Saving time data...
Saving time data...
Saved time data...
Accuracy 30 elapsed time: 0:35:21.179024
Time passed: 15:39:08.220306

Current number of models: 5400
Remaining number of models: 16920
Loading ssl gs model...
Doing grid search...
Saving gs model...
Loading model...
Using best hyperparameters...
Saving model...
Test set score: 0.68
Best parameters: {'criterion': 'gini', 'max_depth': 2, 'max_features': 'auto', 'min_samples_leaf': 1, 'n_estimators': 200, 'n_jobs': -1, 'oob_score': True, 'random_state': 42}
Best cross-validation score: 0.42
Out-of-Bag Prediction Score: 0.41
Saving scores...
Saving scores...
Saving scores...
Saved scores...
Saving time data...
Saving time data...
Saved time data...
Accuracy 31 elapsed time: 0:35:25.622193
Time passed: 16:14:33.940366

Current number of models: 5580
Remaining number of models: 16740
Loading ssl gs model...
Doing grid search...
Saving gs model...
Loading model...
Using best hyperparameters...
Saving model...
Test set score: 0.70
Best parameters: {'criterion': 'gini', 'max_depth': 2, 'max_features': 'auto', 'min_samples_leaf': 1, 'n_estimators': 500, 'n_jobs': -1, 'oob_score': True, 'random_state': 42}
Best cross-validation score: 0.42
Out-of-Bag Prediction Score: 0.41
Saving scores...
Saving scores...
Saving scores...
Saved scores...
Saving time data...
Saving time data...
Saved time data...
Accuracy 32 elapsed time: 0:35:37.720594
Time passed: 16:50:11.754903

Current number of models: 5760
Remaining number of models: 16560
Loading ssl gs model...
Doing grid search...
Saving gs model...
Loading model...
Using best hyperparameters...
Saving model...
Test set score: 0.68
Best parameters: {'criterion': 'gini', 'max_depth': 2, 'max_features': 'auto', 'min_samples_leaf': 1, 'n_estimators': 200, 'n_jobs': -1, 'oob_score': True, 'random_state': 42}
Best cross-validation score: 0.42
Out-of-Bag Prediction Score: 0.42
Saving scores...
Saving scores...
Saving scores...
Saved scores...
Saving time data...
Saving time data...
Saved time data...
Accuracy 33 elapsed time: 0:35:34.565581
Time passed: 17:25:46.424819

Current number of models: 5940
Remaining number of models: 16380
Loading ssl gs model...
Doing grid search...
Saving gs model...
Loading model...
Using best hyperparameters...
Saving model...
Test set score: 0.69
Best parameters: {'criterion': 'gini', 'max_depth': 2, 'max_features': 'auto', 'min_samples_leaf': 1, 'n_estimators': 100, 'n_jobs': -1, 'oob_score': True, 'random_state': 42}
Best cross-validation score: 0.40
Out-of-Bag Prediction Score: 0.39
Saving scores...
Saving scores...
Saving scores...
Saved scores...
Saving time data...
Saving time data...
Saved time data...
Accuracy 34 elapsed time: 0:35:43.687038
Time passed: 18:01:30.216927

Current number of models: 6120
Remaining number of models: 16200
Loading ssl gs model...
Doing grid search...
Saving gs model...
Loading model...
Using best hyperparameters...
Saving model...
Test set score: 0.69
Best parameters: {'criterion': 'gini', 'max_depth': 2, 'max_features': 'auto', 'min_samples_leaf': 1, 'n_estimators': 100, 'n_jobs': -1, 'oob_score': True, 'random_state': 42}
Best cross-validation score: 0.42
Out-of-Bag Prediction Score: 0.42
Saving scores...
Saving scores...
Saving scores...
Saved scores...
Saving time data...
Saving time data...
Saved time data...
Accuracy 35 elapsed time: 0:35:50.425701
Time passed: 18:37:20.770711

Current number of models: 6300
Remaining number of models: 16020
Loading ssl gs model...
Doing grid search...
Saving gs model...
Loading model...
Using best hyperparameters...
Saving model...
Test set score: 0.70
Best parameters: {'criterion': 'gini', 'max_depth': 2, 'max_features': 'auto', 'min_samples_leaf': 1, 'n_estimators': 500, 'n_jobs': -1, 'oob_score': True, 'random_state': 42}
Best cross-validation score: 0.42
Out-of-Bag Prediction Score: 0.42
Saving scores...
Saving scores...
Saving scores...
Saved scores...
Saving time data...
Saving time data...
Saved time data...
Accuracy 36 elapsed time: 0:35:29.039320
Time passed: 19:12:49.940710

Current number of models: 6480
Remaining number of models: 15840
Loading ssl gs model...
Doing grid search...
Saving gs model...
Loading model...
Using best hyperparameters...
Saving model...
Test set score: 0.70
Best parameters: {'criterion': 'gini', 'max_depth': 2, 'max_features': 'auto', 'min_samples_leaf': 1, 'n_estimators': 100, 'n_jobs': -1, 'oob_score': True, 'random_state': 42}
Best cross-validation score: 0.41
Out-of-Bag Prediction Score: 0.40
Saving scores...
Saving scores...
Saving scores...
Saved scores...
Saving time data...
Saving time data...
Saved time data...
Accuracy 37 elapsed time: 0:35:35.865765
Time passed: 19:48:25.906468

Current number of models: 6660
Remaining number of models: 15660
Loading ssl gs model...
Doing grid search...
Saving gs model...
Loading model...
Using best hyperparameters...
Saving model...
Test set score: 0.70
Best parameters: {'criterion': 'gini', 'max_depth': 2, 'max_features': 'auto', 'min_samples_leaf': 1, 'n_estimators': 200, 'n_jobs': -1, 'oob_score': True, 'random_state': 42}
Best cross-validation score: 0.42
Out-of-Bag Prediction Score: 0.42
Saving scores...
Saving scores...
Saving scores...
Saved scores...
Saving time data...
Saving time data...
Saved time data...
Accuracy 38 elapsed time: 0:35:35.292822
Time passed: 20:24:01.316600

Current number of models: 6840
Remaining number of models: 15480
Loading ssl gs model...
Doing grid search...
Saving gs model...
Loading model...
Using best hyperparameters...
Saving model...
Test set score: 0.69
Best parameters: {'criterion': 'gini', 'max_depth': 2, 'max_features': 'auto', 'min_samples_leaf': 1, 'n_estimators': 200, 'n_jobs': -1, 'oob_score': True, 'random_state': 42}
Best cross-validation score: 0.42
Out-of-Bag Prediction Score: 0.42
Saving scores...
Saving scores...
Saving scores...
Saved scores...
Saving time data...
Saving time data...
Saved time data...
Accuracy 39 elapsed time: 0:35:33.012315
Time passed: 20:59:34.424736

Current number of models: 7020
Remaining number of models: 15300
Loading ssl gs model...
Doing grid search...
Saving gs model...
Loading model...
Using best hyperparameters...
Saving model...
Test set score: 0.71
Best parameters: {'criterion': 'gini', 'max_depth': 2, 'max_features': 'auto', 'min_samples_leaf': 1, 'n_estimators': 500, 'n_jobs': -1, 'oob_score': True, 'random_state': 42}
Best cross-validation score: 0.43
Out-of-Bag Prediction Score: 0.42
Saving scores...
Saving scores...
Saving scores...
Saved scores...
Saving time data...
Saving time data...
Saved time data...
Accuracy 40 elapsed time: 0:35:45.044022
Time passed: 21:35:19.686279

Current number of models: 7200
Remaining number of models: 15120
Loading ssl gs model...
Doing grid search...
Saving gs model...
Loading model...
Using best hyperparameters...
Saving model...
Test set score: 0.70
Best parameters: {'criterion': 'gini', 'max_depth': 2, 'max_features': 'auto', 'min_samples_leaf': 3, 'n_estimators': 500, 'n_jobs': -1, 'oob_score': True, 'random_state': 42}
Best cross-validation score: 0.42
Out-of-Bag Prediction Score: 0.42
Saving scores...
Saving scores...
Saving scores...
Saved scores...
Saving time data...
Saving time data...
Saved time data...
Accuracy 41 elapsed time: 0:35:46.372604
Time passed: 22:11:06.156141

Current number of models: 7380
Remaining number of models: 14940
Loading ssl gs model...
Doing grid search...
Saving gs model...
Loading model...
Using best hyperparameters...
Saving model...
Test set score: 0.72
Best parameters: {'criterion': 'gini', 'max_depth': 2, 'max_features': 'auto', 'min_samples_leaf': 1, 'n_estimators': 500, 'n_jobs': -1, 'oob_score': True, 'random_state': 42}
Best cross-validation score: 0.41
Out-of-Bag Prediction Score: 0.42
Saving scores...
Saving scores...
Saving scores...
Saved scores...
Saving time data...
Saving time data...
Saved time data...
Accuracy 42 elapsed time: 0:35:39.126445
Time passed: 22:46:45.380237

Current number of models: 7560
Remaining number of models: 14760
Loading ssl gs model...
Doing grid search...
Saving gs model...
Loading model...
Using best hyperparameters...
Saving model...
Test set score: 0.71
Best parameters: {'criterion': 'entropy', 'max_depth': 2, 'max_features': 'auto', 'min_samples_leaf': 1, 'n_estimators': 200, 'n_jobs': -1, 'oob_score': True, 'random_state': 42}
Best cross-validation score: 0.41
Out-of-Bag Prediction Score: 0.41
Saving scores...
Saving scores...
Saving scores...
Saved scores...
Saving time data...
Saving time data...
Saved time data...
Accuracy 43 elapsed time: 0:36:16.191167
Time passed: 23:23:01.666227

Current number of models: 7740
Remaining number of models: 14580
Loading ssl gs model...
Doing grid search...
Saving gs model...
Loading model...
Using best hyperparameters...
Saving model...
Test set score: 0.72
Best parameters: {'criterion': 'gini', 'max_depth': 2, 'max_features': 'auto', 'min_samples_leaf': 1, 'n_estimators': 200, 'n_jobs': -1, 'oob_score': True, 'random_state': 42}
Best cross-validation score: 0.42
Out-of-Bag Prediction Score: 0.42
Saving scores...
Saving scores...
Saving scores...
Saved scores...
Saving time data...
Saving time data...
Saved time data...
Accuracy 44 elapsed time: 0:36:32.107176
Time passed: 23:59:33.867599

Current number of models: 7920
Remaining number of models: 14400
Loading ssl gs model...
Doing grid search...
Saving gs model...
Loading model...
Using best hyperparameters...
Saving model...
Test set score: 0.72
Best parameters: {'criterion': 'gini', 'max_depth': 2, 'max_features': 'auto', 'min_samples_leaf': 1, 'n_estimators': 100, 'n_jobs': -1, 'oob_score': True, 'random_state': 42}
Best cross-validation score: 0.42
Out-of-Bag Prediction Score: 0.41
Saving scores...
Saving scores...
Saving scores...
Saved scores...
Saving time data...
Saving time data...
Saved time data...
Accuracy 45 elapsed time: 0:36:47.274704
Time passed: 1 day, 0:36:21.235774

Current number of models: 8100
Remaining number of models: 14220
Loading ssl gs model...
Doing grid search...
Saving gs model...
Loading model...
Using best hyperparameters...
Saving model...
Test set score: 0.72
Best parameters: {'criterion': 'entropy', 'max_depth': 2, 'max_features': 'auto', 'min_samples_leaf': 1, 'n_estimators': 500, 'n_jobs': -1, 'oob_score': True, 'random_state': 42}
Best cross-validation score: 0.41
Out-of-Bag Prediction Score: 0.41
Saving scores...
Saving scores...
Saving scores...
Saved scores...
Saving time data...
Saving time data...
Saved time data...
Accuracy 46 elapsed time: 0:36:55.559896
Time passed: 1 day, 1:13:16.951368

Current number of models: 8280
Remaining number of models: 14040
Loading ssl gs model...
Doing grid search...
Saving gs model...
Loading model...
Using best hyperparameters...
Saving model...
Test set score: 0.72
Best parameters: {'criterion': 'gini', 'max_depth': 2, 'max_features': 'auto', 'min_samples_leaf': 1, 'n_estimators': 500, 'n_jobs': -1, 'oob_score': True, 'random_state': 42}
Best cross-validation score: 0.42
Out-of-Bag Prediction Score: 0.41
Saving scores...
Saving scores...
Saving scores...
Saved scores...
Saving time data...
Saving time data...
Saved time data...
Accuracy 47 elapsed time: 0:36:53.295490
Time passed: 1 day, 1:50:10.347256

Current number of models: 8460
Remaining number of models: 13860
Loading ssl gs model...
Doing grid search...
Saving gs model...
Loading model...
Using best hyperparameters...
Saving model...
Test set score: 0.69
Best parameters: {'criterion': 'gini', 'max_depth': 2, 'max_features': 'auto', 'min_samples_leaf': 1, 'n_estimators': 200, 'n_jobs': -1, 'oob_score': True, 'random_state': 42}
Best cross-validation score: 0.41
Out-of-Bag Prediction Score: 0.40
Saving scores...
Saving scores...
Saving scores...
Saved scores...
Saving time data...
Saving time data...
Saved time data...
Accuracy 48 elapsed time: 0:37:11.041147
Time passed: 1 day, 2:27:21.540225

Current number of models: 8640
Remaining number of models: 13680
Loading ssl gs model...
Doing grid search...
Saving gs model...
Loading model...
Using best hyperparameters...
Saving model...
Test set score: 0.69
Best parameters: {'criterion': 'gini', 'max_depth': 2, 'max_features': 'auto', 'min_samples_leaf': 1, 'n_estimators': 200, 'n_jobs': -1, 'oob_score': True, 'random_state': 42}
Best cross-validation score: 0.41
Out-of-Bag Prediction Score: 0.41
Saving scores...
Saving scores...
Saving scores...
Saved scores...
Saving time data...
Saving time data...
Saved time data...
Accuracy 49 elapsed time: 0:37:17.489095
Time passed: 1 day, 3:04:39.160597

Current number of models: 8820
Remaining number of models: 13500
Loading ssl gs model...
Doing grid search...
Saving gs model...
Loading model...
Using best hyperparameters...
Saving model...
Test set score: 0.72
Best parameters: {'criterion': 'gini', 'max_depth': 2, 'max_features': 'auto', 'min_samples_leaf': 1, 'n_estimators': 500, 'n_jobs': -1, 'oob_score': True, 'random_state': 42}
Best cross-validation score: 0.41
Out-of-Bag Prediction Score: 0.41
Saving scores...
Saving scores...
Saving scores...
Saved scores...
Saving time data...
Saving time data...
Saved time data...
Accuracy 50 elapsed time: 0:37:19.446295
Time passed: 1 day, 3:41:58.703226

Current number of models: 9000
Remaining number of models: 13320
Loading ssl gs model...
Doing grid search...
Saving gs model...
Loading model...
Using best hyperparameters...
Saving model...
Test set score: 0.71
Best parameters: {'criterion': 'gini', 'max_depth': 2, 'max_features': 'auto', 'min_samples_leaf': 1, 'n_estimators': 500, 'n_jobs': -1, 'oob_score': True, 'random_state': 42}
Best cross-validation score: 0.43
Out-of-Bag Prediction Score: 0.42
Saving scores...
Saving scores...
Saving scores...
Saved scores...
Saving time data...
Saving time data...
Saved time data...
Accuracy 51 elapsed time: 0:37:30.384907
Time passed: 1 day, 4:19:29.184380

Current number of models: 9180
Remaining number of models: 13140
Loading ssl gs model...
Doing grid search...
Saving gs model...
Loading model...
Using best hyperparameters...
Saving model...
Test set score: 0.72
Best parameters: {'criterion': 'gini', 'max_depth': 2, 'max_features': 'auto', 'min_samples_leaf': 1, 'n_estimators': 500, 'n_jobs': -1, 'oob_score': True, 'random_state': 42}
Best cross-validation score: 0.42
Out-of-Bag Prediction Score: 0.41
Saving scores...
Saving scores...
Saving scores...
Saved scores...
Saving time data...
Saving time data...
Saved time data...
Accuracy 52 elapsed time: 0:38:12.158254
Time passed: 1 day, 4:57:41.568644

Current number of models: 9360
Remaining number of models: 12960
Loading ssl gs model...
Doing grid search...
Saving gs model...
Loading model...
Using best hyperparameters...
Saving model...
Test set score: 0.72
Best parameters: {'criterion': 'gini', 'max_depth': 2, 'max_features': 'auto', 'min_samples_leaf': 1, 'n_estimators': 100, 'n_jobs': -1, 'oob_score': True, 'random_state': 42}
Best cross-validation score: 0.43
Out-of-Bag Prediction Score: 0.42
Saving scores...
Saving scores...
Saving scores...
Saved scores...
Saving time data...
Saving time data...
Saved time data...
Accuracy 53 elapsed time: 0:38:06.126097
Time passed: 1 day, 5:35:47.795414

Current number of models: 9540
Remaining number of models: 12780
Loading ssl gs model...
Doing grid search...
Saving gs model...
Loading model...
Using best hyperparameters...
Saving model...
Test set score: 0.70
Best parameters: {'criterion': 'gini', 'max_depth': 2, 'max_features': 'auto', 'min_samples_leaf': 1, 'n_estimators': 200, 'n_jobs': -1, 'oob_score': True, 'random_state': 42}
Best cross-validation score: 0.43
Out-of-Bag Prediction Score: 0.41
Saving scores...
Saving scores...
Saving scores...
Saved scores...
Saving time data...
Saving time data...
Saved time data...
Accuracy 54 elapsed time: 0:38:09.737288
Time passed: 1 day, 6:13:57.628360

Current number of models: 9720
Remaining number of models: 12600
Loading ssl gs model...
Doing grid search...
Saving gs model...
Loading model...
Using best hyperparameters...
Saving model...
Test set score: 0.73
Best parameters: {'criterion': 'gini', 'max_depth': 2, 'max_features': 'auto', 'min_samples_leaf': 1, 'n_estimators': 200, 'n_jobs': -1, 'oob_score': True, 'random_state': 42}
Best cross-validation score: 0.43
Out-of-Bag Prediction Score: 0.42
Saving scores...
Saving scores...
Saving scores...
Saved scores...
Saving time data...
Saving time data...
Saved time data...
Accuracy 55 elapsed time: 0:38:03.588194
Time passed: 1 day, 6:52:01.317120

Current number of models: 9900
Remaining number of models: 12420
Loading ssl gs model...
Doing grid search...
Saving gs model...
Loading model...
Using best hyperparameters...
Saving model...
Test set score: 0.71
Best parameters: {'criterion': 'gini', 'max_depth': 2, 'max_features': 'auto', 'min_samples_leaf': 1, 'n_estimators': 500, 'n_jobs': -1, 'oob_score': True, 'random_state': 42}
Best cross-validation score: 0.42
Out-of-Bag Prediction Score: 0.42
Saving scores...
Saving scores...
Saving scores...
Saved scores...
Saving time data...
Saving time data...
Saved time data...
Accuracy 56 elapsed time: 0:38:08.195533
Time passed: 1 day, 7:30:09.629747

Current number of models: 10080
Remaining number of models: 12240
Loading ssl gs model...
Doing grid search...
Saving gs model...
Loading model...
Using best hyperparameters...
Saving model...
Test set score: 0.69
Best parameters: {'criterion': 'gini', 'max_depth': 2, 'max_features': 'auto', 'min_samples_leaf': 1, 'n_estimators': 500, 'n_jobs': -1, 'oob_score': True, 'random_state': 42}
Best cross-validation score: 0.43
Out-of-Bag Prediction Score: 0.43
Saving scores...
Saving scores...
Saving scores...
Saved scores...
Saving time data...
Saving time data...
Saved time data...
Accuracy 57 elapsed time: 0:38:39.965724
Time passed: 1 day, 8:08:49.708955

Current number of models: 10260
Remaining number of models: 12060
Loading ssl gs model...
Doing grid search...
Saving gs model...
Loading model...
Using best hyperparameters...
Saving model...
Test set score: 0.71
Best parameters: {'criterion': 'gini', 'max_depth': 2, 'max_features': 'auto', 'min_samples_leaf': 1, 'n_estimators': 500, 'n_jobs': -1, 'oob_score': True, 'random_state': 42}
Best cross-validation score: 0.43
Out-of-Bag Prediction Score: 0.43
Saving scores...
Saving scores...
Saving scores...
Saved scores...
Saving time data...
Saving time data...
Saved time data...
Accuracy 58 elapsed time: 0:38:32.399199
Time passed: 1 day, 8:47:22.212166

Current number of models: 10440
Remaining number of models: 11880
Loading ssl gs model...
Doing grid search...
Saving gs model...
Loading model...
Using best hyperparameters...
Saving model...
Test set score: 0.70
Best parameters: {'criterion': 'entropy', 'max_depth': 2, 'max_features': 'auto', 'min_samples_leaf': 1, 'n_estimators': 500, 'n_jobs': -1, 'oob_score': True, 'random_state': 42}
Best cross-validation score: 0.42
Out-of-Bag Prediction Score: 0.42
Saving scores...
Saving scores...
Saving scores...
Saved scores...
Saving time data...
Saving time data...
Saved time data...
Accuracy 59 elapsed time: 0:38:38.937804
Time passed: 1 day, 9:26:01.245857

Current number of models: 10620
Remaining number of models: 11700
Loading ssl gs model...
Doing grid search...
Saving gs model...
Loading model...
Using best hyperparameters...
Saving model...
Test set score: 0.71
Best parameters: {'criterion': 'gini', 'max_depth': 2, 'max_features': 'auto', 'min_samples_leaf': 1, 'n_estimators': 500, 'n_jobs': -1, 'oob_score': True, 'random_state': 42}
Best cross-validation score: 0.42
Out-of-Bag Prediction Score: 0.41
Saving scores...
Saving scores...
Saving scores...
Saved scores...
Saving time data...
Saving time data...
Saved time data...
Accuracy 60 elapsed time: 0:38:21.038263
Time passed: 1 day, 10:04:22.387977

Current number of models: 10800
Remaining number of models: 11520
Loading ssl gs model...
Doing grid search...
Saving gs model...
Loading model...
Using best hyperparameters...
Saving model...
Test set score: 0.69
Best parameters: {'criterion': 'gini', 'max_depth': 2, 'max_features': 'auto', 'min_samples_leaf': 1, 'n_estimators': 500, 'n_jobs': -1, 'oob_score': True, 'random_state': 42}
Best cross-validation score: 0.42
Out-of-Bag Prediction Score: 0.42
Saving scores...
Saving scores...
Saving scores...
Saved scores...
Saving time data...
Saving time data...
Saved time data...
Accuracy 61 elapsed time: 0:38:12.529019
Time passed: 1 day, 10:42:35.022944

Current number of models: 10980
Remaining number of models: 11340
Loading ssl gs model...
Doing grid search...
Saving gs model...
Loading model...
Using best hyperparameters...
Saving model...
Test set score: 0.71
Best parameters: {'criterion': 'gini', 'max_depth': 2, 'max_features': 'auto', 'min_samples_leaf': 1, 'n_estimators': 500, 'n_jobs': -1, 'oob_score': True, 'random_state': 42}
Best cross-validation score: 0.42
Out-of-Bag Prediction Score: 0.42
Saving scores...
Saving scores...
Saving scores...
Saved scores...
Saving time data...
Saving time data...
Saved time data...
Accuracy 62 elapsed time: 0:38:21.933304
Time passed: 1 day, 11:20:57.061842

Current number of models: 11160
Remaining number of models: 11160
Loading ssl gs model...
Doing grid search...
Saving gs model...
Loading model...
Using best hyperparameters...
Saving model...
Test set score: 0.69
Best parameters: {'criterion': 'gini', 'max_depth': 2, 'max_features': 'auto', 'min_samples_leaf': 1, 'n_estimators': 100, 'n_jobs': -1, 'oob_score': True, 'random_state': 42}
Best cross-validation score: 0.43
Out-of-Bag Prediction Score: 0.42
Saving scores...
Saving scores...
Saving scores...
Saved scores...
Saving time data...
Saving time data...
Saved time data...
Accuracy 63 elapsed time: 0:38:17.380070
Time passed: 1 day, 11:59:14.537210

Current number of models: 11340
Remaining number of models: 10980
Loading ssl gs model...
Doing grid search...
Saving gs model...
Loading model...
Using best hyperparameters...
Saving model...
Test set score: 0.70
Best parameters: {'criterion': 'gini', 'max_depth': 2, 'max_features': 'auto', 'min_samples_leaf': 1, 'n_estimators': 500, 'n_jobs': -1, 'oob_score': True, 'random_state': 42}
Best cross-validation score: 0.42
Out-of-Bag Prediction Score: 0.41
Saving scores...
Saving scores...
Saving scores...
Saved scores...
Saving time data...
Saving time data...
Saved time data...
Accuracy 64 elapsed time: 0:38:32.291866
Time passed: 1 day, 12:37:46.923866

Current number of models: 11520
Remaining number of models: 10800
Loading ssl gs model...
Doing grid search...
Saving gs model...
Loading model...
Using best hyperparameters...
Saving model...
Test set score: 0.70
Best parameters: {'criterion': 'gini', 'max_depth': 2, 'max_features': 'auto', 'min_samples_leaf': 1, 'n_estimators': 100, 'n_jobs': -1, 'oob_score': True, 'random_state': 42}
Best cross-validation score: 0.43
Out-of-Bag Prediction Score: 0.41
Saving scores...
Saving scores...
Saving scores...
Saved scores...
Saving time data...
Saving time data...
Saved time data...
Accuracy 65 elapsed time: 0:38:24.103195
Time passed: 1 day, 13:16:11.121765

Current number of models: 11700
Remaining number of models: 10620
Loading ssl gs model...
Doing grid search...
Saving gs model...
Loading model...
Using best hyperparameters...
Saving model...
Test set score: 0.72
Best parameters: {'criterion': 'gini', 'max_depth': 2, 'max_features': 'auto', 'min_samples_leaf': 1, 'n_estimators': 100, 'n_jobs': -1, 'oob_score': True, 'random_state': 42}
Best cross-validation score: 0.43
Out-of-Bag Prediction Score: 0.42
Saving scores...
Saving scores...
Saving scores...
Saved scores...
Saving time data...
Saving time data...
Saved time data...
Accuracy 66 elapsed time: 0:38:12.483351
Time passed: 1 day, 13:54:23.713217

Current number of models: 11880
Remaining number of models: 10440
Loading ssl gs model...
Doing grid search...
Saving gs model...
Loading model...
Using best hyperparameters...
Saving model...
Test set score: 0.71
Best parameters: {'criterion': 'gini', 'max_depth': 2, 'max_features': 'auto', 'min_samples_leaf': 1, 'n_estimators': 500, 'n_jobs': -1, 'oob_score': True, 'random_state': 42}
Best cross-validation score: 0.42
Out-of-Bag Prediction Score: 0.42
Saving scores...
Saving scores...
Saving scores...
Saved scores...
Saving time data...
Saving time data...
Saved time data...
Accuracy 67 elapsed time: 0:38:25.344503
Time passed: 1 day, 14:32:49.168907

Current number of models: 12060
Remaining number of models: 10260
Loading ssl gs model...
Doing grid search...
Saving gs model...
Loading model...
Using best hyperparameters...
Saving model...
Test set score: 0.71
Best parameters: {'criterion': 'gini', 'max_depth': 2, 'max_features': 'auto', 'min_samples_leaf': 1, 'n_estimators': 200, 'n_jobs': -1, 'oob_score': True, 'random_state': 42}
Best cross-validation score: 0.41
Out-of-Bag Prediction Score: 0.41
Saving scores...
Saving scores...
Saving scores...
Saved scores...
Saving time data...
Saving time data...
Saved time data...
Accuracy 68 elapsed time: 0:37:59.178955
Time passed: 1 day, 15:10:48.443943

Current number of models: 12240
Remaining number of models: 10080
Loading ssl gs model...
Doing grid search...
Saving gs model...
Loading model...
Using best hyperparameters...
Saving model...
Test set score: 0.71
Best parameters: {'criterion': 'gini', 'max_depth': 2, 'max_features': 'auto', 'min_samples_leaf': 1, 'n_estimators': 100, 'n_jobs': -1, 'oob_score': True, 'random_state': 42}
Best cross-validation score: 0.42
Out-of-Bag Prediction Score: 0.40
Saving scores...
Saving scores...
Saving scores...
Saved scores...
Saving time data...
Saving time data...
Saved time data...
Accuracy 69 elapsed time: 0:38:01.586396
Time passed: 1 day, 15:48:50.124239

Current number of models: 12420
Remaining number of models: 9900
Loading ssl gs model...
Doing grid search...
Saving gs model...
Loading model...
Using best hyperparameters...
Saving model...
Test set score: 0.71
Best parameters: {'criterion': 'gini', 'max_depth': 2, 'max_features': 'auto', 'min_samples_leaf': 1, 'n_estimators': 200, 'n_jobs': -1, 'oob_score': True, 'random_state': 42}
Best cross-validation score: 0.43
Out-of-Bag Prediction Score: 0.42
Saving scores...
Saving scores...
Saving scores...
Saved scores...
Saving time data...
Saving time data...
Saved time data...
Accuracy 70 elapsed time: 0:37:55.140144
Time passed: 1 day, 16:26:45.359817

Current number of models: 12600
Remaining number of models: 9720
Loading ssl gs model...
Doing grid search...
Saving gs model...
Loading model...
Using best hyperparameters...
Saving model...
Test set score: 0.68
Best parameters: {'criterion': 'gini', 'max_depth': 2, 'max_features': 'auto', 'min_samples_leaf': 1, 'n_estimators': 100, 'n_jobs': -1, 'oob_score': True, 'random_state': 42}
Best cross-validation score: 0.43
Out-of-Bag Prediction Score: 0.42
Saving scores...
Saving scores...
Saving scores...
Saved scores...
Saving time data...
Saving time data...
Saved time data...
Accuracy 71 elapsed time: 0:38:03.227562
Time passed: 1 day, 17:04:48.709439

Current number of models: 12780
Remaining number of models: 9540
Loading ssl gs model...
Doing grid search...
Saving gs model...
Loading model...
Using best hyperparameters...
Saving model...
Test set score: 0.71
Best parameters: {'criterion': 'gini', 'max_depth': 2, 'max_features': 'auto', 'min_samples_leaf': 1, 'n_estimators': 500, 'n_jobs': -1, 'oob_score': True, 'random_state': 42}
Best cross-validation score: 0.44
Out-of-Bag Prediction Score: 0.44
Saving scores...
Saving scores...
Saving scores...
Saved scores...
Saving time data...
Saving time data...
Saved time data...
Accuracy 72 elapsed time: 0:38:09.529037
Time passed: 1 day, 17:42:58.362695

Current number of models: 12960
Remaining number of models: 9360
Loading ssl gs model...
Doing grid search...
Saving gs model...
Loading model...
Using best hyperparameters...
Saving model...
Test set score: 0.70
Best parameters: {'criterion': 'gini', 'max_depth': 2, 'max_features': 'auto', 'min_samples_leaf': 1, 'n_estimators': 100, 'n_jobs': -1, 'oob_score': True, 'random_state': 42}
Best cross-validation score: 0.45
Out-of-Bag Prediction Score: 0.44
Saving scores...
Saving scores...
Saving scores...
Saved scores...
Saving time data...
Saving time data...
Saved time data...
Accuracy 73 elapsed time: 0:38:14.693088
Time passed: 1 day, 18:21:13.193635

Current number of models: 13140
Remaining number of models: 9180
Loading ssl gs model...
Doing grid search...
Saving gs model...
Loading model...
Using best hyperparameters...
Saving model...
Test set score: 0.71
Best parameters: {'criterion': 'gini', 'max_depth': 2, 'max_features': 'auto', 'min_samples_leaf': 1, 'n_estimators': 500, 'n_jobs': -1, 'oob_score': True, 'random_state': 42}
Best cross-validation score: 0.45
Out-of-Bag Prediction Score: 0.44
Saving scores...
Saving scores...
Saving scores...
Saved scores...
Saving time data...
Saving time data...
Saved time data...
Accuracy 74 elapsed time: 0:38:17.983047
Time passed: 1 day, 18:59:31.293360

Current number of models: 13320
Remaining number of models: 9000
Loading ssl gs model...
Doing grid search...
Saving gs model...
Loading model...
Using best hyperparameters...
Saving model...
Test set score: 0.72
Best parameters: {'criterion': 'gini', 'max_depth': 2, 'max_features': 'auto', 'min_samples_leaf': 1, 'n_estimators': 500, 'n_jobs': -1, 'oob_score': True, 'random_state': 42}
Best cross-validation score: 0.45
Out-of-Bag Prediction Score: 0.44
Saving scores...
Saving scores...
Saving scores...
Saved scores...
Saving time data...
Saving time data...
Saved time data...
Accuracy 75 elapsed time: 0:38:33.222055
Time passed: 1 day, 19:38:04.613379

Current number of models: 13500
Remaining number of models: 8820
Loading ssl gs model...
Doing grid search...
Saving gs model...
Loading model...
Using best hyperparameters...
Saving model...
Test set score: 0.71
Best parameters: {'criterion': 'gini', 'max_depth': 2, 'max_features': 'auto', 'min_samples_leaf': 1, 'n_estimators': 500, 'n_jobs': -1, 'oob_score': True, 'random_state': 42}
Best cross-validation score: 0.45
Out-of-Bag Prediction Score: 0.45
Saving scores...
Saving scores...
Saving scores...
Saved scores...
Saving time data...
Saving time data...
Saved time data...
Accuracy 76 elapsed time: 0:38:32.341904
Time passed: 1 day, 20:16:37.049546

Current number of models: 13680
Remaining number of models: 8640
Loading ssl gs model...
Doing grid search...
Saving gs model...
Loading model...
Using best hyperparameters...
Saving model...
Test set score: 0.71
Best parameters: {'criterion': 'gini', 'max_depth': 2, 'max_features': 'auto', 'min_samples_leaf': 1, 'n_estimators': 100, 'n_jobs': -1, 'oob_score': True, 'random_state': 42}
Best cross-validation score: 0.44
Out-of-Bag Prediction Score: 0.43
Saving scores...
Saving scores...
Saving scores...
Saved scores...
Saving time data...
Saving time data...
Saved time data...
Accuracy 77 elapsed time: 0:38:14.710997
Time passed: 1 day, 20:54:51.853134

Current number of models: 13860
Remaining number of models: 8460
Loading ssl gs model...
Doing grid search...
Saving gs model...
Loading model...
Using best hyperparameters...
Saving model...
Test set score: 0.70
Best parameters: {'criterion': 'gini', 'max_depth': 2, 'max_features': 'auto', 'min_samples_leaf': 1, 'n_estimators': 500, 'n_jobs': -1, 'oob_score': True, 'random_state': 42}
Best cross-validation score: 0.47
Out-of-Bag Prediction Score: 0.46
Saving scores...
Saving scores...
Saving scores...
Saved scores...
Saving time data...
Saving time data...
Saved time data...
Accuracy 78 elapsed time: 0:38:33.923514
Time passed: 1 day, 21:33:25.881261

Current number of models: 14040
Remaining number of models: 8280
Loading ssl gs model...
Doing grid search...
Saving gs model...
Loading model...
Using best hyperparameters...
Saving model...
Test set score: 0.70
Best parameters: {'criterion': 'gini', 'max_depth': 2, 'max_features': 'auto', 'min_samples_leaf': 1, 'n_estimators': 500, 'n_jobs': -1, 'oob_score': True, 'random_state': 42}
Best cross-validation score: 0.45
Out-of-Bag Prediction Score: 0.45
Saving scores...
Saving scores...
Saving scores...
Saved scores...
Saving time data...
Saving time data...
Saved time data...
Accuracy 79 elapsed time: 0:38:21.770498
Time passed: 1 day, 22:11:47.744860

Current number of models: 14220
Remaining number of models: 8100
Loading ssl gs model...
Doing grid search...
Saving gs model...
Loading model...
Using best hyperparameters...
Saving model...
Test set score: 0.70
Best parameters: {'criterion': 'gini', 'max_depth': 2, 'max_features': 'auto', 'min_samples_leaf': 1, 'n_estimators': 500, 'n_jobs': -1, 'oob_score': True, 'random_state': 42}
Best cross-validation score: 0.46
Out-of-Bag Prediction Score: 0.46
Saving scores...
Saving scores...
Saving scores...
Saved scores...
Saving time data...
Saving time data...
Saved time data...
Accuracy 80 elapsed time: 0:38:30.802245
Time passed: 1 day, 22:50:18.645912

Current number of models: 14400
Remaining number of models: 7920
Loading ssl gs model...
Doing grid search...
Saving gs model...
Loading model...
Using best hyperparameters...
Saving model...
Test set score: 0.70
Best parameters: {'criterion': 'gini', 'max_depth': 2, 'max_features': 'auto', 'min_samples_leaf': 1, 'n_estimators': 100, 'n_jobs': -1, 'oob_score': True, 'random_state': 42}
Best cross-validation score: 0.46
Out-of-Bag Prediction Score: 0.45
Saving scores...
Saving scores...
Saving scores...
Saved scores...
Saving time data...
Saving time data...
Saved time data...
Accuracy 81 elapsed time: 0:38:31.143191
Time passed: 1 day, 23:28:49.883176

Current number of models: 14580
Remaining number of models: 7740
Loading ssl gs model...
Doing grid search...
Saving gs model...
Loading model...
Using best hyperparameters...
Saving model...
Test set score: 0.70
Best parameters: {'criterion': 'gini', 'max_depth': 2, 'max_features': 'auto', 'min_samples_leaf': 1, 'n_estimators': 500, 'n_jobs': -1, 'oob_score': True, 'random_state': 42}
Best cross-validation score: 0.45
Out-of-Bag Prediction Score: 0.45
Saving scores...
Saving scores...
Saving scores...
Saved scores...
Saving time data...
Saving time data...
Saved time data...
Accuracy 82 elapsed time: 0:38:39.908097
Time passed: 2 days, 0:07:29.958671

Current number of models: 14760
Remaining number of models: 7560
Loading ssl gs model...
Doing grid search...
Saving gs model...
Loading model...
Using best hyperparameters...
Saving model...
Test set score: 0.71
Best parameters: {'criterion': 'gini', 'max_depth': 2, 'max_features': 'auto', 'min_samples_leaf': 1, 'n_estimators': 100, 'n_jobs': -1, 'oob_score': True, 'random_state': 42}
Best cross-validation score: 0.45
Out-of-Bag Prediction Score: 0.44
Saving scores...
Saving scores...
Saving scores...
Saved scores...
Saving time data...
Saving time data...
Saved time data...
Accuracy 83 elapsed time: 0:38:31.961737
Time passed: 2 days, 0:46:02.069913

Current number of models: 14940
Remaining number of models: 7380
Loading ssl gs model...
Doing grid search...
Saving gs model...
Loading model...
Using best hyperparameters...
Saving model...
Test set score: 0.70
Best parameters: {'criterion': 'gini', 'max_depth': 2, 'max_features': 'auto', 'min_samples_leaf': 1, 'n_estimators': 100, 'n_jobs': -1, 'oob_score': True, 'random_state': 42}
Best cross-validation score: 0.44
Out-of-Bag Prediction Score: 0.44
Saving scores...
Saving scores...
Saving scores...
Saved scores...
Saving time data...
Saving time data...
Saved time data...
Accuracy 84 elapsed time: 0:38:55.051478
Time passed: 2 days, 1:24:57.254798

Current number of models: 15120
Remaining number of models: 7200
Loading ssl gs model...
Doing grid search...
Saving gs model...
Loading model...
Using best hyperparameters...
Saving model...
Test set score: 0.72
Best parameters: {'criterion': 'gini', 'max_depth': 2, 'max_features': 'auto', 'min_samples_leaf': 1, 'n_estimators': 500, 'n_jobs': -1, 'oob_score': True, 'random_state': 42}
Best cross-validation score: 0.47
Out-of-Bag Prediction Score: 0.46
Saving scores...
Saving scores...
Saving scores...
Saved scores...
Saving time data...
Saving time data...
Saved time data...
Accuracy 85 elapsed time: 0:39:08.807887
Time passed: 2 days, 2:04:06.250181

Current number of models: 15300
Remaining number of models: 7020
Loading ssl gs model...
Doing grid search...
Saving gs model...
Loading model...
Using best hyperparameters...
Saving model...
Test set score: 0.71
Best parameters: {'criterion': 'gini', 'max_depth': 2, 'max_features': 'auto', 'min_samples_leaf': 1, 'n_estimators': 500, 'n_jobs': -1, 'oob_score': True, 'random_state': 42}
Best cross-validation score: 0.46
Out-of-Bag Prediction Score: 0.46
Saving scores...
Saving scores...
Saving scores...
Saved scores...
Saving time data...
Saving time data...
Saved time data...
Accuracy 86 elapsed time: 0:38:56.376468
Time passed: 2 days, 2:43:02.732732

Current number of models: 15480
Remaining number of models: 6840
Loading ssl gs model...
Doing grid search...
Saving gs model...
Loading model...
Using best hyperparameters...
Saving model...
Test set score: 0.71
Best parameters: {'criterion': 'gini', 'max_depth': 2, 'max_features': 'auto', 'min_samples_leaf': 1, 'n_estimators': 500, 'n_jobs': -1, 'oob_score': True, 'random_state': 42}
Best cross-validation score: 0.46
Out-of-Bag Prediction Score: 0.46
Saving scores...
Saving scores...
Saving scores...
Saved scores...
Saving time data...
Saving time data...
Saved time data...
Accuracy 87 elapsed time: 0:39:06.089383
Time passed: 2 days, 3:22:09.027880

Current number of models: 15660
Remaining number of models: 6660
Loading ssl gs model...
Doing grid search...
Saving gs model...
Loading model...
Using best hyperparameters...
Saving model...
Test set score: 0.70
Best parameters: {'criterion': 'gini', 'max_depth': 2, 'max_features': 'auto', 'min_samples_leaf': 1, 'n_estimators': 500, 'n_jobs': -1, 'oob_score': True, 'random_state': 42}
Best cross-validation score: 0.47
Out-of-Bag Prediction Score: 0.47
Saving scores...
Saving scores...
Saving scores...
Saved scores...
Saving time data...
Saving time data...
Saved time data...
Accuracy 88 elapsed time: 0:38:59.376264
Time passed: 2 days, 4:01:08.577213

Current number of models: 15840
Remaining number of models: 6480
Loading ssl gs model...
Doing grid search...
Saving gs model...
Loading model...
Using best hyperparameters...
Saving model...
Test set score: 0.71
Best parameters: {'criterion': 'gini', 'max_depth': 2, 'max_features': 'auto', 'min_samples_leaf': 1, 'n_estimators': 500, 'n_jobs': -1, 'oob_score': True, 'random_state': 42}
Best cross-validation score: 0.47
Out-of-Bag Prediction Score: 0.47
Saving scores...
Saving scores...
Saving scores...
Saved scores...
Saving time data...
Saving time data...
Saved time data...
Accuracy 89 elapsed time: 0:38:45.706928
Time passed: 2 days, 4:39:54.376022

Current number of models: 16020
Remaining number of models: 6300
Loading ssl gs model...
Doing grid search...
Saving gs model...
Loading model...
Using best hyperparameters...
Saving model...
Test set score: 0.71
Best parameters: {'criterion': 'gini', 'max_depth': 2, 'max_features': 'auto', 'min_samples_leaf': 1, 'n_estimators': 500, 'n_jobs': -1, 'oob_score': True, 'random_state': 42}
Best cross-validation score: 0.47
Out-of-Bag Prediction Score: 0.47
Saving scores...
Saving scores...
Saving scores...
Saved scores...
Saving time data...
Saving time data...
Saved time data...
Accuracy 90 elapsed time: 0:38:40.265499
Time passed: 2 days, 5:18:34.746178

Current number of models: 16200
Remaining number of models: 6120
Loading ssl gs model...
Doing grid search...
Saving gs model...
Loading model...
Using best hyperparameters...
Saving model...
Test set score: 0.70
Best parameters: {'criterion': 'gini', 'max_depth': 2, 'max_features': 'auto', 'min_samples_leaf': 1, 'n_estimators': 500, 'n_jobs': -1, 'oob_score': True, 'random_state': 42}
Best cross-validation score: 0.46
Out-of-Bag Prediction Score: 0.46
Saving scores...
Saving scores...
Saving scores...
Saved scores...
Saving time data...
Saving time data...
Saved time data...
Accuracy 91 elapsed time: 0:38:33.139960
Time passed: 2 days, 5:57:07.982383

Current number of models: 16380
Remaining number of models: 5940
Loading ssl gs model...
Doing grid search...
Saving gs model...
Loading model...
Using best hyperparameters...
Saving model...
Test set score: 0.69
Best parameters: {'criterion': 'gini', 'max_depth': 2, 'max_features': 'auto', 'min_samples_leaf': 1, 'n_estimators': 200, 'n_jobs': -1, 'oob_score': True, 'random_state': 42}
Best cross-validation score: 0.48
Out-of-Bag Prediction Score: 0.47
Saving scores...
Saving scores...
Saving scores...
Saved scores...
Saving time data...
Saving time data...
Saved time data...
Accuracy 92 elapsed time: 0:38:39.904365
Time passed: 2 days, 6:35:48.001099

Current number of models: 16560
Remaining number of models: 5760
Loading ssl gs model...
Doing grid search...
Saving gs model...
Loading model...
Using best hyperparameters...
Saving model...
Test set score: 0.70
Best parameters: {'criterion': 'gini', 'max_depth': 2, 'max_features': 'auto', 'min_samples_leaf': 1, 'n_estimators': 500, 'n_jobs': -1, 'oob_score': True, 'random_state': 42}
Best cross-validation score: 0.46
Out-of-Bag Prediction Score: 0.46
Saving scores...
Saving scores...
Saving scores...
Saved scores...
Saving time data...
Saving time data...
Saved time data...
Accuracy 93 elapsed time: 0:38:45.444647
Time passed: 2 days, 7:14:33.539281

Current number of models: 16740
Remaining number of models: 5580
Loading ssl gs model...
Doing grid search...
Saving gs model...
Loading model...
Using best hyperparameters...
Saving model...
Test set score: 0.69
Best parameters: {'criterion': 'gini', 'max_depth': 2, 'max_features': 'auto', 'min_samples_leaf': 1, 'n_estimators': 100, 'n_jobs': -1, 'oob_score': True, 'random_state': 42}
Best cross-validation score: 0.46
Out-of-Bag Prediction Score: 0.45
Saving scores...
Saving scores...
Saving scores...
Saved scores...
Saving time data...
Saving time data...
Saved time data...
Accuracy 94 elapsed time: 0:38:48.686381
Time passed: 2 days, 7:53:22.333679

Current number of models: 16920
Remaining number of models: 5400
Loading ssl gs model...
Doing grid search...
Saving gs model...
Loading model...
Using best hyperparameters...
Saving model...
Test set score: 0.71
Best parameters: {'criterion': 'gini', 'max_depth': 2, 'max_features': 'auto', 'min_samples_leaf': 1, 'n_estimators': 500, 'n_jobs': -1, 'oob_score': True, 'random_state': 42}
Best cross-validation score: 0.48
Out-of-Bag Prediction Score: 0.48
Saving scores...
Saving scores...
Saving scores...
Saved scores...
Saving time data...
Saving time data...
Saved time data...
Accuracy 95 elapsed time: 0:39:25.726421
Time passed: 2 days, 8:32:48.180028

Current number of models: 17100
Remaining number of models: 5220
Loading ssl gs model...
Doing grid search...
Saving gs model...
Loading model...
Using best hyperparameters...
Saving model...
Test set score: 0.71
Best parameters: {'criterion': 'gini', 'max_depth': 2, 'max_features': 'auto', 'min_samples_leaf': 1, 'n_estimators': 500, 'n_jobs': -1, 'oob_score': True, 'random_state': 42}
Best cross-validation score: 0.48
Out-of-Bag Prediction Score: 0.48
Saving scores...
Saving scores...
Saving scores...
Saved scores...
Saving time data...
Saving time data...
Saved time data...
Accuracy 96 elapsed time: 0:38:39.607385
Time passed: 2 days, 9:11:27.901825

Current number of models: 17280
Remaining number of models: 5040
Loading ssl gs model...
Doing grid search...
Saving gs model...
Loading model...
Using best hyperparameters...
Saving model...
Test set score: 0.71
Best parameters: {'criterion': 'gini', 'max_depth': 2, 'max_features': 'auto', 'min_samples_leaf': 1, 'n_estimators': 500, 'n_jobs': -1, 'oob_score': True, 'random_state': 42}
Best cross-validation score: 0.48
Out-of-Bag Prediction Score: 0.48
Saving scores...
Saving scores...
Saving scores...
Saved scores...
Saving time data...
Saving time data...
Saved time data...
Accuracy 97 elapsed time: 0:38:46.138617
Time passed: 2 days, 9:50:14.146609

Current number of models: 17460
Remaining number of models: 4860
Loading ssl gs model...
Doing grid search...
Saving gs model...
Loading model...
Using best hyperparameters...
Saving model...
Test set score: 0.72
Best parameters: {'criterion': 'gini', 'max_depth': 2, 'max_features': 'auto', 'min_samples_leaf': 1, 'n_estimators': 500, 'n_jobs': -1, 'oob_score': True, 'random_state': 42}
Best cross-validation score: 0.47
Out-of-Bag Prediction Score: 0.47
Saving scores...
Saving scores...
Saving scores...
Saved scores...
Saving time data...
Saving time data...
Saved time data...
Accuracy 98 elapsed time: 0:38:35.173670
Time passed: 2 days, 10:28:49.426731

Current number of models: 17640
Remaining number of models: 4680
Loading ssl gs model...
Doing grid search...
Saving gs model...
Loading model...
Using best hyperparameters...
Saving model...
Test set score: 0.73
Best parameters: {'criterion': 'gini', 'max_depth': 2, 'max_features': 'auto', 'min_samples_leaf': 1, 'n_estimators': 500, 'n_jobs': -1, 'oob_score': True, 'random_state': 42}
Best cross-validation score: 0.47
Out-of-Bag Prediction Score: 0.47
Saving scores...
Saving scores...
Saving scores...
Saved scores...
Saving time data...
Saving time data...
Saved time data...
Accuracy 99 elapsed time: 0:38:34.740041
Time passed: 2 days, 11:07:24.259299

Current number of models: 17820
Remaining number of models: 4500
Loading ssl gs model...
Doing grid search...
Saving gs model...
Loading model...
Using best hyperparameters...
Saving model...
Test set score: 0.70
Best parameters: {'criterion': 'gini', 'max_depth': 2, 'max_features': 'auto', 'min_samples_leaf': 1, 'n_estimators': 500, 'n_jobs': -1, 'oob_score': True, 'random_state': 42}
Best cross-validation score: 0.47
Out-of-Bag Prediction Score: 0.46
Saving scores...
Saving scores...
Saving scores...
Saved scores...
Saving time data...
Saving time data...
Saved time data...
Accuracy 100 elapsed time: 0:38:25.847590
Time passed: 2 days, 11:45:50.202124

Current number of models: 18000
Remaining number of models: 4320
Loading ssl gs model...
Doing grid search...
Saving gs model...
Loading model...
Using best hyperparameters...
Saving model...
Test set score: 0.71
Best parameters: {'criterion': 'gini', 'max_depth': 2, 'max_features': 'auto', 'min_samples_leaf': 1, 'n_estimators': 500, 'n_jobs': -1, 'oob_score': True, 'random_state': 42}
Best cross-validation score: 0.48
Out-of-Bag Prediction Score: 0.48
Saving scores...
Saving scores...
Saving scores...
Saved scores...
Saving time data...
Saving time data...
Saved time data...
Accuracy 101 elapsed time: 0:38:23.359195
Time passed: 2 days, 12:24:13.662623

Current number of models: 18180
Remaining number of models: 4140
Loading ssl gs model...
Doing grid search...
Saving gs model...
Loading model...
Using best hyperparameters...
Saving model...
Test set score: 0.71
Best parameters: {'criterion': 'gini', 'max_depth': 2, 'max_features': 'auto', 'min_samples_leaf': 1, 'n_estimators': 500, 'n_jobs': -1, 'oob_score': True, 'random_state': 42}
Best cross-validation score: 0.47
Out-of-Bag Prediction Score: 0.47
Saving scores...
Saving scores...
Saving scores...
Saved scores...
Saving time data...
Saving time data...
Saved time data...
Accuracy 102 elapsed time: 0:38:20.456503
Time passed: 2 days, 13:02:34.241637

Current number of models: 18360
Remaining number of models: 3960
Loading ssl gs model...
Doing grid search...
Saving gs model...
Loading model...
Using best hyperparameters...
Saving model...
Test set score: 0.72
Best parameters: {'criterion': 'gini', 'max_depth': 2, 'max_features': 'auto', 'min_samples_leaf': 1, 'n_estimators': 500, 'n_jobs': -1, 'oob_score': True, 'random_state': 42}
Best cross-validation score: 0.48
Out-of-Bag Prediction Score: 0.47
Saving scores...
Saving scores...
Saving scores...
Saved scores...
Saving time data...
Saving time data...
Saved time data...
Accuracy 103 elapsed time: 0:38:34.039618
Time passed: 2 days, 13:41:08.403544

Current number of models: 18540
Remaining number of models: 3780
Loading ssl gs model...
Doing grid search...
Saving gs model...
Loading model...
Using best hyperparameters...
Saving model...
Test set score: 0.71
Best parameters: {'criterion': 'gini', 'max_depth': 2, 'max_features': 'auto', 'min_samples_leaf': 1, 'n_estimators': 500, 'n_jobs': -1, 'oob_score': True, 'random_state': 42}
Best cross-validation score: 0.48
Out-of-Bag Prediction Score: 0.48
Saving scores...
Saving scores...
Saving scores...
Saved scores...
Saving time data...
Saving time data...
Saved time data...
Accuracy 104 elapsed time: 0:38:55.276228
Time passed: 2 days, 14:20:03.783101

Current number of models: 18720
Remaining number of models: 3600
Loading ssl gs model...
Doing grid search...
Saving gs model...
Loading model...
Using best hyperparameters...
Saving model...
Test set score: 0.70
Best parameters: {'criterion': 'entropy', 'max_depth': 2, 'max_features': 'auto', 'min_samples_leaf': 1, 'n_estimators': 500, 'n_jobs': -1, 'oob_score': True, 'random_state': 42}
Best cross-validation score: 0.47
Out-of-Bag Prediction Score: 0.47
Saving scores...
Saving scores...
Saving scores...
Saved scores...
Saving time data...
Saving time data...
Saved time data...
Accuracy 105 elapsed time: 0:38:33.046330
Time passed: 2 days, 14:58:36.923511

Current number of models: 18900
Remaining number of models: 3420
Loading ssl gs model...
Doing grid search...
Saving gs model...
Loading model...
Using best hyperparameters...
Saving model...
Test set score: 0.71
Best parameters: {'criterion': 'gini', 'max_depth': 2, 'max_features': 'auto', 'min_samples_leaf': 1, 'n_estimators': 100, 'n_jobs': -1, 'oob_score': True, 'random_state': 42}
Best cross-validation score: 0.48
Out-of-Bag Prediction Score: 0.47
Saving scores...
Saving scores...
Saving scores...
Saved scores...
Saving time data...
Saving time data...
Saved time data...
Accuracy 106 elapsed time: 0:39:07.735336
Time passed: 2 days, 15:37:44.753324

Current number of models: 19080
Remaining number of models: 3240
Loading ssl gs model...
Doing grid search...
Saving gs model...
Loading model...
Using best hyperparameters...
Saving model...
Test set score: 0.69
Best parameters: {'criterion': 'gini', 'max_depth': 2, 'max_features': 'auto', 'min_samples_leaf': 1, 'n_estimators': 500, 'n_jobs': -1, 'oob_score': True, 'random_state': 42}
Best cross-validation score: 0.47
Out-of-Bag Prediction Score: 0.47
Saving scores...
Saving scores...
Saving scores...
Saved scores...
Saving time data...
Saving time data...
Saved time data...
Accuracy 107 elapsed time: 0:38:40.623394
Time passed: 2 days, 16:16:25.478902

Current number of models: 19260
Remaining number of models: 3060
Loading ssl gs model...
Doing grid search...
Saving gs model...
Loading model...
Using best hyperparameters...
Saving model...
Test set score: 0.70
Best parameters: {'criterion': 'gini', 'max_depth': 2, 'max_features': 'auto', 'min_samples_leaf': 1, 'n_estimators': 500, 'n_jobs': -1, 'oob_score': True, 'random_state': 42}
Best cross-validation score: 0.48
Out-of-Bag Prediction Score: 0.47
Saving scores...
Saving scores...
Saving scores...
Saved scores...
Saving time data...
Saving time data...
Saved time data...
Accuracy 108 elapsed time: 0:38:49.818521
Time passed: 2 days, 16:55:15.421213

Current number of models: 19440
Remaining number of models: 2880
Loading ssl gs model...
Doing grid search...
Saving gs model...
Loading model...
Using best hyperparameters...
Saving model...
Test set score: 0.70
Best parameters: {'criterion': 'gini', 'max_depth': 2, 'max_features': 'auto', 'min_samples_leaf': 1, 'n_estimators': 500, 'n_jobs': -1, 'oob_score': True, 'random_state': 42}
Best cross-validation score: 0.46
Out-of-Bag Prediction Score: 0.46
Saving scores...
Saving scores...
Saving scores...
Saved scores...
Saving time data...
Saving time data...
Saved time data...
Accuracy 109 elapsed time: 0:38:36.385737
Time passed: 2 days, 17:33:51.927892

Current number of models: 19620
Remaining number of models: 2700
Loading ssl gs model...
Doing grid search...
Saving gs model...
Loading model...
Using best hyperparameters...
Saving model...
Test set score: 0.68
Best parameters: {'criterion': 'entropy', 'max_depth': 2, 'max_features': 'auto', 'min_samples_leaf': 1, 'n_estimators': 500, 'n_jobs': -1, 'oob_score': True, 'random_state': 42}
Best cross-validation score: 0.47
Out-of-Bag Prediction Score: 0.47
Saving scores...
Saving scores...
Saving scores...
Saved scores...
Saving time data...
Saving time data...
Saved time data...
Accuracy 110 elapsed time: 0:38:27.746444
Time passed: 2 days, 18:12:19.795962

Current number of models: 19800
Remaining number of models: 2520
Loading ssl gs model...
Doing grid search...
Saving gs model...
Loading model...
Using best hyperparameters...
Saving model...
Test set score: 0.68
Best parameters: {'criterion': 'entropy', 'max_depth': 2, 'max_features': 'auto', 'min_samples_leaf': 1, 'n_estimators': 500, 'n_jobs': -1, 'oob_score': True, 'random_state': 42}
Best cross-validation score: 0.46
Out-of-Bag Prediction Score: 0.46
Saving scores...
Saving scores...
Saving scores...
Saved scores...
Saving time data...
Saving time data...
Saved time data...
Accuracy 111 elapsed time: 0:38:37.113875
Time passed: 2 days, 18:50:57.028667

Current number of models: 19980
Remaining number of models: 2340
Loading ssl gs model...
Doing grid search...
Saving gs model...
Loading model...
Using best hyperparameters...
Saving model...
Test set score: 0.71
Best parameters: {'criterion': 'gini', 'max_depth': 2, 'max_features': 'auto', 'min_samples_leaf': 1, 'n_estimators': 500, 'n_jobs': -1, 'oob_score': True, 'random_state': 42}
Best cross-validation score: 0.48
Out-of-Bag Prediction Score: 0.47
Saving scores...
Saving scores...
Saving scores...
Saved scores...
Saving time data...
Saving time data...
Saved time data...
Accuracy 112 elapsed time: 0:38:27.113663
Time passed: 2 days, 19:29:24.235667

Current number of models: 20160
Remaining number of models: 2160
Loading ssl gs model...
Doing grid search...
Saving gs model...
Loading model...
Using best hyperparameters...
Saving model...
Test set score: 0.72
Best parameters: {'criterion': 'gini', 'max_depth': 2, 'max_features': 'auto', 'min_samples_leaf': 1, 'n_estimators': 100, 'n_jobs': -1, 'oob_score': True, 'random_state': 42}
Best cross-validation score: 0.47
Out-of-Bag Prediction Score: 0.46
Saving scores...
Saving scores...
Saving scores...
Saved scores...
Saving time data...
Saving time data...
Saved time data...
Accuracy 113 elapsed time: 0:38:30.232909
Time passed: 2 days, 20:07:54.562382

Current number of models: 20340
Remaining number of models: 1980
Loading ssl gs model...
Doing grid search...
Saving gs model...
Loading model...
Using best hyperparameters...
Saving model...
Test set score: 0.71
Best parameters: {'criterion': 'gini', 'max_depth': 2, 'max_features': 'auto', 'min_samples_leaf': 1, 'n_estimators': 100, 'n_jobs': -1, 'oob_score': True, 'random_state': 42}
Best cross-validation score: 0.46
Out-of-Bag Prediction Score: 0.45
Saving scores...
Saving scores...
Saving scores...
Saved scores...
Saving time data...
Saving time data...
Saved time data...
Accuracy 114 elapsed time: 0:38:43.180187
Time passed: 2 days, 20:46:37.837384

Current number of models: 20520
Remaining number of models: 1800
Loading ssl gs model...
Doing grid search...
Saving gs model...
Loading model...
Using best hyperparameters...
Saving model...
Test set score: 0.69
Best parameters: {'criterion': 'gini', 'max_depth': 2, 'max_features': 'auto', 'min_samples_leaf': 1, 'n_estimators': 100, 'n_jobs': -1, 'oob_score': True, 'random_state': 42}
Best cross-validation score: 0.47
Out-of-Bag Prediction Score: 0.46
Saving scores...
Saving scores...
Saving scores...
Saved scores...
Saving time data...
Saving time data...
Saved time data...
Accuracy 115 elapsed time: 0:38:40.049323
Time passed: 2 days, 21:25:18.061839

Current number of models: 20700
Remaining number of models: 1620
Loading ssl gs model...
Doing grid search...
Saving gs model...
Loading model...
Using best hyperparameters...
Saving model...
Test set score: 0.70
Best parameters: {'criterion': 'gini', 'max_depth': 2, 'max_features': 'auto', 'min_samples_leaf': 1, 'n_estimators': 500, 'n_jobs': -1, 'oob_score': True, 'random_state': 42}
Best cross-validation score: 0.48
Out-of-Bag Prediction Score: 0.49
Saving scores...
Saving scores...
Saving scores...
Saved scores...
Saving time data...
Saving time data...
Saved time data...
Accuracy 116 elapsed time: 0:38:56.964312
Time passed: 2 days, 22:04:15.125312

Current number of models: 20880
Remaining number of models: 1440
Loading ssl gs model...
Doing grid search...
Saving gs model...
Loading model...
Using best hyperparameters...
Saving model...
Test set score: 0.70
Best parameters: {'criterion': 'gini', 'max_depth': 2, 'max_features': 'auto', 'min_samples_leaf': 1, 'n_estimators': 500, 'n_jobs': -1, 'oob_score': True, 'random_state': 42}
Best cross-validation score: 0.47
Out-of-Bag Prediction Score: 0.46
Saving scores...
Saving scores...
Saving scores...
Saved scores...
Saving time data...
Saving time data...
Saved time data...
Accuracy 117 elapsed time: 0:39:10.319499
Time passed: 2 days, 22:43:25.542281

Current number of models: 21060
Remaining number of models: 1260
Loading ssl gs model...
Doing grid search...
Saving gs model...
Loading model...
Using best hyperparameters...
Saving model...
Test set score: 0.70
Best parameters: {'criterion': 'entropy', 'max_depth': 2, 'max_features': 'auto', 'min_samples_leaf': 1, 'n_estimators': 500, 'n_jobs': -1, 'oob_score': True, 'random_state': 42}
Best cross-validation score: 0.47
Out-of-Bag Prediction Score: 0.47
Saving scores...
Saving scores...
Saving scores...
Saved scores...
Saving time data...
Saving time data...
Saved time data...
Accuracy 118 elapsed time: 0:39:12.586370
Time passed: 2 days, 23:22:38.263467

Current number of models: 21240
Remaining number of models: 1080
Loading ssl gs model...
Doing grid search...
Saving gs model...
Loading model...
Using best hyperparameters...
Saving model...
Test set score: 0.69
Best parameters: {'criterion': 'entropy', 'max_depth': 2, 'max_features': 'auto', 'min_samples_leaf': 1, 'n_estimators': 500, 'n_jobs': -1, 'oob_score': True, 'random_state': 42}
Best cross-validation score: 0.47
Out-of-Bag Prediction Score: 0.47
Saving scores...
Saving scores...
Saving scores...
Saved scores...
Saving time data...
Saving time data...
Saved time data...
Accuracy 119 elapsed time: 0:38:48.898622
Time passed: 3 days, 0:01:27.296982

Current number of models: 21420
Remaining number of models: 900
Loading ssl gs model...
Doing grid search...
Saving gs model...
Loading model...
Using best hyperparameters...
Saving model...
Test set score: 0.68
Best parameters: {'criterion': 'entropy', 'max_depth': 2, 'max_features': 'auto', 'min_samples_leaf': 1, 'n_estimators': 500, 'n_jobs': -1, 'oob_score': True, 'random_state': 42}
Best cross-validation score: 0.47
Out-of-Bag Prediction Score: 0.47
Saving scores...
Saving scores...
Saving scores...
Saved scores...
Saving time data...
Saving time data...
Saved time data...
Accuracy 120 elapsed time: 0:39:00.396000
Time passed: 3 days, 0:40:27.801931

Current number of models: 21600
Remaining number of models: 720
Loading ssl gs model...
Doing grid search...
Saving gs model...
Loading model...
Using best hyperparameters...
Saving model...
Test set score: 0.72
Best parameters: {'criterion': 'gini', 'max_depth': 2, 'max_features': 'auto', 'min_samples_leaf': 1, 'n_estimators': 500, 'n_jobs': -1, 'oob_score': True, 'random_state': 42}
Best cross-validation score: 0.46
Out-of-Bag Prediction Score: 0.46
Saving scores...
Saving scores...
Saving scores...
Saved scores...
Saving time data...
Saving time data...
Saved time data...
Accuracy 121 elapsed time: 0:39:12.613258
Time passed: 3 days, 1:19:40.508373

Current number of models: 21780
Remaining number of models: 540
Loading ssl gs model...
Doing grid search...
Saving gs model...
Loading model...
Using best hyperparameters...
Saving model...
Test set score: 0.71
Best parameters: {'criterion': 'gini', 'max_depth': 2, 'max_features': 'auto', 'min_samples_leaf': 1, 'n_estimators': 500, 'n_jobs': -1, 'oob_score': True, 'random_state': 42}
Best cross-validation score: 0.46
Out-of-Bag Prediction Score: 0.46
Saving scores...
Saving scores...
Saving scores...
Saved scores...
Saving time data...
Saving time data...
Saved time data...
Accuracy 122 elapsed time: 0:38:55.190524
Time passed: 3 days, 1:58:35.799543

Current number of models: 21960
Remaining number of models: 360
Loading ssl gs model...
Doing grid search...
Saving gs model...
Loading model...
Using best hyperparameters...
Saving model...
Test set score: 0.71
Best parameters: {'criterion': 'entropy', 'max_depth': 2, 'max_features': 'auto', 'min_samples_leaf': 1, 'n_estimators': 500, 'n_jobs': -1, 'oob_score': True, 'random_state': 42}
Best cross-validation score: 0.46
Out-of-Bag Prediction Score: 0.46
Saving scores...
Saving scores...
Saving scores...
Saved scores...
Saving time data...
Saving time data...
Saved time data...
Accuracy 123 elapsed time: 0:38:49.236040
Time passed: 3 days, 2:37:25.128896

Current number of models: 22140
Remaining number of models: 180
Loading ssl gs model...
Doing grid search...
Saving gs model...
Loading model...
Using best hyperparameters...
Saving model...
Test set score: 0.71
Best parameters: {'criterion': 'entropy', 'max_depth': 2, 'max_features': 'auto', 'min_samples_leaf': 1, 'n_estimators': 500, 'n_jobs': -1, 'oob_score': True, 'random_state': 42}
Best cross-validation score: 0.47
Out-of-Bag Prediction Score: 0.47
Saving scores...
Saving scores...
Saving scores...
Saved scores...
Saving time data...
Saving time data...
Saved time data...
Accuracy 124 elapsed time: 0:38:33.485887
Time passed: 3 days, 3:15:58.717929

---------- End Time - 2018-09-29 20:42:23.056054 ----------
Elapsed time: 3 days, 3:15:58.839102
Loading model...
Number of AMBIGUOUS: 54
Number of anger: 873
Number of anticipation: 41
Number of disgust: 209
Number of fear: 111
Number of joy: 274
Number of sadness: 660
Number of surprise: 681
Number of trust: 97
Start time: 2018-10-02 23:58:53.936555
Saving final rfc model...
Saving final grid search model...
Loading model...
Number of AMBIGUOUS: 0
Number of anger: 1361
Number of anticipation: 0
Number of disgust: 0
Number of fear: 0
Number of joy: 0
Number of sadness: 952
Number of surprise: 687
Number of trust: 0

-------------------- SESSION - 2018-10-03 02:09 -------------------------
Checking time.txt file if empty...
time.txt not empty...
Reading time.txt file...
Fetched Elapsed Time Iteration  list...
Fetched Time Passed  list...
Checking scores.txt file if empty...
scores.txt not empty...
Reading scores.txt file...
Fetched Best Test Scores  list...
Fetched Best Cross-Validation Scores  list...
Fetched Out-of-bag Scores  list...
---------- Start Time - 2018-10-03 02:09:54.561421 ----------
Number of iterations: 0
Total number of models: 0
Checking iteration_counter.txt file if empty...
iteration_counter.txt not empty...
---------- End Time - 2018-10-03 02:09:54.561421 ----------
Elapsed time: 0:00:00.345212
Loading model...
Number of AMBIGUOUS: 54
Number of anger: 873
Number of anticipation: 41
Number of disgust: 209
Number of fear: 111
Number of joy: 274
Number of sadness: 660
Number of surprise: 681
Number of trust: 97
Normal Distribution: Counter({'anger': 662, 'surprise': 507, 'sadness': 504, 'joy': 190, 'disgust': 160, 'fear': 87, 'trust': 74, 'AMBIGUOUS': 42, 'anticipation': 24})
Smote Distribution: Counter({'AMBIGUOUS': 662, 'anger': 662, 'anticipation': 662, 'disgust': 662, 'fear': 662, 'joy': 662, 'sadness': 662, 'surprise': 662, 'trust': 662})
Start time: 2018-10-03 02:09:56.066238
Loading final rfc model...
Loading final grid search model...
10 standard cross-fold validation mean score: 0.6396426657901322
              precision    recall  f1-score   support

   AMBIGUOUS       0.00      0.00      0.00        54
       anger       0.63      0.98      0.76       873
anticipation       0.00      0.00      0.00        41
     disgust       0.00      0.00      0.00       209
        fear       0.00      0.00      0.00       111
         joy       0.00      0.00      0.00       274
     sadness       0.59      0.85      0.69       660
    surprise       0.74      0.74      0.74       681
       trust       0.00      0.00      0.00        97

 avg / total       0.48      0.64      0.54      3000

Loading model...
Number of AMBIGUOUS: 0
Number of anger: 1361
Number of anticipation: 0
Number of disgust: 0
Number of fear: 0
Number of joy: 0
Number of sadness: 952
Number of surprise: 687
Number of trust: 0
1. background: 0.17032
2. aeroplane: 0.00055
3. bicycle: 0.00000
4. bird: 0.00848
5. boat: 0.00007
6. bottle: 0.00365
7. bus: 0.00000
8. car: 0.00000
9. cat: 0.01184
10. chair: 0.00070
11. cow: 0.00377
12. diningtable: 0.00034
13. dog: 0.02391
14. horse: 0.00514
15. motorbike: 0.00012
16. person: 0.19769
17. potted plant: 0.00000
18. sheep: 0.00000
19. sofa: 0.00069
20. train: 0.00088
21. tv/monitor: 0.00000
22. red: 0.04204
23. n_red: 0.06933
24. yellow: 0.02502
25. n_yellow: 0.01568
26. green: 0.08742
27. n_green: 0.12099
28. cyan: 0.01843
29. n_cyan: 0.02634
30. blue: 0.01340
31. n_blue: 0.01358
32. magenta: 0.07765
33. n_magenta: 0.06199

-------------------- SESSION - 2018-10-03 14:13 -------------------------
Checking time.txt file if empty...
time.txt not empty...
Reading time.txt file...
Fetched Elapsed Time Iteration  list...
Fetched Time Passed  list...
Checking scores.txt file if empty...
scores.txt not empty...
Reading scores.txt file...
Fetched Best Test Scores  list...
Fetched Best Cross-Validation Scores  list...
Fetched Out-of-bag Scores  list...
---------- Start Time - 2018-10-03 14:13:52.092222 ----------
Number of iterations: 0
Total number of models: 0
Checking iteration_counter.txt file if empty...
iteration_counter.txt not empty...
---------- End Time - 2018-10-03 14:13:52.092222 ----------
Elapsed time: 0:00:00.365701
Loading model...
Number of AMBIGUOUS: 54
Number of anger: 873
Number of anticipation: 41
Number of disgust: 209
Number of fear: 111
Number of joy: 274
Number of sadness: 660
Number of surprise: 681
Number of trust: 97
Normal Distribution: Counter({'anger': 662, 'surprise': 507, 'sadness': 504, 'joy': 190, 'disgust': 160, 'fear': 87, 'trust': 74, 'AMBIGUOUS': 42, 'anticipation': 24})
Smote Distribution: Counter({'AMBIGUOUS': 662, 'anger': 662, 'anticipation': 662, 'disgust': 662, 'fear': 662, 'joy': 662, 'sadness': 662, 'surprise': 662, 'trust': 662})
Start time: 2018-10-03 14:13:54.692182
Loading final rfc model...
Loading final grid search model...
10 standard cross-fold validation mean score: 0.6396426657901322
              precision    recall  f1-score   support

   AMBIGUOUS       0.00      0.00      0.00        54
       anger       0.63      0.98      0.76       873
anticipation       0.00      0.00      0.00        41
     disgust       0.00      0.00      0.00       209
        fear       0.00      0.00      0.00       111
         joy       0.00      0.00      0.00       274
     sadness       0.59      0.85      0.69       660
    surprise       0.74      0.74      0.74       681
       trust       0.00      0.00      0.00        97

 avg / total       0.48      0.64      0.54      3000

Loading model...
Number of AMBIGUOUS: 0
Number of anger: 1361
Number of anticipation: 0
Number of disgust: 0
Number of fear: 0
Number of joy: 0
Number of sadness: 952
Number of surprise: 687
Number of trust: 0
1. background: 0.17032
2. aeroplane: 0.00055
3. bicycle: 0.00000
4. bird: 0.00848
5. boat: 0.00007
6. bottle: 0.00365
7. bus: 0.00000
8. car: 0.00000
9. cat: 0.01184
10. chair: 0.00070
11. cow: 0.00377
12. diningtable: 0.00034
13. dog: 0.02391
14. horse: 0.00514
15. motorbike: 0.00012
16. person: 0.19769
17. potted plant: 0.00000
18. sheep: 0.00000
19. sofa: 0.00069
20. train: 0.00088
21. tv/monitor: 0.00000
22. red: 0.04204
23. n_red: 0.06933
24. yellow: 0.02502
25. n_yellow: 0.01568
26. green: 0.08742
27. n_green: 0.12099
28. cyan: 0.01843
29. n_cyan: 0.02634
30. blue: 0.01340
31. n_blue: 0.01358
32. magenta: 0.07765
33. n_magenta: 0.06199
