demo/Batch 1/boris-kustodiev_akaky-akakiyevich-returned-from-the-party-1905.jpg - <class 'IndexError'>
demo/Batch 1/boris-kustodiev_on-the-bridge-the-wife-and-daughter-of-the-artist-1917.jpg - <class 'IndexError'>
demo/Batch 1/boris-kustodiev_portrait-of-vsevolod-voinov-1921-1.jpg - <class 'IndexError'>
demo/Batch 1/camille-corot_passiance-in-saint-avit-1872.jpg - Image {width, height} has above 1000 pixels
demo/Batch 1/camille-corot_portrait-of-a-gentleman-1829.jpg - Image {width, height} has above 1000 pixels
demo/Batch 1/camille-corot_rome-castle-sant-angelo.jpg - Image {width, height} has above 1000 pixels
demo/Batch 1/david-burliuk_a-lakeshore-1953.jpg - Image {height, width} has above 1000 pixels
demo/Batch 1/david-burliuk_portrait-of-nicholas-roerich-1929-1.jpg - <class 'IndexError'>
demo/Batch 1/edouard-manet_sketch-of-moving-farmer.jpg - <class 'IndexError'>
demo/Batch 1/edouard-manet_the-races-in-the-bois-de-boulogne-1872.jpg - Image {height, width} has above 1000 pixels
demo/Batch 1/felix-vallotton_martello-tower-in-guernsey-1907.jpg - Image {height, width} has above 1000 pixels - (1275 x 1749)
demo/Batch 1/felix-vallotton_reclining-nude-on-a-couch.jpg - Image {height, width} has above 1000 pixels - (1125 x 1770)
demo/Batch 1/ferdinand-hodler_olive-trees-in-spain-1878.jpg - Image {height, width} has above 1000 pixels - (1758 x 2244)
demo/Batch 1/ferdinand-hodler_on-the-banks-of-the-manzanares-1878.jpg - Image {height, width} has above 1000 pixels - (1392 x 2082)
demo/Batch 1/ferdinand-hodler_portrait-of-louise-delphine-duchosal-1885.jpg - Image {height, width} has above 1000 pixels - (1923 x 1602)
demo/Batch 1/ferdinand-hodler_the-black-lutschina-1905.jpg - Image {height, width} has above 1000 pixels - (1250 x 1104)
demo/Batch 1/ferdinand-hodler_the-pastor-1879.jpg - Image {height, width} has above 1000 pixels - (2502 x 1836)
demo/Batch 1/ferdinand-hodler_the-reaper.jpg - Image {height, width} has above 1000 pixels - (1590 x 2583)
demo/Batch 1/ferdinand-hodler_the-shoemaker-1878.jpg - Image {height, width} has above 1000 pixels - (1209 x 1003)
demo/Batch 1/frederic-remington_a-misdeal-1897.jpg - <class 'IndexError'>
demo/Batch 1/frederic-remington_cracker-cowboys-of-florida-1895.jpg - <class 'IndexError'>
demo/Batch 1/gustave-courbet_paysage-guyere-1876.jpg - Image {height, width} has above 1000 pixels - (1118 x 1327)
demo/Batch 1/gustave-courbet_seascape-the-poplar.jpg - Image {height, width} has above 1000 pixels - (1230 x 1500)
demo/Batch 1/henri-fantin-latour_charlotte-dubourg-1882.jpg - Image {height, width} has above 1000 pixels - (1402 x 1098)
demo/Batch 1/henri-fantin-latour_flowers-and-fruit-1865.jpg - Image {height, width} has above 1000 pixels - (1188 x 1012)
demo/Batch 1/henri-fantin-latour_still-life-1866.jpg - Image {height, width} has above 1000 pixels - (1200 x 1455)
