
-------------------- SESSION - 2018-08-14 16:50 -------------------------
Checking demo/resume_lyle.txt file...
Reading file...
Last segmented image: demo/lyle/IMG_20180714_114634.jpg
Closing file...
demo/lyle/IMG_20180714_114634.jpg

-------------------- SESSION - 2018-08-14 16:56 -------------------------
Checking demo/resume_lyle.txt file...
Reading file...
Last segmented image: demo/lyle/IMG_20180714_114634.jpg
Closing file...
demo/lyle/IMG_20180714_114634.jpg
---------- Start Time - 2018-08-14 16:56:53.886359 ----------
Index of painting: 0
Last expected painting index: 0

Checking if image {width, height} has 1,000,000 and above pixels...
Images (H x W) has dimensions 4160 x 3120
Image {height, width} has above 1000 pixels - (4160 x 3120)
Checking demo/error_lyle.log file...
demo/error_lyle.log log file does not exist!
Creating demo/error_lyle.log file...
Writing error file...
Closing error file...
---------- End Time - 2018-08-14 16:57:01.179541 ----------
Elapsed time is: 0:00:07.293182
Index of painting: 0
Last expected painting index: 0

Checking demo/resume_lyle.txt file...
Saving last segmented image path...
Writing file...
Closing file...

-------------------- END SESSION - 2018-08-14 16:57 -------------------------


-------------------- SESSION - 2018-08-14 17:02 -------------------------
Checking demo/resume_lyle.txt file...
Reading file...
Last segmented image: demo/lyle/IMG_20180714_114634.jpg
Closing file...

-------------------- SESSION - 2018-08-14 17:03 -------------------------
Checking demo/resume_lyle.txt file...
Reading file...
Last segmented image: demo/lyle_resized/IMG_20180714_114634.jpg
Closing file...
demo/lyle_resized/IMG_20180714_114634.jpg
Resuming demo/output_lyle/IMG_20180714_114634.log file
---------- Start Time - 2018-08-14 17:03:43.452886 ----------
Index of painting: 0
Last expected painting index: 0

Checking if image {width, height} has 1,000,000 and above pixels...
Images (H x W) has dimensions 1040 x 780
Image {height, width} has below 1000 pixels - (1040 x 780)
Checking voc-fcn8s/test.prototxt file...
Reading file...
Reshaping input layer...
    shape { dim: 1 dim: 3 dim: 1040 dim: 780 }

Writing file...
Closing file...
Starting to segment the image -- IMG_20180714_114634 -- in 5 seconds
---------- End Time - 2018-08-14 17:13:35.358768 ----------
Elapsed time is: 0:09:51.905882
Index of painting: 0
Last expected painting index: 0

Checking demo/resume_lyle.txt file...
Saving last segmented image path...
Writing file...
Closing file...

-------------------- END SESSION - 2018-08-14 17:13 -------------------------

