demo/test/presentation_voc/JPEGImages/albert-bierstadt_bison-with-coyotes-in-the-background.jpg
		Loss: 53080.94921875
		Overall accuracy: 0.956044398945646
		Mean accuracy: 0.49793025852876227
		Mean IU: 0.19220665570077705
		Fwavacc accuracy: 0.9226096098565758

demo/test/presentation_voc/JPEGImages/alexey-venetsianov_checkered-shawl.jpg
		Loss: 5617.2294921875
		Overall accuracy: 0.9556798986486487
		Mean accuracy: 0.9073453112005248
		Mean IU: 0.865218380479851
		Fwavacc accuracy: 0.9155341153559218

demo/test/presentation_voc/JPEGImages/alexey-venetsianov_peasant-woman-with-milk.jpg
		Loss: 59213.07421875
		Overall accuracy: 0.8223826402697328
		Mean accuracy: 0.8486861659239341
		Mean IU: 0.47586041779768745
		Fwavacc accuracy: 0.7160318701961599

Mean Results:
		Loss: 117911.2529296875
		Overall accuracy (mean): 0.9113689792880092
		Mean accuracy (mean): 0.7513205785510736
		Mean IU (mean): 0.5110951513261052
		Fwavacc accuracy (mean): 0.8513918651362191
demo/test/presentation_voc/JPEGImages/anders-zorn_study-of-landscape-in-richmond-1882.jpg
		Loss: 1720.9306640625
		Overall accuracy: 0.9959204487506375
		Mean accuracy: 0.5
		Mean IU: 0.4979602243753187
		Fwavacc accuracy: 0.9918575402396711

demo/test/presentation_voc/JPEGImages/andrei-ryabushkin_tea-party.jpg
		Loss: 34409.125
		Overall accuracy: 0.8911344537815126
		Mean accuracy: 0.8870483719502242
		Mean IU: 0.539291901101517
		Fwavacc accuracy: 0.8102067823753853

demo/test/presentation_voc/JPEGImages/boris-kustodiev_portrait-of-z-e-roze.jpg
		Loss: 69207.078125
		Overall accuracy: 0.8616240963855422
		Mean accuracy: 0.8708383254433654
		Mean IU: 0.5012385258541877
		Fwavacc accuracy: 0.7937430593974143

Mean Results:
		Loss: 105337.1337890625
		Overall accuracy (mean): 0.9137976561302866
		Mean accuracy (mean): 0.7519747388411351
		Mean IU (mean): 0.5119626842182231
		Fwavacc accuracy (mean): 0.8583304962368548
