
-------------------- SESSION - 2018-09-19 02:31 -------------------------
Checking time.txt file if empty...
Initializing time.txt file...
Done initializing time.txt
Reading time.txt file...
Fetched Elapsed Time Iteration list...
Fetched Time Passed list...
Checking scores.txt file if empty...
Initializing scores.txt file...
Done initializing scores.txt
Reading scores.txt file...
Fetched Best Test Scores list...
Fetched Best Cross-Validation Scores list...
Fetched Out-of-bag Scores list...
---------- Start Time - 2018-09-19 02:31:29.269577 ----------
Total number of models: 18000
Checking iteration_counter.txt file if empty...
Initializing iteration_counter.txt file...
Done initializing iteration_counter.txt
Current number of models: 0
Remaining number of models: 18000
Saving model...
Test set score: 0.30
Best parameters: {'criterion': 'gini', 'max_depth': 2, 'max_features': 0.9, 'min_samples_leaf': 1, 'n_estimators': 200, 'n_jobs': -1, 'oob_score': True, 'random_state': 42}
Best cross-validation score: 0.42
Out-of-Bag Prediction Score: 0.39
Saving scores...
Saving scores...
Saving scores...
Saved scores...
['joy', 'AMBIGUOUS', 'AMBIGUOUS', 'AMBIGUOUS', 'AMBIGUOUS', 'AMBIGUOUS', 'AMBIGUOUS', 'AMBIGUOUS', 'joy', 'AMBIGUOUS', 'AMBIGUOUS', 'joy', 'AMBIGUOUS', 'AMBIGUOUS', 'joy', 'AMBIGUOUS', 'joy', 'AMBIGUOUS', 'AMBIGUOUS', 'AMBIGUOUS', 'AMBIGUOUS', 'AMBIGUOUS', 'AMBIGUOUS', 'joy', 'AMBIGUOUS', 'AMBIGUOUS', 'AMBIGUOUS', 'AMBIGUOUS', 'AMBIGUOUS', 'AMBIGUOUS', 'AMBIGUOUS', 'joy', 'AMBIGUOUS', 'AMBIGUOUS']
Saving time data...
Saving time data...
Saved time data...
Accuracy 1 elapsed time: 0:06:26.997280
Time passed: 0:06:27.007654

Current number of models: 180
Remaining number of models: 17820
Loading model...
Saving model...
Test set score: 0.43
Best parameters: {'criterion': 'gini', 'max_depth': 2, 'max_features': 'auto', 'min_samples_leaf': 1, 'n_estimators': 100, 'n_jobs': -1, 'oob_score': True, 'random_state': 42}
Best cross-validation score: 0.44
Out-of-Bag Prediction Score: 0.45
Saving scores...
Saving scores...
Saving scores...
Saved scores...
['AMBIGUOUS', 'AMBIGUOUS', 'AMBIGUOUS', 'AMBIGUOUS', 'AMBIGUOUS', 'joy', 'AMBIGUOUS', 'AMBIGUOUS', 'AMBIGUOUS', 'AMBIGUOUS', 'AMBIGUOUS', 'AMBIGUOUS', 'AMBIGUOUS', 'AMBIGUOUS', 'AMBIGUOUS', 'AMBIGUOUS', 'AMBIGUOUS', 'AMBIGUOUS', 'joy', 'AMBIGUOUS', 'AMBIGUOUS', 'AMBIGUOUS', 'AMBIGUOUS', 'AMBIGUOUS', 'AMBIGUOUS', 'AMBIGUOUS', 'AMBIGUOUS', 'AMBIGUOUS', 'AMBIGUOUS', 'AMBIGUOUS', 'AMBIGUOUS', 'joy']
Saving time data...
Saving time data...
Saved time data...
Accuracy 2 elapsed time: 0:06:37.063374
Time passed: 0:13:04.130867

Current number of models: 360
Remaining number of models: 17640
Checking time.txt file if empty...
time.txt not empty...
Reading time.txt file...
Fetched Elapsed Time Iteration  list...
Fetched Time Passed  list...
Checking scores.txt file if empty...
scores.txt not empty...
Reading scores.txt file...
Fetched Best Test Scores  list...
Fetched Best Cross-Validation Scores  list...
Fetched Out-of-bag Scores  list...
---------- Start Time - 2018-09-19 08:14:24.986052 ----------
Total number of models: 17640
Checking iteration_counter.txt file if empty...
iteration_counter.txt not empty...
Current number of models: 360
Remaining number of models: 17280
Loading model...
Saving model...
Test set score: 0.43
Best parameters: {'criterion': 'gini', 'max_depth': 2, 'max_features': 'auto', 'min_samples_leaf': 1, 'n_estimators': 200, 'n_jobs': -1, 'oob_score': True, 'random_state': 42}
Best cross-validation score: 0.53
Out-of-Bag Prediction Score: 0.52
Saving scores...
Saving scores...
Saving scores...
Saved scores...
['AMBIGUOUS', 'AMBIGUOUS', 'AMBIGUOUS', 'AMBIGUOUS', 'AMBIGUOUS', 'AMBIGUOUS', 'AMBIGUOUS', 'AMBIGUOUS', 'AMBIGUOUS', 'AMBIGUOUS', 'AMBIGUOUS', 'AMBIGUOUS', 'AMBIGUOUS', 'AMBIGUOUS', 'AMBIGUOUS', 'AMBIGUOUS', 'AMBIGUOUS', 'AMBIGUOUS', 'AMBIGUOUS', 'AMBIGUOUS', 'AMBIGUOUS', 'AMBIGUOUS', 'AMBIGUOUS', 'AMBIGUOUS', 'AMBIGUOUS', 'AMBIGUOUS', 'AMBIGUOUS', 'AMBIGUOUS', 'AMBIGUOUS', 'AMBIGUOUS', 'AMBIGUOUS']
Saving time data...
Saving time data...
Saved time data...
Accuracy 3 elapsed time: 0:06:00.455550
Time passed: 0:06:00.466106

Current number of models: 540
Remaining number of models: 17100
Loading model...
Saving model...
Test set score: 0.50
Best parameters: {'criterion': 'gini', 'max_depth': 2, 'max_features': 0.9, 'min_samples_leaf': 1, 'n_estimators': 200, 'n_jobs': -1, 'oob_score': True, 'random_state': 42}
Best cross-validation score: 0.57
Out-of-Bag Prediction Score: 0.55
Saving scores...
Saving scores...
Saving scores...
Saved scores...
['AMBIGUOUS', 'AMBIGUOUS', 'AMBIGUOUS', 'AMBIGUOUS', 'AMBIGUOUS', 'AMBIGUOUS', 'AMBIGUOUS', 'AMBIGUOUS', 'AMBIGUOUS', 'AMBIGUOUS', 'AMBIGUOUS', 'AMBIGUOUS', 'AMBIGUOUS', 'AMBIGUOUS', 'joy', 'AMBIGUOUS', 'AMBIGUOUS', 'AMBIGUOUS', 'joy', 'joy', 'joy', 'AMBIGUOUS', 'joy', 'joy', 'joy', 'joy', 'AMBIGUOUS', 'AMBIGUOUS', 'joy']
Saving time data...
Saving time data...
Saved time data...
Accuracy 4 elapsed time: 0:05:59.724368
Time passed: 0:12:00.240792

Current number of models: 720
Remaining number of models: 16920
Loading model...
Saving model...
Test set score: 0.56
Best parameters: {'criterion': 'gini', 'max_depth': 2, 'max_features': 'auto', 'min_samples_leaf': 1, 'n_estimators': 100, 'n_jobs': -1, 'oob_score': True, 'random_state': 42}
Best cross-validation score: 0.58
Out-of-Bag Prediction Score: 0.55
Saving scores...
Saving scores...
Saving scores...
Saved scores...
['AMBIGUOUS', 'AMBIGUOUS', 'AMBIGUOUS', 'AMBIGUOUS', 'AMBIGUOUS', 'AMBIGUOUS', 'AMBIGUOUS', 'AMBIGUOUS', 'AMBIGUOUS', 'AMBIGUOUS', 'AMBIGUOUS', 'AMBIGUOUS', 'AMBIGUOUS', 'AMBIGUOUS', 'AMBIGUOUS', 'AMBIGUOUS', 'AMBIGUOUS', 'AMBIGUOUS', 'AMBIGUOUS', 'AMBIGUOUS', 'AMBIGUOUS', 'AMBIGUOUS', 'AMBIGUOUS', 'AMBIGUOUS', 'AMBIGUOUS', 'AMBIGUOUS', 'AMBIGUOUS', 'AMBIGUOUS']
Saving time data...
Saving time data...
Saved time data...
Accuracy 5 elapsed time: 0:06:06.724879
Time passed: 0:18:07.010285

Current number of models: 900
Remaining number of models: 16740
Checking time.txt file if empty...
time.txt not empty...
Reading time.txt file...
Fetched Elapsed Time Iteration   list...
Fetched Time Passed   list...
Checking scores.txt file if empty...
scores.txt not empty...
Reading scores.txt file...
Fetched Best Test Scores   list...
Fetched Best Cross-Validation Scores   list...
Fetched Out-of-bag Scores   list...
---------- Start Time - 2018-09-19 10:33:59.510817 ----------
Total number of models: 17100
Checking iteration_counter.txt file if empty...
iteration_counter.txt not empty...
Current number of models: 900
Remaining number of models: 16200
Loading model...
Saving model...
Test set score: 0.59
Best parameters: {'criterion': 'gini', 'max_depth': 2, 'max_features': 0.9, 'min_samples_leaf': 1, 'n_estimators': 200, 'n_jobs': -1, 'oob_score': True, 'random_state': 42}
Best cross-validation score: 0.60
Out-of-Bag Prediction Score: 0.59
Saving scores...
Saving scores...
Saving scores...
Saved scores...
['AMBIGUOUS', 'AMBIGUOUS', 'AMBIGUOUS', 'AMBIGUOUS', 'AMBIGUOUS', 'AMBIGUOUS', 'AMBIGUOUS', 'AMBIGUOUS', 'AMBIGUOUS', 'AMBIGUOUS', 'AMBIGUOUS', 'AMBIGUOUS', 'AMBIGUOUS', 'AMBIGUOUS', 'AMBIGUOUS', 'AMBIGUOUS', 'AMBIGUOUS', 'AMBIGUOUS', 'AMBIGUOUS', 'AMBIGUOUS', 'AMBIGUOUS', 'AMBIGUOUS', 'AMBIGUOUS', 'AMBIGUOUS', 'AMBIGUOUS', 'AMBIGUOUS']
Saving time data...
Saving time data...
Saved time data...
Accuracy 6 elapsed time: 0:05:59.201586
Time passed: 0:05:59.215102

Current number of models: 1080
Remaining number of models: 16020
Loading model...
Saving model...
Test set score: 0.63
Best parameters: {'criterion': 'gini', 'max_depth': 2, 'max_features': 'auto', 'min_samples_leaf': 1, 'n_estimators': 200, 'n_jobs': -1, 'oob_score': True, 'random_state': 42}
Best cross-validation score: 0.60
Out-of-Bag Prediction Score: 0.60
Saving scores...
Saving scores...
Saving scores...
Saved scores...
['AMBIGUOUS', 'AMBIGUOUS', 'AMBIGUOUS', 'AMBIGUOUS', 'AMBIGUOUS', 'AMBIGUOUS', 'AMBIGUOUS', 'AMBIGUOUS', 'AMBIGUOUS', 'AMBIGUOUS', 'AMBIGUOUS', 'AMBIGUOUS', 'AMBIGUOUS', 'AMBIGUOUS', 'AMBIGUOUS', 'AMBIGUOUS', 'AMBIGUOUS', 'AMBIGUOUS', 'AMBIGUOUS', 'AMBIGUOUS', 'AMBIGUOUS', 'AMBIGUOUS', 'AMBIGUOUS', 'AMBIGUOUS', 'AMBIGUOUS']
Saving time data...
Saving time data...
Saved time data...
Accuracy 7 elapsed time: 0:06:05.013063
Time passed: 0:12:04.272325

Current number of models: 1260
Remaining number of models: 15840
Loading model...
Saving model...
Test set score: 0.63
Best parameters: {'criterion': 'gini', 'max_depth': 1, 'max_features': 0.9, 'min_samples_leaf': 1, 'n_estimators': 500, 'n_jobs': -1, 'oob_score': True, 'random_state': 42}
Best cross-validation score: 0.64
Out-of-Bag Prediction Score: 0.63
Saving scores...
Saving scores...
Saving scores...
Saved scores...
['AMBIGUOUS', 'AMBIGUOUS', 'AMBIGUOUS', 'AMBIGUOUS', 'AMBIGUOUS', 'AMBIGUOUS', 'AMBIGUOUS', 'AMBIGUOUS', 'AMBIGUOUS', 'AMBIGUOUS', 'AMBIGUOUS', 'AMBIGUOUS', 'AMBIGUOUS', 'AMBIGUOUS', 'AMBIGUOUS', 'AMBIGUOUS', 'AMBIGUOUS', 'AMBIGUOUS', 'AMBIGUOUS', 'AMBIGUOUS', 'AMBIGUOUS', 'AMBIGUOUS', 'AMBIGUOUS', 'AMBIGUOUS']
Saving time data...
Saving time data...
Saved time data...
Accuracy 8 elapsed time: 0:06:04.474483
Time passed: 0:18:08.796574

Current number of models: 1440
Remaining number of models: 15660
Loading model...
Saving model...
Test set score: 0.67
Best parameters: {'criterion': 'gini', 'max_depth': 2, 'max_features': 0.2, 'min_samples_leaf': 1, 'n_estimators': 500, 'n_jobs': -1, 'oob_score': True, 'random_state': 42}
Best cross-validation score: 0.64
Out-of-Bag Prediction Score: 0.63
Saving scores...
Saving scores...
Saving scores...
Saved scores...
['AMBIGUOUS', 'AMBIGUOUS', 'AMBIGUOUS', 'AMBIGUOUS', 'AMBIGUOUS', 'AMBIGUOUS', 'AMBIGUOUS', 'AMBIGUOUS', 'AMBIGUOUS', 'AMBIGUOUS', 'AMBIGUOUS', 'AMBIGUOUS', 'AMBIGUOUS', 'AMBIGUOUS', 'AMBIGUOUS', 'AMBIGUOUS', 'AMBIGUOUS', 'AMBIGUOUS', 'AMBIGUOUS', 'AMBIGUOUS', 'AMBIGUOUS', 'AMBIGUOUS', 'AMBIGUOUS']
Saving time data...
Saving time data...
Saved time data...
Accuracy 9 elapsed time: 0:06:07.280776
Time passed: 0:24:16.121137

Current number of models: 1620
Remaining number of models: 15480
Loading model...
Saving model...
Test set score: 0.69
Best parameters: {'criterion': 'gini', 'max_depth': 2, 'max_features': 0.9, 'min_samples_leaf': 1, 'n_estimators': 500, 'n_jobs': -1, 'oob_score': True, 'random_state': 42}
Best cross-validation score: 0.65
Out-of-Bag Prediction Score: 0.65
Saving scores...
Saving scores...
Saving scores...
Saved scores...
['AMBIGUOUS', 'AMBIGUOUS', 'AMBIGUOUS', 'AMBIGUOUS', 'AMBIGUOUS', 'AMBIGUOUS', 'AMBIGUOUS', 'AMBIGUOUS', 'AMBIGUOUS', 'AMBIGUOUS', 'AMBIGUOUS', 'AMBIGUOUS', 'AMBIGUOUS', 'AMBIGUOUS', 'AMBIGUOUS', 'AMBIGUOUS', 'AMBIGUOUS', 'AMBIGUOUS', 'AMBIGUOUS', 'AMBIGUOUS', 'joy', 'joy']
Saving time data...
Saving time data...
Saved time data...
Accuracy 10 elapsed time: 0:06:05.797815
Time passed: 0:30:21.956698

Current number of models: 180
Remaining number of models: 16920
Loading model...
Saving model...
Test set score: 0.62
Best parameters: {'criterion': 'gini', 'max_depth': 2, 'max_features': 'auto', 'min_samples_leaf': 2, 'n_estimators': 100, 'n_jobs': -1, 'oob_score': True, 'random_state': 42}
Best cross-validation score: 0.68
Out-of-Bag Prediction Score: 0.67
Saving scores...
Saving scores...
Saving scores...
Saved scores...
['AMBIGUOUS', 'AMBIGUOUS', 'AMBIGUOUS', 'AMBIGUOUS', 'AMBIGUOUS', 'AMBIGUOUS', 'AMBIGUOUS', 'AMBIGUOUS', 'AMBIGUOUS', 'AMBIGUOUS', 'AMBIGUOUS', 'AMBIGUOUS', 'AMBIGUOUS', 'AMBIGUOUS', 'AMBIGUOUS', 'AMBIGUOUS', 'AMBIGUOUS', 'AMBIGUOUS', 'AMBIGUOUS', 'AMBIGUOUS']
Saving time data...
Saving time data...
Saved time data...
Accuracy 2 elapsed time: 0:06:08.244532
Time passed: 0:36:30.250295

Current number of models: 360
Remaining number of models: 16740
Checking time.txt file if empty...
time.txt not empty...
Reading time.txt file...
Fetched Elapsed Time Iteration    list...
Fetched Time Passed    list...
Checking scores.txt file if empty...
scores.txt not empty...
Reading scores.txt file...
Fetched Best Test Scores    list...
Fetched Best Cross-Validation Scores    list...
Fetched Out-of-bag Scores    list...
---------- Start Time - 2018-09-19 11:13:17.269621 ----------
Total number of models: 16020
Checking iteration_counter.txt file if empty...
iteration_counter.txt not empty...
Current number of models: 180
Remaining number of models: 15840
Checking time.txt file if empty...
time.txt not empty...
Reading time.txt file...
Fetched Elapsed Time Iteration    list...
Fetched Time Passed    list...
Checking scores.txt file if empty...
scores.txt not empty...
Reading scores.txt file...
Fetched Best Test Scores    list...
Fetched Best Cross-Validation Scores    list...
Fetched Out-of-bag Scores    list...
---------- Start Time - 2018-09-19 11:17:32.188056 ----------
Total number of models: 16020
Checking iteration_counter.txt file if empty...
iteration_counter.txt not empty...
Current number of models: 180
Remaining number of models: 15840
Loading model...
Saving model...
Test set score: 0.67
Best parameters: {'criterion': 'entropy', 'max_depth': 2, 'max_features': 0.2, 'min_samples_leaf': 1, 'n_estimators': 100, 'n_jobs': -1, 'oob_score': True, 'random_state': 42}
Best cross-validation score: 0.68
Out-of-Bag Prediction Score: 0.66
Saving scores...
Saving scores...
Saving scores...
Saved scores...
['AMBIGUOUS', 'AMBIGUOUS', 'AMBIGUOUS', 'AMBIGUOUS', 'AMBIGUOUS', 'AMBIGUOUS', 'AMBIGUOUS', 'AMBIGUOUS', 'AMBIGUOUS', 'AMBIGUOUS', 'AMBIGUOUS', 'AMBIGUOUS', 'AMBIGUOUS', 'AMBIGUOUS', 'AMBIGUOUS', 'AMBIGUOUS', 'AMBIGUOUS', 'AMBIGUOUS', 'AMBIGUOUS']
Saving time data...
Saving time data...
Saved time data...
Accuracy 2 elapsed time: 0:09:51.415415
Time passed: 0:09:51.463029

Current number of models: 360
Remaining number of models: 15660
Loading model...
Saving model...
Test set score: 0.69
Best parameters: {'criterion': 'gini', 'max_depth': 2, 'max_features': 0.2, 'min_samples_leaf': 1, 'n_estimators': 500, 'n_jobs': -1, 'oob_score': True, 'random_state': 42}
Best cross-validation score: 0.68
Out-of-Bag Prediction Score: 0.67
Saving scores...
Saving scores...
Saving scores...
Saved scores...
['AMBIGUOUS', 'AMBIGUOUS', 'AMBIGUOUS', 'AMBIGUOUS', 'AMBIGUOUS', 'AMBIGUOUS', 'AMBIGUOUS', 'AMBIGUOUS', 'AMBIGUOUS', 'AMBIGUOUS', 'AMBIGUOUS', 'AMBIGUOUS', 'AMBIGUOUS', 'AMBIGUOUS', 'AMBIGUOUS', 'AMBIGUOUS', 'AMBIGUOUS', 'AMBIGUOUS']
Saving time data...
Saving time data...
Saved time data...
Accuracy 3 elapsed time: 0:09:47.540027
Time passed: 0:19:39.100129

Current number of models: 540
Remaining number of models: 15480
Loading model...
Saving model...
Test set score: 0.68
Best parameters: {'criterion': 'entropy', 'max_depth': 1, 'max_features': 0.9, 'min_samples_leaf': 1, 'n_estimators': 200, 'n_jobs': -1, 'oob_score': True, 'random_state': 42}
Best cross-validation score: 0.70
Out-of-Bag Prediction Score: 0.71
Saving scores...
Saving scores...
Saving scores...
Saved scores...
['AMBIGUOUS', 'AMBIGUOUS', 'AMBIGUOUS', 'AMBIGUOUS', 'AMBIGUOUS', 'AMBIGUOUS', 'AMBIGUOUS', 'AMBIGUOUS', 'AMBIGUOUS', 'AMBIGUOUS', 'AMBIGUOUS', 'AMBIGUOUS', 'AMBIGUOUS', 'AMBIGUOUS', 'AMBIGUOUS', 'AMBIGUOUS', 'AMBIGUOUS', 'AMBIGUOUS']
Saving time data...
Saving time data...
Saved time data...
Accuracy 4 elapsed time: 0:09:49.066712
Time passed: 0:29:28.265502

Current number of models: 720
Remaining number of models: 15300
Loading model...
Saving model...
Test set score: 0.68
Best parameters: {'criterion': 'gini', 'max_depth': 2, 'max_features': 0.9, 'min_samples_leaf': 1, 'n_estimators': 200, 'n_jobs': -1, 'oob_score': True, 'random_state': 42}
Best cross-validation score: 0.72
Out-of-Bag Prediction Score: 0.72
Saving scores...
Saving scores...
Saving scores...
Saved scores...
['AMBIGUOUS', 'AMBIGUOUS', 'AMBIGUOUS', 'AMBIGUOUS', 'AMBIGUOUS', 'AMBIGUOUS', 'AMBIGUOUS', 'AMBIGUOUS', 'AMBIGUOUS', 'AMBIGUOUS', 'AMBIGUOUS', 'AMBIGUOUS', 'AMBIGUOUS', 'AMBIGUOUS', 'AMBIGUOUS', 'AMBIGUOUS', 'AMBIGUOUS']
Saving time data...
Saving time data...
Saved time data...
Accuracy 5 elapsed time: 0:09:48.022188
Time passed: 0:39:16.384984

Current number of models: 900
Remaining number of models: 15120
Loading model...
Saving model...
Test set score: 0.70
Best parameters: {'criterion': 'gini', 'max_depth': 2, 'max_features': 0.9, 'min_samples_leaf': 1, 'n_estimators': 200, 'n_jobs': -1, 'oob_score': True, 'random_state': 42}
Best cross-validation score: 0.72
Out-of-Bag Prediction Score: 0.72
Saving scores...
Saving scores...
Saving scores...
Saved scores...
['AMBIGUOUS', 'AMBIGUOUS', 'AMBIGUOUS', 'AMBIGUOUS', 'AMBIGUOUS', 'AMBIGUOUS', 'AMBIGUOUS', 'AMBIGUOUS', 'AMBIGUOUS', 'AMBIGUOUS', 'AMBIGUOUS', 'AMBIGUOUS', 'AMBIGUOUS', 'AMBIGUOUS', 'joy', 'AMBIGUOUS']
Saving time data...
Saving time data...
Saved time data...
Accuracy 6 elapsed time: 0:09:49.898801
Time passed: 0:49:06.376116

Current number of models: 1080
Remaining number of models: 14940
