
-------------------- SESSION - 2018-09-19 13:33 -------------------------
Checking time.txt file if empty...
Initializing time.txt file...
Done initializing time.txt
Reading time.txt file...
Fetched Elapsed Time Iteration list...
Fetched Time Passed list...
Checking scores.txt file if empty...
Initializing scores.txt file...
Done initializing scores.txt
Reading scores.txt file...
Fetched Best Test Scores list...
Fetched Best Cross-Validation Scores list...
Fetched Out-of-bag Scores list...
---------- Start Time - 2018-09-19 13:33:18.542193 ----------
Total number of models: 12720
Checking iteration_counter.txt file if empty...
iteration_counter.txt not empty...
Current number of models: 0
Remaining number of models: 12720
Saving model...
Test set score: 0.00
Best parameters: {'criterion': 'gini', 'max_depth': 1, 'max_features': 'auto', 'min_samples_leaf': 2, 'n_estimators': 100, 'n_jobs': -1, 'oob_score': True, 'random_state': 42}
Best cross-validation score: 0.27
Out-of-Bag Prediction Score: 0.00
Saving scores...
Saving scores...
Saving scores...
Saved scores...
['sadness', 'sadness', 'sadness', 'sadness', 'sadness', 'sadness', 'sadness', 'sadness', 'sadness', 'sadness', 'sadness', 'sadness', 'sadness', 'sadness', 'sadness', 'sadness', 'sadness', 'sadness', 'sadness', 'sadness', 'sadness', 'sadness', 'sadness', 'sadness', 'sadness', 'sadness', 'sadness', 'sadness', 'sadness', 'sadness', 'sadness', 'sadness', 'sadness', 'sadness', 'sadness', 'sadness', 'sadness', 'sadness', 'sadness', 'sadness', 'sadness', 'sadness', 'sadness', 'sadness', 'sadness', 'sadness', 'sadness', 'sadness', 'sadness']
Saving time data...
Saving time data...
Saved time data...
Accuracy 1 elapsed time: 0:02:18.238368
Time passed: 0:02:18.245423

Current number of models: 120
Remaining number of models: 12600
Loading model...
Saving model...
Test set score: 1.00
Best parameters: {'criterion': 'gini', 'max_depth': 1, 'max_features': 'auto', 'min_samples_leaf': 2, 'n_estimators': 100, 'n_jobs': -1, 'oob_score': True, 'random_state': 42}
Best cross-validation score: 0.27
Out-of-Bag Prediction Score: 0.00
Saving scores...
Saving scores...
Saving scores...
Saved scores...
['sadness', 'sadness', 'sadness', 'sadness', 'sadness', 'sadness', 'sadness', 'sadness', 'sadness', 'sadness', 'sadness', 'sadness', 'sadness', 'sadness', 'sadness', 'sadness', 'sadness', 'sadness', 'sadness', 'sadness', 'sadness', 'sadness', 'sadness', 'sadness', 'sadness', 'sadness', 'sadness', 'sadness', 'sadness', 'sadness', 'sadness', 'sadness', 'sadness', 'sadness', 'sadness', 'sadness', 'sadness', 'sadness', 'sadness', 'sadness', 'sadness', 'sadness', 'sadness', 'sadness', 'sadness', 'sadness']
Saving time data...
Saving time data...
Saved time data...
Accuracy 2 elapsed time: 0:00:00.847604
Time passed: 0:02:19.138542

Current number of models: 240
Remaining number of models: 12480
Loading model...
Saving model...
Test set score: 0.89
Best parameters: {'criterion': 'gini', 'max_depth': 1, 'max_features': 'auto', 'min_samples_leaf': 2, 'n_estimators': 100, 'n_jobs': -1, 'oob_score': True, 'random_state': 42}
Best cross-validation score: 0.27
Out-of-Bag Prediction Score: 0.00
Saving scores...
Saving scores...
Saving scores...
Saved scores...
['sadness', 'sadness', 'sadness', 'sadness', 'sadness', 'sadness', 'sadness', 'sadness', 'sadness', 'sadness', 'sadness', 'sadness', 'sadness', 'sadness', 'sadness', 'sadness', 'sadness', 'sadness', 'sadness', 'sadness', 'sadness', 'sadness', 'sadness', 'sadness', 'sadness', 'sadness', 'sadness', 'sadness', 'sadness', 'sadness', 'sadness', 'sadness', 'sadness', 'sadness', 'sadness', 'sadness', 'sadness', 'sadness', 'sadness', 'sadness', 'sadness', 'sadness', 'sadness', 'sadness']
Saving time data...
Saving time data...
Saved time data...
Accuracy 3 elapsed time: 0:00:00.839774
Time passed: 0:02:20.018373

Current number of models: 360
Remaining number of models: 12360
Loading model...
Saving model...
Test set score: 0.97
Best parameters: {'criterion': 'gini', 'max_depth': 1, 'max_features': 'auto', 'min_samples_leaf': 2, 'n_estimators': 100, 'n_jobs': -1, 'oob_score': True, 'random_state': 42}
Best cross-validation score: 0.27
Out-of-Bag Prediction Score: 0.00
Saving scores...
Saving scores...
Saving scores...
Saved scores...
['sadness', 'sadness', 'sadness', 'sadness', 'sadness', 'sadness', 'sadness', 'sadness', 'sadness', 'sadness', 'sadness', 'sadness', 'sadness', 'sadness', 'sadness', 'sadness', 'sadness', 'sadness', 'sadness', 'sadness', 'sadness', 'sadness', 'sadness', 'sadness', 'sadness', 'sadness', 'sadness', 'sadness', 'sadness', 'sadness', 'sadness', 'sadness', 'sadness', 'sadness', 'sadness', 'sadness', 'ambiguous', 'sadness', 'sadness', 'ambiguous', 'sadness', 'ambiguous']
Saving time data...
Saving time data...
Saved time data...
Accuracy 4 elapsed time: 0:00:00.823880
Time passed: 0:02:20.883815

Current number of models: 480
Remaining number of models: 12240
Loading model...
Saving model...
Test set score: 0.98
Best parameters: {'criterion': 'gini', 'max_depth': 1, 'max_features': 'auto', 'min_samples_leaf': 2, 'n_estimators': 100, 'n_jobs': -1, 'oob_score': True, 'random_state': 42}
Best cross-validation score: 0.27
Out-of-Bag Prediction Score: 0.00
Saving scores...
Saving scores...
Saving scores...
Saved scores...
['sadness', 'sadness', 'sadness', 'fear', 'sadness', 'ambiguous', 'ambiguous', 'sadness', 'sadness', 'sadness', 'ambiguous', 'ambiguous', 'fear', 'sadness', 'ambiguous', 'sadness', 'ambiguous', 'sadness', 'fear', 'sadness', 'ambiguous', 'ambiguous', 'sadness', 'disgust', 'sadness', 'fear', 'fear', 'sadness', 'fear', 'disgust', 'sadness', 'ambiguous', 'sadness', 'ambiguous', 'fear', 'sadness', 'ambiguous', 'fear', 'fear', 'ambiguous']
Saving time data...
Saving time data...
Saved time data...
Accuracy 5 elapsed time: 0:00:00.805137
Time passed: 0:02:21.730150

Current number of models: 600
Remaining number of models: 12120
Loading model...
Saving model...
Test set score: 0.98
Best parameters: {'criterion': 'gini', 'max_depth': 1, 'max_features': 'auto', 'min_samples_leaf': 2, 'n_estimators': 100, 'n_jobs': -1, 'oob_score': True, 'random_state': 42}
Best cross-validation score: 0.27
Out-of-Bag Prediction Score: 0.00
Saving scores...
Saving scores...
Saving scores...
Saved scores...
['sadness', 'fear', 'sadness', 'sadness', 'sadness', 'fear', 'sadness', 'ambiguous', 'ambiguous', 'fear', 'fear', 'ambiguous', 'fear', 'sadness', 'ambiguous', 'sadness', 'ambiguous', 'sadness', 'ambiguous', 'ambiguous', 'sadness', 'disgust', 'ambiguous', 'disgust', 'fear', 'disgust', 'sadness', 'ambiguous', 'sadness', 'sadness', 'sadness', 'ambiguous', 'fear', 'fear', 'ambiguous', 'fear', 'fear', 'sadness']
Saving time data...
Saving time data...
Saved time data...
Accuracy 6 elapsed time: 0:00:00.788046
Time passed: 0:02:22.558748

Current number of models: 720
Remaining number of models: 12000
Loading model...
Saving model...
Test set score: 0.99
Best parameters: {'criterion': 'gini', 'max_depth': 1, 'max_features': 'auto', 'min_samples_leaf': 2, 'n_estimators': 100, 'n_jobs': -1, 'oob_score': True, 'random_state': 42}
Best cross-validation score: 0.27
Out-of-Bag Prediction Score: 0.00
Saving scores...
Saving scores...
Saving scores...
Saved scores...
['fear', 'fear', 'sadness', 'disgust', 'sadness', 'fear', 'fear', 'ambiguous', 'fear', 'disgust', 'sadness', 'sadness', 'ambiguous', 'fear', 'fear', 'sadness', 'ambiguous', 'sadness', 'sadness', 'disgust', 'fear', 'sadness', 'ambiguous', 'disgust', 'ambiguous', 'fear', 'disgust', 'fear', 'sadness', 'fear', 'disgust', 'disgust', 'disgust', 'disgust', 'fear', 'fear']
Saving time data...
Saving time data...
Saved time data...
Accuracy 7 elapsed time: 0:00:00.776610
Time passed: 0:02:23.372512

Current number of models: 840
Remaining number of models: 11880
Loading model...
Saving model...
Test set score: 0.99
Best parameters: {'criterion': 'gini', 'max_depth': 1, 'max_features': 'auto', 'min_samples_leaf': 2, 'n_estimators': 100, 'n_jobs': -1, 'oob_score': True, 'random_state': 42}
Best cross-validation score: 0.27
Out-of-Bag Prediction Score: 0.00
Saving scores...
Saving scores...
Saving scores...
Saved scores...
['fear', 'fear', 'disgust', 'fear', 'fear', 'sadness', 'ambiguous', 'sadness', 'fear', 'fear', 'ambiguous', 'fear', 'disgust', 'fear', 'fear', 'ambiguous', 'fear', 'sadness', 'disgust', 'fear', 'disgust', 'fear', 'fear', 'fear', 'fear', 'fear', 'sadness', 'ambiguous', 'disgust', 'ambiguous', 'sadness', 'ambiguous', 'disgust', 'fear']
Saving time data...
Saving time data...
Saved time data...
Accuracy 8 elapsed time: 0:00:00.792094
Time passed: 0:02:24.207307

Current number of models: 960
Remaining number of models: 11760
Loading model...
Saving model...
Test set score: 0.99
Best parameters: {'criterion': 'gini', 'max_depth': 1, 'max_features': 'auto', 'min_samples_leaf': 2, 'n_estimators': 100, 'n_jobs': -1, 'oob_score': True, 'random_state': 42}
Best cross-validation score: 0.27
Out-of-Bag Prediction Score: 0.00
Saving scores...
Saving scores...
Saving scores...
Saved scores...
['sadness', 'ambiguous', 'disgust', 'sadness', 'sadness', 'fear', 'fear', 'fear', 'fear', 'disgust', 'disgust', 'ambiguous', 'fear', 'disgust', 'fear', 'ambiguous', 'fear', 'ambiguous', 'ambiguous', 'sadness', 'fear', 'fear', 'sadness', 'fear', 'fear', 'disgust', 'fear', 'ambiguous', 'disgust', 'disgust', 'ambiguous', 'fear']
Saving time data...
Saving time data...
Saved time data...
Accuracy 9 elapsed time: 0:00:00.725698
Time passed: 0:02:24.985829

Current number of models: 1080
Remaining number of models: 11640
Loading model...
Saving model...
Test set score: 0.96
Best parameters: {'criterion': 'gini', 'max_depth': 1, 'max_features': 'auto', 'min_samples_leaf': 2, 'n_estimators': 100, 'n_jobs': -1, 'oob_score': True, 'random_state': 42}
Best cross-validation score: 0.27
Out-of-Bag Prediction Score: 0.00
Saving scores...
Saving scores...
Saving scores...
Saved scores...
['fear', 'disgust', 'fear', 'fear', 'ambiguous', 'ambiguous', 'disgust', 'fear', 'fear', 'disgust', 'ambiguous', 'fear', 'fear', 'disgust', 'ambiguous', 'fear', 'disgust', 'fear', 'disgust', 'sadness', 'ambiguous', 'fear', 'disgust', 'fear', 'disgust', 'disgust', 'disgust', 'disgust', 'disgust', 'sadness', 'ambiguous']
Saving time data...
Saving time data...
Saved time data...
Accuracy 10 elapsed time: 0:00:00.723804
Time passed: 0:02:25.749397

Current number of models: 1200
Remaining number of models: 11520
Loading model...
Saving model...
Test set score: 0.96
Best parameters: {'criterion': 'gini', 'max_depth': 1, 'max_features': 'auto', 'min_samples_leaf': 2, 'n_estimators': 100, 'n_jobs': -1, 'oob_score': True, 'random_state': 42}
Best cross-validation score: 0.27
Out-of-Bag Prediction Score: 0.00
Saving scores...
Saving scores...
Saving scores...
Saved scores...
['ambiguous', 'disgust', 'ambiguous', 'ambiguous', 'fear', 'fear', 'fear', 'ambiguous', 'disgust', 'fear', 'fear', 'ambiguous', 'disgust', 'fear', 'ambiguous', 'disgust', 'disgust', 'disgust', 'fear', 'fear', 'disgust', 'ambiguous', 'fear', 'ambiguous', 'disgust', 'fear', 'ambiguous', 'fear', 'ambiguous']
Saving time data...
Saving time data...
Saved time data...
Accuracy 11 elapsed time: 0:00:00.700926
Time passed: 0:02:26.496443

Current number of models: 1320
Remaining number of models: 11400
Loading model...
Saving model...
Test set score: 0.96
Best parameters: {'criterion': 'gini', 'max_depth': 1, 'max_features': 'auto', 'min_samples_leaf': 2, 'n_estimators': 100, 'n_jobs': -1, 'oob_score': True, 'random_state': 42}
Best cross-validation score: 0.27
Out-of-Bag Prediction Score: 0.00
Saving scores...
Saving scores...
Saving scores...
Saved scores...
['fear', 'disgust', 'disgust', 'disgust', 'sadness', 'ambiguous', 'ambiguous', 'fear', 'disgust', 'fear', 'disgust', 'ambiguous', 'disgust', 'sadness', 'sadness', 'ambiguous', 'fear', 'fear', 'disgust', 'fear', 'ambiguous', 'disgust', 'disgust', 'fear', 'fear', 'ambiguous', 'fear', 'ambiguous']
Saving time data...
Saving time data...
Saved time data...
Accuracy 12 elapsed time: 0:00:00.698438
Time passed: 0:02:27.238428

Current number of models: 1440
Remaining number of models: 11280
Loading model...
Saving model...
Test set score: 0.97
Best parameters: {'criterion': 'gini', 'max_depth': 1, 'max_features': 'auto', 'min_samples_leaf': 2, 'n_estimators': 100, 'n_jobs': -1, 'oob_score': True, 'random_state': 42}
Best cross-validation score: 0.27
Out-of-Bag Prediction Score: 0.00
Saving scores...
Saving scores...
Saving scores...
Saved scores...
['sadness', 'ambiguous', 'disgust', 'disgust', 'ambiguous', 'ambiguous', 'ambiguous', 'ambiguous', 'disgust', 'ambiguous', 'sadness', 'disgust', 'ambiguous', 'ambiguous', 'disgust', 'disgust', 'disgust', 'fear', 'fear', 'sadness', 'disgust', 'ambiguous', 'disgust', 'fear', 'ambiguous', 'fear']
Saving time data...
Saving time data...
Saved time data...
Accuracy 13 elapsed time: 0:00:00.682654
Time passed: 0:02:27.962826

Current number of models: 1560
Remaining number of models: 11160
Loading model...
Saving model...
Test set score: 0.97
Best parameters: {'criterion': 'gini', 'max_depth': 1, 'max_features': 'auto', 'min_samples_leaf': 2, 'n_estimators': 100, 'n_jobs': -1, 'oob_score': True, 'random_state': 42}
Best cross-validation score: 0.27
Out-of-Bag Prediction Score: 0.00
Saving scores...
Saving scores...
Saving scores...
Saved scores...
['disgust', 'sadness', 'sadness', 'disgust', 'ambiguous', 'fear', 'fear', 'disgust', 'fear', 'ambiguous', 'ambiguous', 'fear', 'fear', 'ambiguous', 'disgust', 'fear', 'fear', 'ambiguous', 'disgust', 'ambiguous', 'disgust', 'disgust', 'disgust', 'sadness', 'ambiguous']
Saving time data...
Saving time data...
Saved time data...
Accuracy 14 elapsed time: 0:00:00.668415
Time passed: 0:02:28.668831

Current number of models: 1680
Remaining number of models: 11040
Loading model...
Saving model...
Test set score: 0.97
Best parameters: {'criterion': 'gini', 'max_depth': 1, 'max_features': 'auto', 'min_samples_leaf': 2, 'n_estimators': 100, 'n_jobs': -1, 'oob_score': True, 'random_state': 42}
Best cross-validation score: 0.27
Out-of-Bag Prediction Score: 0.00
Saving scores...
Saving scores...
Saving scores...
Saved scores...
['disgust', 'fear', 'fear', 'fear', 'disgust', 'fear', 'fear', 'fear', 'disgust', 'ambiguous', 'fear', 'fear', 'fear', 'fear', 'ambiguous', 'fear', 'fear', 'sadness', 'fear', 'disgust', 'fear', 'disgust', 'sadness', 'ambiguous']
Saving time data...
Saving time data...
Saved time data...
Accuracy 15 elapsed time: 0:00:00.668222
Time passed: 0:02:29.379473

Current number of models: 1800
Remaining number of models: 10920
Loading model...
Saving model...
Test set score: 0.99
Best parameters: {'criterion': 'gini', 'max_depth': 1, 'max_features': 'auto', 'min_samples_leaf': 2, 'n_estimators': 100, 'n_jobs': -1, 'oob_score': True, 'random_state': 42}
Best cross-validation score: 0.27
Out-of-Bag Prediction Score: 0.00
Saving scores...
Saving scores...
Saving scores...
Saved scores...
['disgust', 'sadness', 'sadness', 'disgust', 'fear', 'sadness', 'fear', 'fear', 'fear', 'ambiguous', 'ambiguous', 'disgust', 'fear', 'fear', 'fear', 'fear', 'fear', 'fear', 'fear', 'fear', 'fear', 'fear', 'ambiguous']
Saving time data...
Saving time data...
Saved time data...
Accuracy 16 elapsed time: 0:00:00.663464
Time passed: 0:02:30.086846

Current number of models: 1920
Remaining number of models: 10800
Loading model...
Saving model...
Test set score: 0.99
Best parameters: {'criterion': 'gini', 'max_depth': 1, 'max_features': 'auto', 'min_samples_leaf': 2, 'n_estimators': 100, 'n_jobs': -1, 'oob_score': True, 'random_state': 42}
Best cross-validation score: 0.27
Out-of-Bag Prediction Score: 0.00
Saving scores...
Saving scores...
Saving scores...
Saved scores...
['fear', 'fear', 'disgust', 'ambiguous', 'fear', 'fear', 'sadness', 'fear', 'fear', 'ambiguous', 'fear', 'fear', 'disgust', 'fear', 'disgust', 'fear', 'fear', 'ambiguous', 'disgust', 'ambiguous', 'disgust']
Saving time data...
Saving time data...
Saved time data...
Accuracy 17 elapsed time: 0:00:00.650284
Time passed: 0:02:30.778283

Current number of models: 2040
Remaining number of models: 10680
Loading model...
Saving model...
Test set score: 0.99
Best parameters: {'criterion': 'gini', 'max_depth': 1, 'max_features': 'auto', 'min_samples_leaf': 2, 'n_estimators': 100, 'n_jobs': -1, 'oob_score': True, 'random_state': 42}
Best cross-validation score: 0.27
Out-of-Bag Prediction Score: 0.00
Saving scores...
Saving scores...
Saving scores...
Saved scores...
['fear', 'fear', 'fear', 'fear', 'ambiguous', 'ambiguous', 'fear', 'ambiguous', 'disgust', 'fear', 'fear', 'fear', 'disgust', 'ambiguous', 'ambiguous', 'fear', 'disgust', 'fear', 'disgust', 'fear']
Saving time data...
Saving time data...
Saved time data...
Accuracy 18 elapsed time: 0:00:00.678575
Time passed: 0:02:31.501035

Current number of models: 2160
Remaining number of models: 10560
Loading model...
Saving model...
Test set score: 0.97
Best parameters: {'criterion': 'gini', 'max_depth': 1, 'max_features': 'auto', 'min_samples_leaf': 2, 'n_estimators': 100, 'n_jobs': -1, 'oob_score': True, 'random_state': 42}
Best cross-validation score: 0.27
Out-of-Bag Prediction Score: 0.00
Saving scores...
Saving scores...
Saving scores...
Saved scores...
['fear', 'ambiguous', 'fear', 'fear', 'fear', 'ambiguous', 'ambiguous', 'fear', 'disgust', 'fear', 'fear', 'fear', 'fear', 'fear', 'fear', 'ambiguous', 'fear', 'fear', 'fear']
Saving time data...
Saving time data...
Saved time data...
Accuracy 19 elapsed time: 0:00:00.621967
Time passed: 0:02:32.163760

Current number of models: 2280
Remaining number of models: 10440
Loading model...
Saving model...
Test set score: 0.97
Best parameters: {'criterion': 'gini', 'max_depth': 1, 'max_features': 'auto', 'min_samples_leaf': 2, 'n_estimators': 100, 'n_jobs': -1, 'oob_score': True, 'random_state': 42}
Best cross-validation score: 0.27
Out-of-Bag Prediction Score: 0.00
Saving scores...
Saving scores...
Saving scores...
Saved scores...
['disgust', 'fear', 'fear', 'fear', 'disgust', 'ambiguous', 'fear', 'disgust', 'fear', 'fear', 'ambiguous', 'fear', 'fear', 'fear', 'fear', 'fear', 'fear', 'fear']
Saving time data...
Saving time data...
Saved time data...
Accuracy 20 elapsed time: 0:00:00.612269
Time passed: 0:02:32.819333

Current number of models: 2400
Remaining number of models: 10320
Loading model...
Saving model...
Test set score: 0.97
Best parameters: {'criterion': 'gini', 'max_depth': 1, 'max_features': 'auto', 'min_samples_leaf': 2, 'n_estimators': 100, 'n_jobs': -1, 'oob_score': True, 'random_state': 42}
Best cross-validation score: 0.27
Out-of-Bag Prediction Score: 0.00
Saving scores...
Saving scores...
Saving scores...
Saved scores...
['disgust', 'sadness', 'ambiguous', 'disgust', 'disgust', 'disgust', 'fear', 'fear', 'disgust', 'fear', 'fear', 'ambiguous', 'fear', 'fear', 'fear', 'disgust', 'fear', 'fear']
Saving time data...
Saving time data...
Saved time data...
Accuracy 21 elapsed time: 0:00:00.610260
Time passed: 0:02:33.468089

Current number of models: 2520
Remaining number of models: 10200
Loading model...
Saving model...
Test set score: 0.98
Best parameters: {'criterion': 'gini', 'max_depth': 1, 'max_features': 'auto', 'min_samples_leaf': 2, 'n_estimators': 100, 'n_jobs': -1, 'oob_score': True, 'random_state': 42}
Best cross-validation score: 0.27
Out-of-Bag Prediction Score: 0.00
Saving scores...
Saving scores...
Saving scores...
Saved scores...
['fear', 'fear', 'fear', 'fear', 'ambiguous', 'fear', 'disgust', 'disgust', 'fear', 'fear', 'ambiguous', 'disgust', 'ambiguous', 'ambiguous', 'fear', 'fear', 'fear']
Saving time data...
Saving time data...
Saved time data...
Accuracy 22 elapsed time: 0:00:00.612951
Time passed: 0:02:34.122656

Current number of models: 2640
Remaining number of models: 10080
Loading model...
Saving model...
Test set score: 0.98
Best parameters: {'criterion': 'gini', 'max_depth': 1, 'max_features': 'auto', 'min_samples_leaf': 2, 'n_estimators': 100, 'n_jobs': -1, 'oob_score': True, 'random_state': 42}
Best cross-validation score: 0.27
Out-of-Bag Prediction Score: 0.00
Saving scores...
Saving scores...
Saving scores...
Saved scores...
['fear', 'fear', 'fear', 'fear', 'ambiguous', 'disgust', 'fear', 'fear', 'fear', 'ambiguous', 'fear', 'fear', 'fear', 'fear', 'fear', 'fear']
Saving time data...
Saving time data...
Saved time data...
Accuracy 23 elapsed time: 0:00:00.597010
Time passed: 0:02:34.757225

Current number of models: 2760
Remaining number of models: 9960
Loading model...
Saving model...
Test set score: 0.98
Best parameters: {'criterion': 'gini', 'max_depth': 1, 'max_features': 'auto', 'min_samples_leaf': 2, 'n_estimators': 100, 'n_jobs': -1, 'oob_score': True, 'random_state': 42}
Best cross-validation score: 0.27
Out-of-Bag Prediction Score: 0.00
Saving scores...
Saving scores...
Saving scores...
Saved scores...
['fear', 'fear', 'fear', 'fear', 'fear', 'sadness', 'fear', 'fear', 'disgust', 'fear', 'fear', 'ambiguous', 'ambiguous', 'disgust', 'fear']
Saving time data...
Saving time data...
Saved time data...
Accuracy 24 elapsed time: 0:00:00.600161
Time passed: 0:02:35.398976

Current number of models: 2880
Remaining number of models: 9840
Loading model...
Saving model...
Test set score: 0.98
Best parameters: {'criterion': 'gini', 'max_depth': 1, 'max_features': 'auto', 'min_samples_leaf': 2, 'n_estimators': 100, 'n_jobs': -1, 'oob_score': True, 'random_state': 42}
Best cross-validation score: 0.27
Out-of-Bag Prediction Score: 0.00
Saving scores...
Saving scores...
Saving scores...
Saved scores...
['fear', 'fear', 'fear', 'fear', 'fear', 'ambiguous', 'sadness', 'fear', 'fear', 'ambiguous', 'fear', 'ambiguous', 'fear', 'fear']
Saving time data...
Saving time data...
Saved time data...
Accuracy 25 elapsed time: 0:00:00.585746
Time passed: 0:02:36.022279

Current number of models: 3000
Remaining number of models: 9720
Loading model...
Saving model...
Test set score: 0.98
Best parameters: {'criterion': 'gini', 'max_depth': 1, 'max_features': 'auto', 'min_samples_leaf': 2, 'n_estimators': 100, 'n_jobs': -1, 'oob_score': True, 'random_state': 42}
Best cross-validation score: 0.27
Out-of-Bag Prediction Score: 0.00
Saving scores...
Saving scores...
Saving scores...
Saved scores...
['sadness', 'ambiguous', 'fear', 'ambiguous', 'fear', 'ambiguous', 'fear', 'fear', 'fear', 'fear', 'fear', 'fear', 'fear', 'fear']
Saving time data...
Saving time data...
Saved time data...
Accuracy 26 elapsed time: 0:00:00.587442
Time passed: 0:02:36.646715

Current number of models: 3120
Remaining number of models: 9600
Loading model...
Saving model...
Test set score: 0.98
Best parameters: {'criterion': 'gini', 'max_depth': 1, 'max_features': 'auto', 'min_samples_leaf': 2, 'n_estimators': 100, 'n_jobs': -1, 'oob_score': True, 'random_state': 42}
Best cross-validation score: 0.27
Out-of-Bag Prediction Score: 0.00
Saving scores...
Saving scores...
Saving scores...
Saved scores...
['fear', 'sadness', 'disgust', 'fear', 'ambiguous', 'disgust', 'fear', 'fear', 'fear', 'fear', 'ambiguous', 'ambiguous', 'disgust']
Saving time data...
Saving time data...
Saved time data...
Accuracy 27 elapsed time: 0:00:00.582775
Time passed: 0:02:37.271993

Current number of models: 3240
Remaining number of models: 9480
Loading model...
Saving model...
Test set score: 0.98
Best parameters: {'criterion': 'gini', 'max_depth': 1, 'max_features': 'auto', 'min_samples_leaf': 2, 'n_estimators': 100, 'n_jobs': -1, 'oob_score': True, 'random_state': 42}
Best cross-validation score: 0.27
Out-of-Bag Prediction Score: 0.00
Saving scores...
Saving scores...
Saving scores...
Saved scores...
['fear', 'fear', 'disgust', 'fear', 'fear', 'fear', 'fear', 'fear', 'fear', 'ambiguous', 'disgust', 'disgust']
Saving time data...
Saving time data...
Saved time data...
Accuracy 28 elapsed time: 0:00:00.569140
Time passed: 0:02:37.879564

Current number of models: 3360
Remaining number of models: 9360
Loading model...
Saving model...
Test set score: 0.98
Best parameters: {'criterion': 'gini', 'max_depth': 1, 'max_features': 'auto', 'min_samples_leaf': 2, 'n_estimators': 100, 'n_jobs': -1, 'oob_score': True, 'random_state': 42}
Best cross-validation score: 0.27
Out-of-Bag Prediction Score: 0.00
Saving scores...
Saving scores...
Saving scores...
Saved scores...
['disgust', 'fear', 'fear', 'disgust', 'ambiguous', 'disgust', 'fear', 'ambiguous', 'fear', 'ambiguous', 'ambiguous', 'disgust']
Saving time data...
Saving time data...
Saved time data...
Accuracy 29 elapsed time: 0:00:00.562942
Time passed: 0:02:38.480962

Current number of models: 3480
Remaining number of models: 9240
Loading model...
Saving model...
Test set score: 0.98
Best parameters: {'criterion': 'gini', 'max_depth': 1, 'max_features': 'auto', 'min_samples_leaf': 2, 'n_estimators': 100, 'n_jobs': -1, 'oob_score': True, 'random_state': 42}
Best cross-validation score: 0.27
Out-of-Bag Prediction Score: 0.00
Saving scores...
Saving scores...
Saving scores...
Saved scores...
['ambiguous', 'disgust', 'ambiguous', 'fear', 'fear', 'fear', 'disgust', 'fear', 'ambiguous', 'ambiguous', 'disgust']
Saving time data...
Saving time data...
Saved time data...
Accuracy 30 elapsed time: 0:00:00.567575
Time passed: 0:02:39.088222

Current number of models: 3600
Remaining number of models: 9120
Loading model...
Saving model...
Test set score: 0.98
Best parameters: {'criterion': 'gini', 'max_depth': 1, 'max_features': 'auto', 'min_samples_leaf': 2, 'n_estimators': 100, 'n_jobs': -1, 'oob_score': True, 'random_state': 42}
Best cross-validation score: 0.27
Out-of-Bag Prediction Score: 0.00
Saving scores...
Saving scores...
Saving scores...
Saved scores...
['fear', 'fear', 'fear', 'ambiguous', 'fear', 'ambiguous', 'ambiguous', 'disgust', 'fear', 'fear']
Saving time data...
Saving time data...
Saved time data...
Accuracy 31 elapsed time: 0:00:00.541979
Time passed: 0:02:39.675141

Current number of models: 3720
Remaining number of models: 9000
Loading model...
Saving model...
Test set score: 0.98
Best parameters: {'criterion': 'gini', 'max_depth': 1, 'max_features': 'auto', 'min_samples_leaf': 2, 'n_estimators': 100, 'n_jobs': -1, 'oob_score': True, 'random_state': 42}
Best cross-validation score: 0.27
Out-of-Bag Prediction Score: 0.00
Saving scores...
Saving scores...
Saving scores...
Saved scores...
['fear', 'disgust', 'sadness', 'fear', 'disgust', 'fear', 'ambiguous', 'fear', 'ambiguous', 'disgust']
Saving time data...
Saving time data...
Saved time data...
Accuracy 32 elapsed time: 0:00:00.549832
Time passed: 0:02:40.267410

Current number of models: 3840
Remaining number of models: 8880
Loading model...
Saving model...
Test set score: 0.99
Best parameters: {'criterion': 'gini', 'max_depth': 1, 'max_features': 'auto', 'min_samples_leaf': 2, 'n_estimators': 100, 'n_jobs': -1, 'oob_score': True, 'random_state': 42}
Best cross-validation score: 0.27
Out-of-Bag Prediction Score: 0.00
Saving scores...
Saving scores...
Saving scores...
Saved scores...
['fear', 'fear', 'fear', 'fear', 'disgust', 'disgust', 'fear', 'fear', 'fear']
Saving time data...
Saving time data...
Saved time data...
Accuracy 33 elapsed time: 0:00:00.543404
Time passed: 0:02:40.851426

Current number of models: 3960
Remaining number of models: 8760
Loading model...
Saving model...
Test set score: 0.99
Best parameters: {'criterion': 'gini', 'max_depth': 1, 'max_features': 'auto', 'min_samples_leaf': 2, 'n_estimators': 100, 'n_jobs': -1, 'oob_score': True, 'random_state': 42}
Best cross-validation score: 0.27
Out-of-Bag Prediction Score: 0.00
Saving scores...
Saving scores...
Saving scores...
Saved scores...
['fear', 'fear', 'fear', 'disgust', 'ambiguous', 'fear', 'fear', 'fear', 'fear']
Saving time data...
Saving time data...
Saved time data...
Accuracy 34 elapsed time: 0:00:00.526508
Time passed: 0:02:41.426064

Current number of models: 4080
Remaining number of models: 8640
Loading model...
Saving model...
Test set score: 0.99
Best parameters: {'criterion': 'gini', 'max_depth': 1, 'max_features': 'auto', 'min_samples_leaf': 2, 'n_estimators': 100, 'n_jobs': -1, 'oob_score': True, 'random_state': 42}
Best cross-validation score: 0.27
Out-of-Bag Prediction Score: 0.00
Saving scores...
Saving scores...
Saving scores...
Saved scores...
['fear', 'disgust', 'disgust', 'fear', 'joy', 'fear', 'fear', 'ambiguous', 'ambiguous']
Saving time data...
Saving time data...
Saved time data...
Accuracy 35 elapsed time: 0:00:00.529930
Time passed: 0:02:42.009444

Current number of models: 4200
Remaining number of models: 8520
Loading model...
Saving model...
Test set score: 0.99
Best parameters: {'criterion': 'gini', 'max_depth': 1, 'max_features': 'auto', 'min_samples_leaf': 2, 'n_estimators': 100, 'n_jobs': -1, 'oob_score': True, 'random_state': 42}
Best cross-validation score: 0.27
Out-of-Bag Prediction Score: 0.00
Saving scores...
Saving scores...
Saving scores...
Saved scores...
['fear', 'fear', 'fear', 'fear', 'ambiguous', 'ambiguous', 'ambiguous', 'disgust']
Saving time data...
Saving time data...
Saved time data...
Accuracy 36 elapsed time: 0:00:00.522385
Time passed: 0:02:42.580191

Current number of models: 4320
Remaining number of models: 8400
Loading model...
Saving model...
Test set score: 0.99
Best parameters: {'criterion': 'gini', 'max_depth': 1, 'max_features': 'auto', 'min_samples_leaf': 2, 'n_estimators': 100, 'n_jobs': -1, 'oob_score': True, 'random_state': 42}
Best cross-validation score: 0.27
Out-of-Bag Prediction Score: 0.00
Saving scores...
Saving scores...
Saving scores...
Saved scores...
['disgust', 'disgust', 'disgust', 'fear', 'ambiguous', 'fear', 'ambiguous', 'ambiguous']
Saving time data...
Saving time data...
Saved time data...
Accuracy 37 elapsed time: 0:00:00.524114
Time passed: 0:02:43.153996

Current number of models: 4440
Remaining number of models: 8280
Loading model...
Saving model...
Test set score: 0.99
Best parameters: {'criterion': 'gini', 'max_depth': 1, 'max_features': 'auto', 'min_samples_leaf': 2, 'n_estimators': 100, 'n_jobs': -1, 'oob_score': True, 'random_state': 42}
Best cross-validation score: 0.27
Out-of-Bag Prediction Score: 0.00
Saving scores...
Saving scores...
Saving scores...
Saved scores...
['disgust', 'fear', 'fear', 'fear', 'fear', 'joy', 'fear']
Saving time data...
Saving time data...
Saved time data...
Accuracy 38 elapsed time: 0:00:00.522115
Time passed: 0:02:43.730046

Current number of models: 4560
Remaining number of models: 8160
Loading model...
Saving model...
Test set score: 0.99
Best parameters: {'criterion': 'gini', 'max_depth': 1, 'max_features': 'auto', 'min_samples_leaf': 2, 'n_estimators': 100, 'n_jobs': -1, 'oob_score': True, 'random_state': 42}
Best cross-validation score: 0.27
Out-of-Bag Prediction Score: 0.00
Saving scores...
Saving scores...
Saving scores...
Saved scores...
['ambiguous', 'ambiguous', 'ambiguous', 'fear', 'fear', 'disgust', 'fear']
Saving time data...
Saving time data...
Saved time data...
Accuracy 39 elapsed time: 0:00:00.519157
Time passed: 0:02:44.301679

Current number of models: 4680
Remaining number of models: 8040
Loading model...
Saving model...
Test set score: 0.99
Best parameters: {'criterion': 'gini', 'max_depth': 1, 'max_features': 'auto', 'min_samples_leaf': 2, 'n_estimators': 100, 'n_jobs': -1, 'oob_score': True, 'random_state': 42}
Best cross-validation score: 0.27
Out-of-Bag Prediction Score: 0.00
Saving scores...
Saving scores...
Saving scores...
Saved scores...
['fear', 'disgust', 'ambiguous', 'fear', 'ambiguous', 'disgust', 'sadness']
Saving time data...
Saving time data...
Saved time data...
Accuracy 40 elapsed time: 0:00:00.511724
Time passed: 0:02:44.868962

Current number of models: 4800
Remaining number of models: 7920
Loading model...
Saving model...
Test set score: 0.99
Best parameters: {'criterion': 'gini', 'max_depth': 1, 'max_features': 'auto', 'min_samples_leaf': 2, 'n_estimators': 100, 'n_jobs': -1, 'oob_score': True, 'random_state': 42}
Best cross-validation score: 0.27
Out-of-Bag Prediction Score: 0.00
Saving scores...
Saving scores...
Saving scores...
Saved scores...
['disgust', 'ambiguous', 'disgust', 'ambiguous', 'disgust', 'fear']
Saving time data...
Saving time data...
Saved time data...
Accuracy 41 elapsed time: 0:00:00.506705
Time passed: 0:02:45.439283

Current number of models: 4920
Remaining number of models: 7800
Loading model...
Saving model...
Test set score: 0.99
Best parameters: {'criterion': 'gini', 'max_depth': 1, 'max_features': 'auto', 'min_samples_leaf': 2, 'n_estimators': 100, 'n_jobs': -1, 'oob_score': True, 'random_state': 42}
Best cross-validation score: 0.27
Out-of-Bag Prediction Score: 0.00
Saving scores...
Saving scores...
Saving scores...
Saved scores...
['ambiguous', 'ambiguous', 'disgust', 'fear', 'fear', 'ambiguous']
Saving time data...
Saving time data...
Saved time data...
Accuracy 42 elapsed time: 0:00:00.505553
Time passed: 0:02:45.996118

Current number of models: 5040
Remaining number of models: 7680
Loading model...
Saving model...
Test set score: 0.99
Best parameters: {'criterion': 'gini', 'max_depth': 1, 'max_features': 'auto', 'min_samples_leaf': 2, 'n_estimators': 100, 'n_jobs': -1, 'oob_score': True, 'random_state': 42}
Best cross-validation score: 0.27
Out-of-Bag Prediction Score: 0.00
Saving scores...
Saving scores...
Saving scores...
Saved scores...
['disgust', 'disgust', 'fear', 'sadness', 'ambiguous', 'disgust']
Saving time data...
Saving time data...
Saved time data...
Accuracy 43 elapsed time: 0:00:00.547329
Time passed: 0:02:46.589093

Current number of models: 5160
Remaining number of models: 7560
Loading model...
Saving model...
Test set score: 0.99
Best parameters: {'criterion': 'gini', 'max_depth': 1, 'max_features': 'auto', 'min_samples_leaf': 2, 'n_estimators': 100, 'n_jobs': -1, 'oob_score': True, 'random_state': 42}
Best cross-validation score: 0.27
Out-of-Bag Prediction Score: 0.00
Saving scores...
Saving scores...
Saving scores...
Saved scores...
['ambiguous', 'ambiguous', 'ambiguous', 'fear', 'disgust']
Saving time data...
Saving time data...
Saved time data...
Accuracy 44 elapsed time: 0:00:00.501027
Time passed: 0:02:47.127958

Current number of models: 5280
Remaining number of models: 7440
Loading model...
Saving model...
Test set score: 0.99
Best parameters: {'criterion': 'gini', 'max_depth': 1, 'max_features': 'auto', 'min_samples_leaf': 2, 'n_estimators': 100, 'n_jobs': -1, 'oob_score': True, 'random_state': 42}
Best cross-validation score: 0.27
Out-of-Bag Prediction Score: 0.00
Saving scores...
Saving scores...
Saving scores...
Saved scores...
['fear', 'fear', 'fear', 'fear', 'fear']
Saving time data...
Saving time data...
Saved time data...
Accuracy 45 elapsed time: 0:00:00.500931
Time passed: 0:02:47.680863

Current number of models: 5400
Remaining number of models: 7320
Loading model...
Saving model...
Test set score: 0.99
Best parameters: {'criterion': 'gini', 'max_depth': 1, 'max_features': 'auto', 'min_samples_leaf': 2, 'n_estimators': 100, 'n_jobs': -1, 'oob_score': True, 'random_state': 42}
Best cross-validation score: 0.27
Out-of-Bag Prediction Score: 0.00
Saving scores...
Saving scores...
Saving scores...
Saved scores...
['fear', 'fear', 'disgust', 'fear', 'disgust']
Saving time data...
Saving time data...
Saved time data...
Accuracy 46 elapsed time: 0:00:00.505962
Time passed: 0:02:48.226282

Current number of models: 5520
Remaining number of models: 7200
Loading model...
Saving model...
Test set score: 0.99
Best parameters: {'criterion': 'gini', 'max_depth': 1, 'max_features': 'auto', 'min_samples_leaf': 2, 'n_estimators': 100, 'n_jobs': -1, 'oob_score': True, 'random_state': 42}
Best cross-validation score: 0.27
Out-of-Bag Prediction Score: 0.00
Saving scores...
Saving scores...
Saving scores...
Saved scores...
['ambiguous', 'fear', 'fear', 'fear', 'joy']
Saving time data...
Saving time data...
Saved time data...
Accuracy 47 elapsed time: 0:00:00.502123
Time passed: 0:02:48.768564

Current number of models: 5640
Remaining number of models: 7080
Loading model...
Saving model...
Test set score: 0.99
Best parameters: {'criterion': 'gini', 'max_depth': 1, 'max_features': 'auto', 'min_samples_leaf': 2, 'n_estimators': 100, 'n_jobs': -1, 'oob_score': True, 'random_state': 42}
Best cross-validation score: 0.27
Out-of-Bag Prediction Score: 0.00
Saving scores...
Saving scores...
Saving scores...
Saved scores...
['ambiguous', 'fear', 'fear', 'fear']
Saving time data...
Saving time data...
Saved time data...
Accuracy 48 elapsed time: 0:00:00.492141
Time passed: 0:02:49.305320

Current number of models: 5760
Remaining number of models: 6960
Loading model...
Saving model...
Test set score: 0.99
Best parameters: {'criterion': 'gini', 'max_depth': 1, 'max_features': 'auto', 'min_samples_leaf': 2, 'n_estimators': 100, 'n_jobs': -1, 'oob_score': True, 'random_state': 42}
Best cross-validation score: 0.27
Out-of-Bag Prediction Score: 0.00
Saving scores...
Saving scores...
Saving scores...
Saved scores...
['fear', 'ambiguous', 'disgust', 'fear']
Saving time data...
Saving time data...
Saved time data...
Accuracy 49 elapsed time: 0:00:00.502179
Time passed: 0:02:49.847271

Current number of models: 5880
Remaining number of models: 6840
Loading model...
Saving model...
Test set score: 0.99
Best parameters: {'criterion': 'gini', 'max_depth': 1, 'max_features': 'auto', 'min_samples_leaf': 2, 'n_estimators': 100, 'n_jobs': -1, 'oob_score': True, 'random_state': 42}
Best cross-validation score: 0.27
Out-of-Bag Prediction Score: 0.00
Saving scores...
Saving scores...
Saving scores...
Saved scores...
['ambiguous', 'fear', 'fear', 'ambiguous']
Saving time data...
Saving time data...
Saved time data...
Accuracy 50 elapsed time: 0:00:00.495652
Time passed: 0:02:50.390542

Current number of models: 6000
Remaining number of models: 6720
Loading model...
Saving model...
Test set score: 0.99
Best parameters: {'criterion': 'gini', 'max_depth': 1, 'max_features': 'auto', 'min_samples_leaf': 2, 'n_estimators': 100, 'n_jobs': -1, 'oob_score': True, 'random_state': 42}
Best cross-validation score: 0.27
Out-of-Bag Prediction Score: 0.00
Saving scores...
Saving scores...
Saving scores...
Saved scores...
['fear', 'ambiguous', 'disgust', 'fear']
Saving time data...
Saving time data...
Saved time data...
Accuracy 51 elapsed time: 0:00:00.500434
Time passed: 0:02:50.929764

Current number of models: 6120
Remaining number of models: 6600
Loading model...
Saving model...
Test set score: 0.99
Best parameters: {'criterion': 'gini', 'max_depth': 1, 'max_features': 'auto', 'min_samples_leaf': 2, 'n_estimators': 100, 'n_jobs': -1, 'oob_score': True, 'random_state': 42}
Best cross-validation score: 0.27
Out-of-Bag Prediction Score: 0.00
Saving scores...
Saving scores...
Saving scores...
Saved scores...
['disgust', 'fear', 'ambiguous', 'disgust']
Saving time data...
Saving time data...
Saved time data...
Accuracy 52 elapsed time: 0:00:00.503084
Time passed: 0:02:51.479839

Current number of models: 6240
Remaining number of models: 6480
Loading model...
Saving model...
Test set score: 0.99
Best parameters: {'criterion': 'gini', 'max_depth': 1, 'max_features': 'auto', 'min_samples_leaf': 2, 'n_estimators': 100, 'n_jobs': -1, 'oob_score': True, 'random_state': 42}
Best cross-validation score: 0.27
Out-of-Bag Prediction Score: 0.00
Saving scores...
Saving scores...
Saving scores...
Saved scores...
['disgust', 'fear', 'fear']
Saving time data...
Saving time data...
Saved time data...
Accuracy 53 elapsed time: 0:00:00.492228
Time passed: 0:02:52.015438

Current number of models: 6360
Remaining number of models: 6360
Loading model...
Saving model...
Test set score: 0.99
Best parameters: {'criterion': 'gini', 'max_depth': 1, 'max_features': 'auto', 'min_samples_leaf': 2, 'n_estimators': 100, 'n_jobs': -1, 'oob_score': True, 'random_state': 42}
Best cross-validation score: 0.27
Out-of-Bag Prediction Score: 0.00
Saving scores...
Saving scores...
Saving scores...
Saved scores...
['fear', 'ambiguous', 'ambiguous']
Saving time data...
Saving time data...
Saved time data...
Accuracy 54 elapsed time: 0:00:00.492251
Time passed: 0:02:52.548926

Current number of models: 6480
Remaining number of models: 6240
Loading model...
Saving model...
Test set score: 0.99
Best parameters: {'criterion': 'gini', 'max_depth': 1, 'max_features': 'auto', 'min_samples_leaf': 2, 'n_estimators': 100, 'n_jobs': -1, 'oob_score': True, 'random_state': 42}
Best cross-validation score: 0.27
Out-of-Bag Prediction Score: 0.00
Saving scores...
Saving scores...
Saving scores...
Saved scores...
['fear', 'fear', 'fear']
Saving time data...
Saving time data...
Saved time data...
Accuracy 55 elapsed time: 0:00:00.483018
Time passed: 0:02:53.070262

Current number of models: 6600
Remaining number of models: 6120
Loading model...
Saving model...
Test set score: 0.99
Best parameters: {'criterion': 'gini', 'max_depth': 1, 'max_features': 'auto', 'min_samples_leaf': 2, 'n_estimators': 100, 'n_jobs': -1, 'oob_score': True, 'random_state': 42}
Best cross-validation score: 0.27
Out-of-Bag Prediction Score: 0.00
Saving scores...
Saving scores...
Saving scores...
Saved scores...
['ambiguous', 'fear', 'fear']
Saving time data...
Saving time data...
Saved time data...
Accuracy 56 elapsed time: 0:00:00.483234
Time passed: 0:02:53.594816

Current number of models: 6720
Remaining number of models: 6000
Loading model...
Saving model...
Test set score: 0.99
Best parameters: {'criterion': 'gini', 'max_depth': 1, 'max_features': 'auto', 'min_samples_leaf': 2, 'n_estimators': 100, 'n_jobs': -1, 'oob_score': True, 'random_state': 42}
Best cross-validation score: 0.27
Out-of-Bag Prediction Score: 0.00
Saving scores...
Saving scores...
Saving scores...
Saved scores...
['fear', 'fear', 'fear']
Saving time data...
Saving time data...
Saved time data...
Accuracy 57 elapsed time: 0:00:00.488271
Time passed: 0:02:54.126635

Current number of models: 6840
Remaining number of models: 5880
Loading model...
Saving model...
Test set score: 0.99
Best parameters: {'criterion': 'gini', 'max_depth': 1, 'max_features': 'auto', 'min_samples_leaf': 2, 'n_estimators': 100, 'n_jobs': -1, 'oob_score': True, 'random_state': 42}
Best cross-validation score: 0.27
Out-of-Bag Prediction Score: 0.00
Saving scores...
Saving scores...
Saving scores...
Saved scores...
['disgust', 'sadness', 'joy']
Saving time data...
Saving time data...
Saved time data...
Accuracy 58 elapsed time: 0:00:00.491793
Time passed: 0:02:54.659436

Current number of models: 6960
Remaining number of models: 5760
Loading model...
Saving model...
Test set score: 0.99
Best parameters: {'criterion': 'gini', 'max_depth': 1, 'max_features': 'auto', 'min_samples_leaf': 2, 'n_estimators': 100, 'n_jobs': -1, 'oob_score': True, 'random_state': 42}
Best cross-validation score: 0.27
Out-of-Bag Prediction Score: 0.00
Saving scores...
Saving scores...
Saving scores...
Saved scores...
['disgust', 'fear']
Saving time data...
Saving time data...
Saved time data...
Accuracy 59 elapsed time: 0:00:00.479642
Time passed: 0:02:55.176910

Current number of models: 7080
Remaining number of models: 5640
Loading model...
Saving model...
Test set score: 0.99
Best parameters: {'criterion': 'gini', 'max_depth': 1, 'max_features': 'auto', 'min_samples_leaf': 2, 'n_estimators': 100, 'n_jobs': -1, 'oob_score': True, 'random_state': 42}
Best cross-validation score: 0.27
Out-of-Bag Prediction Score: 0.00
Saving scores...
Saving scores...
Saving scores...
Saved scores...
['disgust', 'disgust']
Saving time data...
Saving time data...
Saved time data...
Accuracy 60 elapsed time: 0:00:00.472790
Time passed: 0:02:55.687402

Current number of models: 7200
Remaining number of models: 5520
Loading model...
Saving model...
Test set score: 0.99
Best parameters: {'criterion': 'gini', 'max_depth': 1, 'max_features': 'auto', 'min_samples_leaf': 2, 'n_estimators': 100, 'n_jobs': -1, 'oob_score': True, 'random_state': 42}
Best cross-validation score: 0.27
Out-of-Bag Prediction Score: 0.00
Saving scores...
Saving scores...
Saving scores...
Saved scores...
['disgust', 'fear']
Saving time data...
Saving time data...
Saved time data...
Accuracy 61 elapsed time: 0:00:00.478670
Time passed: 0:02:56.210214

Current number of models: 7320
Remaining number of models: 5400
Loading model...
Saving model...
Test set score: 0.99
Best parameters: {'criterion': 'gini', 'max_depth': 1, 'max_features': 'auto', 'min_samples_leaf': 2, 'n_estimators': 100, 'n_jobs': -1, 'oob_score': True, 'random_state': 42}
Best cross-validation score: 0.27
Out-of-Bag Prediction Score: 0.00
Saving scores...
Saving scores...
Saving scores...
Saved scores...
['fear', 'joy']
Saving time data...
Saving time data...
Saved time data...
Accuracy 62 elapsed time: 0:00:00.479709
Time passed: 0:02:56.730781

Current number of models: 7440
Remaining number of models: 5280
Loading model...
Saving model...
Test set score: 0.99
Best parameters: {'criterion': 'gini', 'max_depth': 1, 'max_features': 'auto', 'min_samples_leaf': 2, 'n_estimators': 100, 'n_jobs': -1, 'oob_score': True, 'random_state': 42}
Best cross-validation score: 0.27
Out-of-Bag Prediction Score: 0.00
Saving scores...
Saving scores...
Saving scores...
Saved scores...
['fear', 'ambiguous']
Saving time data...
Saving time data...
Saved time data...
Accuracy 63 elapsed time: 0:00:00.481374
Time passed: 0:02:57.254212

Current number of models: 7560
Remaining number of models: 5160
Loading model...
Saving model...
Test set score: 0.99
Best parameters: {'criterion': 'gini', 'max_depth': 1, 'max_features': 'auto', 'min_samples_leaf': 2, 'n_estimators': 100, 'n_jobs': -1, 'oob_score': True, 'random_state': 42}
Best cross-validation score: 0.27
Out-of-Bag Prediction Score: 0.00
Saving scores...
Saving scores...
Saving scores...
Saved scores...
['ambiguous', 'disgust']
Saving time data...
Saving time data...
Saved time data...
Accuracy 64 elapsed time: 0:00:00.474976
Time passed: 0:02:57.766621

Current number of models: 7680
Remaining number of models: 5040
Loading model...
Saving model...
Test set score: 0.99
Best parameters: {'criterion': 'gini', 'max_depth': 1, 'max_features': 'auto', 'min_samples_leaf': 2, 'n_estimators': 100, 'n_jobs': -1, 'oob_score': True, 'random_state': 42}
Best cross-validation score: 0.27
Out-of-Bag Prediction Score: 0.00
Saving scores...
Saving scores...
Saving scores...
Saved scores...
['ambiguous', 'disgust']
Saving time data...
Saving time data...
Saved time data...
Accuracy 65 elapsed time: 0:00:00.480443
Time passed: 0:02:58.284454

Current number of models: 7800
Remaining number of models: 4920
Loading model...
Saving model...
Test set score: 0.99
Best parameters: {'criterion': 'gini', 'max_depth': 1, 'max_features': 'auto', 'min_samples_leaf': 2, 'n_estimators': 100, 'n_jobs': -1, 'oob_score': True, 'random_state': 42}
Best cross-validation score: 0.27
Out-of-Bag Prediction Score: 0.00
Saving scores...
Saving scores...
Saving scores...
Saved scores...
['disgust', 'disgust']
Saving time data...
Saving time data...
Saved time data...
Accuracy 66 elapsed time: 0:00:00.482428
Time passed: 0:02:58.809262

Current number of models: 7920
Remaining number of models: 4800
Loading model...
Saving model...
Test set score: 0.99
Best parameters: {'criterion': 'gini', 'max_depth': 1, 'max_features': 'auto', 'min_samples_leaf': 2, 'n_estimators': 100, 'n_jobs': -1, 'oob_score': True, 'random_state': 42}
Best cross-validation score: 0.27
Out-of-Bag Prediction Score: 0.00
Saving scores...
Saving scores...
Saving scores...
Saved scores...
['ambiguous', 'fear']
Saving time data...
Saving time data...
Saved time data...
Accuracy 67 elapsed time: 0:00:00.489232
Time passed: 0:02:59.342509

Current number of models: 8040
Remaining number of models: 4680
Loading model...
Saving model...
Test set score: 0.99
Best parameters: {'criterion': 'gini', 'max_depth': 1, 'max_features': 'auto', 'min_samples_leaf': 2, 'n_estimators': 100, 'n_jobs': -1, 'oob_score': True, 'random_state': 42}
Best cross-validation score: 0.27
Out-of-Bag Prediction Score: 0.00
Saving scores...
Saving scores...
Saving scores...
Saved scores...
['ambiguous', 'ambiguous']
Saving time data...
Saving time data...
Saved time data...
Accuracy 68 elapsed time: 0:00:00.479186
Time passed: 0:02:59.863620

Current number of models: 8160
Remaining number of models: 4560
Loading model...
Saving model...
Test set score: 0.99
Best parameters: {'criterion': 'gini', 'max_depth': 1, 'max_features': 'auto', 'min_samples_leaf': 2, 'n_estimators': 100, 'n_jobs': -1, 'oob_score': True, 'random_state': 42}
Best cross-validation score: 0.27
Out-of-Bag Prediction Score: 0.00
Saving scores...
Saving scores...
Saving scores...
Saved scores...
['ambiguous']
Saving time data...
Saving time data...
Saved time data...
Accuracy 69 elapsed time: 0:00:00.475532
Time passed: 0:03:00.380669

Current number of models: 8280
Remaining number of models: 4440
Loading model...
Saving model...
Test set score: 0.99
Best parameters: {'criterion': 'gini', 'max_depth': 1, 'max_features': 'auto', 'min_samples_leaf': 2, 'n_estimators': 100, 'n_jobs': -1, 'oob_score': True, 'random_state': 42}
Best cross-validation score: 0.27
Out-of-Bag Prediction Score: 0.00
Saving scores...
Saving scores...
Saving scores...
Saved scores...
['disgust']
Saving time data...
Saving time data...
Saved time data...
Accuracy 70 elapsed time: 0:00:00.475289
Time passed: 0:03:00.893612

Current number of models: 8400
Remaining number of models: 4320
Loading model...
Saving model...
Test set score: 0.99
Best parameters: {'criterion': 'gini', 'max_depth': 1, 'max_features': 'auto', 'min_samples_leaf': 2, 'n_estimators': 100, 'n_jobs': -1, 'oob_score': True, 'random_state': 42}
Best cross-validation score: 0.27
Out-of-Bag Prediction Score: 0.00
Saving scores...
Saving scores...
Saving scores...
Saved scores...
['ambiguous']
Saving time data...
Saving time data...
Saved time data...
Accuracy 71 elapsed time: 0:00:00.470040
Time passed: 0:03:01.407789

Current number of models: 8520
Remaining number of models: 4200
Loading model...
Saving model...
Test set score: 0.99
Best parameters: {'criterion': 'gini', 'max_depth': 1, 'max_features': 'auto', 'min_samples_leaf': 2, 'n_estimators': 100, 'n_jobs': -1, 'oob_score': True, 'random_state': 42}
Best cross-validation score: 0.27
Out-of-Bag Prediction Score: 0.00
Saving scores...
Saving scores...
Saving scores...
Saved scores...
['ambiguous']
Saving time data...
Saving time data...
Saved time data...
Accuracy 72 elapsed time: 0:00:00.474197
Time passed: 0:03:01.925098

Current number of models: 8640
Remaining number of models: 4080
Loading model...
Saving model...
Test set score: 0.99
Best parameters: {'criterion': 'gini', 'max_depth': 1, 'max_features': 'auto', 'min_samples_leaf': 2, 'n_estimators': 100, 'n_jobs': -1, 'oob_score': True, 'random_state': 42}
Best cross-validation score: 0.27
Out-of-Bag Prediction Score: 0.00
Saving scores...
Saving scores...
Saving scores...
Saved scores...
['fear']
Saving time data...
Saving time data...
Saved time data...
Accuracy 73 elapsed time: 0:00:00.469787
Time passed: 0:03:02.438389

Current number of models: 8760
Remaining number of models: 3960
Loading model...
Saving model...
Test set score: 0.99
Best parameters: {'criterion': 'gini', 'max_depth': 1, 'max_features': 'auto', 'min_samples_leaf': 2, 'n_estimators': 100, 'n_jobs': -1, 'oob_score': True, 'random_state': 42}
Best cross-validation score: 0.27
Out-of-Bag Prediction Score: 0.00
Saving scores...
Saving scores...
Saving scores...
Saved scores...
['ambiguous']
Saving time data...
Saving time data...
Saved time data...
Accuracy 74 elapsed time: 0:00:00.468397
Time passed: 0:03:02.949220

Current number of models: 8880
Remaining number of models: 3840
Loading model...
Saving model...
Test set score: 0.99
Best parameters: {'criterion': 'gini', 'max_depth': 1, 'max_features': 'auto', 'min_samples_leaf': 2, 'n_estimators': 100, 'n_jobs': -1, 'oob_score': True, 'random_state': 42}
Best cross-validation score: 0.27
Out-of-Bag Prediction Score: 0.00
Saving scores...
Saving scores...
Saving scores...
Saved scores...
['fear']
Saving time data...
Saving time data...
Saved time data...
Accuracy 75 elapsed time: 0:00:00.467034
Time passed: 0:03:03.456210

Current number of models: 9000
Remaining number of models: 3720
Loading model...
Saving model...
Test set score: 0.99
Best parameters: {'criterion': 'gini', 'max_depth': 1, 'max_features': 'auto', 'min_samples_leaf': 2, 'n_estimators': 100, 'n_jobs': -1, 'oob_score': True, 'random_state': 42}
Best cross-validation score: 0.27
Out-of-Bag Prediction Score: 0.00
Saving scores...
Saving scores...
Saving scores...
Saved scores...
['fear']
Saving time data...
Saving time data...
Saved time data...
Accuracy 76 elapsed time: 0:00:00.469255
Time passed: 0:03:03.965539

Current number of models: 9120
Remaining number of models: 3600
Loading model...
Saving model...
Test set score: 0.99
Best parameters: {'criterion': 'gini', 'max_depth': 1, 'max_features': 'auto', 'min_samples_leaf': 2, 'n_estimators': 100, 'n_jobs': -1, 'oob_score': True, 'random_state': 42}
Best cross-validation score: 0.27
Out-of-Bag Prediction Score: 0.00
Saving scores...
Saving scores...
Saving scores...
Saved scores...
['ambiguous']
Saving time data...
Saving time data...
Saved time data...
Accuracy 77 elapsed time: 0:00:00.472383
Time passed: 0:03:04.482480

Current number of models: 9240
Remaining number of models: 3480
Loading model...
Saving model...
Test set score: 0.99
Best parameters: {'criterion': 'gini', 'max_depth': 1, 'max_features': 'auto', 'min_samples_leaf': 2, 'n_estimators': 100, 'n_jobs': -1, 'oob_score': True, 'random_state': 42}
Best cross-validation score: 0.27
Out-of-Bag Prediction Score: 0.00
Saving scores...
Saving scores...
Saving scores...
Saved scores...
['disgust']
Saving time data...
Saving time data...
Saved time data...
Accuracy 78 elapsed time: 0:00:00.469501
Time passed: 0:03:04.994033

Current number of models: 9360
Remaining number of models: 3360
Loading model...
Saving model...
Test set score: 0.99
Best parameters: {'criterion': 'gini', 'max_depth': 1, 'max_features': 'auto', 'min_samples_leaf': 2, 'n_estimators': 100, 'n_jobs': -1, 'oob_score': True, 'random_state': 42}
Best cross-validation score: 0.27
Out-of-Bag Prediction Score: 0.00
Saving scores...
Saving scores...
Saving scores...
Saved scores...
['fear']
Saving time data...
Saving time data...
Saved time data...
Accuracy 79 elapsed time: 0:00:00.469120
Time passed: 0:03:05.503730

Current number of models: 9480
Remaining number of models: 3240
Loading model...
Saving model...
Test set score: 0.99
Best parameters: {'criterion': 'gini', 'max_depth': 1, 'max_features': 'auto', 'min_samples_leaf': 2, 'n_estimators': 100, 'n_jobs': -1, 'oob_score': True, 'random_state': 42}
Best cross-validation score: 0.27
Out-of-Bag Prediction Score: 0.00
Saving scores...
Saving scores...
Saving scores...
Saved scores...
['fear']
Saving time data...
Saving time data...
Saved time data...
Accuracy 80 elapsed time: 0:00:00.470522
Time passed: 0:03:06.011822

Current number of models: 9600
Remaining number of models: 3120
Loading model...
Saving model...
Test set score: 0.99
Best parameters: {'criterion': 'gini', 'max_depth': 1, 'max_features': 'auto', 'min_samples_leaf': 2, 'n_estimators': 100, 'n_jobs': -1, 'oob_score': True, 'random_state': 42}
Best cross-validation score: 0.27
Out-of-Bag Prediction Score: 0.00
Saving scores...
Saving scores...
Saving scores...
Saved scores...
['ambiguous']
Saving time data...
Saving time data...
Saved time data...
Accuracy 81 elapsed time: 0:00:00.469093
Time passed: 0:03:06.528147

Current number of models: 9720
Remaining number of models: 3000
Loading model...
Saving model...
Test set score: 0.99
Best parameters: {'criterion': 'gini', 'max_depth': 1, 'max_features': 'auto', 'min_samples_leaf': 2, 'n_estimators': 100, 'n_jobs': -1, 'oob_score': True, 'random_state': 42}
Best cross-validation score: 0.27
Out-of-Bag Prediction Score: 0.00
Saving scores...
Saving scores...
Saving scores...
Saved scores...
['ambiguous']
Saving time data...
Saving time data...
Saved time data...
Accuracy 82 elapsed time: 0:00:00.473135
Time passed: 0:03:07.039287

Current number of models: 9840
Remaining number of models: 2880
Loading model...
Saving model...
Test set score: 0.99
Best parameters: {'criterion': 'gini', 'max_depth': 1, 'max_features': 'auto', 'min_samples_leaf': 2, 'n_estimators': 100, 'n_jobs': -1, 'oob_score': True, 'random_state': 42}
Best cross-validation score: 0.27
Out-of-Bag Prediction Score: 0.00
Saving scores...
Saving scores...
Saving scores...
Saved scores...
['fear']
Saving time data...
Saving time data...
Saved time data...
Accuracy 83 elapsed time: 0:00:00.462654
Time passed: 0:03:07.543700

Current number of models: 9960
Remaining number of models: 2760
Loading model...
Saving model...
Test set score: 0.99
Best parameters: {'criterion': 'gini', 'max_depth': 1, 'max_features': 'auto', 'min_samples_leaf': 2, 'n_estimators': 100, 'n_jobs': -1, 'oob_score': True, 'random_state': 42}
Best cross-validation score: 0.27
Out-of-Bag Prediction Score: 0.00
Saving scores...
Saving scores...
Saving scores...
Saved scores...
['fear']
Saving time data...
Saving time data...
Saved time data...
Accuracy 84 elapsed time: 0:00:00.463613
Time passed: 0:03:08.045528

Current number of models: 10080
Remaining number of models: 2640
Loading model...
Saving model...
Test set score: 0.99
Best parameters: {'criterion': 'gini', 'max_depth': 1, 'max_features': 'auto', 'min_samples_leaf': 2, 'n_estimators': 100, 'n_jobs': -1, 'oob_score': True, 'random_state': 42}
Best cross-validation score: 0.27
Out-of-Bag Prediction Score: 0.00
Saving scores...
Saving scores...
Saving scores...
Saved scores...
['fear']
Saving time data...
Saving time data...
Saved time data...
Accuracy 85 elapsed time: 0:00:00.460322
Time passed: 0:03:08.543637

Current number of models: 10200
Remaining number of models: 2520
Loading model...
Saving model...
Test set score: 0.99
Best parameters: {'criterion': 'gini', 'max_depth': 1, 'max_features': 'auto', 'min_samples_leaf': 2, 'n_estimators': 100, 'n_jobs': -1, 'oob_score': True, 'random_state': 42}
Best cross-validation score: 0.27
Out-of-Bag Prediction Score: 0.00
Saving scores...
Saving scores...
Saving scores...
Saved scores...
['fear']
Saving time data...
Saving time data...
Saved time data...
Accuracy 86 elapsed time: 0:00:00.464932
Time passed: 0:03:09.049194

Current number of models: 10320
Remaining number of models: 2400
Loading model...
Saving model...
Test set score: 0.99
Best parameters: {'criterion': 'gini', 'max_depth': 1, 'max_features': 'auto', 'min_samples_leaf': 2, 'n_estimators': 100, 'n_jobs': -1, 'oob_score': True, 'random_state': 42}
Best cross-validation score: 0.27
Out-of-Bag Prediction Score: 0.00
Saving scores...
Saving scores...
Saving scores...
Saved scores...
['fear']
Saving time data...
Saving time data...
Saved time data...
Accuracy 87 elapsed time: 0:00:00.458730
Time passed: 0:03:09.551204

Current number of models: 10440
Remaining number of models: 2280
Loading model...
Saving model...
Test set score: 0.99
Best parameters: {'criterion': 'gini', 'max_depth': 1, 'max_features': 'auto', 'min_samples_leaf': 2, 'n_estimators': 100, 'n_jobs': -1, 'oob_score': True, 'random_state': 42}
Best cross-validation score: 0.27
Out-of-Bag Prediction Score: 0.00
Saving scores...
Saving scores...
Saving scores...
Saved scores...
['fear']
Saving time data...
Saving time data...
Saved time data...
Accuracy 88 elapsed time: 0:00:00.461738
Time passed: 0:03:10.049845

Current number of models: 10560
Remaining number of models: 2160
Loading model...
Saving model...
Test set score: 0.99
Best parameters: {'criterion': 'gini', 'max_depth': 1, 'max_features': 'auto', 'min_samples_leaf': 2, 'n_estimators': 100, 'n_jobs': -1, 'oob_score': True, 'random_state': 42}
Best cross-validation score: 0.27
Out-of-Bag Prediction Score: 0.00
Saving scores...
Saving scores...
Saving scores...
Saved scores...
['fear']
Saving time data...
Saving time data...
Saved time data...
Accuracy 89 elapsed time: 0:00:00.461096
Time passed: 0:03:10.550105

Current number of models: 10680
Remaining number of models: 2040
Loading model...
Saving model...
Test set score: 0.99
Best parameters: {'criterion': 'gini', 'max_depth': 1, 'max_features': 'auto', 'min_samples_leaf': 2, 'n_estimators': 100, 'n_jobs': -1, 'oob_score': True, 'random_state': 42}
Best cross-validation score: 0.27
Out-of-Bag Prediction Score: 0.00
Saving scores...
Saving scores...
Saving scores...
Saved scores...
['fear']
Saving time data...
Saving time data...
Saved time data...
Accuracy 90 elapsed time: 0:00:00.464020
Time passed: 0:03:11.051713

Current number of models: 10800
Remaining number of models: 1920
Loading model...
Saving model...
Test set score: 0.99
Best parameters: {'criterion': 'gini', 'max_depth': 1, 'max_features': 'auto', 'min_samples_leaf': 2, 'n_estimators': 100, 'n_jobs': -1, 'oob_score': True, 'random_state': 42}
Best cross-validation score: 0.27
Out-of-Bag Prediction Score: 0.00
Saving scores...
Saving scores...
Saving scores...
Saved scores...
['ambiguous']
Saving time data...
Saving time data...
Saved time data...
Accuracy 91 elapsed time: 0:00:00.461863
Time passed: 0:03:11.550947

Current number of models: 10920
Remaining number of models: 1800
Loading model...
Saving model...
Test set score: 0.99
Best parameters: {'criterion': 'gini', 'max_depth': 1, 'max_features': 'auto', 'min_samples_leaf': 2, 'n_estimators': 100, 'n_jobs': -1, 'oob_score': True, 'random_state': 42}
Best cross-validation score: 0.27
Out-of-Bag Prediction Score: 0.00
Saving scores...
Saving scores...
Saving scores...
Saved scores...
['fear']
Saving time data...
Saving time data...
Saved time data...
Accuracy 92 elapsed time: 0:00:00.463771
Time passed: 0:03:12.052347

Current number of models: 11040
Remaining number of models: 1680
Loading model...
Saving model...
Test set score: 0.99
Best parameters: {'criterion': 'gini', 'max_depth': 1, 'max_features': 'auto', 'min_samples_leaf': 2, 'n_estimators': 100, 'n_jobs': -1, 'oob_score': True, 'random_state': 42}
Best cross-validation score: 0.27
Out-of-Bag Prediction Score: 0.00
Saving scores...
Saving scores...
Saving scores...
Saved scores...
['disgust']
Saving time data...
Saving time data...
Saved time data...
Accuracy 93 elapsed time: 0:00:00.467863
Time passed: 0:03:12.592750

Current number of models: 11160
Remaining number of models: 1560
Loading model...
Saving model...
Test set score: 0.99
Best parameters: {'criterion': 'gini', 'max_depth': 1, 'max_features': 'auto', 'min_samples_leaf': 2, 'n_estimators': 100, 'n_jobs': -1, 'oob_score': True, 'random_state': 42}
Best cross-validation score: 0.27
Out-of-Bag Prediction Score: 0.00
Saving scores...
Saving scores...
Saving scores...
Saved scores...
['fear']
Saving time data...
Saving time data...
Saved time data...
Accuracy 94 elapsed time: 0:00:00.469582
Time passed: 0:03:13.101604

Current number of models: 11280
Remaining number of models: 1440
Loading model...
Saving model...
Test set score: 0.99
Best parameters: {'criterion': 'gini', 'max_depth': 1, 'max_features': 'auto', 'min_samples_leaf': 2, 'n_estimators': 100, 'n_jobs': -1, 'oob_score': True, 'random_state': 42}
Best cross-validation score: 0.27
Out-of-Bag Prediction Score: 0.00
Saving scores...
Saving scores...
Saving scores...
Saved scores...
['fear']
Saving time data...
Saving time data...
Saved time data...
Accuracy 95 elapsed time: 0:00:00.469619
Time passed: 0:03:13.610327

Current number of models: 11400
Remaining number of models: 1320
Loading model...
Saving model...
Test set score: 0.99
Best parameters: {'criterion': 'gini', 'max_depth': 1, 'max_features': 'auto', 'min_samples_leaf': 2, 'n_estimators': 100, 'n_jobs': -1, 'oob_score': True, 'random_state': 42}
Best cross-validation score: 0.27
Out-of-Bag Prediction Score: 0.00
Saving scores...
Saving scores...
Saving scores...
Saved scores...
['fear']
Saving time data...
Saving time data...
Saved time data...
Accuracy 96 elapsed time: 0:00:00.461798
Time passed: 0:03:14.125873

Current number of models: 11520
Remaining number of models: 1200
Loading model...
Saving model...
Test set score: 0.99
Best parameters: {'criterion': 'gini', 'max_depth': 1, 'max_features': 'auto', 'min_samples_leaf': 2, 'n_estimators': 100, 'n_jobs': -1, 'oob_score': True, 'random_state': 42}
Best cross-validation score: 0.27
Out-of-Bag Prediction Score: 0.00
Saving scores...
Saving scores...
Saving scores...
Saved scores...
['fear']
Saving time data...
Saving time data...
Saved time data...
Accuracy 97 elapsed time: 0:00:00.463855
Time passed: 0:03:14.629723

Current number of models: 11640
Remaining number of models: 1080
Loading model...
Saving model...
Test set score: 1.00
Best parameters: {'criterion': 'gini', 'max_depth': 1, 'max_features': 'auto', 'min_samples_leaf': 2, 'n_estimators': 100, 'n_jobs': -1, 'oob_score': True, 'random_state': 42}
Best cross-validation score: 0.27
Out-of-Bag Prediction Score: 0.00
Saving scores...
Saving scores...
Saving scores...
Saved scores...
['ambiguous']
Saving time data...
Saving time data...
Saved time data...
Accuracy 98 elapsed time: 0:00:00.466765
Time passed: 0:03:15.137321

Current number of models: 11760
Remaining number of models: 960
Loading model...
Saving model...
Test set score: 1.00
Best parameters: {'criterion': 'gini', 'max_depth': 1, 'max_features': 'auto', 'min_samples_leaf': 2, 'n_estimators': 100, 'n_jobs': -1, 'oob_score': True, 'random_state': 42}
Best cross-validation score: 0.27
Out-of-Bag Prediction Score: 0.00
Saving scores...
Saving scores...
Saving scores...
Saved scores...
['fear']
Saving time data...
Saving time data...
Saved time data...
Accuracy 99 elapsed time: 0:00:00.462412
Time passed: 0:03:15.638184

Current number of models: 11880
Remaining number of models: 840
Loading model...
Saving model...
Test set score: 1.00
Best parameters: {'criterion': 'gini', 'max_depth': 1, 'max_features': 'auto', 'min_samples_leaf': 2, 'n_estimators': 100, 'n_jobs': -1, 'oob_score': True, 'random_state': 42}
Best cross-validation score: 0.27
Out-of-Bag Prediction Score: 0.00
Saving scores...
Saving scores...
Saving scores...
Saved scores...
['fear']
Saving time data...
Saving time data...
Saved time data...
Accuracy 100 elapsed time: 0:00:00.462920
Time passed: 0:03:16.139923

Current number of models: 12000
Remaining number of models: 720
Loading model...
Saving model...
Test set score: 1.00
Best parameters: {'criterion': 'gini', 'max_depth': 1, 'max_features': 'auto', 'min_samples_leaf': 2, 'n_estimators': 100, 'n_jobs': -1, 'oob_score': True, 'random_state': 42}
Best cross-validation score: 0.27
Out-of-Bag Prediction Score: 0.00
Saving scores...
Saving scores...
Saving scores...
Saved scores...
['ambiguous']
Saving time data...
Saving time data...
Saved time data...
Accuracy 101 elapsed time: 0:00:00.465779
Time passed: 0:03:16.649800

Current number of models: 12120
Remaining number of models: 600
Loading model...
Saving model...
Test set score: 1.00
Best parameters: {'criterion': 'gini', 'max_depth': 1, 'max_features': 'auto', 'min_samples_leaf': 2, 'n_estimators': 100, 'n_jobs': -1, 'oob_score': True, 'random_state': 42}
Best cross-validation score: 0.27
Out-of-Bag Prediction Score: 0.00
Saving scores...
Saving scores...
Saving scores...
Saved scores...
['ambiguous']
Saving time data...
Saving time data...
Saved time data...
Accuracy 102 elapsed time: 0:00:00.468026
Time passed: 0:03:17.156730

Current number of models: 12240
Remaining number of models: 480
Loading model...
Saving model...
Test set score: 1.00
Best parameters: {'criterion': 'gini', 'max_depth': 1, 'max_features': 'auto', 'min_samples_leaf': 2, 'n_estimators': 100, 'n_jobs': -1, 'oob_score': True, 'random_state': 42}
Best cross-validation score: 0.27
Out-of-Bag Prediction Score: 0.00
Saving scores...
Saving scores...
Saving scores...
Saved scores...
['fear']
Saving time data...
Saving time data...
Saved time data...
Accuracy 103 elapsed time: 0:00:00.462809
Time passed: 0:03:17.660385

Current number of models: 12360
Remaining number of models: 360
Loading model...
Saving model...
Test set score: 1.00
Best parameters: {'criterion': 'gini', 'max_depth': 1, 'max_features': 'auto', 'min_samples_leaf': 2, 'n_estimators': 100, 'n_jobs': -1, 'oob_score': True, 'random_state': 42}
Best cross-validation score: 0.27
Out-of-Bag Prediction Score: 0.00
Saving scores...
Saving scores...
Saving scores...
Saved scores...
['disgust']
Saving time data...
Saving time data...
Saved time data...
Accuracy 104 elapsed time: 0:00:00.463329
Time passed: 0:03:18.164003

Current number of models: 12480
Remaining number of models: 240
Loading model...
Saving model...
Test set score: 1.00
Best parameters: {'criterion': 'gini', 'max_depth': 1, 'max_features': 'auto', 'min_samples_leaf': 2, 'n_estimators': 100, 'n_jobs': -1, 'oob_score': True, 'random_state': 42}
Best cross-validation score: 0.27
Out-of-Bag Prediction Score: 0.00
Saving scores...
Saving scores...
Saving scores...
Saved scores...
['fear']
Saving time data...
Saving time data...
Saved time data...
Accuracy 105 elapsed time: 0:00:00.466727
Time passed: 0:03:18.671439

Current number of models: 12600
Remaining number of models: 120
Loading model...
Saving model...
Test set score: 1.00
Best parameters: {'criterion': 'gini', 'max_depth': 1, 'max_features': 'auto', 'min_samples_leaf': 2, 'n_estimators': 100, 'n_jobs': -1, 'oob_score': True, 'random_state': 42}
Best cross-validation score: 0.27
Out-of-Bag Prediction Score: 0.00
Saving scores...
Saving scores...
Saving scores...
Saved scores...
['joy']
Saving time data...
Saving time data...
Saved time data...
Accuracy 106 elapsed time: 0:00:00.464094
Time passed: 0:03:19.173198

---------- End Time - 2018-09-19 13:33:18.542193 ----------
Elapsed time: 0:03:19.211246
Number of ambiguous: 190
Number of anger: 1
Number of anticipation: 1
Number of disgust: 166
Number of fear: 375
Number of joy: 8
Number of sadness: 256

-------------------- SESSION - 2018-09-20 13:43 -------------------------
Checking time.txt file if empty...
time.txt not empty...
Reading time.txt file...
Fetched Elapsed Time Iteration  list...
Fetched Time Passed  list...
Checking scores.txt file if empty...
scores.txt not empty...
Reading scores.txt file...
Fetched Best Test Scores  list...
Fetched Best Cross-Validation Scores  list...
Fetched Out-of-bag Scores  list...
---------- Start Time - 2018-09-20 13:43:11.393739 ----------
Total number of models: 0
Checking iteration_counter.txt file if empty...
iteration_counter.txt not empty...
---------- End Time - 2018-09-20 13:43:11.393739 ----------
Elapsed time: 0:00:00.281419
Loading model...
Number of ambiguous: 190
Number of anger: 1
Number of anticipation: 1
Number of disgust: 166
Number of fear: 375
Number of joy: 8
Number of sadness: 256
Loading model...
Number of joy: 8
Number of sadness: 256
Number of anger: 1
Number of disgust: 166
Number of surprise: 1
Number of ambiguous: 190
Number of trust: 2
Number of anticipation: 1
Number of fear: 375
Loading model...
Loading model...
Number of ambiguous: 190
Number of anger: 1
Number of anticipation: 1
Number of disgust: 166
Number of fear: 375
Number of joy: 8
Number of sadness: 256
Number of surprise: 1
Number of trust: 2

-------------------- SESSION - 2018-09-20 14:11 -------------------------
Checking time.txt file if empty...
time.txt not empty...
Reading time.txt file...
Fetched Elapsed Time Iteration  list...
Fetched Time Passed  list...
Checking scores.txt file if empty...
scores.txt not empty...
Reading scores.txt file...
Fetched Best Test Scores  list...
Fetched Best Cross-Validation Scores  list...
Fetched Out-of-bag Scores  list...
---------- Start Time - 2018-09-20 14:11:52.940522 ----------
Total number of models: 0
Checking iteration_counter.txt file if empty...
iteration_counter.txt not empty...
---------- End Time - 2018-09-20 14:11:52.940522 ----------
Elapsed time: 0:00:00.241829
Loading model...
Number of ambiguous: 190
Number of anger: 1
Number of anticipation: 1
Number of disgust: 166
Number of fear: 375
Number of joy: 8
Number of sadness: 256
Number of surprise: 1
Number of trust: 2

-------------------- SESSION - 2018-09-20 15:03 -------------------------
Checking time.txt file if empty...
time.txt not empty...
Reading time.txt file...
Fetched Elapsed Time Iteration  list...
Fetched Time Passed  list...
Checking scores.txt file if empty...
scores.txt not empty...
Reading scores.txt file...
Fetched Best Test Scores  list...
Fetched Best Cross-Validation Scores  list...
Fetched Out-of-bag Scores  list...
---------- Start Time - 2018-09-20 15:03:32.632489 ----------
Total number of models: 0
Checking iteration_counter.txt file if empty...
iteration_counter.txt not empty...
---------- End Time - 2018-09-20 15:03:32.632489 ----------
Elapsed time: 0:00:00.224137
Loading model...
Number of ambiguous: 190
Number of anger: 1
Number of anticipation: 1
Number of disgust: 166
Number of fear: 375
Number of joy: 8
Number of sadness: 256
Number of surprise: 1
Number of trust: 2

-------------------- SESSION - 2018-09-20 15:46 -------------------------
Checking time.txt file if empty...
time.txt not empty...
Reading time.txt file...
Fetched Elapsed Time Iteration  list...
Fetched Time Passed  list...
Checking scores.txt file if empty...
scores.txt not empty...
Reading scores.txt file...
Fetched Best Test Scores  list...
Fetched Best Cross-Validation Scores  list...
Fetched Out-of-bag Scores  list...
---------- Start Time - 2018-09-20 15:46:44.612636 ----------
Total number of models: 0
Checking iteration_counter.txt file if empty...
iteration_counter.txt not empty...
---------- End Time - 2018-09-20 15:46:44.612636 ----------
Elapsed time: 0:00:00.254861
Loading model...
Number of ambiguous: 190
Number of anger: 1
Number of anticipation: 1
Number of disgust: 166
Number of fear: 375
Number of joy: 8
Number of sadness: 256
Number of surprise: 1
Number of trust: 2
Loading final model...
Saving final model...

-------------------- SESSION - 2018-09-20 22:50 -------------------------
Checking time.txt file if empty...
time.txt not empty...
Reading time.txt file...
Fetched Elapsed Time Iteration  list...
Fetched Time Passed  list...
Checking scores.txt file if empty...
scores.txt not empty...
Reading scores.txt file...
Fetched Best Test Scores  list...
Fetched Best Cross-Validation Scores  list...
Fetched Out-of-bag Scores  list...
---------- Start Time - 2018-09-20 22:50:58.381644 ----------
Total number of models: 0
Checking iteration_counter.txt file if empty...
iteration_counter.txt not empty...
---------- End Time - 2018-09-20 22:50:58.381644 ----------
Elapsed time: 0:00:00.278489
Loading model...
Number of ambiguous: 190
Number of anger: 1
Number of anticipation: 1
Number of disgust: 166
Number of fear: 375
Number of joy: 8
Number of sadness: 256
Number of surprise: 1
Number of trust: 2
Loading final model...
Loading final model...
Saving final grid search model...
Loading final rfc model...
Loading final grid search model...

-------------------- SESSION - 2018-09-21 00:54 -------------------------
Checking time.txt file if empty...
time.txt not empty...
Reading time.txt file...
Fetched Elapsed Time Iteration  list...
Fetched Time Passed  list...
Checking scores.txt file if empty...
scores.txt not empty...
Reading scores.txt file...
Fetched Best Test Scores  list...
Fetched Best Cross-Validation Scores  list...
Fetched Out-of-bag Scores  list...
---------- Start Time - 2018-09-21 00:54:24.173171 ----------
Total number of models: 0
Checking iteration_counter.txt file if empty...
iteration_counter.txt not empty...
---------- End Time - 2018-09-21 00:54:24.173171 ----------
Elapsed time: 0:00:00.308941
Loading model...
Number of ambiguous: 190
Number of anger: 1
Number of anticipation: 1
Number of disgust: 166
Number of fear: 375
Number of joy: 8
Number of sadness: 256
Number of surprise: 1
Number of trust: 2
Loading final rfc model...
Loading final grid search model...
