
-------------------- SESSION - 2018-09-21 01:09 -------------------------
Checking time.txt file if empty...
Initializing time.txt file...
Done initializing time.txt
Reading time.txt file...
Fetched Elapsed Time Iteration list...
Fetched Time Passed list...
Checking scores.txt file if empty...
Initializing scores.txt file...
Done initializing scores.txt
Reading scores.txt file...
Fetched Best Test Scores list...
Fetched Best Cross-Validation Scores list...
Fetched Out-of-bag Scores list...
---------- Start Time - 2018-09-21 01:09:54.742084 ----------
Total number of models: 13800
Checking iteration_counter.txt file if empty...
Checking time.txt file if empty...
time.txt not empty...
Reading time.txt file...
Fetched Elapsed Time Iteration list...
Fetched Time Passed list...
Checking scores.txt file if empty...
scores.txt not empty...
Reading scores.txt file...
Fetched Best Test Scores list...
Fetched Best Cross-Validation Scores list...
Fetched Out-of-bag Scores list...
---------- Start Time - 2018-09-21 01:10:26.103796 ----------
Total number of models: 13800
Checking iteration_counter.txt file if empty...
iteration_counter.txt not empty...
Current number of models: 0
Remaining number of models: 13800
Saving model...
Test set score: 0.31
Best parameters: {'criterion': 'entropy', 'max_depth': 2, 'max_features': 0.9, 'min_samples_leaf': 1, 'n_estimators': 100, 'n_jobs': -1, 'oob_score': True, 'random_state': 42}
Best cross-validation score: 0.28
Out-of-Bag Prediction Score: 0.27
Saving scores...
Saving scores...
Saving scores...
Saved scores...
['AMBIGUOUS', 'AMBIGUOUS', 'AMBIGUOUS', 'AMBIGUOUS', 'AMBIGUOUS', 'AMBIGUOUS', 'AMBIGUOUS', 'AMBIGUOUS', 'AMBIGUOUS', 'AMBIGUOUS', 'AMBIGUOUS', 'AMBIGUOUS', 'AMBIGUOUS', 'AMBIGUOUS', 'AMBIGUOUS', 'AMBIGUOUS', 'AMBIGUOUS', 'AMBIGUOUS', 'AMBIGUOUS', 'AMBIGUOUS', 'AMBIGUOUS', 'AMBIGUOUS', 'AMBIGUOUS', 'AMBIGUOUS', 'AMBIGUOUS', 'AMBIGUOUS', 'AMBIGUOUS', 'AMBIGUOUS', 'AMBIGUOUS', 'AMBIGUOUS', 'AMBIGUOUS', 'AMBIGUOUS', 'AMBIGUOUS', 'AMBIGUOUS', 'AMBIGUOUS', 'AMBIGUOUS', 'AMBIGUOUS', 'AMBIGUOUS', 'AMBIGUOUS', 'trust', 'trust', 'trust', 'trust', 'trust', 'trust', 'trust', 'trust', 'AMBIGUOUS', 'AMBIGUOUS', 'AMBIGUOUS', 'trust', 'trust', 'trust', 'trust', 'trust', 'trust', 'trust', 'trust', 'trust', 'trust', 'trust', 'trust', 'trust', 'trust', 'trust', 'trust', 'trust', 'trust', 'trust', 'trust', 'trust', 'trust', 'trust', 'trust', 'trust']
Saving time data...
Saving time data...
Saved time data...
Accuracy 1 elapsed time: 0:02:37.128502
Time passed: 0:02:37.140493

Current number of models: 120
Remaining number of models: 13680
Loading model...
Saving model...
Test set score: 0.35
Best parameters: {'criterion': 'entropy', 'max_depth': 2, 'max_features': 0.9, 'min_samples_leaf': 1, 'n_estimators': 100, 'n_jobs': -1, 'oob_score': True, 'random_state': 42}
Best cross-validation score: 0.28
Out-of-Bag Prediction Score: 0.27
Saving scores...
Saving scores...
Saving scores...
Saved scores...
['trust', 'trust', 'trust', 'trust', 'trust', 'trust', 'trust', 'trust', 'trust', 'trust', 'trust', 'trust', 'trust', 'trust', 'trust', 'trust', 'trust', 'trust', 'trust', 'trust', 'trust', 'trust', 'trust', 'trust', 'trust', 'trust', 'trust', 'trust', 'trust', 'trust', 'trust', 'trust', 'trust', 'trust', 'trust', 'trust', 'trust', 'trust', 'trust', 'trust', 'trust', 'trust', 'trust', 'trust', 'trust', 'trust', 'trust', 'trust', 'AMBIGUOUS', 'trust', 'trust', 'trust', 'trust', 'trust', 'trust', 'trust', 'trust', 'AMBIGUOUS', 'trust', 'trust', 'trust', 'trust', 'trust', 'trust', 'trust', 'trust', 'trust', 'trust', 'trust', 'trust', 'AMBIGUOUS']
Saving time data...
Saving time data...
Saved time data...
Accuracy 2 elapsed time: 0:00:01.063878
Time passed: 0:02:38.323222

Current number of models: 240
Remaining number of models: 13560
Loading model...
Saving model...
Test set score: 0.36
Best parameters: {'criterion': 'entropy', 'max_depth': 2, 'max_features': 0.9, 'min_samples_leaf': 1, 'n_estimators': 100, 'n_jobs': -1, 'oob_score': True, 'random_state': 42}
Best cross-validation score: 0.28
Out-of-Bag Prediction Score: 0.27
Saving scores...
Saving scores...
Saving scores...
Saved scores...
['AMBIGUOUS', 'AMBIGUOUS', 'AMBIGUOUS', 'AMBIGUOUS', 'AMBIGUOUS', 'AMBIGUOUS', 'AMBIGUOUS', 'AMBIGUOUS', 'AMBIGUOUS', 'AMBIGUOUS', 'AMBIGUOUS', 'AMBIGUOUS', 'AMBIGUOUS', 'AMBIGUOUS', 'AMBIGUOUS', 'AMBIGUOUS', 'trust', 'trust', 'trust', 'trust', 'trust', 'trust', 'AMBIGUOUS', 'trust', 'AMBIGUOUS', 'AMBIGUOUS', 'trust', 'trust', 'trust', 'trust', 'AMBIGUOUS', 'trust', 'trust', 'trust', 'trust', 'trust', 'trust', 'trust', 'trust', 'trust', 'trust', 'trust', 'trust', 'trust', 'trust', 'trust', 'trust', 'trust', 'trust', 'trust', 'trust', 'trust', 'trust', 'trust', 'trust', 'trust', 'trust', 'trust', 'trust', 'trust', 'trust', 'trust', 'trust', 'trust', 'trust', 'trust', 'trust']
Saving time data...
Saving time data...
Saved time data...
Accuracy 3 elapsed time: 0:00:01.029668
Time passed: 0:02:39.463732

Current number of models: 360
Remaining number of models: 13440
Loading model...
Saving model...
Test set score: 0.36
Best parameters: {'criterion': 'entropy', 'max_depth': 2, 'max_features': 0.9, 'min_samples_leaf': 1, 'n_estimators': 100, 'n_jobs': -1, 'oob_score': True, 'random_state': 42}
Best cross-validation score: 0.28
Out-of-Bag Prediction Score: 0.27
Saving scores...
Saving scores...
Saving scores...
Saved scores...
['trust', 'trust', 'AMBIGUOUS', 'trust', 'AMBIGUOUS', 'trust', 'trust', 'trust', 'trust', 'trust', 'trust', 'AMBIGUOUS', 'trust', 'trust', 'trust', 'trust', 'trust', 'trust', 'trust', 'trust', 'trust', 'trust', 'trust', 'trust', 'trust', 'trust', 'trust', 'trust', 'trust', 'trust', 'trust', 'trust', 'trust', 'trust', 'trust', 'trust', 'trust', 'trust', 'trust', 'trust', 'trust', 'trust', 'trust', 'trust', 'trust', 'trust', 'trust', 'trust', 'trust', 'trust', 'trust', 'trust', 'trust', 'trust', 'trust', 'trust', 'trust', 'trust', 'trust', 'trust', 'AMBIGUOUS', 'trust', 'trust', 'trust']
Saving time data...
Saving time data...
Saved time data...
Accuracy 4 elapsed time: 0:00:01.007179
Time passed: 0:02:40.578855

Current number of models: 480
Remaining number of models: 13320
Loading model...
Saving model...
Test set score: 0.39
Best parameters: {'criterion': 'entropy', 'max_depth': 2, 'max_features': 0.9, 'min_samples_leaf': 1, 'n_estimators': 100, 'n_jobs': -1, 'oob_score': True, 'random_state': 42}
Best cross-validation score: 0.28
Out-of-Bag Prediction Score: 0.27
Saving scores...
Saving scores...
Saving scores...
Saved scores...
['trust', 'trust', 'trust', 'trust', 'trust', 'trust', 'trust', 'trust', 'trust', 'trust', 'trust', 'trust', 'trust', 'trust', 'trust', 'trust', 'trust', 'trust', 'trust', 'trust', 'trust', 'trust', 'trust', 'trust', 'trust', 'trust', 'trust', 'trust', 'trust', 'trust', 'trust', 'trust', 'trust', 'trust', 'trust', 'trust', 'trust', 'trust', 'trust', 'trust', 'trust', 'trust', 'trust', 'trust', 'trust', 'trust', 'trust', 'trust', 'trust', 'trust', 'trust', 'trust', 'trust', 'trust', 'trust', 'trust', 'trust', 'trust', 'trust', 'trust', 'trust']
Saving time data...
Saving time data...
Saved time data...
Accuracy 5 elapsed time: 0:00:01.037566
Time passed: 0:02:41.724779

Current number of models: 600
Remaining number of models: 13200
Loading model...
Saving model...
Test set score: 0.41
Best parameters: {'criterion': 'entropy', 'max_depth': 2, 'max_features': 0.9, 'min_samples_leaf': 1, 'n_estimators': 100, 'n_jobs': -1, 'oob_score': True, 'random_state': 42}
Best cross-validation score: 0.28
Out-of-Bag Prediction Score: 0.27
Saving scores...
Saving scores...
Saving scores...
Saved scores...
['trust', 'trust', 'trust', 'trust', 'trust', 'trust', 'trust', 'AMBIGUOUS', 'trust', 'AMBIGUOUS', 'trust', 'trust', 'trust', 'trust', 'trust', 'trust', 'trust', 'trust', 'trust', 'trust', 'trust', 'trust', 'trust', 'trust', 'trust', 'trust', 'trust', 'trust', 'trust', 'trust', 'trust', 'AMBIGUOUS', 'trust', 'trust', 'trust', 'trust', 'trust', 'trust', 'trust', 'trust', 'trust', 'trust', 'trust', 'trust', 'trust', 'trust', 'trust', 'trust', 'trust', 'trust', 'trust', 'trust', 'trust', 'trust', 'trust', 'trust', 'trust', 'AMBIGUOUS']
Saving time data...
Saving time data...
Saved time data...
Accuracy 6 elapsed time: 0:00:01.088359
Time passed: 0:02:42.937692

Current number of models: 720
Remaining number of models: 13080
Loading model...
Saving model...
Test set score: 0.47
Best parameters: {'criterion': 'entropy', 'max_depth': 2, 'max_features': 0.9, 'min_samples_leaf': 1, 'n_estimators': 100, 'n_jobs': -1, 'oob_score': True, 'random_state': 42}
Best cross-validation score: 0.28
Out-of-Bag Prediction Score: 0.27
Saving scores...
Saving scores...
Saving scores...
Saved scores...
['trust', 'trust', 'trust', 'trust', 'trust', 'trust', 'trust', 'trust', 'trust', 'trust', 'trust', 'AMBIGUOUS', 'trust', 'trust', 'trust', 'trust', 'trust', 'trust', 'trust', 'trust', 'trust', 'trust', 'trust', 'trust', 'trust', 'trust', 'trust', 'trust', 'trust', 'trust', 'trust', 'AMBIGUOUS', 'trust', 'trust', 'trust', 'trust', 'trust', 'trust', 'trust', 'trust', 'trust', 'trust', 'trust', 'trust', 'trust', 'trust', 'trust', 'trust', 'trust', 'trust', 'trust', 'AMBIGUOUS', 'trust', 'trust', 'trust']
Saving time data...
Saving time data...
Saved time data...
Accuracy 7 elapsed time: 0:00:01.061224
Time passed: 0:02:44.116741

Current number of models: 840
Remaining number of models: 12960
Loading model...
Saving model...
Test set score: 0.46
Best parameters: {'criterion': 'entropy', 'max_depth': 2, 'max_features': 0.9, 'min_samples_leaf': 1, 'n_estimators': 100, 'n_jobs': -1, 'oob_score': True, 'random_state': 42}
Best cross-validation score: 0.28
Out-of-Bag Prediction Score: 0.27
Saving scores...
Saving scores...
Saving scores...
Saved scores...
['trust', 'trust', 'trust', 'trust', 'trust', 'AMBIGUOUS', 'trust', 'trust', 'trust', 'trust', 'trust', 'trust', 'trust', 'trust', 'trust', 'trust', 'AMBIGUOUS', 'trust', 'trust', 'trust', 'trust', 'trust', 'AMBIGUOUS', 'trust', 'trust', 'trust', 'trust', 'trust', 'trust', 'AMBIGUOUS', 'trust', 'trust', 'trust', 'trust', 'trust', 'trust', 'trust', 'trust', 'trust', 'trust', 'AMBIGUOUS', 'trust', 'trust', 'trust', 'trust', 'AMBIGUOUS', 'trust', 'trust', 'trust', 'trust', 'trust', 'trust']
Saving time data...
Saving time data...
Saved time data...
Accuracy 8 elapsed time: 0:00:01.000736
Time passed: 0:02:45.304542

Current number of models: 960
Remaining number of models: 12840
Loading model...
Saving model...
Test set score: 0.48
Best parameters: {'criterion': 'entropy', 'max_depth': 2, 'max_features': 0.9, 'min_samples_leaf': 1, 'n_estimators': 100, 'n_jobs': -1, 'oob_score': True, 'random_state': 42}
Best cross-validation score: 0.28
Out-of-Bag Prediction Score: 0.27
Saving scores...
Saving scores...
Saving scores...
Saved scores...
['trust', 'trust', 'AMBIGUOUS', 'AMBIGUOUS', 'trust', 'trust', 'trust', 'trust', 'trust', 'AMBIGUOUS', 'trust', 'trust', 'trust', 'trust', 'AMBIGUOUS', 'AMBIGUOUS', 'trust', 'trust', 'trust', 'AMBIGUOUS', 'trust', 'trust', 'trust', 'trust', 'AMBIGUOUS', 'trust', 'trust', 'trust', 'trust', 'AMBIGUOUS', 'trust', 'AMBIGUOUS', 'AMBIGUOUS', 'AMBIGUOUS', 'AMBIGUOUS', 'AMBIGUOUS', 'AMBIGUOUS', 'AMBIGUOUS', 'AMBIGUOUS', 'AMBIGUOUS', 'trust', 'AMBIGUOUS', 'trust', 'trust', 'trust', 'trust', 'trust', 'trust', 'trust']
Saving time data...
Saving time data...
Saved time data...
Accuracy 9 elapsed time: 0:00:00.892519
Time passed: 0:02:46.315791

Current number of models: 1080
Remaining number of models: 12720
Loading model...
Saving model...
Test set score: 0.48
Best parameters: {'criterion': 'entropy', 'max_depth': 2, 'max_features': 0.9, 'min_samples_leaf': 1, 'n_estimators': 100, 'n_jobs': -1, 'oob_score': True, 'random_state': 42}
Best cross-validation score: 0.28
Out-of-Bag Prediction Score: 0.27
Saving scores...
Saving scores...
Saving scores...
Saved scores...
['AMBIGUOUS', 'AMBIGUOUS', 'AMBIGUOUS', 'AMBIGUOUS', 'trust', 'AMBIGUOUS', 'trust', 'AMBIGUOUS', 'AMBIGUOUS', 'AMBIGUOUS', 'trust', 'AMBIGUOUS', 'AMBIGUOUS', 'AMBIGUOUS', 'trust', 'AMBIGUOUS', 'AMBIGUOUS', 'AMBIGUOUS', 'trust', 'trust', 'trust', 'trust', 'trust', 'trust', 'trust', 'trust', 'trust', 'trust', 'trust', 'trust', 'trust', 'trust', 'trust', 'AMBIGUOUS', 'AMBIGUOUS', 'trust', 'trust', 'trust', 'trust', 'trust', 'trust', 'trust', 'trust', 'trust', 'trust', 'trust', 'trust']
Saving time data...
Saving time data...
Saved time data...
Accuracy 10 elapsed time: 0:00:00.859984
Time passed: 0:02:47.283954

Current number of models: 1200
Remaining number of models: 12600
Loading model...
Saving model...
Test set score: 0.49
Best parameters: {'criterion': 'entropy', 'max_depth': 2, 'max_features': 0.9, 'min_samples_leaf': 1, 'n_estimators': 100, 'n_jobs': -1, 'oob_score': True, 'random_state': 42}
Best cross-validation score: 0.28
Out-of-Bag Prediction Score: 0.27
Saving scores...
Saving scores...
Saving scores...
Saved scores...
['trust', 'trust', 'trust', 'trust', 'trust', 'trust', 'trust', 'trust', 'trust', 'trust', 'trust', 'trust', 'trust', 'trust', 'trust', 'trust', 'trust', 'trust', 'trust', 'trust', 'trust', 'trust', 'trust', 'AMBIGUOUS', 'trust', 'trust', 'AMBIGUOUS', 'AMBIGUOUS', 'trust', 'AMBIGUOUS', 'AMBIGUOUS', 'AMBIGUOUS', 'AMBIGUOUS', 'AMBIGUOUS', 'AMBIGUOUS', 'trust', 'trust', 'AMBIGUOUS', 'trust', 'trust', 'trust', 'trust', 'trust', 'AMBIGUOUS', 'AMBIGUOUS']
Saving time data...
Saving time data...
Saved time data...
Accuracy 11 elapsed time: 0:00:00.890898
Time passed: 0:02:48.289119

Current number of models: 1320
Remaining number of models: 12480
Loading model...
Saving model...
Test set score: 0.51
Best parameters: {'criterion': 'entropy', 'max_depth': 2, 'max_features': 0.9, 'min_samples_leaf': 1, 'n_estimators': 100, 'n_jobs': -1, 'oob_score': True, 'random_state': 42}
Best cross-validation score: 0.28
Out-of-Bag Prediction Score: 0.27
Saving scores...
Saving scores...
Saving scores...
Saved scores...
['trust', 'trust', 'trust', 'trust', 'trust', 'trust', 'trust', 'trust', 'trust', 'trust', 'trust', 'trust', 'trust', 'trust', 'trust', 'AMBIGUOUS', 'trust', 'trust', 'trust', 'trust', 'trust', 'trust', 'trust', 'trust', 'trust', 'trust', 'trust', 'trust', 'trust', 'trust', 'trust', 'trust', 'trust', 'trust', 'trust', 'trust', 'trust', 'trust', 'AMBIGUOUS', 'AMBIGUOUS', 'AMBIGUOUS', 'trust']
Saving time data...
Saving time data...
Saved time data...
Accuracy 12 elapsed time: 0:00:00.818029
Time passed: 0:02:49.219338

Current number of models: 1440
Remaining number of models: 12360
Loading model...
Saving model...
Test set score: 0.50
Best parameters: {'criterion': 'entropy', 'max_depth': 2, 'max_features': 0.9, 'min_samples_leaf': 1, 'n_estimators': 100, 'n_jobs': -1, 'oob_score': True, 'random_state': 42}
Best cross-validation score: 0.28
Out-of-Bag Prediction Score: 0.27
Saving scores...
Saving scores...
Saving scores...
Saved scores...
['trust', 'trust', 'trust', 'trust', 'AMBIGUOUS', 'trust', 'trust', 'trust', 'trust', 'trust', 'trust', 'trust', 'trust', 'trust', 'trust', 'trust', 'trust', 'trust', 'trust', 'AMBIGUOUS', 'trust', 'trust', 'trust', 'trust', 'trust', 'AMBIGUOUS', 'trust', 'AMBIGUOUS', 'AMBIGUOUS', 'trust', 'trust', 'trust', 'trust', 'trust', 'trust', 'trust', 'trust', 'AMBIGUOUS', 'AMBIGUOUS', 'AMBIGUOUS']
Saving time data...
Saving time data...
Saved time data...
Accuracy 13 elapsed time: 0:00:00.819549
Time passed: 0:02:50.146451

Current number of models: 1560
Remaining number of models: 12240
Loading model...
Saving model...
Test set score: 0.50
Best parameters: {'criterion': 'entropy', 'max_depth': 2, 'max_features': 0.9, 'min_samples_leaf': 1, 'n_estimators': 100, 'n_jobs': -1, 'oob_score': True, 'random_state': 42}
Best cross-validation score: 0.28
Out-of-Bag Prediction Score: 0.27
Saving scores...
Saving scores...
Saving scores...
Saved scores...
['AMBIGUOUS', 'trust', 'trust', 'trust', 'trust', 'trust', 'AMBIGUOUS', 'AMBIGUOUS', 'trust', 'trust', 'trust', 'trust', 'trust', 'trust', 'AMBIGUOUS', 'trust', 'trust', 'trust', 'trust', 'trust', 'trust', 'trust', 'trust', 'trust', 'trust', 'trust', 'trust', 'AMBIGUOUS', 'AMBIGUOUS', 'AMBIGUOUS', 'trust', 'trust', 'AMBIGUOUS', 'trust', 'trust', 'trust', 'trust', 'trust']
Saving time data...
Saving time data...
Saved time data...
Accuracy 14 elapsed time: 0:00:00.784683
Time passed: 0:02:51.055080

Current number of models: 1680
Remaining number of models: 12120
Loading model...
Saving model...
Test set score: 0.53
Best parameters: {'criterion': 'entropy', 'max_depth': 2, 'max_features': 0.9, 'min_samples_leaf': 1, 'n_estimators': 100, 'n_jobs': -1, 'oob_score': True, 'random_state': 42}
Best cross-validation score: 0.28
Out-of-Bag Prediction Score: 0.27
Saving scores...
Saving scores...
Saving scores...
Saved scores...
['trust', 'trust', 'trust', 'AMBIGUOUS', 'trust', 'trust', 'trust', 'trust', 'AMBIGUOUS', 'trust', 'trust', 'trust', 'trust', 'trust', 'AMBIGUOUS', 'AMBIGUOUS', 'AMBIGUOUS', 'trust', 'trust', 'trust', 'AMBIGUOUS', 'trust', 'trust', 'trust', 'trust', 'trust', 'trust', 'AMBIGUOUS', 'trust', 'trust', 'trust', 'trust', 'trust', 'AMBIGUOUS', 'trust', 'trust']
Saving time data...
Saving time data...
Saved time data...
Accuracy 15 elapsed time: 0:00:00.766575
Time passed: 0:02:51.938744

Current number of models: 1800
Remaining number of models: 12000
Loading model...
Saving model...
Test set score: 0.51
Best parameters: {'criterion': 'entropy', 'max_depth': 2, 'max_features': 0.9, 'min_samples_leaf': 1, 'n_estimators': 100, 'n_jobs': -1, 'oob_score': True, 'random_state': 42}
Best cross-validation score: 0.28
Out-of-Bag Prediction Score: 0.27
Saving scores...
Saving scores...
Saving scores...
Saved scores...
['trust', 'trust', 'trust', 'AMBIGUOUS', 'trust', 'trust', 'trust', 'AMBIGUOUS', 'AMBIGUOUS', 'trust', 'AMBIGUOUS', 'AMBIGUOUS', 'trust', 'trust', 'trust', 'trust', 'AMBIGUOUS', 'AMBIGUOUS', 'trust', 'trust', 'trust', 'trust', 'trust', 'trust', 'trust', 'AMBIGUOUS', 'trust', 'trust', 'trust', 'trust', 'trust', 'trust', 'trust', 'trust', 'trust']
Saving time data...
Saving time data...
Saved time data...
Accuracy 16 elapsed time: 0:00:00.809894
Time passed: 0:02:52.857766

Current number of models: 1920
Remaining number of models: 11880
Loading model...
Saving model...
Test set score: 0.52
Best parameters: {'criterion': 'entropy', 'max_depth': 2, 'max_features': 0.9, 'min_samples_leaf': 1, 'n_estimators': 100, 'n_jobs': -1, 'oob_score': True, 'random_state': 42}
Best cross-validation score: 0.28
Out-of-Bag Prediction Score: 0.27
Saving scores...
Saving scores...
Saving scores...
Saved scores...
['trust', 'trust', 'trust', 'AMBIGUOUS', 'AMBIGUOUS', 'trust', 'AMBIGUOUS', 'trust', 'trust', 'trust', 'trust', 'trust', 'trust', 'trust', 'AMBIGUOUS', 'AMBIGUOUS', 'trust', 'AMBIGUOUS', 'AMBIGUOUS', 'trust', 'trust', 'trust', 'trust', 'trust', 'trust', 'trust', 'AMBIGUOUS', 'trust', 'trust', 'AMBIGUOUS', 'AMBIGUOUS', 'trust', 'trust']
Saving time data...
Saving time data...
Saved time data...
Accuracy 17 elapsed time: 0:00:00.800710
Time passed: 0:02:53.800878

Current number of models: 2040
Remaining number of models: 11760
Loading model...
Saving model...
Test set score: 0.56
Best parameters: {'criterion': 'entropy', 'max_depth': 2, 'max_features': 0.9, 'min_samples_leaf': 1, 'n_estimators': 100, 'n_jobs': -1, 'oob_score': True, 'random_state': 42}
Best cross-validation score: 0.28
Out-of-Bag Prediction Score: 0.27
Saving scores...
Saving scores...
Saving scores...
Saved scores...
['trust', 'trust', 'trust', 'AMBIGUOUS', 'AMBIGUOUS', 'AMBIGUOUS', 'trust', 'trust', 'trust', 'trust', 'trust', 'AMBIGUOUS', 'AMBIGUOUS', 'AMBIGUOUS', 'AMBIGUOUS', 'AMBIGUOUS', 'AMBIGUOUS', 'AMBIGUOUS', 'AMBIGUOUS', 'AMBIGUOUS', 'AMBIGUOUS', 'AMBIGUOUS', 'AMBIGUOUS', 'AMBIGUOUS', 'AMBIGUOUS', 'trust', 'trust', 'AMBIGUOUS', 'AMBIGUOUS', 'trust', 'trust']
Saving time data...
Saving time data...
Saved time data...
Accuracy 18 elapsed time: 0:00:00.735124
Time passed: 0:02:54.659799

Current number of models: 2160
Remaining number of models: 11640
Loading model...
Saving model...
Test set score: 0.57
Best parameters: {'criterion': 'entropy', 'max_depth': 2, 'max_features': 0.9, 'min_samples_leaf': 1, 'n_estimators': 100, 'n_jobs': -1, 'oob_score': True, 'random_state': 42}
Best cross-validation score: 0.28
Out-of-Bag Prediction Score: 0.27
Saving scores...
Saving scores...
Saving scores...
Saved scores...
['trust', 'trust', 'trust', 'trust', 'trust', 'AMBIGUOUS', 'trust', 'AMBIGUOUS', 'AMBIGUOUS', 'AMBIGUOUS', 'AMBIGUOUS', 'AMBIGUOUS', 'AMBIGUOUS', 'AMBIGUOUS', 'AMBIGUOUS', 'AMBIGUOUS', 'AMBIGUOUS', 'AMBIGUOUS', 'AMBIGUOUS', 'AMBIGUOUS', 'AMBIGUOUS', 'trust', 'AMBIGUOUS', 'AMBIGUOUS', 'AMBIGUOUS', 'trust', 'AMBIGUOUS', 'AMBIGUOUS', 'trust', 'trust']
Saving time data...
Saving time data...
Saved time data...
Accuracy 19 elapsed time: 0:00:00.807570
Time passed: 0:02:55.584999

Current number of models: 2280
Remaining number of models: 11520
Loading model...
Saving model...
Test set score: 0.56
Best parameters: {'criterion': 'entropy', 'max_depth': 2, 'max_features': 0.9, 'min_samples_leaf': 1, 'n_estimators': 100, 'n_jobs': -1, 'oob_score': True, 'random_state': 42}
Best cross-validation score: 0.28
Out-of-Bag Prediction Score: 0.27
Saving scores...
Saving scores...
Saving scores...
Saved scores...
['AMBIGUOUS', 'AMBIGUOUS', 'AMBIGUOUS', 'AMBIGUOUS', 'AMBIGUOUS', 'AMBIGUOUS', 'trust', 'trust', 'trust', 'AMBIGUOUS', 'AMBIGUOUS', 'AMBIGUOUS', 'trust', 'AMBIGUOUS', 'AMBIGUOUS', 'AMBIGUOUS', 'AMBIGUOUS', 'AMBIGUOUS', 'AMBIGUOUS', 'AMBIGUOUS', 'AMBIGUOUS', 'AMBIGUOUS', 'AMBIGUOUS', 'AMBIGUOUS', 'AMBIGUOUS', 'AMBIGUOUS', 'AMBIGUOUS', 'AMBIGUOUS']
Saving time data...
Saving time data...
Saved time data...
Accuracy 20 elapsed time: 0:00:00.821176
Time passed: 0:02:56.529399

Current number of models: 2400
Remaining number of models: 11400
Loading model...
Saving model...
Test set score: 0.57
Best parameters: {'criterion': 'entropy', 'max_depth': 2, 'max_features': 0.9, 'min_samples_leaf': 1, 'n_estimators': 100, 'n_jobs': -1, 'oob_score': True, 'random_state': 42}
Best cross-validation score: 0.28
Out-of-Bag Prediction Score: 0.27
Saving scores...
Saving scores...
Saving scores...
Saved scores...
['AMBIGUOUS', 'AMBIGUOUS', 'AMBIGUOUS', 'AMBIGUOUS', 'AMBIGUOUS', 'AMBIGUOUS', 'AMBIGUOUS', 'AMBIGUOUS', 'AMBIGUOUS', 'AMBIGUOUS', 'AMBIGUOUS', 'AMBIGUOUS', 'AMBIGUOUS', 'AMBIGUOUS', 'AMBIGUOUS', 'AMBIGUOUS', 'AMBIGUOUS', 'AMBIGUOUS', 'AMBIGUOUS', 'AMBIGUOUS', 'AMBIGUOUS', 'AMBIGUOUS', 'AMBIGUOUS', 'AMBIGUOUS', 'AMBIGUOUS', 'AMBIGUOUS', 'AMBIGUOUS']
Saving time data...
Saving time data...
Saved time data...
Accuracy 21 elapsed time: 0:00:00.769589
Time passed: 0:02:57.427304

Current number of models: 2520
Remaining number of models: 11280
Loading model...
Saving model...
Test set score: 0.58
Best parameters: {'criterion': 'entropy', 'max_depth': 2, 'max_features': 0.9, 'min_samples_leaf': 1, 'n_estimators': 100, 'n_jobs': -1, 'oob_score': True, 'random_state': 42}
Best cross-validation score: 0.28
Out-of-Bag Prediction Score: 0.27
Saving scores...
Saving scores...
Saving scores...
Saved scores...
['AMBIGUOUS', 'AMBIGUOUS', 'AMBIGUOUS', 'AMBIGUOUS', 'AMBIGUOUS', 'AMBIGUOUS', 'AMBIGUOUS', 'AMBIGUOUS', 'AMBIGUOUS', 'AMBIGUOUS', 'AMBIGUOUS', 'AMBIGUOUS', 'AMBIGUOUS', 'trust', 'AMBIGUOUS', 'AMBIGUOUS', 'AMBIGUOUS', 'AMBIGUOUS', 'trust', 'trust', 'AMBIGUOUS', 'AMBIGUOUS', 'AMBIGUOUS', 'AMBIGUOUS', 'AMBIGUOUS']
Saving time data...
Saving time data...
Saved time data...
Accuracy 22 elapsed time: 0:00:00.700736
Time passed: 0:02:58.260124

Current number of models: 2640
Remaining number of models: 11160
Loading model...
Saving model...
Test set score: 0.59
Best parameters: {'criterion': 'entropy', 'max_depth': 2, 'max_features': 0.9, 'min_samples_leaf': 1, 'n_estimators': 100, 'n_jobs': -1, 'oob_score': True, 'random_state': 42}
Best cross-validation score: 0.28
Out-of-Bag Prediction Score: 0.27
Saving scores...
Saving scores...
Saving scores...
Saved scores...
['trust', 'trust', 'AMBIGUOUS', 'AMBIGUOUS', 'AMBIGUOUS', 'AMBIGUOUS', 'AMBIGUOUS', 'AMBIGUOUS', 'AMBIGUOUS', 'trust', 'trust', 'trust', 'trust', 'AMBIGUOUS', 'AMBIGUOUS', 'AMBIGUOUS', 'trust', 'AMBIGUOUS', 'trust', 'trust', 'AMBIGUOUS', 'AMBIGUOUS', 'AMBIGUOUS', 'AMBIGUOUS']
Saving time data...
Saving time data...
Saved time data...
Accuracy 23 elapsed time: 0:00:00.724792
Time passed: 0:02:59.093575

Current number of models: 2760
Remaining number of models: 11040
Loading model...
Saving model...
Test set score: 0.61
Best parameters: {'criterion': 'entropy', 'max_depth': 2, 'max_features': 0.9, 'min_samples_leaf': 1, 'n_estimators': 100, 'n_jobs': -1, 'oob_score': True, 'random_state': 42}
Best cross-validation score: 0.28
Out-of-Bag Prediction Score: 0.27
Saving scores...
Saving scores...
Saving scores...
Saved scores...
['AMBIGUOUS', 'AMBIGUOUS', 'AMBIGUOUS', 'AMBIGUOUS', 'AMBIGUOUS', 'AMBIGUOUS', 'AMBIGUOUS', 'AMBIGUOUS', 'AMBIGUOUS', 'AMBIGUOUS', 'AMBIGUOUS', 'AMBIGUOUS', 'AMBIGUOUS', 'AMBIGUOUS', 'AMBIGUOUS', 'trust', 'AMBIGUOUS', 'trust', 'trust', 'trust', 'AMBIGUOUS', 'AMBIGUOUS', 'AMBIGUOUS']
Saving time data...
Saving time data...
Saved time data...
Accuracy 24 elapsed time: 0:00:00.769715
Time passed: 0:02:59.989597

Current number of models: 2880
Remaining number of models: 10920
Loading model...
Saving model...
Test set score: 0.59
Best parameters: {'criterion': 'entropy', 'max_depth': 2, 'max_features': 0.9, 'min_samples_leaf': 1, 'n_estimators': 100, 'n_jobs': -1, 'oob_score': True, 'random_state': 42}
Best cross-validation score: 0.28
Out-of-Bag Prediction Score: 0.27
Saving scores...
Saving scores...
Saving scores...
Saved scores...
['trust', 'AMBIGUOUS', 'AMBIGUOUS', 'AMBIGUOUS', 'trust', 'surprise', 'surprise', 'surprise', 'surprise', 'surprise', 'surprise', 'trust', 'AMBIGUOUS', 'trust', 'AMBIGUOUS', 'AMBIGUOUS', 'trust', 'surprise', 'surprise', 'surprise', 'AMBIGUOUS', 'AMBIGUOUS']
Saving time data...
Saving time data...
Saved time data...
Accuracy 25 elapsed time: 0:00:00.726832
Time passed: 0:03:00.855721

Current number of models: 3000
Remaining number of models: 10800
Loading model...
Saving model...
Test set score: 0.60
Best parameters: {'criterion': 'entropy', 'max_depth': 2, 'max_features': 0.9, 'min_samples_leaf': 1, 'n_estimators': 100, 'n_jobs': -1, 'oob_score': True, 'random_state': 42}
Best cross-validation score: 0.28
Out-of-Bag Prediction Score: 0.27
Saving scores...
Saving scores...
Saving scores...
Saved scores...
['surprise', 'surprise', 'AMBIGUOUS', 'AMBIGUOUS', 'AMBIGUOUS', 'AMBIGUOUS', 'AMBIGUOUS', 'surprise', 'surprise', 'surprise', 'surprise', 'surprise', 'surprise', 'surprise', 'surprise', 'surprise', 'surprise', 'surprise', 'surprise', 'surprise', 'surprise']
Saving time data...
Saving time data...
Saved time data...
Accuracy 26 elapsed time: 0:00:00.649992
Time passed: 0:03:01.636553

Current number of models: 3120
Remaining number of models: 10680
Loading model...
Saving model...
Test set score: 0.59
Best parameters: {'criterion': 'entropy', 'max_depth': 2, 'max_features': 0.9, 'min_samples_leaf': 1, 'n_estimators': 100, 'n_jobs': -1, 'oob_score': True, 'random_state': 42}
Best cross-validation score: 0.28
Out-of-Bag Prediction Score: 0.27
Saving scores...
Saving scores...
Saving scores...
Saved scores...
['surprise', 'surprise', 'surprise', 'surprise', 'surprise', 'surprise', 'surprise', 'surprise', 'surprise', 'surprise', 'surprise', 'surprise', 'surprise', 'surprise', 'surprise', 'surprise', 'surprise', 'surprise', 'surprise', 'surprise']
Saving time data...
Saving time data...
Saved time data...
Accuracy 27 elapsed time: 0:00:00.653566
Time passed: 0:03:02.409003

Current number of models: 3240
Remaining number of models: 10560
Loading model...
Saving model...
Test set score: 0.61
Best parameters: {'criterion': 'entropy', 'max_depth': 2, 'max_features': 0.9, 'min_samples_leaf': 1, 'n_estimators': 100, 'n_jobs': -1, 'oob_score': True, 'random_state': 42}
Best cross-validation score: 0.28
Out-of-Bag Prediction Score: 0.27
Saving scores...
Saving scores...
Saving scores...
Saved scores...
['surprise', 'surprise', 'AMBIGUOUS', 'surprise', 'AMBIGUOUS', 'AMBIGUOUS', 'surprise', 'AMBIGUOUS', 'surprise', 'AMBIGUOUS', 'AMBIGUOUS', 'surprise', 'surprise', 'surprise', 'surprise', 'surprise', 'surprise', 'surprise', 'surprise']
Saving time data...
Saving time data...
Saved time data...
Accuracy 28 elapsed time: 0:00:00.656465
Time passed: 0:03:03.188688

Current number of models: 3360
Remaining number of models: 10440
Loading model...
Saving model...
Test set score: 0.63
Best parameters: {'criterion': 'entropy', 'max_depth': 2, 'max_features': 0.9, 'min_samples_leaf': 1, 'n_estimators': 100, 'n_jobs': -1, 'oob_score': True, 'random_state': 42}
Best cross-validation score: 0.28
Out-of-Bag Prediction Score: 0.27
Saving scores...
Saving scores...
Saving scores...
Saved scores...
['surprise', 'surprise', 'surprise', 'surprise', 'surprise', 'trust', 'surprise', 'surprise', 'surprise', 'surprise', 'surprise', 'surprise', 'surprise', 'AMBIGUOUS', 'AMBIGUOUS', 'AMBIGUOUS', 'trust', 'surprise']
Saving time data...
Saving time data...
Saved time data...
Accuracy 29 elapsed time: 0:00:00.627851
Time passed: 0:03:03.947152

Current number of models: 3480
Remaining number of models: 10320
Loading model...
Saving model...
Test set score: 0.62
Best parameters: {'criterion': 'entropy', 'max_depth': 2, 'max_features': 0.9, 'min_samples_leaf': 1, 'n_estimators': 100, 'n_jobs': -1, 'oob_score': True, 'random_state': 42}
Best cross-validation score: 0.28
Out-of-Bag Prediction Score: 0.27
Saving scores...
Saving scores...
Saving scores...
Saved scores...
['surprise', 'surprise', 'surprise', 'surprise', 'surprise', 'surprise', 'surprise', 'surprise', 'surprise', 'surprise', 'AMBIGUOUS', 'surprise', 'surprise', 'AMBIGUOUS', 'surprise', 'surprise', 'surprise']
Saving time data...
Saving time data...
Saved time data...
Accuracy 30 elapsed time: 0:00:00.626535
Time passed: 0:03:04.692895

Current number of models: 3600
Remaining number of models: 10200
Loading model...
Saving model...
Test set score: 0.62
Best parameters: {'criterion': 'entropy', 'max_depth': 2, 'max_features': 0.9, 'min_samples_leaf': 1, 'n_estimators': 100, 'n_jobs': -1, 'oob_score': True, 'random_state': 42}
Best cross-validation score: 0.28
Out-of-Bag Prediction Score: 0.27
Saving scores...
Saving scores...
Saving scores...
Saved scores...
['surprise', 'surprise', 'surprise', 'trust', 'AMBIGUOUS', 'surprise', 'surprise', 'surprise', 'surprise', 'surprise', 'surprise', 'surprise', 'surprise', 'surprise', 'AMBIGUOUS', 'trust']
Saving time data...
Saving time data...
Saved time data...
Accuracy 31 elapsed time: 0:00:00.606117
Time passed: 0:03:05.422359

Current number of models: 3720
Remaining number of models: 10080
Loading model...
Saving model...
Test set score: 0.60
Best parameters: {'criterion': 'entropy', 'max_depth': 2, 'max_features': 0.9, 'min_samples_leaf': 1, 'n_estimators': 100, 'n_jobs': -1, 'oob_score': True, 'random_state': 42}
Best cross-validation score: 0.28
Out-of-Bag Prediction Score: 0.27
Saving scores...
Saving scores...
Saving scores...
Saved scores...
['surprise', 'surprise', 'surprise', 'surprise', 'surprise', 'surprise', 'surprise', 'surprise', 'surprise', 'surprise', 'surprise', 'surprise', 'surprise', 'surprise', 'AMBIGUOUS']
Saving time data...
Saving time data...
Saved time data...
Accuracy 32 elapsed time: 0:00:00.655118
Time passed: 0:03:06.191532

Current number of models: 3840
Remaining number of models: 9960
Loading model...
Saving model...
Test set score: 0.62
Best parameters: {'criterion': 'entropy', 'max_depth': 2, 'max_features': 0.9, 'min_samples_leaf': 1, 'n_estimators': 100, 'n_jobs': -1, 'oob_score': True, 'random_state': 42}
Best cross-validation score: 0.28
Out-of-Bag Prediction Score: 0.27
Saving scores...
Saving scores...
Saving scores...
Saved scores...
['surprise', 'surprise', 'surprise', 'surprise', 'surprise', 'AMBIGUOUS', 'surprise', 'surprise', 'surprise', 'surprise', 'AMBIGUOUS', 'surprise', 'surprise', 'surprise']
Saving time data...
Saving time data...
Saved time data...
Accuracy 33 elapsed time: 0:00:00.669025
Time passed: 0:03:07.063598

Current number of models: 3960
Remaining number of models: 9840
Loading model...
Saving model...
Test set score: 0.63
Best parameters: {'criterion': 'entropy', 'max_depth': 2, 'max_features': 0.9, 'min_samples_leaf': 1, 'n_estimators': 100, 'n_jobs': -1, 'oob_score': True, 'random_state': 42}
Best cross-validation score: 0.28
Out-of-Bag Prediction Score: 0.27
Saving scores...
Saving scores...
Saving scores...
Saved scores...
['surprise', 'surprise', 'surprise', 'surprise', 'surprise', 'surprise', 'surprise', 'surprise', 'surprise', 'surprise', 'surprise', 'surprise', 'surprise', 'surprise']
Saving time data...
Saving time data...
Saved time data...
Accuracy 34 elapsed time: 0:00:00.601601
Time passed: 0:03:07.791578

Current number of models: 4080
Remaining number of models: 9720
Loading model...
Saving model...
Test set score: 0.65
Best parameters: {'criterion': 'entropy', 'max_depth': 2, 'max_features': 0.9, 'min_samples_leaf': 1, 'n_estimators': 100, 'n_jobs': -1, 'oob_score': True, 'random_state': 42}
Best cross-validation score: 0.28
Out-of-Bag Prediction Score: 0.27
Saving scores...
Saving scores...
Saving scores...
Saved scores...
['surprise', 'surprise', 'surprise', 'surprise', 'surprise', 'surprise', 'surprise', 'surprise', 'surprise', 'surprise', 'surprise', 'surprise', 'surprise']
Saving time data...
Saving time data...
Saved time data...
Accuracy 35 elapsed time: 0:00:00.575827
Time passed: 0:03:08.483550

Current number of models: 4200
Remaining number of models: 9600
Loading model...
Saving model...
Test set score: 0.64
Best parameters: {'criterion': 'entropy', 'max_depth': 2, 'max_features': 0.9, 'min_samples_leaf': 1, 'n_estimators': 100, 'n_jobs': -1, 'oob_score': True, 'random_state': 42}
Best cross-validation score: 0.28
Out-of-Bag Prediction Score: 0.27
Saving scores...
Saving scores...
Saving scores...
Saved scores...
['surprise', 'surprise', 'surprise', 'surprise', 'surprise', 'surprise', 'surprise', 'surprise', 'surprise', 'surprise', 'AMBIGUOUS', 'surprise']
Saving time data...
Saving time data...
Saved time data...
Accuracy 36 elapsed time: 0:00:00.586854
Time passed: 0:03:09.187816

Current number of models: 4320
Remaining number of models: 9480
Loading model...
Saving model...
Test set score: 0.62
Best parameters: {'criterion': 'entropy', 'max_depth': 2, 'max_features': 0.9, 'min_samples_leaf': 1, 'n_estimators': 100, 'n_jobs': -1, 'oob_score': True, 'random_state': 42}
Best cross-validation score: 0.28
Out-of-Bag Prediction Score: 0.27
Saving scores...
Saving scores...
Saving scores...
Saved scores...
['surprise', 'surprise', 'surprise', 'surprise', 'surprise', 'trust', 'trust', 'trust', 'surprise', 'trust', 'surprise', 'surprise']
Saving time data...
Saving time data...
Saved time data...
Accuracy 37 elapsed time: 0:00:00.636790
Time passed: 0:03:09.945330

Current number of models: 4440
Remaining number of models: 9360
Loading model...
Saving model...
Test set score: 0.63
Best parameters: {'criterion': 'entropy', 'max_depth': 2, 'max_features': 0.9, 'min_samples_leaf': 1, 'n_estimators': 100, 'n_jobs': -1, 'oob_score': True, 'random_state': 42}
Best cross-validation score: 0.28
Out-of-Bag Prediction Score: 0.27
Saving scores...
Saving scores...
Saving scores...
Saved scores...
['surprise', 'surprise', 'surprise', 'surprise', 'surprise', 'surprise', 'surprise', 'surprise', 'surprise', 'surprise', 'surprise']
Saving time data...
Saving time data...
Saved time data...
Accuracy 38 elapsed time: 0:00:00.599643
Time passed: 0:03:10.681283

Current number of models: 4560
Remaining number of models: 9240
Loading model...
Saving model...
Test set score: 0.62
Best parameters: {'criterion': 'entropy', 'max_depth': 2, 'max_features': 0.9, 'min_samples_leaf': 1, 'n_estimators': 100, 'n_jobs': -1, 'oob_score': True, 'random_state': 42}
Best cross-validation score: 0.28
Out-of-Bag Prediction Score: 0.27
Saving scores...
Saving scores...
Saving scores...
Saved scores...
['surprise', 'surprise', 'surprise', 'surprise', 'surprise', 'surprise', 'surprise', 'surprise', 'trust', 'surprise', 'surprise']
Saving time data...
Saving time data...
Saved time data...
Accuracy 39 elapsed time: 0:00:00.557522
Time passed: 0:03:11.357489

Current number of models: 4680
Remaining number of models: 9120
Loading model...
Saving model...
Test set score: 0.60
Best parameters: {'criterion': 'entropy', 'max_depth': 2, 'max_features': 0.9, 'min_samples_leaf': 1, 'n_estimators': 100, 'n_jobs': -1, 'oob_score': True, 'random_state': 42}
Best cross-validation score: 0.28
Out-of-Bag Prediction Score: 0.27
Saving scores...
Saving scores...
Saving scores...
Saved scores...
['trust', 'trust', 'surprise', 'surprise', 'surprise', 'surprise', 'surprise', 'surprise', 'surprise', 'surprise']
Saving time data...
Saving time data...
Saved time data...
Accuracy 40 elapsed time: 0:00:00.567421
Time passed: 0:03:12.038934

Current number of models: 4800
Remaining number of models: 9000
Loading model...
Saving model...
Test set score: 0.62
Best parameters: {'criterion': 'entropy', 'max_depth': 2, 'max_features': 0.9, 'min_samples_leaf': 1, 'n_estimators': 100, 'n_jobs': -1, 'oob_score': True, 'random_state': 42}
Best cross-validation score: 0.28
Out-of-Bag Prediction Score: 0.27
Saving scores...
Saving scores...
Saving scores...
Saved scores...
['surprise', 'surprise', 'surprise', 'surprise', 'surprise', 'surprise', 'surprise', 'AMBIGUOUS', 'trust']
Saving time data...
Saving time data...
Saved time data...
Accuracy 41 elapsed time: 0:00:00.553762
Time passed: 0:03:12.708049

Current number of models: 4920
Remaining number of models: 8880
Loading model...
Saving model...
Test set score: 0.63
Best parameters: {'criterion': 'entropy', 'max_depth': 2, 'max_features': 0.9, 'min_samples_leaf': 1, 'n_estimators': 100, 'n_jobs': -1, 'oob_score': True, 'random_state': 42}
Best cross-validation score: 0.28
Out-of-Bag Prediction Score: 0.27
Saving scores...
Saving scores...
Saving scores...
Saved scores...
['surprise', 'surprise', 'surprise', 'surprise', 'surprise', 'surprise', 'surprise', 'surprise', 'AMBIGUOUS']
Saving time data...
Saving time data...
Saved time data...
Accuracy 42 elapsed time: 0:00:00.549293
Time passed: 0:03:13.383849

Current number of models: 5040
Remaining number of models: 8760
Loading model...
Saving model...
Test set score: 0.63
Best parameters: {'criterion': 'entropy', 'max_depth': 2, 'max_features': 0.9, 'min_samples_leaf': 1, 'n_estimators': 100, 'n_jobs': -1, 'oob_score': True, 'random_state': 42}
Best cross-validation score: 0.28
Out-of-Bag Prediction Score: 0.27
Saving scores...
Saving scores...
Saving scores...
Saved scores...
['surprise', 'surprise', 'surprise', 'surprise', 'surprise', 'surprise', 'surprise', 'surprise', 'surprise']
Saving time data...
Saving time data...
Saved time data...
Accuracy 43 elapsed time: 0:00:00.533338
Time passed: 0:03:14.027547

Current number of models: 5160
Remaining number of models: 8640
Loading model...
Saving model...
Test set score: 0.63
Best parameters: {'criterion': 'entropy', 'max_depth': 2, 'max_features': 0.9, 'min_samples_leaf': 1, 'n_estimators': 100, 'n_jobs': -1, 'oob_score': True, 'random_state': 42}
Best cross-validation score: 0.28
Out-of-Bag Prediction Score: 0.27
Saving scores...
Saving scores...
Saving scores...
Saved scores...
['surprise', 'surprise', 'AMBIGUOUS', 'surprise', 'trust', 'trust', 'surprise', 'surprise']
Saving time data...
Saving time data...
Saved time data...
Accuracy 44 elapsed time: 0:00:00.536364
Time passed: 0:03:14.677982

Current number of models: 5280
Remaining number of models: 8520
Loading model...
Saving model...
Test set score: 0.64
Best parameters: {'criterion': 'entropy', 'max_depth': 2, 'max_features': 0.9, 'min_samples_leaf': 1, 'n_estimators': 100, 'n_jobs': -1, 'oob_score': True, 'random_state': 42}
Best cross-validation score: 0.28
Out-of-Bag Prediction Score: 0.27
Saving scores...
Saving scores...
Saving scores...
Saved scores...
['surprise', 'trust', 'surprise', 'surprise', 'surprise', 'trust', 'trust', 'trust']
Saving time data...
Saving time data...
Saved time data...
Accuracy 45 elapsed time: 0:00:00.528607
Time passed: 0:03:15.319088

Current number of models: 5400
Remaining number of models: 8400
Loading model...
Saving model...
Test set score: 0.64
Best parameters: {'criterion': 'entropy', 'max_depth': 2, 'max_features': 0.9, 'min_samples_leaf': 1, 'n_estimators': 100, 'n_jobs': -1, 'oob_score': True, 'random_state': 42}
Best cross-validation score: 0.28
Out-of-Bag Prediction Score: 0.27
Saving scores...
Saving scores...
Saving scores...
Saved scores...
['surprise', 'surprise', 'surprise', 'AMBIGUOUS', 'surprise', 'surprise', 'surprise']
Saving time data...
Saving time data...
Saved time data...
Accuracy 46 elapsed time: 0:00:00.518493
Time passed: 0:03:15.954183

Current number of models: 5520
Remaining number of models: 8280
Loading model...
Saving model...
Test set score: 0.62
Best parameters: {'criterion': 'entropy', 'max_depth': 2, 'max_features': 0.9, 'min_samples_leaf': 1, 'n_estimators': 100, 'n_jobs': -1, 'oob_score': True, 'random_state': 42}
Best cross-validation score: 0.28
Out-of-Bag Prediction Score: 0.27
Saving scores...
Saving scores...
Saving scores...
Saved scores...
['surprise', 'surprise', 'surprise', 'surprise', 'surprise', 'surprise', 'AMBIGUOUS']
Saving time data...
Saving time data...
Saved time data...
Accuracy 47 elapsed time: 0:00:00.550644
Time passed: 0:03:16.628614

Current number of models: 5640
Remaining number of models: 8160
Loading model...
Saving model...
Test set score: 0.62
Best parameters: {'criterion': 'entropy', 'max_depth': 2, 'max_features': 0.9, 'min_samples_leaf': 1, 'n_estimators': 100, 'n_jobs': -1, 'oob_score': True, 'random_state': 42}
Best cross-validation score: 0.28
Out-of-Bag Prediction Score: 0.27
Saving scores...
Saving scores...
Saving scores...
Saved scores...
['surprise', 'surprise', 'surprise', 'surprise', 'surprise', 'trust', 'trust']
Saving time data...
Saving time data...
Saved time data...
Accuracy 48 elapsed time: 0:00:00.526538
Time passed: 0:03:17.277444

Current number of models: 5760
Remaining number of models: 8040
Loading model...
Saving model...
Test set score: 0.65
Best parameters: {'criterion': 'entropy', 'max_depth': 2, 'max_features': 0.9, 'min_samples_leaf': 1, 'n_estimators': 100, 'n_jobs': -1, 'oob_score': True, 'random_state': 42}
Best cross-validation score: 0.28
Out-of-Bag Prediction Score: 0.27
Saving scores...
Saving scores...
Saving scores...
Saved scores...
['AMBIGUOUS', 'surprise', 'surprise', 'AMBIGUOUS', 'AMBIGUOUS', 'surprise']
Saving time data...
Saving time data...
Saved time data...
Accuracy 49 elapsed time: 0:00:00.512029
Time passed: 0:03:17.907217

Current number of models: 5880
Remaining number of models: 7920
Loading model...
Saving model...
Test set score: 0.62
Best parameters: {'criterion': 'entropy', 'max_depth': 2, 'max_features': 0.9, 'min_samples_leaf': 1, 'n_estimators': 100, 'n_jobs': -1, 'oob_score': True, 'random_state': 42}
Best cross-validation score: 0.28
Out-of-Bag Prediction Score: 0.27
Saving scores...
Saving scores...
Saving scores...
Saved scores...
['surprise', 'trust', 'surprise', 'surprise', 'surprise', 'surprise']
Saving time data...
Saving time data...
Saved time data...
Accuracy 50 elapsed time: 0:00:00.509265
Time passed: 0:03:18.544356

Current number of models: 6000
Remaining number of models: 7800
Loading model...
Saving model...
Test set score: 0.62
Best parameters: {'criterion': 'entropy', 'max_depth': 2, 'max_features': 0.9, 'min_samples_leaf': 1, 'n_estimators': 100, 'n_jobs': -1, 'oob_score': True, 'random_state': 42}
Best cross-validation score: 0.28
Out-of-Bag Prediction Score: 0.27
Saving scores...
Saving scores...
Saving scores...
Saved scores...
['surprise', 'AMBIGUOUS', 'surprise', 'surprise', 'surprise', 'surprise']
Saving time data...
Saving time data...
Saved time data...
Accuracy 51 elapsed time: 0:00:00.501314
Time passed: 0:03:19.163317

Current number of models: 6120
Remaining number of models: 7680
Loading model...
Saving model...
Test set score: 0.62
Best parameters: {'criterion': 'entropy', 'max_depth': 2, 'max_features': 0.9, 'min_samples_leaf': 1, 'n_estimators': 100, 'n_jobs': -1, 'oob_score': True, 'random_state': 42}
Best cross-validation score: 0.28
Out-of-Bag Prediction Score: 0.27
Saving scores...
Saving scores...
Saving scores...
Saved scores...
['surprise', 'trust', 'surprise', 'surprise', 'AMBIGUOUS']
Saving time data...
Saving time data...
Saved time data...
Accuracy 52 elapsed time: 0:00:00.507007
Time passed: 0:03:19.787083

Current number of models: 6240
Remaining number of models: 7560
Loading model...
Saving model...
Test set score: 0.62
Best parameters: {'criterion': 'entropy', 'max_depth': 2, 'max_features': 0.9, 'min_samples_leaf': 1, 'n_estimators': 100, 'n_jobs': -1, 'oob_score': True, 'random_state': 42}
Best cross-validation score: 0.28
Out-of-Bag Prediction Score: 0.27
Saving scores...
Saving scores...
Saving scores...
Saved scores...
['trust', 'surprise', 'AMBIGUOUS', 'surprise', 'surprise']
Saving time data...
Saving time data...
Saved time data...
Accuracy 53 elapsed time: 0:00:00.503798
Time passed: 0:03:20.413061

Current number of models: 6360
Remaining number of models: 7440
Loading model...
Saving model...
Test set score: 0.63
Best parameters: {'criterion': 'entropy', 'max_depth': 2, 'max_features': 0.9, 'min_samples_leaf': 1, 'n_estimators': 100, 'n_jobs': -1, 'oob_score': True, 'random_state': 42}
Best cross-validation score: 0.28
Out-of-Bag Prediction Score: 0.27
Saving scores...
Saving scores...
Saving scores...
Saved scores...
['surprise', 'surprise', 'surprise', 'AMBIGUOUS', 'AMBIGUOUS']
Saving time data...
Saving time data...
Saved time data...
Accuracy 54 elapsed time: 0:00:00.510704
Time passed: 0:03:21.068125

Current number of models: 6480
Remaining number of models: 7320
Loading model...
Saving model...
Test set score: 0.63
Best parameters: {'criterion': 'entropy', 'max_depth': 2, 'max_features': 0.9, 'min_samples_leaf': 1, 'n_estimators': 100, 'n_jobs': -1, 'oob_score': True, 'random_state': 42}
Best cross-validation score: 0.28
Out-of-Bag Prediction Score: 0.27
Saving scores...
Saving scores...
Saving scores...
Saved scores...
['surprise', 'AMBIGUOUS', 'surprise', 'AMBIGUOUS', 'surprise']
Saving time data...
Saving time data...
Saved time data...
Accuracy 55 elapsed time: 0:00:00.509766
Time passed: 0:03:21.720382

Current number of models: 6600
Remaining number of models: 7200
Loading model...
Saving model...
Test set score: 0.64
Best parameters: {'criterion': 'entropy', 'max_depth': 2, 'max_features': 0.9, 'min_samples_leaf': 1, 'n_estimators': 100, 'n_jobs': -1, 'oob_score': True, 'random_state': 42}
Best cross-validation score: 0.28
Out-of-Bag Prediction Score: 0.27
Saving scores...
Saving scores...
Saving scores...
Saved scores...
['AMBIGUOUS', 'surprise', 'surprise', 'surprise']
Saving time data...
Saving time data...
Saved time data...
Accuracy 56 elapsed time: 0:00:00.508422
Time passed: 0:03:22.346248

Current number of models: 6720
Remaining number of models: 7080
Loading model...
Saving model...
Test set score: 0.63
Best parameters: {'criterion': 'entropy', 'max_depth': 2, 'max_features': 0.9, 'min_samples_leaf': 1, 'n_estimators': 100, 'n_jobs': -1, 'oob_score': True, 'random_state': 42}
Best cross-validation score: 0.28
Out-of-Bag Prediction Score: 0.27
Saving scores...
Saving scores...
Saving scores...
Saved scores...
['surprise', 'AMBIGUOUS', 'AMBIGUOUS', 'trust']
Saving time data...
Saving time data...
Saved time data...
Accuracy 57 elapsed time: 0:00:00.497998
Time passed: 0:03:22.954203

Current number of models: 6840
Remaining number of models: 6960
Loading model...
Saving model...
Test set score: 0.62
Best parameters: {'criterion': 'entropy', 'max_depth': 2, 'max_features': 0.9, 'min_samples_leaf': 1, 'n_estimators': 100, 'n_jobs': -1, 'oob_score': True, 'random_state': 42}
Best cross-validation score: 0.28
Out-of-Bag Prediction Score: 0.27
Saving scores...
Saving scores...
Saving scores...
Saved scores...
['AMBIGUOUS', 'AMBIGUOUS', 'surprise', 'AMBIGUOUS']
Saving time data...
Saving time data...
Saved time data...
Accuracy 58 elapsed time: 0:00:00.489256
Time passed: 0:03:23.568303

Current number of models: 6960
Remaining number of models: 6840
Loading model...
Saving model...
Test set score: 0.63
Best parameters: {'criterion': 'entropy', 'max_depth': 2, 'max_features': 0.9, 'min_samples_leaf': 1, 'n_estimators': 100, 'n_jobs': -1, 'oob_score': True, 'random_state': 42}
Best cross-validation score: 0.28
Out-of-Bag Prediction Score: 0.27
Saving scores...
Saving scores...
Saving scores...
Saved scores...
['surprise', 'surprise', 'surprise', 'surprise']
Saving time data...
Saving time data...
Saved time data...
Accuracy 59 elapsed time: 0:00:00.494184
Time passed: 0:03:24.183998

Current number of models: 7080
Remaining number of models: 6720
Loading model...
Saving model...
Test set score: 0.63
Best parameters: {'criterion': 'entropy', 'max_depth': 2, 'max_features': 0.9, 'min_samples_leaf': 1, 'n_estimators': 100, 'n_jobs': -1, 'oob_score': True, 'random_state': 42}
Best cross-validation score: 0.28
Out-of-Bag Prediction Score: 0.27
Saving scores...
Saving scores...
Saving scores...
Saved scores...
['AMBIGUOUS', 'AMBIGUOUS', 'AMBIGUOUS', 'surprise']
Saving time data...
Saving time data...
Saved time data...
Accuracy 60 elapsed time: 0:00:00.512601
Time passed: 0:03:24.825420

Current number of models: 7200
Remaining number of models: 6600
Loading model...
Saving model...
Test set score: 0.63
Best parameters: {'criterion': 'entropy', 'max_depth': 2, 'max_features': 0.9, 'min_samples_leaf': 1, 'n_estimators': 100, 'n_jobs': -1, 'oob_score': True, 'random_state': 42}
Best cross-validation score: 0.28
Out-of-Bag Prediction Score: 0.27
Saving scores...
Saving scores...
Saving scores...
Saved scores...
['AMBIGUOUS', 'surprise', 'trust']
Saving time data...
Saving time data...
Saved time data...
Accuracy 61 elapsed time: 0:00:00.479948
Time passed: 0:03:25.424054

Current number of models: 7320
Remaining number of models: 6480
Loading model...
Saving model...
Test set score: 0.64
Best parameters: {'criterion': 'entropy', 'max_depth': 2, 'max_features': 0.9, 'min_samples_leaf': 1, 'n_estimators': 100, 'n_jobs': -1, 'oob_score': True, 'random_state': 42}
Best cross-validation score: 0.28
Out-of-Bag Prediction Score: 0.27
Saving scores...
Saving scores...
Saving scores...
Saved scores...
['trust', 'AMBIGUOUS', 'trust']
Saving time data...
Saving time data...
Saved time data...
Accuracy 62 elapsed time: 0:00:00.481789
Time passed: 0:03:26.027826

Current number of models: 7440
Remaining number of models: 6360
Loading model...
Saving model...
Test set score: 0.63
Best parameters: {'criterion': 'entropy', 'max_depth': 2, 'max_features': 0.9, 'min_samples_leaf': 1, 'n_estimators': 100, 'n_jobs': -1, 'oob_score': True, 'random_state': 42}
Best cross-validation score: 0.28
Out-of-Bag Prediction Score: 0.27
Saving scores...
Saving scores...
Saving scores...
Saved scores...
['surprise', 'surprise', 'surprise']
Saving time data...
Saving time data...
Saved time data...
Accuracy 63 elapsed time: 0:00:00.487579
Time passed: 0:03:26.655577

Current number of models: 7560
Remaining number of models: 6240
Loading model...
Saving model...
Test set score: 0.63
Best parameters: {'criterion': 'entropy', 'max_depth': 2, 'max_features': 0.9, 'min_samples_leaf': 1, 'n_estimators': 100, 'n_jobs': -1, 'oob_score': True, 'random_state': 42}
Best cross-validation score: 0.28
Out-of-Bag Prediction Score: 0.27
Saving scores...
Saving scores...
Saving scores...
Saved scores...
['AMBIGUOUS', 'AMBIGUOUS', 'surprise']
Saving time data...
Saving time data...
Saved time data...
Accuracy 64 elapsed time: 0:00:00.486240
Time passed: 0:03:27.259225

Current number of models: 7680
Remaining number of models: 6120
Loading model...
Saving model...
Test set score: 0.63
Best parameters: {'criterion': 'entropy', 'max_depth': 2, 'max_features': 0.9, 'min_samples_leaf': 1, 'n_estimators': 100, 'n_jobs': -1, 'oob_score': True, 'random_state': 42}
Best cross-validation score: 0.28
Out-of-Bag Prediction Score: 0.27
Saving scores...
Saving scores...
Saving scores...
Saved scores...
['trust', 'surprise', 'trust']
Saving time data...
Saving time data...
Saved time data...
Accuracy 65 elapsed time: 0:00:00.480031
Time passed: 0:03:27.871472

Current number of models: 7800
Remaining number of models: 6000
Loading model...
Saving model...
Test set score: 0.62
Best parameters: {'criterion': 'entropy', 'max_depth': 2, 'max_features': 0.9, 'min_samples_leaf': 1, 'n_estimators': 100, 'n_jobs': -1, 'oob_score': True, 'random_state': 42}
Best cross-validation score: 0.28
Out-of-Bag Prediction Score: 0.27
Saving scores...
Saving scores...
Saving scores...
Saved scores...
['surprise', 'trust', 'AMBIGUOUS']
Saving time data...
Saving time data...
Saved time data...
Accuracy 66 elapsed time: 0:00:00.489217
Time passed: 0:03:28.482298

Current number of models: 7920
Remaining number of models: 5880
Loading model...
Saving model...
Test set score: 0.63
Best parameters: {'criterion': 'entropy', 'max_depth': 2, 'max_features': 0.9, 'min_samples_leaf': 1, 'n_estimators': 100, 'n_jobs': -1, 'oob_score': True, 'random_state': 42}
Best cross-validation score: 0.28
Out-of-Bag Prediction Score: 0.27
Saving scores...
Saving scores...
Saving scores...
Saved scores...
['trust', 'AMBIGUOUS']
Saving time data...
Saving time data...
Saved time data...
Accuracy 67 elapsed time: 0:00:00.484347
Time passed: 0:03:29.076211

Current number of models: 8040
Remaining number of models: 5760
Loading model...
Saving model...
Test set score: 0.63
Best parameters: {'criterion': 'entropy', 'max_depth': 2, 'max_features': 0.9, 'min_samples_leaf': 1, 'n_estimators': 100, 'n_jobs': -1, 'oob_score': True, 'random_state': 42}
Best cross-validation score: 0.28
Out-of-Bag Prediction Score: 0.27
Saving scores...
Saving scores...
Saving scores...
Saved scores...
['AMBIGUOUS', 'AMBIGUOUS']
Saving time data...
Saving time data...
Saved time data...
Accuracy 68 elapsed time: 0:00:00.483469
Time passed: 0:03:29.677107

Current number of models: 8160
Remaining number of models: 5640
Loading model...
Saving model...
Test set score: 0.63
Best parameters: {'criterion': 'entropy', 'max_depth': 2, 'max_features': 0.9, 'min_samples_leaf': 1, 'n_estimators': 100, 'n_jobs': -1, 'oob_score': True, 'random_state': 42}
Best cross-validation score: 0.28
Out-of-Bag Prediction Score: 0.27
Saving scores...
Saving scores...
Saving scores...
Saved scores...
['AMBIGUOUS', 'AMBIGUOUS']
Saving time data...
Saving time data...
Saved time data...
Accuracy 69 elapsed time: 0:00:00.479482
Time passed: 0:03:30.279141

Current number of models: 8280
Remaining number of models: 5520
Loading model...
Saving model...
Test set score: 0.63
Best parameters: {'criterion': 'entropy', 'max_depth': 2, 'max_features': 0.9, 'min_samples_leaf': 1, 'n_estimators': 100, 'n_jobs': -1, 'oob_score': True, 'random_state': 42}
Best cross-validation score: 0.28
Out-of-Bag Prediction Score: 0.27
Saving scores...
Saving scores...
Saving scores...
Saved scores...
['AMBIGUOUS', 'AMBIGUOUS']
Saving time data...
Saving time data...
Saved time data...
Accuracy 70 elapsed time: 0:00:00.480865
Time passed: 0:03:30.888494

Current number of models: 8400
Remaining number of models: 5400
Loading model...
Saving model...
Test set score: 0.64
Best parameters: {'criterion': 'entropy', 'max_depth': 2, 'max_features': 0.9, 'min_samples_leaf': 1, 'n_estimators': 100, 'n_jobs': -1, 'oob_score': True, 'random_state': 42}
Best cross-validation score: 0.28
Out-of-Bag Prediction Score: 0.27
Saving scores...
Saving scores...
Saving scores...
Saved scores...
['surprise', 'AMBIGUOUS']
Saving time data...
Saving time data...
Saved time data...
Accuracy 71 elapsed time: 0:00:00.480430
Time passed: 0:03:31.490184

Current number of models: 8520
Remaining number of models: 5280
Loading model...
Saving model...
Test set score: 0.63
Best parameters: {'criterion': 'entropy', 'max_depth': 2, 'max_features': 0.9, 'min_samples_leaf': 1, 'n_estimators': 100, 'n_jobs': -1, 'oob_score': True, 'random_state': 42}
Best cross-validation score: 0.28
Out-of-Bag Prediction Score: 0.27
Saving scores...
Saving scores...
Saving scores...
Saved scores...
['AMBIGUOUS', 'AMBIGUOUS']
Saving time data...
Saving time data...
Saved time data...
Accuracy 72 elapsed time: 0:00:00.488025
Time passed: 0:03:32.099869

Current number of models: 8640
Remaining number of models: 5160
Loading model...
Saving model...
Test set score: 0.63
Best parameters: {'criterion': 'entropy', 'max_depth': 2, 'max_features': 0.9, 'min_samples_leaf': 1, 'n_estimators': 100, 'n_jobs': -1, 'oob_score': True, 'random_state': 42}
Best cross-validation score: 0.28
Out-of-Bag Prediction Score: 0.27
Saving scores...
Saving scores...
Saving scores...
Saved scores...
['AMBIGUOUS', 'AMBIGUOUS']
Saving time data...
Saving time data...
Saved time data...
Accuracy 73 elapsed time: 0:00:00.483013
Time passed: 0:03:32.704699

Current number of models: 8760
Remaining number of models: 5040
Loading model...
Saving model...
Test set score: 0.63
Best parameters: {'criterion': 'entropy', 'max_depth': 2, 'max_features': 0.9, 'min_samples_leaf': 1, 'n_estimators': 100, 'n_jobs': -1, 'oob_score': True, 'random_state': 42}
Best cross-validation score: 0.28
Out-of-Bag Prediction Score: 0.27
Saving scores...
Saving scores...
Saving scores...
Saved scores...
['AMBIGUOUS', 'AMBIGUOUS']
Saving time data...
Saving time data...
Saved time data...
Accuracy 74 elapsed time: 0:00:00.476894
Time passed: 0:03:33.297321

Current number of models: 8880
Remaining number of models: 4920
Loading model...
Saving model...
Test set score: 0.64
Best parameters: {'criterion': 'entropy', 'max_depth': 2, 'max_features': 0.9, 'min_samples_leaf': 1, 'n_estimators': 100, 'n_jobs': -1, 'oob_score': True, 'random_state': 42}
Best cross-validation score: 0.28
Out-of-Bag Prediction Score: 0.27
Saving scores...
Saving scores...
Saving scores...
Saved scores...
['AMBIGUOUS', 'surprise']
Saving time data...
Saving time data...
Saved time data...
Accuracy 75 elapsed time: 0:00:00.485658
Time passed: 0:03:33.904661

Current number of models: 9000
Remaining number of models: 4800
Loading model...
Saving model...
Test set score: 0.64
Best parameters: {'criterion': 'entropy', 'max_depth': 2, 'max_features': 0.9, 'min_samples_leaf': 1, 'n_estimators': 100, 'n_jobs': -1, 'oob_score': True, 'random_state': 42}
Best cross-validation score: 0.28
Out-of-Bag Prediction Score: 0.27
Saving scores...
Saving scores...
Saving scores...
Saved scores...
['AMBIGUOUS', 'surprise']
Saving time data...
Saving time data...
Saved time data...
Accuracy 76 elapsed time: 0:00:00.493728
Time passed: 0:03:34.528633

Current number of models: 9120
Remaining number of models: 4680
Loading model...
Saving model...
Test set score: 0.64
Best parameters: {'criterion': 'entropy', 'max_depth': 2, 'max_features': 0.9, 'min_samples_leaf': 1, 'n_estimators': 100, 'n_jobs': -1, 'oob_score': True, 'random_state': 42}
Best cross-validation score: 0.28
Out-of-Bag Prediction Score: 0.27
Saving scores...
Saving scores...
Saving scores...
Saved scores...
['AMBIGUOUS']
Saving time data...
Saving time data...
Saved time data...
Accuracy 77 elapsed time: 0:00:00.474046
Time passed: 0:03:35.144008

Current number of models: 9240
Remaining number of models: 4560
Loading model...
Saving model...
Test set score: 0.64
Best parameters: {'criterion': 'entropy', 'max_depth': 2, 'max_features': 0.9, 'min_samples_leaf': 1, 'n_estimators': 100, 'n_jobs': -1, 'oob_score': True, 'random_state': 42}
Best cross-validation score: 0.28
Out-of-Bag Prediction Score: 0.27
Saving scores...
Saving scores...
Saving scores...
Saved scores...
['surprise']
Saving time data...
Saving time data...
Saved time data...
Accuracy 78 elapsed time: 0:00:00.473086
Time passed: 0:03:35.743803

Current number of models: 9360
Remaining number of models: 4440
Loading model...
Saving model...
Test set score: 0.64
Best parameters: {'criterion': 'entropy', 'max_depth': 2, 'max_features': 0.9, 'min_samples_leaf': 1, 'n_estimators': 100, 'n_jobs': -1, 'oob_score': True, 'random_state': 42}
Best cross-validation score: 0.28
Out-of-Bag Prediction Score: 0.27
Saving scores...
Saving scores...
Saving scores...
Saved scores...
['AMBIGUOUS']
Saving time data...
Saving time data...
Saved time data...
Accuracy 79 elapsed time: 0:00:00.485496
Time passed: 0:03:36.365628

Current number of models: 9480
Remaining number of models: 4320
Loading model...
Saving model...
Test set score: 0.63
Best parameters: {'criterion': 'entropy', 'max_depth': 2, 'max_features': 0.9, 'min_samples_leaf': 1, 'n_estimators': 100, 'n_jobs': -1, 'oob_score': True, 'random_state': 42}
Best cross-validation score: 0.28
Out-of-Bag Prediction Score: 0.27
Saving scores...
Saving scores...
Saving scores...
Saved scores...
['AMBIGUOUS']
Saving time data...
Saving time data...
Saved time data...
Accuracy 80 elapsed time: 0:00:00.477061
Time passed: 0:03:36.955836

Current number of models: 9600
Remaining number of models: 4200
Loading model...
Saving model...
Test set score: 0.62
Best parameters: {'criterion': 'entropy', 'max_depth': 2, 'max_features': 0.9, 'min_samples_leaf': 1, 'n_estimators': 100, 'n_jobs': -1, 'oob_score': True, 'random_state': 42}
Best cross-validation score: 0.28
Out-of-Bag Prediction Score: 0.27
Saving scores...
Saving scores...
Saving scores...
Saved scores...
['AMBIGUOUS']
Saving time data...
Saving time data...
Saved time data...
Accuracy 81 elapsed time: 0:00:00.471013
Time passed: 0:03:37.536805

Current number of models: 9720
Remaining number of models: 4080
Loading model...
Saving model...
Test set score: 0.62
Best parameters: {'criterion': 'entropy', 'max_depth': 2, 'max_features': 0.9, 'min_samples_leaf': 1, 'n_estimators': 100, 'n_jobs': -1, 'oob_score': True, 'random_state': 42}
Best cross-validation score: 0.28
Out-of-Bag Prediction Score: 0.27
Saving scores...
Saving scores...
Saving scores...
Saved scores...
['surprise']
Saving time data...
Saving time data...
Saved time data...
Accuracy 82 elapsed time: 0:00:00.470364
Time passed: 0:03:38.130593

Current number of models: 9840
Remaining number of models: 3960
Loading model...
Saving model...
Test set score: 0.62
Best parameters: {'criterion': 'entropy', 'max_depth': 2, 'max_features': 0.9, 'min_samples_leaf': 1, 'n_estimators': 100, 'n_jobs': -1, 'oob_score': True, 'random_state': 42}
Best cross-validation score: 0.28
Out-of-Bag Prediction Score: 0.27
Saving scores...
Saving scores...
Saving scores...
Saved scores...
['AMBIGUOUS']
Saving time data...
Saving time data...
Saved time data...
Accuracy 83 elapsed time: 0:00:00.473153
Time passed: 0:03:38.715527

Current number of models: 9960
Remaining number of models: 3840
Loading model...
Saving model...
Test set score: 0.62
Best parameters: {'criterion': 'entropy', 'max_depth': 2, 'max_features': 0.9, 'min_samples_leaf': 1, 'n_estimators': 100, 'n_jobs': -1, 'oob_score': True, 'random_state': 42}
Best cross-validation score: 0.28
Out-of-Bag Prediction Score: 0.27
Saving scores...
Saving scores...
Saving scores...
Saved scores...
['surprise']
Saving time data...
Saving time data...
Saved time data...
Accuracy 84 elapsed time: 0:00:00.467642
Time passed: 0:03:39.307373

Current number of models: 10080
Remaining number of models: 3720
Loading model...
Saving model...
Test set score: 0.62
Best parameters: {'criterion': 'entropy', 'max_depth': 2, 'max_features': 0.9, 'min_samples_leaf': 1, 'n_estimators': 100, 'n_jobs': -1, 'oob_score': True, 'random_state': 42}
Best cross-validation score: 0.28
Out-of-Bag Prediction Score: 0.27
Saving scores...
Saving scores...
Saving scores...
Saved scores...
['AMBIGUOUS']
Saving time data...
Saving time data...
Saved time data...
Accuracy 85 elapsed time: 0:00:00.470279
Time passed: 0:03:39.894481

Current number of models: 10200
Remaining number of models: 3600
Loading model...
Saving model...
Test set score: 0.62
Best parameters: {'criterion': 'entropy', 'max_depth': 2, 'max_features': 0.9, 'min_samples_leaf': 1, 'n_estimators': 100, 'n_jobs': -1, 'oob_score': True, 'random_state': 42}
Best cross-validation score: 0.28
Out-of-Bag Prediction Score: 0.27
Saving scores...
Saving scores...
Saving scores...
Saved scores...
['AMBIGUOUS']
Saving time data...
Saving time data...
Saved time data...
Accuracy 86 elapsed time: 0:00:00.470994
Time passed: 0:03:40.480787

Current number of models: 10320
Remaining number of models: 3480
Loading model...
Saving model...
Test set score: 0.63
Best parameters: {'criterion': 'entropy', 'max_depth': 2, 'max_features': 0.9, 'min_samples_leaf': 1, 'n_estimators': 100, 'n_jobs': -1, 'oob_score': True, 'random_state': 42}
Best cross-validation score: 0.28
Out-of-Bag Prediction Score: 0.27
Saving scores...
Saving scores...
Saving scores...
Saved scores...
['surprise']
Saving time data...
Saving time data...
Saved time data...
Accuracy 87 elapsed time: 0:00:00.474552
Time passed: 0:03:41.068507

Current number of models: 10440
Remaining number of models: 3360
Loading model...
Saving model...
Test set score: 0.64
Best parameters: {'criterion': 'entropy', 'max_depth': 2, 'max_features': 0.9, 'min_samples_leaf': 1, 'n_estimators': 100, 'n_jobs': -1, 'oob_score': True, 'random_state': 42}
Best cross-validation score: 0.28
Out-of-Bag Prediction Score: 0.27
Saving scores...
Saving scores...
Saving scores...
Saved scores...
['surprise']
Saving time data...
Saving time data...
Saved time data...
Accuracy 88 elapsed time: 0:00:00.469195
Time passed: 0:03:41.656298

Current number of models: 10560
Remaining number of models: 3240
Loading model...
Saving model...
Test set score: 0.63
Best parameters: {'criterion': 'entropy', 'max_depth': 2, 'max_features': 0.9, 'min_samples_leaf': 1, 'n_estimators': 100, 'n_jobs': -1, 'oob_score': True, 'random_state': 42}
Best cross-validation score: 0.28
Out-of-Bag Prediction Score: 0.27
Saving scores...
Saving scores...
Saving scores...
Saved scores...
['surprise']
Saving time data...
Saving time data...
Saved time data...
Accuracy 89 elapsed time: 0:00:00.469968
Time passed: 0:03:42.239275

Current number of models: 10680
Remaining number of models: 3120
Loading model...
Saving model...
Test set score: 0.62
Best parameters: {'criterion': 'entropy', 'max_depth': 2, 'max_features': 0.9, 'min_samples_leaf': 1, 'n_estimators': 100, 'n_jobs': -1, 'oob_score': True, 'random_state': 42}
Best cross-validation score: 0.28
Out-of-Bag Prediction Score: 0.27
Saving scores...
Saving scores...
Saving scores...
Saved scores...
['surprise']
Saving time data...
Saving time data...
Saved time data...
Accuracy 90 elapsed time: 0:00:00.491200
Time passed: 0:03:42.848912

Current number of models: 10800
Remaining number of models: 3000
Loading model...
Saving model...
Test set score: 0.62
Best parameters: {'criterion': 'entropy', 'max_depth': 2, 'max_features': 0.9, 'min_samples_leaf': 1, 'n_estimators': 100, 'n_jobs': -1, 'oob_score': True, 'random_state': 42}
Best cross-validation score: 0.28
Out-of-Bag Prediction Score: 0.27
Saving scores...
Saving scores...
Saving scores...
Saved scores...
['surprise']
Saving time data...
Saving time data...
Saved time data...
Accuracy 91 elapsed time: 0:00:00.513372
Time passed: 0:03:43.551004

Current number of models: 10920
Remaining number of models: 2880
Loading model...
Saving model...
Test set score: 0.62
Best parameters: {'criterion': 'entropy', 'max_depth': 2, 'max_features': 0.9, 'min_samples_leaf': 1, 'n_estimators': 100, 'n_jobs': -1, 'oob_score': True, 'random_state': 42}
Best cross-validation score: 0.28
Out-of-Bag Prediction Score: 0.27
Saving scores...
Saving scores...
Saving scores...
Saved scores...
['surprise']
Saving time data...
Saving time data...
Saved time data...
Accuracy 92 elapsed time: 0:00:00.480980
Time passed: 0:03:44.227365

Current number of models: 11040
Remaining number of models: 2760
Loading model...
Saving model...
Test set score: 0.62
Best parameters: {'criterion': 'entropy', 'max_depth': 2, 'max_features': 0.9, 'min_samples_leaf': 1, 'n_estimators': 100, 'n_jobs': -1, 'oob_score': True, 'random_state': 42}
Best cross-validation score: 0.28
Out-of-Bag Prediction Score: 0.27
Saving scores...
Saving scores...
Saving scores...
Saved scores...
['surprise']
Saving time data...
Saving time data...
Saved time data...
Accuracy 93 elapsed time: 0:00:00.460588
Time passed: 0:03:44.812844

Current number of models: 11160
Remaining number of models: 2640
Loading model...
Saving model...
Test set score: 0.62
Best parameters: {'criterion': 'entropy', 'max_depth': 2, 'max_features': 0.9, 'min_samples_leaf': 1, 'n_estimators': 100, 'n_jobs': -1, 'oob_score': True, 'random_state': 42}
Best cross-validation score: 0.28
Out-of-Bag Prediction Score: 0.27
Saving scores...
Saving scores...
Saving scores...
Saved scores...
['surprise']
Saving time data...
Saving time data...
Saved time data...
Accuracy 94 elapsed time: 0:00:00.464281
Time passed: 0:03:45.395102

Current number of models: 11280
Remaining number of models: 2520
Loading model...
Saving model...
Test set score: 0.63
Best parameters: {'criterion': 'entropy', 'max_depth': 2, 'max_features': 0.9, 'min_samples_leaf': 1, 'n_estimators': 100, 'n_jobs': -1, 'oob_score': True, 'random_state': 42}
Best cross-validation score: 0.28
Out-of-Bag Prediction Score: 0.27
Saving scores...
Saving scores...
Saving scores...
Saved scores...
['AMBIGUOUS']
Saving time data...
Saving time data...
Saved time data...
Accuracy 95 elapsed time: 0:00:00.478059
Time passed: 0:03:46.053734

Current number of models: 11400
Remaining number of models: 2400
Loading model...
Saving model...
Test set score: 0.62
Best parameters: {'criterion': 'entropy', 'max_depth': 2, 'max_features': 0.9, 'min_samples_leaf': 1, 'n_estimators': 100, 'n_jobs': -1, 'oob_score': True, 'random_state': 42}
Best cross-validation score: 0.28
Out-of-Bag Prediction Score: 0.27
Saving scores...
Saving scores...
Saving scores...
Saved scores...
['surprise']
Saving time data...
Saving time data...
Saved time data...
Accuracy 96 elapsed time: 0:00:00.495071
Time passed: 0:03:46.750956

Current number of models: 11520
Remaining number of models: 2280
Loading model...
Saving model...
Test set score: 0.62
Best parameters: {'criterion': 'entropy', 'max_depth': 2, 'max_features': 0.9, 'min_samples_leaf': 1, 'n_estimators': 100, 'n_jobs': -1, 'oob_score': True, 'random_state': 42}
Best cross-validation score: 0.28
Out-of-Bag Prediction Score: 0.27
Saving scores...
Saving scores...
Saving scores...
Saved scores...
['AMBIGUOUS']
Saving time data...
Saving time data...
Saved time data...
Accuracy 97 elapsed time: 0:00:00.497550
Time passed: 0:03:47.454578

Current number of models: 11640
Remaining number of models: 2160
Loading model...
Saving model...
Test set score: 0.62
Best parameters: {'criterion': 'entropy', 'max_depth': 2, 'max_features': 0.9, 'min_samples_leaf': 1, 'n_estimators': 100, 'n_jobs': -1, 'oob_score': True, 'random_state': 42}
Best cross-validation score: 0.28
Out-of-Bag Prediction Score: 0.27
Saving scores...
Saving scores...
Saving scores...
Saved scores...
['AMBIGUOUS']
Saving time data...
Saving time data...
Saved time data...
Accuracy 98 elapsed time: 0:00:00.505862
Time passed: 0:03:48.162548

Current number of models: 11760
Remaining number of models: 2040
Loading model...
Saving model...
Test set score: 0.62
Best parameters: {'criterion': 'entropy', 'max_depth': 2, 'max_features': 0.9, 'min_samples_leaf': 1, 'n_estimators': 100, 'n_jobs': -1, 'oob_score': True, 'random_state': 42}
Best cross-validation score: 0.28
Out-of-Bag Prediction Score: 0.27
Saving scores...
Saving scores...
Saving scores...
Saved scores...
['AMBIGUOUS']
Saving time data...
Saving time data...
Saved time data...
Accuracy 99 elapsed time: 0:00:00.502368
Time passed: 0:03:48.881998

Current number of models: 11880
Remaining number of models: 1920
Loading model...
Saving model...
Test set score: 0.62
Best parameters: {'criterion': 'entropy', 'max_depth': 2, 'max_features': 0.9, 'min_samples_leaf': 1, 'n_estimators': 100, 'n_jobs': -1, 'oob_score': True, 'random_state': 42}
Best cross-validation score: 0.28
Out-of-Bag Prediction Score: 0.27
Saving scores...
Saving scores...
Saving scores...
Saved scores...
['AMBIGUOUS']
Saving time data...
Saving time data...
Saved time data...
Accuracy 100 elapsed time: 0:00:00.478887
Time passed: 0:03:49.540231

Current number of models: 12000
Remaining number of models: 1800
Loading model...
Saving model...
Test set score: 0.63
Best parameters: {'criterion': 'entropy', 'max_depth': 2, 'max_features': 0.9, 'min_samples_leaf': 1, 'n_estimators': 100, 'n_jobs': -1, 'oob_score': True, 'random_state': 42}
Best cross-validation score: 0.28
Out-of-Bag Prediction Score: 0.27
Saving scores...
Saving scores...
Saving scores...
Saved scores...
['surprise']
Saving time data...
Saving time data...
Saved time data...
Accuracy 101 elapsed time: 0:00:00.490084
Time passed: 0:03:50.229763

Current number of models: 12120
Remaining number of models: 1680
Loading model...
Saving model...
Test set score: 0.63
Best parameters: {'criterion': 'entropy', 'max_depth': 2, 'max_features': 0.9, 'min_samples_leaf': 1, 'n_estimators': 100, 'n_jobs': -1, 'oob_score': True, 'random_state': 42}
Best cross-validation score: 0.28
Out-of-Bag Prediction Score: 0.27
Saving scores...
Saving scores...
Saving scores...
Saved scores...
['surprise']
Saving time data...
Saving time data...
Saved time data...
Accuracy 102 elapsed time: 0:00:00.473952
Time passed: 0:03:50.872446

Current number of models: 12240
Remaining number of models: 1560
Loading model...
Saving model...
Test set score: 0.62
Best parameters: {'criterion': 'entropy', 'max_depth': 2, 'max_features': 0.9, 'min_samples_leaf': 1, 'n_estimators': 100, 'n_jobs': -1, 'oob_score': True, 'random_state': 42}
Best cross-validation score: 0.28
Out-of-Bag Prediction Score: 0.27
Saving scores...
Saving scores...
Saving scores...
Saved scores...
['AMBIGUOUS']
Saving time data...
Saving time data...
Saved time data...
Accuracy 103 elapsed time: 0:00:00.480321
Time passed: 0:03:51.503896

Current number of models: 12360
Remaining number of models: 1440
Loading model...
Saving model...
Test set score: 0.62
Best parameters: {'criterion': 'entropy', 'max_depth': 2, 'max_features': 0.9, 'min_samples_leaf': 1, 'n_estimators': 100, 'n_jobs': -1, 'oob_score': True, 'random_state': 42}
Best cross-validation score: 0.28
Out-of-Bag Prediction Score: 0.27
Saving scores...
Saving scores...
Saving scores...
Saved scores...
['AMBIGUOUS']
Saving time data...
Saving time data...
Saved time data...
Accuracy 104 elapsed time: 0:00:00.465343
Time passed: 0:03:52.088536

Current number of models: 12480
Remaining number of models: 1320
Loading model...
Saving model...
Test set score: 0.62
Best parameters: {'criterion': 'entropy', 'max_depth': 2, 'max_features': 0.9, 'min_samples_leaf': 1, 'n_estimators': 100, 'n_jobs': -1, 'oob_score': True, 'random_state': 42}
Best cross-validation score: 0.28
Out-of-Bag Prediction Score: 0.27
Saving scores...
Saving scores...
Saving scores...
Saved scores...
['AMBIGUOUS']
Saving time data...
Saving time data...
Saved time data...
Accuracy 105 elapsed time: 0:00:00.466624
Time passed: 0:03:52.680232

Current number of models: 12600
Remaining number of models: 1200
Loading model...
Saving model...
Test set score: 0.63
Best parameters: {'criterion': 'entropy', 'max_depth': 2, 'max_features': 0.9, 'min_samples_leaf': 1, 'n_estimators': 100, 'n_jobs': -1, 'oob_score': True, 'random_state': 42}
Best cross-validation score: 0.28
Out-of-Bag Prediction Score: 0.27
Saving scores...
Saving scores...
Saving scores...
Saved scores...
['surprise']
Saving time data...
Saving time data...
Saved time data...
Accuracy 106 elapsed time: 0:00:00.469039
Time passed: 0:03:53.278480

Current number of models: 12720
Remaining number of models: 1080
Loading model...
Saving model...
Test set score: 0.61
Best parameters: {'criterion': 'entropy', 'max_depth': 2, 'max_features': 0.9, 'min_samples_leaf': 1, 'n_estimators': 100, 'n_jobs': -1, 'oob_score': True, 'random_state': 42}
Best cross-validation score: 0.28
Out-of-Bag Prediction Score: 0.27
Saving scores...
Saving scores...
Saving scores...
Saved scores...
['AMBIGUOUS']
Saving time data...
Saving time data...
Saved time data...
Accuracy 107 elapsed time: 0:00:00.467911
Time passed: 0:03:53.879772

Current number of models: 12840
Remaining number of models: 960
Loading model...
Saving model...
Test set score: 0.62
Best parameters: {'criterion': 'entropy', 'max_depth': 2, 'max_features': 0.9, 'min_samples_leaf': 1, 'n_estimators': 100, 'n_jobs': -1, 'oob_score': True, 'random_state': 42}
Best cross-validation score: 0.28
Out-of-Bag Prediction Score: 0.27
Saving scores...
Saving scores...
Saving scores...
Saved scores...
['surprise']
Saving time data...
Saving time data...
Saved time data...
Accuracy 108 elapsed time: 0:00:00.462295
Time passed: 0:03:54.473807

Current number of models: 12960
Remaining number of models: 840
Loading model...
Saving model...
Test set score: 0.62
Best parameters: {'criterion': 'entropy', 'max_depth': 2, 'max_features': 0.9, 'min_samples_leaf': 1, 'n_estimators': 100, 'n_jobs': -1, 'oob_score': True, 'random_state': 42}
Best cross-validation score: 0.28
Out-of-Bag Prediction Score: 0.27
Saving scores...
Saving scores...
Saving scores...
Saved scores...
['AMBIGUOUS']
Saving time data...
Saving time data...
Saved time data...
Accuracy 109 elapsed time: 0:00:00.472085
Time passed: 0:03:55.077385

Current number of models: 13080
Remaining number of models: 720
Loading model...
Saving model...
Test set score: 0.61
Best parameters: {'criterion': 'entropy', 'max_depth': 2, 'max_features': 0.9, 'min_samples_leaf': 1, 'n_estimators': 100, 'n_jobs': -1, 'oob_score': True, 'random_state': 42}
Best cross-validation score: 0.28
Out-of-Bag Prediction Score: 0.27
Saving scores...
Saving scores...
Saving scores...
Saved scores...
['AMBIGUOUS']
Saving time data...
Saving time data...
Saved time data...
Accuracy 110 elapsed time: 0:00:00.475502
Time passed: 0:03:55.694166

Current number of models: 13200
Remaining number of models: 600
Loading model...
Saving model...
Test set score: 0.61
Best parameters: {'criterion': 'entropy', 'max_depth': 2, 'max_features': 0.9, 'min_samples_leaf': 1, 'n_estimators': 100, 'n_jobs': -1, 'oob_score': True, 'random_state': 42}
Best cross-validation score: 0.28
Out-of-Bag Prediction Score: 0.27
Saving scores...
Saving scores...
Saving scores...
Saved scores...
['surprise']
Saving time data...
Saving time data...
Saved time data...
Accuracy 111 elapsed time: 0:00:00.459179
Time passed: 0:03:56.279637

Current number of models: 13320
Remaining number of models: 480
Loading model...
Saving model...
Test set score: 0.61
Best parameters: {'criterion': 'entropy', 'max_depth': 2, 'max_features': 0.9, 'min_samples_leaf': 1, 'n_estimators': 100, 'n_jobs': -1, 'oob_score': True, 'random_state': 42}
Best cross-validation score: 0.28
Out-of-Bag Prediction Score: 0.27
Saving scores...
Saving scores...
Saving scores...
Saved scores...
['surprise']
Saving time data...
Saving time data...
Saved time data...
Accuracy 112 elapsed time: 0:00:00.470875
Time passed: 0:03:56.882683

Current number of models: 13440
Remaining number of models: 360
Loading model...
Saving model...
Test set score: 0.61
Best parameters: {'criterion': 'entropy', 'max_depth': 2, 'max_features': 0.9, 'min_samples_leaf': 1, 'n_estimators': 100, 'n_jobs': -1, 'oob_score': True, 'random_state': 42}
Best cross-validation score: 0.28
Out-of-Bag Prediction Score: 0.27
Saving scores...
Saving scores...
Saving scores...
Saved scores...
['surprise']
Saving time data...
Saving time data...
Saved time data...
Accuracy 113 elapsed time: 0:00:00.466236
Time passed: 0:03:57.483153

Current number of models: 13560
Remaining number of models: 240
Loading model...
Saving model...
Test set score: 0.61
Best parameters: {'criterion': 'entropy', 'max_depth': 2, 'max_features': 0.9, 'min_samples_leaf': 1, 'n_estimators': 100, 'n_jobs': -1, 'oob_score': True, 'random_state': 42}
Best cross-validation score: 0.28
Out-of-Bag Prediction Score: 0.27
Saving scores...
Saving scores...
Saving scores...
Saved scores...
['surprise']
Saving time data...
Saving time data...
Saved time data...
Accuracy 114 elapsed time: 0:00:00.462312
Time passed: 0:03:58.083606

Current number of models: 13680
Remaining number of models: 120
Loading model...
Saving model...
Test set score: 0.61
Best parameters: {'criterion': 'entropy', 'max_depth': 2, 'max_features': 0.9, 'min_samples_leaf': 1, 'n_estimators': 100, 'n_jobs': -1, 'oob_score': True, 'random_state': 42}
Best cross-validation score: 0.28
Out-of-Bag Prediction Score: 0.27
Saving scores...
Saving scores...
Saving scores...
Saved scores...
['AMBIGUOUS']
Saving time data...
Saving time data...
Saved time data...
Accuracy 115 elapsed time: 0:00:00.472065
Time passed: 0:03:58.687831

---------- End Time - 2018-09-21 01:10:26.103796 ----------
Elapsed time: 0:03:58.836440
Loading model...
Number of AMBIGUOUS: 607
Number of anger: 38
Number of anticipation: 145
Number of disgust: 29
Number of fear: 188
Number of joy: 171
Number of sadness: 196
Number of surprise: 503
Number of trust: 1123
Saving final rfc model...
Saving final grid search model...

-------------------- SESSION - 2018-09-21 03:21 -------------------------
Checking time.txt file if empty...
time.txt not empty...
Reading time.txt file...
Fetched Elapsed Time Iteration  list...
Fetched Time Passed  list...
Checking scores.txt file if empty...
scores.txt not empty...
Reading scores.txt file...
Fetched Best Test Scores  list...
Fetched Best Cross-Validation Scores  list...
Fetched Out-of-bag Scores  list...
---------- Start Time - 2018-09-21 03:21:38.379732 ----------
Total number of models: 0
Checking iteration_counter.txt file if empty...
iteration_counter.txt not empty...
---------- End Time - 2018-09-21 03:21:38.379732 ----------
Elapsed time: 0:00:00.257595
Loading model...
Number of AMBIGUOUS: 607
Number of anger: 38
Number of anticipation: 145
Number of disgust: 29
Number of fear: 188
Number of joy: 171
Number of sadness: 196
Number of surprise: 503
Number of trust: 1123
Loading final rfc model...
Loading final grid search model...
